iteration 154 2026-04-07T06:27:15.366532+00:00
$ /home/jhubuntu/pq-rsp-benchmarks/lpac/build/src/lpac profile download -s testsmdpplus1.example.com:8443 -m TS48v1_A
--- stdout ---
{"type":"progress","payload":{"code":0,"message":"es10b_get_euicc_challenge_and_info","data":"testsmdpplus1.example.com:8443"}}
{"type":"progress","payload":{"code":0,"message":"es9p_initiate_authentication","data":"testsmdpplus1.example.com:8443"}}
{"type":"progress","payload":{"code":0,"message":"es10b_authenticate_server","data":"testsmdpplus1.example.com:8443"}}
{"type":"progress","payload":{"code":0,"message":"es9p_authenticate_client","data":"testsmdpplus1.example.com:8443"}}
{"type":"progress","payload":{"code":0,"message":"es8p_metadata_parse","data":{"iccid":"89000123456789012341","serviceProviderName":"OsmocomSPN","profileName":"TS48v1_A","iconType":null,"icon":null,"profileClass":"operational"}}}
{"type":"progress","payload":{"code":0,"message":"es10b_prepare_download","data":"testsmdpplus1.example.com:8443"}}
{"type":"progress","payload":{"code":0,"message":"es9p_get_bound_profile_package","data":"testsmdpplus1.example.com:8443"}}
{"type":"progress","payload":{"code":0,"message":"es10b_load_bound_profile_package","data":"testsmdpplus1.example.com:8443"}}
{"type":"lpa","payload":{"code":0,"message":"success","data":{"seqNumber":1267,"iccid":"89000123456789012341","bppCommandId":"unknown","errorReason":"unknown"}}}
--- stderr ---
BENCH|BF2E|GetEuiccChallenge|6103|0
BENCH|BF20|GetEuiccInfo1|41578|0
BENCH|ES9P|/gsma/rsp2/es9plus/initiateAuthentication|14290|0
BENCH|BF38|AuthenticateServer|3119726|0
BENCH|ES9P|/gsma/rsp2/es9plus/authenticateClient|44760|0
BENCH|BF21|PrepareDownload|3725931|0
BENCH|ES9P|/gsma/rsp2/es9plus/getBoundProfilePackage|23322|0
BENCH|BF36|LoadBPP_seg0|1426610|0
BENCH|BF36|LoadBPP_seg1|60347|0
BENCH|BF36|LoadBPP_seg2|1846|0
BENCH|BF36|LoadBPP_seg3|94002|0
BENCH|BF36|LoadBPP_seg4|43062|0
BENCH|BF36|LoadBPP_seg5|1737|0
BENCH|BF36|LoadBPP_seg6|600680|0
BENCH|BF36|LoadBPP_seg7|804494|0
BENCH|BF36|LoadBPP_seg8|1715558|0
BENCH|BF36|LoadBPP_seg9|884782|0
BENCH|BF36|LoadBPP_seg10|633078|0
BENCH|BF36|LoadBPP_seg11|1593407|0
BENCH|BF36|LoadBPP_seg12|821870|0
BENCH|BF36|LoadBPP_seg13|891544|0
BENCH|BF36|LoadBPP_seg14|1798554|0
BENCH|BF36|LoadBPP_seg15|1003667|0
BENCH|BF36|LoadBPP_seg16|936914|0
BENCH|BF36|LoadBPP_seg17|3782821|0
--- exit 0 ---
$ /home/jhubuntu/pq-rsp-benchmarks/lpac/build/src/lpac profile disable 89000123456789012341
--- stdout ---
{"type":"lpa","payload":{"code":-1,"message":"es10c_disable_profile","data":"profile not in enabled state"}}
--- stderr ---
--- exit 255 ---
$ /home/jhubuntu/pq-rsp-benchmarks/lpac/build/src/lpac profile delete 89000123456789012341
--- stdout ---
{"type":"lpa","payload":{"code":0,"message":"success","data":null}}
--- stderr ---
--- exit 0 ---
