iteration 37 2026-04-07T05:35:59.187213+00:00
$ /home/jhubuntu/pq-rsp-benchmarks/lpac/build/src/lpac profile download -s testsmdpplus1.example.com:8443 -m TS48v1_A
--- stdout ---
{"type":"progress","payload":{"code":0,"message":"es10b_get_euicc_challenge_and_info","data":"testsmdpplus1.example.com:8443"}}
{"type":"progress","payload":{"code":0,"message":"es9p_initiate_authentication","data":"testsmdpplus1.example.com:8443"}}
{"type":"progress","payload":{"code":0,"message":"es10b_authenticate_server","data":"testsmdpplus1.example.com:8443"}}
{"type":"progress","payload":{"code":0,"message":"es9p_authenticate_client","data":"testsmdpplus1.example.com:8443"}}
{"type":"progress","payload":{"code":0,"message":"es8p_metadata_parse","data":{"iccid":"89000123456789012341","serviceProviderName":"OsmocomSPN","profileName":"TS48v1_A","iconType":null,"icon":null,"profileClass":"operational"}}}
{"type":"progress","payload":{"code":0,"message":"es10b_prepare_download","data":"testsmdpplus1.example.com:8443"}}
{"type":"progress","payload":{"code":0,"message":"es9p_get_bound_profile_package","data":"testsmdpplus1.example.com:8443"}}
{"type":"progress","payload":{"code":0,"message":"es10b_load_bound_profile_package","data":"testsmdpplus1.example.com:8443"}}
{"type":"lpa","payload":{"code":0,"message":"success","data":{"seqNumber":1033,"iccid":"89000123456789012341","bppCommandId":"unknown","errorReason":"unknown"}}}
--- stderr ---
BENCH|BF2E|GetEuiccChallenge|7777|0
BENCH|BF20|GetEuiccInfo1|41247|0
BENCH|ES9P|/gsma/rsp2/es9plus/initiateAuthentication|4154|0
BENCH|BF38|AuthenticateServer|3107727|0
BENCH|ES9P|/gsma/rsp2/es9plus/authenticateClient|17118|0
BENCH|BF21|PrepareDownload|3755991|0
BENCH|ES9P|/gsma/rsp2/es9plus/getBoundProfilePackage|17870|0
BENCH|BF36|LoadBPP_seg0|1439674|0
BENCH|BF36|LoadBPP_seg1|61353|0
BENCH|BF36|LoadBPP_seg2|1536|0
BENCH|BF36|LoadBPP_seg3|118407|0
BENCH|BF36|LoadBPP_seg4|43584|0
BENCH|BF36|LoadBPP_seg5|1577|0
BENCH|BF36|LoadBPP_seg6|601859|0
BENCH|BF36|LoadBPP_seg7|2025764|0
BENCH|BF36|LoadBPP_seg8|833979|0
BENCH|BF36|LoadBPP_seg9|857698|0
BENCH|BF36|LoadBPP_seg10|1407088|0
BENCH|BF36|LoadBPP_seg11|830336|0
BENCH|BF36|LoadBPP_seg12|849676|0
BENCH|BF36|LoadBPP_seg13|1784175|0
BENCH|BF36|LoadBPP_seg14|908580|0
BENCH|BF36|LoadBPP_seg15|981784|0
BENCH|BF36|LoadBPP_seg16|1876229|0
BENCH|BF36|LoadBPP_seg17|2685113|0
--- exit 0 ---
$ /home/jhubuntu/pq-rsp-benchmarks/lpac/build/src/lpac profile disable 89000123456789012341
--- stdout ---
{"type":"lpa","payload":{"code":-1,"message":"es10c_disable_profile","data":"profile not in enabled state"}}
--- stderr ---
--- exit 255 ---
$ /home/jhubuntu/pq-rsp-benchmarks/lpac/build/src/lpac profile delete 89000123456789012341
--- stdout ---
{"type":"lpa","payload":{"code":0,"message":"success","data":null}}
--- stderr ---
--- exit 0 ---
