iteration 76 2026-04-07T05:53:03.080210+00:00
$ /home/jhubuntu/pq-rsp-benchmarks/lpac/build/src/lpac profile download -s testsmdpplus1.example.com:8443 -m TS48v1_A
--- stdout ---
{"type":"progress","payload":{"code":0,"message":"es10b_get_euicc_challenge_and_info","data":"testsmdpplus1.example.com:8443"}}
{"type":"progress","payload":{"code":0,"message":"es9p_initiate_authentication","data":"testsmdpplus1.example.com:8443"}}
{"type":"progress","payload":{"code":0,"message":"es10b_authenticate_server","data":"testsmdpplus1.example.com:8443"}}
{"type":"progress","payload":{"code":0,"message":"es9p_authenticate_client","data":"testsmdpplus1.example.com:8443"}}
{"type":"progress","payload":{"code":0,"message":"es8p_metadata_parse","data":{"iccid":"89000123456789012341","serviceProviderName":"OsmocomSPN","profileName":"TS48v1_A","iconType":null,"icon":null,"profileClass":"operational"}}}
{"type":"progress","payload":{"code":0,"message":"es10b_prepare_download","data":"testsmdpplus1.example.com:8443"}}
{"type":"progress","payload":{"code":0,"message":"es9p_get_bound_profile_package","data":"testsmdpplus1.example.com:8443"}}
{"type":"progress","payload":{"code":0,"message":"es10b_load_bound_profile_package","data":"testsmdpplus1.example.com:8443"}}
{"type":"lpa","payload":{"code":0,"message":"success","data":{"seqNumber":1111,"iccid":"89000123456789012341","bppCommandId":"unknown","errorReason":"unknown"}}}
--- stderr ---
BENCH|BF2E|GetEuiccChallenge|5811|0
BENCH|BF20|GetEuiccInfo1|41293|0
BENCH|ES9P|/gsma/rsp2/es9plus/initiateAuthentication|18223|0
BENCH|BF38|AuthenticateServer|3122276|0
BENCH|ES9P|/gsma/rsp2/es9plus/authenticateClient|38842|0
BENCH|BF21|PrepareDownload|3755264|0
BENCH|ES9P|/gsma/rsp2/es9plus/getBoundProfilePackage|20975|0
BENCH|BF36|LoadBPP_seg0|1446394|0
BENCH|BF36|LoadBPP_seg1|63293|0
BENCH|BF36|LoadBPP_seg2|1956|0
BENCH|BF36|LoadBPP_seg3|92803|0
BENCH|BF36|LoadBPP_seg4|43448|0
BENCH|BF36|LoadBPP_seg5|1886|0
BENCH|BF36|LoadBPP_seg6|2043340|0
BENCH|BF36|LoadBPP_seg7|777234|0
BENCH|BF36|LoadBPP_seg8|831921|0
BENCH|BF36|LoadBPP_seg9|1604384|0
BENCH|BF36|LoadBPP_seg10|653856|0
BENCH|BF36|LoadBPP_seg11|823654|0
BENCH|BF36|LoadBPP_seg12|819416|0
BENCH|BF36|LoadBPP_seg13|1804780|0
BENCH|BF36|LoadBPP_seg14|885658|0
BENCH|BF36|LoadBPP_seg15|1922909|0
BENCH|BF36|LoadBPP_seg16|935659|0
BENCH|BF36|LoadBPP_seg17|4136730|0
--- exit 0 ---
$ /home/jhubuntu/pq-rsp-benchmarks/lpac/build/src/lpac profile disable 89000123456789012341
--- stdout ---
{"type":"lpa","payload":{"code":-1,"message":"es10c_disable_profile","data":"profile not in enabled state"}}
--- stderr ---
--- exit 255 ---
$ /home/jhubuntu/pq-rsp-benchmarks/lpac/build/src/lpac profile delete 89000123456789012341
--- stdout ---
{"type":"lpa","payload":{"code":0,"message":"success","data":null}}
--- stderr ---
--- exit 0 ---
