iteration 29 2026-04-07T05:32:32.635549+00:00
$ /home/jhubuntu/pq-rsp-benchmarks/lpac/build/src/lpac profile download -s testsmdpplus1.example.com:8443 -m TS48v1_A
--- stdout ---
{"type":"progress","payload":{"code":0,"message":"es10b_get_euicc_challenge_and_info","data":"testsmdpplus1.example.com:8443"}}
{"type":"progress","payload":{"code":0,"message":"es9p_initiate_authentication","data":"testsmdpplus1.example.com:8443"}}
{"type":"progress","payload":{"code":0,"message":"es10b_authenticate_server","data":"testsmdpplus1.example.com:8443"}}
{"type":"progress","payload":{"code":0,"message":"es9p_authenticate_client","data":"testsmdpplus1.example.com:8443"}}
{"type":"progress","payload":{"code":0,"message":"es8p_metadata_parse","data":{"iccid":"89000123456789012341","serviceProviderName":"OsmocomSPN","profileName":"TS48v1_A","iconType":null,"icon":null,"profileClass":"operational"}}}
{"type":"progress","payload":{"code":0,"message":"es10b_prepare_download","data":"testsmdpplus1.example.com:8443"}}
{"type":"progress","payload":{"code":0,"message":"es9p_get_bound_profile_package","data":"testsmdpplus1.example.com:8443"}}
{"type":"progress","payload":{"code":0,"message":"es10b_load_bound_profile_package","data":"testsmdpplus1.example.com:8443"}}
{"type":"lpa","payload":{"code":0,"message":"success","data":{"seqNumber":1017,"iccid":"89000123456789012341","bppCommandId":"unknown","errorReason":"unknown"}}}
--- stderr ---
BENCH|BF2E|GetEuiccChallenge|5729|0
BENCH|BF20|GetEuiccInfo1|41288|0
BENCH|ES9P|/gsma/rsp2/es9plus/initiateAuthentication|5520|0
BENCH|BF38|AuthenticateServer|3101986|0
BENCH|ES9P|/gsma/rsp2/es9plus/authenticateClient|18451|0
BENCH|BF21|PrepareDownload|3743405|0
BENCH|ES9P|/gsma/rsp2/es9plus/getBoundProfilePackage|16606|0
BENCH|BF36|LoadBPP_seg0|1433758|0
BENCH|BF36|LoadBPP_seg1|61759|0
BENCH|BF36|LoadBPP_seg2|1514|0
BENCH|BF36|LoadBPP_seg3|92549|0
BENCH|BF36|LoadBPP_seg4|43821|0
BENCH|BF36|LoadBPP_seg5|1537|0
BENCH|BF36|LoadBPP_seg6|601853|0
BENCH|BF36|LoadBPP_seg7|2078931|0
BENCH|BF36|LoadBPP_seg8|807482|0
BENCH|BF36|LoadBPP_seg9|881711|0
BENCH|BF36|LoadBPP_seg10|1409279|0
BENCH|BF36|LoadBPP_seg11|826145|0
BENCH|BF36|LoadBPP_seg12|847313|0
BENCH|BF36|LoadBPP_seg13|1979837|0
BENCH|BF36|LoadBPP_seg14|911375|0
BENCH|BF36|LoadBPP_seg15|978802|0
BENCH|BF36|LoadBPP_seg16|1907198|0
BENCH|BF36|LoadBPP_seg17|2686660|0
--- exit 0 ---
$ /home/jhubuntu/pq-rsp-benchmarks/lpac/build/src/lpac profile disable 89000123456789012341
--- stdout ---
{"type":"lpa","payload":{"code":-1,"message":"es10c_disable_profile","data":"profile not in enabled state"}}
--- stderr ---
--- exit 255 ---
$ /home/jhubuntu/pq-rsp-benchmarks/lpac/build/src/lpac profile delete 89000123456789012341
--- stdout ---
{"type":"lpa","payload":{"code":0,"message":"success","data":null}}
--- stderr ---
--- exit 0 ---
