iteration 166 2026-04-07T06:32:28.074062+00:00
$ /home/jhubuntu/pq-rsp-benchmarks/lpac/build/src/lpac profile download -s testsmdpplus1.example.com:8443 -m TS48v1_A
--- stdout ---
{"type":"progress","payload":{"code":0,"message":"es10b_get_euicc_challenge_and_info","data":"testsmdpplus1.example.com:8443"}}
{"type":"progress","payload":{"code":0,"message":"es9p_initiate_authentication","data":"testsmdpplus1.example.com:8443"}}
{"type":"progress","payload":{"code":0,"message":"es10b_authenticate_server","data":"testsmdpplus1.example.com:8443"}}
{"type":"progress","payload":{"code":0,"message":"es9p_authenticate_client","data":"testsmdpplus1.example.com:8443"}}
{"type":"progress","payload":{"code":0,"message":"es8p_metadata_parse","data":{"iccid":"89000123456789012341","serviceProviderName":"OsmocomSPN","profileName":"TS48v1_A","iconType":null,"icon":null,"profileClass":"operational"}}}
{"type":"progress","payload":{"code":0,"message":"es10b_prepare_download","data":"testsmdpplus1.example.com:8443"}}
{"type":"progress","payload":{"code":0,"message":"es9p_get_bound_profile_package","data":"testsmdpplus1.example.com:8443"}}
{"type":"progress","payload":{"code":0,"message":"es10b_load_bound_profile_package","data":"testsmdpplus1.example.com:8443"}}
{"type":"lpa","payload":{"code":0,"message":"success","data":{"seqNumber":1291,"iccid":"89000123456789012341","bppCommandId":"unknown","errorReason":"unknown"}}}
--- stderr ---
BENCH|BF2E|GetEuiccChallenge|6120|0
BENCH|BF20|GetEuiccInfo1|41601|0
BENCH|ES9P|/gsma/rsp2/es9plus/initiateAuthentication|15722|0
BENCH|BF38|AuthenticateServer|3086000|0
BENCH|ES9P|/gsma/rsp2/es9plus/authenticateClient|35723|0
BENCH|BF21|PrepareDownload|3749598|0
BENCH|ES9P|/gsma/rsp2/es9plus/getBoundProfilePackage|17170|0
BENCH|BF36|LoadBPP_seg0|1449157|0
BENCH|BF36|LoadBPP_seg1|60262|0
BENCH|BF36|LoadBPP_seg2|1728|0
BENCH|BF36|LoadBPP_seg3|93011|0
BENCH|BF36|LoadBPP_seg4|42836|0
BENCH|BF36|LoadBPP_seg5|1523|0
BENCH|BF36|LoadBPP_seg6|599294|0
BENCH|BF36|LoadBPP_seg7|803297|0
BENCH|BF36|LoadBPP_seg8|1888680|0
BENCH|BF36|LoadBPP_seg9|880073|0
BENCH|BF36|LoadBPP_seg10|634134|0
BENCH|BF36|LoadBPP_seg11|1574963|0
BENCH|BF36|LoadBPP_seg12|846069|0
BENCH|BF36|LoadBPP_seg13|864024|0
BENCH|BF36|LoadBPP_seg14|1826758|0
BENCH|BF36|LoadBPP_seg15|977315|0
BENCH|BF36|LoadBPP_seg16|966240|0
BENCH|BF36|LoadBPP_seg17|3763008|0
--- exit 0 ---
$ /home/jhubuntu/pq-rsp-benchmarks/lpac/build/src/lpac profile disable 89000123456789012341
--- stdout ---
{"type":"lpa","payload":{"code":-1,"message":"es10c_disable_profile","data":"profile not in enabled state"}}
--- stderr ---
--- exit 255 ---
$ /home/jhubuntu/pq-rsp-benchmarks/lpac/build/src/lpac profile delete 89000123456789012341
--- stdout ---
{"type":"lpa","payload":{"code":0,"message":"success","data":null}}
--- stderr ---
--- exit 0 ---
