iteration 84 2026-04-07T05:56:30.510541+00:00
$ /home/jhubuntu/pq-rsp-benchmarks/lpac/build/src/lpac profile download -s testsmdpplus1.example.com:8443 -m TS48v1_A
--- stdout ---
{"type":"progress","payload":{"code":0,"message":"es10b_get_euicc_challenge_and_info","data":"testsmdpplus1.example.com:8443"}}
{"type":"progress","payload":{"code":0,"message":"es9p_initiate_authentication","data":"testsmdpplus1.example.com:8443"}}
{"type":"progress","payload":{"code":0,"message":"es10b_authenticate_server","data":"testsmdpplus1.example.com:8443"}}
{"type":"progress","payload":{"code":0,"message":"es9p_authenticate_client","data":"testsmdpplus1.example.com:8443"}}
{"type":"progress","payload":{"code":0,"message":"es8p_metadata_parse","data":{"iccid":"89000123456789012341","serviceProviderName":"OsmocomSPN","profileName":"TS48v1_A","iconType":null,"icon":null,"profileClass":"operational"}}}
{"type":"progress","payload":{"code":0,"message":"es10b_prepare_download","data":"testsmdpplus1.example.com:8443"}}
{"type":"progress","payload":{"code":0,"message":"es9p_get_bound_profile_package","data":"testsmdpplus1.example.com:8443"}}
{"type":"progress","payload":{"code":0,"message":"es10b_load_bound_profile_package","data":"testsmdpplus1.example.com:8443"}}
{"type":"lpa","payload":{"code":0,"message":"success","data":{"seqNumber":1127,"iccid":"89000123456789012341","bppCommandId":"unknown","errorReason":"unknown"}}}
--- stderr ---
BENCH|BF2E|GetEuiccChallenge|6261|0
BENCH|BF20|GetEuiccInfo1|41505|0
BENCH|ES9P|/gsma/rsp2/es9plus/initiateAuthentication|14273|0
BENCH|BF38|AuthenticateServer|3104031|0
BENCH|ES9P|/gsma/rsp2/es9plus/authenticateClient|29137|0
BENCH|BF21|PrepareDownload|3738223|0
BENCH|ES9P|/gsma/rsp2/es9plus/getBoundProfilePackage|22626|0
BENCH|BF36|LoadBPP_seg0|1451502|0
BENCH|BF36|LoadBPP_seg1|62847|0
BENCH|BF36|LoadBPP_seg2|1963|0
BENCH|BF36|LoadBPP_seg3|93156|0
BENCH|BF36|LoadBPP_seg4|42662|0
BENCH|BF36|LoadBPP_seg5|1685|0
BENCH|BF36|LoadBPP_seg6|606372|0
BENCH|BF36|LoadBPP_seg7|2238204|0
BENCH|BF36|LoadBPP_seg8|805969|0
BENCH|BF36|LoadBPP_seg9|1653824|0
BENCH|BF36|LoadBPP_seg10|632669|0
BENCH|BF36|LoadBPP_seg11|851466|0
BENCH|BF36|LoadBPP_seg12|822431|0
BENCH|BF36|LoadBPP_seg13|1997434|0
BENCH|BF36|LoadBPP_seg14|881949|0
BENCH|BF36|LoadBPP_seg15|1943088|0
BENCH|BF36|LoadBPP_seg16|933620|0
BENCH|BF36|LoadBPP_seg17|4157184|0
--- exit 0 ---
$ /home/jhubuntu/pq-rsp-benchmarks/lpac/build/src/lpac profile disable 89000123456789012341
--- stdout ---
{"type":"lpa","payload":{"code":-1,"message":"es10c_disable_profile","data":"profile not in enabled state"}}
--- stderr ---
--- exit 255 ---
$ /home/jhubuntu/pq-rsp-benchmarks/lpac/build/src/lpac profile delete 89000123456789012341
--- stdout ---
{"type":"lpa","payload":{"code":0,"message":"success","data":null}}
--- stderr ---
--- exit 0 ---
