iteration 71 2026-04-07T05:50:53.357283+00:00
$ /home/jhubuntu/pq-rsp-benchmarks/lpac/build/src/lpac profile download -s testsmdpplus1.example.com:8443 -m TS48v1_A
--- stdout ---
{"type":"progress","payload":{"code":0,"message":"es10b_get_euicc_challenge_and_info","data":"testsmdpplus1.example.com:8443"}}
{"type":"progress","payload":{"code":0,"message":"es9p_initiate_authentication","data":"testsmdpplus1.example.com:8443"}}
{"type":"progress","payload":{"code":0,"message":"es10b_authenticate_server","data":"testsmdpplus1.example.com:8443"}}
{"type":"progress","payload":{"code":0,"message":"es9p_authenticate_client","data":"testsmdpplus1.example.com:8443"}}
{"type":"progress","payload":{"code":0,"message":"es8p_metadata_parse","data":{"iccid":"89000123456789012341","serviceProviderName":"OsmocomSPN","profileName":"TS48v1_A","iconType":null,"icon":null,"profileClass":"operational"}}}
{"type":"progress","payload":{"code":0,"message":"es10b_prepare_download","data":"testsmdpplus1.example.com:8443"}}
{"type":"progress","payload":{"code":0,"message":"es9p_get_bound_profile_package","data":"testsmdpplus1.example.com:8443"}}
{"type":"progress","payload":{"code":0,"message":"es10b_load_bound_profile_package","data":"testsmdpplus1.example.com:8443"}}
{"type":"lpa","payload":{"code":0,"message":"success","data":{"seqNumber":1101,"iccid":"89000123456789012341","bppCommandId":"unknown","errorReason":"unknown"}}}
--- stderr ---
BENCH|BF2E|GetEuiccChallenge|5807|0
BENCH|BF20|GetEuiccInfo1|41128|0
BENCH|ES9P|/gsma/rsp2/es9plus/initiateAuthentication|4395|0
BENCH|BF38|AuthenticateServer|3117128|0
BENCH|ES9P|/gsma/rsp2/es9plus/authenticateClient|30323|0
BENCH|BF21|PrepareDownload|3758120|0
BENCH|ES9P|/gsma/rsp2/es9plus/getBoundProfilePackage|30690|0
BENCH|BF36|LoadBPP_seg0|1437223|0
BENCH|BF36|LoadBPP_seg1|63664|0
BENCH|BF36|LoadBPP_seg2|1602|0
BENCH|BF36|LoadBPP_seg3|93418|0
BENCH|BF36|LoadBPP_seg4|1463918|0
BENCH|BF36|LoadBPP_seg5|1786|0
BENCH|BF36|LoadBPP_seg6|598771|0
BENCH|BF36|LoadBPP_seg7|799686|0
BENCH|BF36|LoadBPP_seg8|807148|0
BENCH|BF36|LoadBPP_seg9|1464968|0
BENCH|BF36|LoadBPP_seg10|628552|0
BENCH|BF36|LoadBPP_seg11|824080|0
BENCH|BF36|LoadBPP_seg12|1759814|0
BENCH|BF36|LoadBPP_seg13|863184|0
BENCH|BF36|LoadBPP_seg14|910326|0
BENCH|BF36|LoadBPP_seg15|1894263|0
BENCH|BF36|LoadBPP_seg16|971212|0
BENCH|BF36|LoadBPP_seg17|3774504|0
--- exit 0 ---
$ /home/jhubuntu/pq-rsp-benchmarks/lpac/build/src/lpac profile disable 89000123456789012341
--- stdout ---
{"type":"lpa","payload":{"code":-1,"message":"es10c_disable_profile","data":"profile not in enabled state"}}
--- stderr ---
--- exit 255 ---
$ /home/jhubuntu/pq-rsp-benchmarks/lpac/build/src/lpac profile delete 89000123456789012341
--- stdout ---
{"type":"lpa","payload":{"code":0,"message":"success","data":null}}
--- stderr ---
--- exit 0 ---
