iteration 165 2026-04-07T06:32:01.638885+00:00
$ /home/jhubuntu/pq-rsp-benchmarks/lpac/build/src/lpac profile download -s testsmdpplus1.example.com:8443 -m TS48v1_A
--- stdout ---
{"type":"progress","payload":{"code":0,"message":"es10b_get_euicc_challenge_and_info","data":"testsmdpplus1.example.com:8443"}}
{"type":"progress","payload":{"code":0,"message":"es9p_initiate_authentication","data":"testsmdpplus1.example.com:8443"}}
{"type":"progress","payload":{"code":0,"message":"es10b_authenticate_server","data":"testsmdpplus1.example.com:8443"}}
{"type":"progress","payload":{"code":0,"message":"es9p_authenticate_client","data":"testsmdpplus1.example.com:8443"}}
{"type":"progress","payload":{"code":0,"message":"es8p_metadata_parse","data":{"iccid":"89000123456789012341","serviceProviderName":"OsmocomSPN","profileName":"TS48v1_A","iconType":null,"icon":null,"profileClass":"operational"}}}
{"type":"progress","payload":{"code":0,"message":"es10b_prepare_download","data":"testsmdpplus1.example.com:8443"}}
{"type":"progress","payload":{"code":0,"message":"es9p_get_bound_profile_package","data":"testsmdpplus1.example.com:8443"}}
{"type":"progress","payload":{"code":0,"message":"es10b_load_bound_profile_package","data":"testsmdpplus1.example.com:8443"}}
{"type":"lpa","payload":{"code":0,"message":"success","data":{"seqNumber":1289,"iccid":"89000123456789012341","bppCommandId":"unknown","errorReason":"unknown"}}}
--- stderr ---
BENCH|BF2E|GetEuiccChallenge|5821|0
BENCH|BF20|GetEuiccInfo1|41721|0
BENCH|ES9P|/gsma/rsp2/es9plus/initiateAuthentication|14755|0
BENCH|BF38|AuthenticateServer|3124763|0
BENCH|ES9P|/gsma/rsp2/es9plus/authenticateClient|41786|0
BENCH|BF21|PrepareDownload|3760248|0
BENCH|ES9P|/gsma/rsp2/es9plus/getBoundProfilePackage|18196|0
BENCH|BF36|LoadBPP_seg0|1454058|0
BENCH|BF36|LoadBPP_seg1|61465|0
BENCH|BF36|LoadBPP_seg2|1600|0
BENCH|BF36|LoadBPP_seg3|92529|0
BENCH|BF36|LoadBPP_seg4|42946|0
BENCH|BF36|LoadBPP_seg5|1599|0
BENCH|BF36|LoadBPP_seg6|603961|0
BENCH|BF36|LoadBPP_seg7|2045033|0
BENCH|BF36|LoadBPP_seg8|808626|0
BENCH|BF36|LoadBPP_seg9|885065|0
BENCH|BF36|LoadBPP_seg10|1372381|0
BENCH|BF36|LoadBPP_seg11|826621|0
BENCH|BF36|LoadBPP_seg12|853498|0
BENCH|BF36|LoadBPP_seg13|1800952|0
BENCH|BF36|LoadBPP_seg14|884360|0
BENCH|BF36|LoadBPP_seg15|979243|0
BENCH|BF36|LoadBPP_seg16|1871245|0
BENCH|BF36|LoadBPP_seg17|2685341|0
--- exit 0 ---
$ /home/jhubuntu/pq-rsp-benchmarks/lpac/build/src/lpac profile disable 89000123456789012341
--- stdout ---
{"type":"lpa","payload":{"code":-1,"message":"es10c_disable_profile","data":"profile not in enabled state"}}
--- stderr ---
--- exit 255 ---
$ /home/jhubuntu/pq-rsp-benchmarks/lpac/build/src/lpac profile delete 89000123456789012341
--- stdout ---
{"type":"lpa","payload":{"code":0,"message":"success","data":null}}
--- stderr ---
--- exit 0 ---
