iteration 35 2026-04-07T05:35:07.073384+00:00
$ /home/jhubuntu/pq-rsp-benchmarks/lpac/build/src/lpac profile download -s testsmdpplus1.example.com:8443 -m TS48v1_A
--- stdout ---
{"type":"progress","payload":{"code":0,"message":"es10b_get_euicc_challenge_and_info","data":"testsmdpplus1.example.com:8443"}}
{"type":"progress","payload":{"code":0,"message":"es9p_initiate_authentication","data":"testsmdpplus1.example.com:8443"}}
{"type":"progress","payload":{"code":0,"message":"es10b_authenticate_server","data":"testsmdpplus1.example.com:8443"}}
{"type":"progress","payload":{"code":0,"message":"es9p_authenticate_client","data":"testsmdpplus1.example.com:8443"}}
{"type":"progress","payload":{"code":0,"message":"es8p_metadata_parse","data":{"iccid":"89000123456789012341","serviceProviderName":"OsmocomSPN","profileName":"TS48v1_A","iconType":null,"icon":null,"profileClass":"operational"}}}
{"type":"progress","payload":{"code":0,"message":"es10b_prepare_download","data":"testsmdpplus1.example.com:8443"}}
{"type":"progress","payload":{"code":0,"message":"es9p_get_bound_profile_package","data":"testsmdpplus1.example.com:8443"}}
{"type":"progress","payload":{"code":0,"message":"es10b_load_bound_profile_package","data":"testsmdpplus1.example.com:8443"}}
{"type":"lpa","payload":{"code":0,"message":"success","data":{"seqNumber":1029,"iccid":"89000123456789012341","bppCommandId":"unknown","errorReason":"unknown"}}}
--- stderr ---
BENCH|BF2E|GetEuiccChallenge|5654|0
BENCH|BF20|GetEuiccInfo1|41146|0
BENCH|ES9P|/gsma/rsp2/es9plus/initiateAuthentication|5445|0
BENCH|BF38|AuthenticateServer|3104548|0
BENCH|ES9P|/gsma/rsp2/es9plus/authenticateClient|19276|0
BENCH|BF21|PrepareDownload|3756779|0
BENCH|ES9P|/gsma/rsp2/es9plus/getBoundProfilePackage|9671|0
BENCH|BF36|LoadBPP_seg0|1449009|0
BENCH|BF36|LoadBPP_seg1|62944|0
BENCH|BF36|LoadBPP_seg2|1549|0
BENCH|BF36|LoadBPP_seg3|93508|0
BENCH|BF36|LoadBPP_seg4|1492756|0
BENCH|BF36|LoadBPP_seg5|1607|0
BENCH|BF36|LoadBPP_seg6|600194|0
BENCH|BF36|LoadBPP_seg7|802041|0
BENCH|BF36|LoadBPP_seg8|808321|0
BENCH|BF36|LoadBPP_seg9|1489992|0
BENCH|BF36|LoadBPP_seg10|632948|0
BENCH|BF36|LoadBPP_seg11|851276|0
BENCH|BF36|LoadBPP_seg12|1737697|0
BENCH|BF36|LoadBPP_seg13|892073|0
BENCH|BF36|LoadBPP_seg14|884538|0
BENCH|BF36|LoadBPP_seg15|1903076|0
BENCH|BF36|LoadBPP_seg16|935773|0
BENCH|BF36|LoadBPP_seg17|3773390|0
--- exit 0 ---
$ /home/jhubuntu/pq-rsp-benchmarks/lpac/build/src/lpac profile disable 89000123456789012341
--- stdout ---
{"type":"lpa","payload":{"code":-1,"message":"es10c_disable_profile","data":"profile not in enabled state"}}
--- stderr ---
--- exit 255 ---
$ /home/jhubuntu/pq-rsp-benchmarks/lpac/build/src/lpac profile delete 89000123456789012341
--- stdout ---
{"type":"lpa","payload":{"code":0,"message":"success","data":null}}
--- stderr ---
--- exit 0 ---
