iteration 82 2026-04-07T05:55:39.651589+00:00
$ /home/jhubuntu/pq-rsp-benchmarks/lpac/build/src/lpac profile download -s testsmdpplus1.example.com:8443 -m TS48v1_A
--- stdout ---
{"type":"progress","payload":{"code":0,"message":"es10b_get_euicc_challenge_and_info","data":"testsmdpplus1.example.com:8443"}}
{"type":"progress","payload":{"code":0,"message":"es9p_initiate_authentication","data":"testsmdpplus1.example.com:8443"}}
{"type":"progress","payload":{"code":0,"message":"es10b_authenticate_server","data":"testsmdpplus1.example.com:8443"}}
{"type":"progress","payload":{"code":0,"message":"es9p_authenticate_client","data":"testsmdpplus1.example.com:8443"}}
{"type":"progress","payload":{"code":0,"message":"es8p_metadata_parse","data":{"iccid":"89000123456789012341","serviceProviderName":"OsmocomSPN","profileName":"TS48v1_A","iconType":null,"icon":null,"profileClass":"operational"}}}
{"type":"progress","payload":{"code":0,"message":"es10b_prepare_download","data":"testsmdpplus1.example.com:8443"}}
{"type":"progress","payload":{"code":0,"message":"es9p_get_bound_profile_package","data":"testsmdpplus1.example.com:8443"}}
{"type":"progress","payload":{"code":0,"message":"es10b_load_bound_profile_package","data":"testsmdpplus1.example.com:8443"}}
{"type":"lpa","payload":{"code":0,"message":"success","data":{"seqNumber":1123,"iccid":"89000123456789012341","bppCommandId":"unknown","errorReason":"unknown"}}}
--- stderr ---
BENCH|BF2E|GetEuiccChallenge|5602|0
BENCH|BF20|GetEuiccInfo1|41132|0
BENCH|ES9P|/gsma/rsp2/es9plus/initiateAuthentication|4462|0
BENCH|BF38|AuthenticateServer|3108861|0
BENCH|ES9P|/gsma/rsp2/es9plus/authenticateClient|17916|0
BENCH|BF21|PrepareDownload|3729860|0
BENCH|ES9P|/gsma/rsp2/es9plus/getBoundProfilePackage|8855|0
BENCH|BF36|LoadBPP_seg0|1435591|0
BENCH|BF36|LoadBPP_seg1|60428|0
BENCH|BF36|LoadBPP_seg2|1728|0
BENCH|BF36|LoadBPP_seg3|93266|0
BENCH|BF36|LoadBPP_seg4|42658|0
BENCH|BF36|LoadBPP_seg5|1779|0
BENCH|BF36|LoadBPP_seg6|599695|0
BENCH|BF36|LoadBPP_seg7|801443|0
BENCH|BF36|LoadBPP_seg8|1887484|0
BENCH|BF36|LoadBPP_seg9|881449|0
BENCH|BF36|LoadBPP_seg10|635278|0
BENCH|BF36|LoadBPP_seg11|1576031|0
BENCH|BF36|LoadBPP_seg12|847305|0
BENCH|BF36|LoadBPP_seg13|865593|0
BENCH|BF36|LoadBPP_seg14|1828718|0
BENCH|BF36|LoadBPP_seg15|986168|0
BENCH|BF36|LoadBPP_seg16|966294|0
BENCH|BF36|LoadBPP_seg17|3940607|0
--- exit 0 ---
$ /home/jhubuntu/pq-rsp-benchmarks/lpac/build/src/lpac profile disable 89000123456789012341
--- stdout ---
{"type":"lpa","payload":{"code":-1,"message":"es10c_disable_profile","data":"profile not in enabled state"}}
--- stderr ---
--- exit 255 ---
$ /home/jhubuntu/pq-rsp-benchmarks/lpac/build/src/lpac profile delete 89000123456789012341
--- stdout ---
{"type":"lpa","payload":{"code":0,"message":"success","data":null}}
--- stderr ---
--- exit 0 ---
