iteration 69 2026-04-07T05:50:02.484909+00:00
$ /home/jhubuntu/pq-rsp-benchmarks/lpac/build/src/lpac profile download -s testsmdpplus1.example.com:8443 -m TS48v1_A
--- stdout ---
{"type":"progress","payload":{"code":0,"message":"es10b_get_euicc_challenge_and_info","data":"testsmdpplus1.example.com:8443"}}
{"type":"progress","payload":{"code":0,"message":"es9p_initiate_authentication","data":"testsmdpplus1.example.com:8443"}}
{"type":"progress","payload":{"code":0,"message":"es10b_authenticate_server","data":"testsmdpplus1.example.com:8443"}}
{"type":"progress","payload":{"code":0,"message":"es9p_authenticate_client","data":"testsmdpplus1.example.com:8443"}}
{"type":"progress","payload":{"code":0,"message":"es8p_metadata_parse","data":{"iccid":"89000123456789012341","serviceProviderName":"OsmocomSPN","profileName":"TS48v1_A","iconType":null,"icon":null,"profileClass":"operational"}}}
{"type":"progress","payload":{"code":0,"message":"es10b_prepare_download","data":"testsmdpplus1.example.com:8443"}}
{"type":"progress","payload":{"code":0,"message":"es9p_get_bound_profile_package","data":"testsmdpplus1.example.com:8443"}}
{"type":"progress","payload":{"code":0,"message":"es10b_load_bound_profile_package","data":"testsmdpplus1.example.com:8443"}}
{"type":"lpa","payload":{"code":0,"message":"success","data":{"seqNumber":1097,"iccid":"89000123456789012341","bppCommandId":"unknown","errorReason":"unknown"}}}
--- stderr ---
BENCH|BF2E|GetEuiccChallenge|5955|0
BENCH|BF20|GetEuiccInfo1|41294|0
BENCH|ES9P|/gsma/rsp2/es9plus/initiateAuthentication|9364|0
BENCH|BF38|AuthenticateServer|3097535|0
BENCH|ES9P|/gsma/rsp2/es9plus/authenticateClient|19418|0
BENCH|BF21|PrepareDownload|3741545|0
BENCH|ES9P|/gsma/rsp2/es9plus/getBoundProfilePackage|20775|0
BENCH|BF36|LoadBPP_seg0|1454159|0
BENCH|BF36|LoadBPP_seg1|61253|0
BENCH|BF36|LoadBPP_seg2|1632|0
BENCH|BF36|LoadBPP_seg3|93232|0
BENCH|BF36|LoadBPP_seg4|43587|0
BENCH|BF36|LoadBPP_seg5|1737|0
BENCH|BF36|LoadBPP_seg6|627815|0
BENCH|BF36|LoadBPP_seg7|2038750|0
BENCH|BF36|LoadBPP_seg8|832512|0
BENCH|BF36|LoadBPP_seg9|856128|0
BENCH|BF36|LoadBPP_seg10|1389391|0
BENCH|BF36|LoadBPP_seg11|822787|0
BENCH|BF36|LoadBPP_seg12|825276|0
BENCH|BF36|LoadBPP_seg13|1795911|0
BENCH|BF36|LoadBPP_seg14|883430|0
BENCH|BF36|LoadBPP_seg15|1008610|0
BENCH|BF36|LoadBPP_seg16|1833161|0
BENCH|BF36|LoadBPP_seg17|2701737|0
--- exit 0 ---
$ /home/jhubuntu/pq-rsp-benchmarks/lpac/build/src/lpac profile disable 89000123456789012341
--- stdout ---
{"type":"lpa","payload":{"code":-1,"message":"es10c_disable_profile","data":"profile not in enabled state"}}
--- stderr ---
--- exit 255 ---
$ /home/jhubuntu/pq-rsp-benchmarks/lpac/build/src/lpac profile delete 89000123456789012341
--- stdout ---
{"type":"lpa","payload":{"code":0,"message":"success","data":null}}
--- stderr ---
--- exit 0 ---
