iteration 5 2026-04-07T05:22:10.542871+00:00
$ /home/jhubuntu/pq-rsp-benchmarks/lpac/build/src/lpac profile download -s testsmdpplus1.example.com:8443 -m TS48v1_A
--- stdout ---
{"type":"progress","payload":{"code":0,"message":"es10b_get_euicc_challenge_and_info","data":"testsmdpplus1.example.com:8443"}}
{"type":"progress","payload":{"code":0,"message":"es9p_initiate_authentication","data":"testsmdpplus1.example.com:8443"}}
{"type":"progress","payload":{"code":0,"message":"es10b_authenticate_server","data":"testsmdpplus1.example.com:8443"}}
{"type":"progress","payload":{"code":0,"message":"es9p_authenticate_client","data":"testsmdpplus1.example.com:8443"}}
{"type":"progress","payload":{"code":0,"message":"es8p_metadata_parse","data":{"iccid":"89000123456789012341","serviceProviderName":"OsmocomSPN","profileName":"TS48v1_A","iconType":null,"icon":null,"profileClass":"operational"}}}
{"type":"progress","payload":{"code":0,"message":"es10b_prepare_download","data":"testsmdpplus1.example.com:8443"}}
{"type":"progress","payload":{"code":0,"message":"es9p_get_bound_profile_package","data":"testsmdpplus1.example.com:8443"}}
{"type":"progress","payload":{"code":0,"message":"es10b_load_bound_profile_package","data":"testsmdpplus1.example.com:8443"}}
{"type":"lpa","payload":{"code":0,"message":"success","data":{"seqNumber":969,"iccid":"89000123456789012341","bppCommandId":"unknown","errorReason":"unknown"}}}
--- stderr ---
BENCH|BF2E|GetEuiccChallenge|6258|0
BENCH|BF20|GetEuiccInfo1|41492|0
BENCH|ES9P|/gsma/rsp2/es9plus/initiateAuthentication|8484|0
BENCH|BF38|AuthenticateServer|3126991|0
BENCH|ES9P|/gsma/rsp2/es9plus/authenticateClient|32212|0
BENCH|BF21|PrepareDownload|3755744|0
BENCH|ES9P|/gsma/rsp2/es9plus/getBoundProfilePackage|25314|0
BENCH|BF36|LoadBPP_seg0|1432656|0
BENCH|BF36|LoadBPP_seg1|63607|0
BENCH|BF36|LoadBPP_seg2|1720|0
BENCH|BF36|LoadBPP_seg3|92653|0
BENCH|BF36|LoadBPP_seg4|43331|0
BENCH|BF36|LoadBPP_seg5|1717|0
BENCH|BF36|LoadBPP_seg6|2031570|0
BENCH|BF36|LoadBPP_seg7|800776|0
BENCH|BF36|LoadBPP_seg8|803778|0
BENCH|BF36|LoadBPP_seg9|1471589|0
BENCH|BF36|LoadBPP_seg10|633537|0
BENCH|BF36|LoadBPP_seg11|822060|0
BENCH|BF36|LoadBPP_seg12|1770409|0
BENCH|BF36|LoadBPP_seg13|858683|0
BENCH|BF36|LoadBPP_seg14|913126|0
BENCH|BF36|LoadBPP_seg15|1906230|0
BENCH|BF36|LoadBPP_seg16|961978|0
BENCH|BF36|LoadBPP_seg17|3812715|0
--- exit 0 ---
$ /home/jhubuntu/pq-rsp-benchmarks/lpac/build/src/lpac profile disable 89000123456789012341
--- stdout ---
{"type":"lpa","payload":{"code":-1,"message":"es10c_disable_profile","data":"profile not in enabled state"}}
--- stderr ---
--- exit 255 ---
$ /home/jhubuntu/pq-rsp-benchmarks/lpac/build/src/lpac profile delete 89000123456789012341
--- stdout ---
{"type":"lpa","payload":{"code":0,"message":"success","data":null}}
--- stderr ---
--- exit 0 ---
