iteration 47 2026-04-07T05:40:17.491381+00:00
$ /home/jhubuntu/pq-rsp-benchmarks/lpac/build/src/lpac profile download -s testsmdpplus1.example.com:8443 -m TS48v1_A
--- stdout ---
{"type":"progress","payload":{"code":0,"message":"es10b_get_euicc_challenge_and_info","data":"testsmdpplus1.example.com:8443"}}
{"type":"progress","payload":{"code":0,"message":"es9p_initiate_authentication","data":"testsmdpplus1.example.com:8443"}}
{"type":"progress","payload":{"code":0,"message":"es10b_authenticate_server","data":"testsmdpplus1.example.com:8443"}}
{"type":"progress","payload":{"code":0,"message":"es9p_authenticate_client","data":"testsmdpplus1.example.com:8443"}}
{"type":"progress","payload":{"code":0,"message":"es8p_metadata_parse","data":{"iccid":"89000123456789012341","serviceProviderName":"OsmocomSPN","profileName":"TS48v1_A","iconType":null,"icon":null,"profileClass":"operational"}}}
{"type":"progress","payload":{"code":0,"message":"es10b_prepare_download","data":"testsmdpplus1.example.com:8443"}}
{"type":"progress","payload":{"code":0,"message":"es9p_get_bound_profile_package","data":"testsmdpplus1.example.com:8443"}}
{"type":"progress","payload":{"code":0,"message":"es10b_load_bound_profile_package","data":"testsmdpplus1.example.com:8443"}}
{"type":"lpa","payload":{"code":0,"message":"success","data":{"seqNumber":1053,"iccid":"89000123456789012341","bppCommandId":"unknown","errorReason":"unknown"}}}
--- stderr ---
BENCH|BF2E|GetEuiccChallenge|6159|0
BENCH|BF20|GetEuiccInfo1|41426|0
BENCH|ES9P|/gsma/rsp2/es9plus/initiateAuthentication|11334|0
BENCH|BF38|AuthenticateServer|3115236|0
BENCH|ES9P|/gsma/rsp2/es9plus/authenticateClient|30396|0
BENCH|BF21|PrepareDownload|3741595|0
BENCH|ES9P|/gsma/rsp2/es9plus/getBoundProfilePackage|23605|0
BENCH|BF36|LoadBPP_seg0|1449505|0
BENCH|BF36|LoadBPP_seg1|63240|0
BENCH|BF36|LoadBPP_seg2|1634|0
BENCH|BF36|LoadBPP_seg3|1500049|0
BENCH|BF36|LoadBPP_seg4|43432|0
BENCH|BF36|LoadBPP_seg5|1644|0
BENCH|BF36|LoadBPP_seg6|598272|0
BENCH|BF36|LoadBPP_seg7|800194|0
BENCH|BF36|LoadBPP_seg8|807460|0
BENCH|BF36|LoadBPP_seg9|1446153|0
BENCH|BF36|LoadBPP_seg10|630427|0
BENCH|BF36|LoadBPP_seg11|823932|0
BENCH|BF36|LoadBPP_seg12|1745385|0
BENCH|BF36|LoadBPP_seg13|861033|0
BENCH|BF36|LoadBPP_seg14|910814|0
BENCH|BF36|LoadBPP_seg15|1883777|0
BENCH|BF36|LoadBPP_seg16|960575|0
BENCH|BF36|LoadBPP_seg17|3755180|0
--- exit 0 ---
$ /home/jhubuntu/pq-rsp-benchmarks/lpac/build/src/lpac profile disable 89000123456789012341
--- stdout ---
{"type":"lpa","payload":{"code":-1,"message":"es10c_disable_profile","data":"profile not in enabled state"}}
--- stderr ---
--- exit 255 ---
$ /home/jhubuntu/pq-rsp-benchmarks/lpac/build/src/lpac profile delete 89000123456789012341
--- stdout ---
{"type":"lpa","payload":{"code":0,"message":"success","data":null}}
--- stderr ---
--- exit 0 ---
