iteration 74 2026-04-07T05:52:12.106059+00:00
$ /home/jhubuntu/pq-rsp-benchmarks/lpac/build/src/lpac profile download -s testsmdpplus1.example.com:8443 -m TS48v1_A
--- stdout ---
{"type":"progress","payload":{"code":0,"message":"es10b_get_euicc_challenge_and_info","data":"testsmdpplus1.example.com:8443"}}
{"type":"progress","payload":{"code":0,"message":"es9p_initiate_authentication","data":"testsmdpplus1.example.com:8443"}}
{"type":"progress","payload":{"code":0,"message":"es10b_authenticate_server","data":"testsmdpplus1.example.com:8443"}}
{"type":"progress","payload":{"code":0,"message":"es9p_authenticate_client","data":"testsmdpplus1.example.com:8443"}}
{"type":"progress","payload":{"code":0,"message":"es8p_metadata_parse","data":{"iccid":"89000123456789012341","serviceProviderName":"OsmocomSPN","profileName":"TS48v1_A","iconType":null,"icon":null,"profileClass":"operational"}}}
{"type":"progress","payload":{"code":0,"message":"es10b_prepare_download","data":"testsmdpplus1.example.com:8443"}}
{"type":"progress","payload":{"code":0,"message":"es9p_get_bound_profile_package","data":"testsmdpplus1.example.com:8443"}}
{"type":"progress","payload":{"code":0,"message":"es10b_load_bound_profile_package","data":"testsmdpplus1.example.com:8443"}}
{"type":"lpa","payload":{"code":0,"message":"success","data":{"seqNumber":1107,"iccid":"89000123456789012341","bppCommandId":"unknown","errorReason":"unknown"}}}
--- stderr ---
BENCH|BF2E|GetEuiccChallenge|6019|0
BENCH|BF20|GetEuiccInfo1|41810|0
BENCH|ES9P|/gsma/rsp2/es9plus/initiateAuthentication|17531|0
BENCH|BF38|AuthenticateServer|3114219|0
BENCH|ES9P|/gsma/rsp2/es9plus/authenticateClient|24222|0
BENCH|BF21|PrepareDownload|3779738|0
BENCH|ES9P|/gsma/rsp2/es9plus/getBoundProfilePackage|33582|0
BENCH|BF36|LoadBPP_seg0|1443070|0
BENCH|BF36|LoadBPP_seg1|60751|0
BENCH|BF36|LoadBPP_seg2|1845|0
BENCH|BF36|LoadBPP_seg3|93756|0
BENCH|BF36|LoadBPP_seg4|43628|0
BENCH|BF36|LoadBPP_seg5|1840|0
BENCH|BF36|LoadBPP_seg6|599538|0
BENCH|BF36|LoadBPP_seg7|801705|0
BENCH|BF36|LoadBPP_seg8|2252371|0
BENCH|BF36|LoadBPP_seg9|886507|0
BENCH|BF36|LoadBPP_seg10|631464|0
BENCH|BF36|LoadBPP_seg11|1604131|0
BENCH|BF36|LoadBPP_seg12|846193|0
BENCH|BF36|LoadBPP_seg13|887525|0
BENCH|BF36|LoadBPP_seg14|1810058|0
BENCH|BF36|LoadBPP_seg15|979451|0
BENCH|BF36|LoadBPP_seg16|967282|0
BENCH|BF36|LoadBPP_seg17|3735827|0
--- exit 0 ---
$ /home/jhubuntu/pq-rsp-benchmarks/lpac/build/src/lpac profile disable 89000123456789012341
--- stdout ---
{"type":"lpa","payload":{"code":-1,"message":"es10c_disable_profile","data":"profile not in enabled state"}}
--- stderr ---
--- exit 255 ---
$ /home/jhubuntu/pq-rsp-benchmarks/lpac/build/src/lpac profile delete 89000123456789012341
--- stdout ---
{"type":"lpa","payload":{"code":0,"message":"success","data":null}}
--- stderr ---
--- exit 0 ---
