iteration 144 2026-04-07T06:22:41.156479+00:00
$ /home/jhubuntu/pq-rsp-benchmarks/lpac/build/src/lpac profile download -s testsmdpplus1.example.com:8443 -m TS48v1_A
--- stdout ---
{"type":"progress","payload":{"code":0,"message":"es10b_get_euicc_challenge_and_info","data":"testsmdpplus1.example.com:8443"}}
{"type":"progress","payload":{"code":0,"message":"es9p_initiate_authentication","data":"testsmdpplus1.example.com:8443"}}
{"type":"progress","payload":{"code":0,"message":"es10b_authenticate_server","data":"testsmdpplus1.example.com:8443"}}
{"type":"progress","payload":{"code":0,"message":"es9p_authenticate_client","data":"testsmdpplus1.example.com:8443"}}
{"type":"progress","payload":{"code":0,"message":"es8p_metadata_parse","data":{"iccid":"89000123456789012341","serviceProviderName":"OsmocomSPN","profileName":"TS48v1_A","iconType":null,"icon":null,"profileClass":"operational"}}}
{"type":"progress","payload":{"code":0,"message":"es10b_prepare_download","data":"testsmdpplus1.example.com:8443"}}
{"type":"progress","payload":{"code":0,"message":"es9p_get_bound_profile_package","data":"testsmdpplus1.example.com:8443"}}
{"type":"progress","payload":{"code":0,"message":"es10b_load_bound_profile_package","data":"testsmdpplus1.example.com:8443"}}
{"type":"lpa","payload":{"code":0,"message":"success","data":{"seqNumber":1247,"iccid":"89000123456789012341","bppCommandId":"unknown","errorReason":"unknown"}}}
--- stderr ---
BENCH|BF2E|GetEuiccChallenge|5809|0
BENCH|BF20|GetEuiccInfo1|41250|0
BENCH|ES9P|/gsma/rsp2/es9plus/initiateAuthentication|14403|0
BENCH|BF38|AuthenticateServer|3117676|0
BENCH|ES9P|/gsma/rsp2/es9plus/authenticateClient|39330|0
BENCH|BF21|PrepareDownload|3743219|0
BENCH|ES9P|/gsma/rsp2/es9plus/getBoundProfilePackage|28035|0
BENCH|BF36|LoadBPP_seg0|1442568|0
BENCH|BF36|LoadBPP_seg1|63756|0
BENCH|BF36|LoadBPP_seg2|1739|0
BENCH|BF36|LoadBPP_seg3|93280|0
BENCH|BF36|LoadBPP_seg4|43344|0
BENCH|BF36|LoadBPP_seg5|1637|0
BENCH|BF36|LoadBPP_seg6|604218|0
BENCH|BF36|LoadBPP_seg7|2223732|0
BENCH|BF36|LoadBPP_seg8|803893|0
BENCH|BF36|LoadBPP_seg9|1636410|0
BENCH|BF36|LoadBPP_seg10|635189|0
BENCH|BF36|LoadBPP_seg11|824776|0
BENCH|BF36|LoadBPP_seg12|848358|0
BENCH|BF36|LoadBPP_seg13|1811752|0
BENCH|BF36|LoadBPP_seg14|878318|0
BENCH|BF36|LoadBPP_seg15|1896263|0
BENCH|BF36|LoadBPP_seg16|963414|0
BENCH|BF36|LoadBPP_seg17|4108322|0
--- exit 0 ---
$ /home/jhubuntu/pq-rsp-benchmarks/lpac/build/src/lpac profile disable 89000123456789012341
--- stdout ---
{"type":"lpa","payload":{"code":-1,"message":"es10c_disable_profile","data":"profile not in enabled state"}}
--- stderr ---
--- exit 255 ---
$ /home/jhubuntu/pq-rsp-benchmarks/lpac/build/src/lpac profile delete 89000123456789012341
--- stdout ---
{"type":"lpa","payload":{"code":0,"message":"success","data":null}}
--- stderr ---
--- exit 0 ---
