iteration 85 2026-04-07T05:56:57.112989+00:00
$ /home/jhubuntu/pq-rsp-benchmarks/lpac/build/src/lpac profile download -s testsmdpplus1.example.com:8443 -m TS48v1_A
--- stdout ---
{"type":"progress","payload":{"code":0,"message":"es10b_get_euicc_challenge_and_info","data":"testsmdpplus1.example.com:8443"}}
{"type":"progress","payload":{"code":0,"message":"es9p_initiate_authentication","data":"testsmdpplus1.example.com:8443"}}
{"type":"progress","payload":{"code":0,"message":"es10b_authenticate_server","data":"testsmdpplus1.example.com:8443"}}
{"type":"progress","payload":{"code":0,"message":"es9p_authenticate_client","data":"testsmdpplus1.example.com:8443"}}
{"type":"progress","payload":{"code":0,"message":"es8p_metadata_parse","data":{"iccid":"89000123456789012341","serviceProviderName":"OsmocomSPN","profileName":"TS48v1_A","iconType":null,"icon":null,"profileClass":"operational"}}}
{"type":"progress","payload":{"code":0,"message":"es10b_prepare_download","data":"testsmdpplus1.example.com:8443"}}
{"type":"progress","payload":{"code":0,"message":"es9p_get_bound_profile_package","data":"testsmdpplus1.example.com:8443"}}
{"type":"progress","payload":{"code":0,"message":"es10b_load_bound_profile_package","data":"testsmdpplus1.example.com:8443"}}
{"type":"lpa","payload":{"code":0,"message":"success","data":{"seqNumber":1129,"iccid":"89000123456789012341","bppCommandId":"unknown","errorReason":"unknown"}}}
--- stderr ---
BENCH|BF2E|GetEuiccChallenge|5928|0
BENCH|BF20|GetEuiccInfo1|41520|0
BENCH|ES9P|/gsma/rsp2/es9plus/initiateAuthentication|14458|0
BENCH|BF38|AuthenticateServer|3094728|0
BENCH|ES9P|/gsma/rsp2/es9plus/authenticateClient|27121|0
BENCH|BF21|PrepareDownload|3743827|0
BENCH|ES9P|/gsma/rsp2/es9plus/getBoundProfilePackage|16914|0
BENCH|BF36|LoadBPP_seg0|1436498|0
BENCH|BF36|LoadBPP_seg1|60723|0
BENCH|BF36|LoadBPP_seg2|1778|0
BENCH|BF36|LoadBPP_seg3|93197|0
BENCH|BF36|LoadBPP_seg4|43426|0
BENCH|BF36|LoadBPP_seg5|1947|0
BENCH|BF36|LoadBPP_seg6|603290|0
BENCH|BF36|LoadBPP_seg7|2082095|0
BENCH|BF36|LoadBPP_seg8|805373|0
BENCH|BF36|LoadBPP_seg9|883351|0
BENCH|BF36|LoadBPP_seg10|1410418|0
BENCH|BF36|LoadBPP_seg11|829491|0
BENCH|BF36|LoadBPP_seg12|850667|0
BENCH|BF36|LoadBPP_seg13|1812875|0
BENCH|BF36|LoadBPP_seg14|914680|0
BENCH|BF36|LoadBPP_seg15|982070|0
BENCH|BF36|LoadBPP_seg16|1885420|0
BENCH|BF36|LoadBPP_seg17|2683128|0
--- exit 0 ---
$ /home/jhubuntu/pq-rsp-benchmarks/lpac/build/src/lpac profile disable 89000123456789012341
--- stdout ---
{"type":"lpa","payload":{"code":-1,"message":"es10c_disable_profile","data":"profile not in enabled state"}}
--- stderr ---
--- exit 255 ---
$ /home/jhubuntu/pq-rsp-benchmarks/lpac/build/src/lpac profile delete 89000123456789012341
--- stdout ---
{"type":"lpa","payload":{"code":0,"message":"success","data":null}}
--- stderr ---
--- exit 0 ---
