iteration 12 2026-04-07T05:25:12.550504+00:00
$ /home/jhubuntu/pq-rsp-benchmarks/lpac/build/src/lpac profile download -s testsmdpplus1.example.com:8443 -m TS48v1_A
--- stdout ---
{"type":"progress","payload":{"code":0,"message":"es10b_get_euicc_challenge_and_info","data":"testsmdpplus1.example.com:8443"}}
{"type":"progress","payload":{"code":0,"message":"es9p_initiate_authentication","data":"testsmdpplus1.example.com:8443"}}
{"type":"progress","payload":{"code":0,"message":"es10b_authenticate_server","data":"testsmdpplus1.example.com:8443"}}
{"type":"progress","payload":{"code":0,"message":"es9p_authenticate_client","data":"testsmdpplus1.example.com:8443"}}
{"type":"progress","payload":{"code":0,"message":"es8p_metadata_parse","data":{"iccid":"89000123456789012341","serviceProviderName":"OsmocomSPN","profileName":"TS48v1_A","iconType":null,"icon":null,"profileClass":"operational"}}}
{"type":"progress","payload":{"code":0,"message":"es10b_prepare_download","data":"testsmdpplus1.example.com:8443"}}
{"type":"progress","payload":{"code":0,"message":"es9p_get_bound_profile_package","data":"testsmdpplus1.example.com:8443"}}
{"type":"progress","payload":{"code":0,"message":"es10b_load_bound_profile_package","data":"testsmdpplus1.example.com:8443"}}
{"type":"lpa","payload":{"code":0,"message":"success","data":{"seqNumber":983,"iccid":"89000123456789012341","bppCommandId":"unknown","errorReason":"unknown"}}}
--- stderr ---
BENCH|BF2E|GetEuiccChallenge|5846|0
BENCH|BF20|GetEuiccInfo1|41461|0
BENCH|ES9P|/gsma/rsp2/es9plus/initiateAuthentication|13682|0
BENCH|BF38|AuthenticateServer|3118259|0
BENCH|ES9P|/gsma/rsp2/es9plus/authenticateClient|32635|0
BENCH|BF21|PrepareDownload|3766547|0
BENCH|ES9P|/gsma/rsp2/es9plus/getBoundProfilePackage|21079|0
BENCH|BF36|LoadBPP_seg0|1455122|0
BENCH|BF36|LoadBPP_seg1|64188|0
BENCH|BF36|LoadBPP_seg2|1725|0
BENCH|BF36|LoadBPP_seg3|92950|0
BENCH|BF36|LoadBPP_seg4|43058|0
BENCH|BF36|LoadBPP_seg5|1816|0
BENCH|BF36|LoadBPP_seg6|2044983|0
BENCH|BF36|LoadBPP_seg7|800091|0
BENCH|BF36|LoadBPP_seg8|804501|0
BENCH|BF36|LoadBPP_seg9|1656583|0
BENCH|BF36|LoadBPP_seg10|628570|0
BENCH|BF36|LoadBPP_seg11|823937|0
BENCH|BF36|LoadBPP_seg12|852727|0
BENCH|BF36|LoadBPP_seg13|1812640|0
BENCH|BF36|LoadBPP_seg14|910746|0
BENCH|BF36|LoadBPP_seg15|1923491|0
BENCH|BF36|LoadBPP_seg16|957906|0
BENCH|BF36|LoadBPP_seg17|4138459|0
--- exit 0 ---
$ /home/jhubuntu/pq-rsp-benchmarks/lpac/build/src/lpac profile disable 89000123456789012341
--- stdout ---
{"type":"lpa","payload":{"code":-1,"message":"es10c_disable_profile","data":"profile not in enabled state"}}
--- stderr ---
--- exit 255 ---
$ /home/jhubuntu/pq-rsp-benchmarks/lpac/build/src/lpac profile delete 89000123456789012341
--- stdout ---
{"type":"lpa","payload":{"code":0,"message":"success","data":null}}
--- stderr ---
--- exit 0 ---
