iteration 72 2026-04-07T05:51:19.191916+00:00
$ /home/jhubuntu/pq-rsp-benchmarks/lpac/build/src/lpac profile download -s testsmdpplus1.example.com:8443 -m TS48v1_A
--- stdout ---
{"type":"progress","payload":{"code":0,"message":"es10b_get_euicc_challenge_and_info","data":"testsmdpplus1.example.com:8443"}}
{"type":"progress","payload":{"code":0,"message":"es9p_initiate_authentication","data":"testsmdpplus1.example.com:8443"}}
{"type":"progress","payload":{"code":0,"message":"es10b_authenticate_server","data":"testsmdpplus1.example.com:8443"}}
{"type":"progress","payload":{"code":0,"message":"es9p_authenticate_client","data":"testsmdpplus1.example.com:8443"}}
{"type":"progress","payload":{"code":0,"message":"es8p_metadata_parse","data":{"iccid":"89000123456789012341","serviceProviderName":"OsmocomSPN","profileName":"TS48v1_A","iconType":null,"icon":null,"profileClass":"operational"}}}
{"type":"progress","payload":{"code":0,"message":"es10b_prepare_download","data":"testsmdpplus1.example.com:8443"}}
{"type":"progress","payload":{"code":0,"message":"es9p_get_bound_profile_package","data":"testsmdpplus1.example.com:8443"}}
{"type":"progress","payload":{"code":0,"message":"es10b_load_bound_profile_package","data":"testsmdpplus1.example.com:8443"}}
{"type":"lpa","payload":{"code":0,"message":"success","data":{"seqNumber":1103,"iccid":"89000123456789012341","bppCommandId":"unknown","errorReason":"unknown"}}}
--- stderr ---
BENCH|BF2E|GetEuiccChallenge|6143|0
BENCH|BF20|GetEuiccInfo1|41581|0
BENCH|ES9P|/gsma/rsp2/es9plus/initiateAuthentication|15975|0
BENCH|BF38|AuthenticateServer|3136159|0
BENCH|ES9P|/gsma/rsp2/es9plus/authenticateClient|34119|0
BENCH|BF21|PrepareDownload|3717774|0
BENCH|ES9P|/gsma/rsp2/es9plus/getBoundProfilePackage|19073|0
BENCH|BF36|LoadBPP_seg0|1449973|0
BENCH|BF36|LoadBPP_seg1|63297|0
BENCH|BF36|LoadBPP_seg2|1612|0
BENCH|BF36|LoadBPP_seg3|119129|0
BENCH|BF36|LoadBPP_seg4|43793|0
BENCH|BF36|LoadBPP_seg5|1683|0
BENCH|BF36|LoadBPP_seg6|2030716|0
BENCH|BF36|LoadBPP_seg7|771866|0
BENCH|BF36|LoadBPP_seg8|830858|0
BENCH|BF36|LoadBPP_seg9|1620814|0
BENCH|BF36|LoadBPP_seg10|656239|0
BENCH|BF36|LoadBPP_seg11|825569|0
BENCH|BF36|LoadBPP_seg12|850954|0
BENCH|BF36|LoadBPP_seg13|1961196|0
BENCH|BF36|LoadBPP_seg14|907863|0
BENCH|BF36|LoadBPP_seg15|1910427|0
BENCH|BF36|LoadBPP_seg16|962181|0
BENCH|BF36|LoadBPP_seg17|4123516|0
--- exit 0 ---
$ /home/jhubuntu/pq-rsp-benchmarks/lpac/build/src/lpac profile disable 89000123456789012341
--- stdout ---
{"type":"lpa","payload":{"code":-1,"message":"es10c_disable_profile","data":"profile not in enabled state"}}
--- stderr ---
--- exit 255 ---
$ /home/jhubuntu/pq-rsp-benchmarks/lpac/build/src/lpac profile delete 89000123456789012341
--- stdout ---
{"type":"lpa","payload":{"code":0,"message":"success","data":null}}
--- stderr ---
--- exit 0 ---
