iteration 48 2026-04-07T05:40:43.217386+00:00
$ /home/jhubuntu/pq-rsp-benchmarks/lpac/build/src/lpac profile download -s testsmdpplus1.example.com:8443 -m TS48v1_A
--- stdout ---
{"type":"progress","payload":{"code":0,"message":"es10b_get_euicc_challenge_and_info","data":"testsmdpplus1.example.com:8443"}}
{"type":"progress","payload":{"code":0,"message":"es9p_initiate_authentication","data":"testsmdpplus1.example.com:8443"}}
{"type":"progress","payload":{"code":0,"message":"es10b_authenticate_server","data":"testsmdpplus1.example.com:8443"}}
{"type":"progress","payload":{"code":0,"message":"es9p_authenticate_client","data":"testsmdpplus1.example.com:8443"}}
{"type":"progress","payload":{"code":0,"message":"es8p_metadata_parse","data":{"iccid":"89000123456789012341","serviceProviderName":"OsmocomSPN","profileName":"TS48v1_A","iconType":null,"icon":null,"profileClass":"operational"}}}
{"type":"progress","payload":{"code":0,"message":"es10b_prepare_download","data":"testsmdpplus1.example.com:8443"}}
{"type":"progress","payload":{"code":0,"message":"es9p_get_bound_profile_package","data":"testsmdpplus1.example.com:8443"}}
{"type":"progress","payload":{"code":0,"message":"es10b_load_bound_profile_package","data":"testsmdpplus1.example.com:8443"}}
{"type":"lpa","payload":{"code":0,"message":"success","data":{"seqNumber":1055,"iccid":"89000123456789012341","bppCommandId":"unknown","errorReason":"unknown"}}}
--- stderr ---
BENCH|BF2E|GetEuiccChallenge|6191|0
BENCH|BF20|GetEuiccInfo1|41348|0
BENCH|ES9P|/gsma/rsp2/es9plus/initiateAuthentication|12131|0
BENCH|BF38|AuthenticateServer|3121201|0
BENCH|ES9P|/gsma/rsp2/es9plus/authenticateClient|30750|0
BENCH|BF21|PrepareDownload|3733790|0
BENCH|ES9P|/gsma/rsp2/es9plus/getBoundProfilePackage|22611|0
BENCH|BF36|LoadBPP_seg0|1458266|0
BENCH|BF36|LoadBPP_seg1|62847|0
BENCH|BF36|LoadBPP_seg2|1572|0
BENCH|BF36|LoadBPP_seg3|93040|0
BENCH|BF36|LoadBPP_seg4|42683|0
BENCH|BF36|LoadBPP_seg5|1608|0
BENCH|BF36|LoadBPP_seg6|2040478|0
BENCH|BF36|LoadBPP_seg7|775058|0
BENCH|BF36|LoadBPP_seg8|833879|0
BENCH|BF36|LoadBPP_seg9|1601125|0
BENCH|BF36|LoadBPP_seg10|658449|0
BENCH|BF36|LoadBPP_seg11|824819|0
BENCH|BF36|LoadBPP_seg12|826464|0
BENCH|BF36|LoadBPP_seg13|1973039|0
BENCH|BF36|LoadBPP_seg14|884088|0
BENCH|BF36|LoadBPP_seg15|1918739|0
BENCH|BF36|LoadBPP_seg16|934472|0
BENCH|BF36|LoadBPP_seg17|4106801|0
--- exit 0 ---
$ /home/jhubuntu/pq-rsp-benchmarks/lpac/build/src/lpac profile disable 89000123456789012341
--- stdout ---
{"type":"lpa","payload":{"code":-1,"message":"es10c_disable_profile","data":"profile not in enabled state"}}
--- stderr ---
--- exit 255 ---
$ /home/jhubuntu/pq-rsp-benchmarks/lpac/build/src/lpac profile delete 89000123456789012341
--- stdout ---
{"type":"lpa","payload":{"code":0,"message":"success","data":null}}
--- stderr ---
--- exit 0 ---
