iteration 141 2026-04-07T06:21:24.096408+00:00
$ /home/jhubuntu/pq-rsp-benchmarks/lpac/build/src/lpac profile download -s testsmdpplus1.example.com:8443 -m TS48v1_A
--- stdout ---
{"type":"progress","payload":{"code":0,"message":"es10b_get_euicc_challenge_and_info","data":"testsmdpplus1.example.com:8443"}}
{"type":"progress","payload":{"code":0,"message":"es9p_initiate_authentication","data":"testsmdpplus1.example.com:8443"}}
{"type":"progress","payload":{"code":0,"message":"es10b_authenticate_server","data":"testsmdpplus1.example.com:8443"}}
{"type":"progress","payload":{"code":0,"message":"es9p_authenticate_client","data":"testsmdpplus1.example.com:8443"}}
{"type":"progress","payload":{"code":0,"message":"es8p_metadata_parse","data":{"iccid":"89000123456789012341","serviceProviderName":"OsmocomSPN","profileName":"TS48v1_A","iconType":null,"icon":null,"profileClass":"operational"}}}
{"type":"progress","payload":{"code":0,"message":"es10b_prepare_download","data":"testsmdpplus1.example.com:8443"}}
{"type":"progress","payload":{"code":0,"message":"es9p_get_bound_profile_package","data":"testsmdpplus1.example.com:8443"}}
{"type":"progress","payload":{"code":0,"message":"es10b_load_bound_profile_package","data":"testsmdpplus1.example.com:8443"}}
{"type":"lpa","payload":{"code":0,"message":"success","data":{"seqNumber":1241,"iccid":"89000123456789012341","bppCommandId":"unknown","errorReason":"unknown"}}}
--- stderr ---
BENCH|BF2E|GetEuiccChallenge|6174|0
BENCH|BF20|GetEuiccInfo1|41293|0
BENCH|ES9P|/gsma/rsp2/es9plus/initiateAuthentication|22191|0
BENCH|BF38|AuthenticateServer|3114806|0
BENCH|ES9P|/gsma/rsp2/es9plus/authenticateClient|28556|0
BENCH|BF21|PrepareDownload|3754383|0
BENCH|ES9P|/gsma/rsp2/es9plus/getBoundProfilePackage|10796|0
BENCH|BF36|LoadBPP_seg0|1445595|0
BENCH|BF36|LoadBPP_seg1|61746|0
BENCH|BF36|LoadBPP_seg2|1556|0
BENCH|BF36|LoadBPP_seg3|92944|0
BENCH|BF36|LoadBPP_seg4|42445|0
BENCH|BF36|LoadBPP_seg5|1643|0
BENCH|BF36|LoadBPP_seg6|607438|0
BENCH|BF36|LoadBPP_seg7|2077593|0
BENCH|BF36|LoadBPP_seg8|805508|0
BENCH|BF36|LoadBPP_seg9|882721|0
BENCH|BF36|LoadBPP_seg10|1409856|0
BENCH|BF36|LoadBPP_seg11|827775|0
BENCH|BF36|LoadBPP_seg12|849081|0
BENCH|BF36|LoadBPP_seg13|1809689|0
BENCH|BF36|LoadBPP_seg14|909605|0
BENCH|BF36|LoadBPP_seg15|981697|0
BENCH|BF36|LoadBPP_seg16|1902207|0
BENCH|BF36|LoadBPP_seg17|2684226|0
--- exit 0 ---
$ /home/jhubuntu/pq-rsp-benchmarks/lpac/build/src/lpac profile disable 89000123456789012341
--- stdout ---
{"type":"lpa","payload":{"code":-1,"message":"es10c_disable_profile","data":"profile not in enabled state"}}
--- stderr ---
--- exit 255 ---
$ /home/jhubuntu/pq-rsp-benchmarks/lpac/build/src/lpac profile delete 89000123456789012341
--- stdout ---
{"type":"lpa","payload":{"code":0,"message":"success","data":null}}
--- stderr ---
--- exit 0 ---
