iteration 105 2026-04-07T06:05:50.326868+00:00
$ /home/jhubuntu/pq-rsp-benchmarks/lpac/build/src/lpac profile download -s testsmdpplus1.example.com:8443 -m TS48v1_A
--- stdout ---
{"type":"progress","payload":{"code":0,"message":"es10b_get_euicc_challenge_and_info","data":"testsmdpplus1.example.com:8443"}}
{"type":"progress","payload":{"code":0,"message":"es9p_initiate_authentication","data":"testsmdpplus1.example.com:8443"}}
{"type":"progress","payload":{"code":0,"message":"es10b_authenticate_server","data":"testsmdpplus1.example.com:8443"}}
{"type":"progress","payload":{"code":0,"message":"es9p_authenticate_client","data":"testsmdpplus1.example.com:8443"}}
{"type":"progress","payload":{"code":0,"message":"es8p_metadata_parse","data":{"iccid":"89000123456789012341","serviceProviderName":"OsmocomSPN","profileName":"TS48v1_A","iconType":null,"icon":null,"profileClass":"operational"}}}
{"type":"progress","payload":{"code":0,"message":"es10b_prepare_download","data":"testsmdpplus1.example.com:8443"}}
{"type":"progress","payload":{"code":0,"message":"es9p_get_bound_profile_package","data":"testsmdpplus1.example.com:8443"}}
{"type":"progress","payload":{"code":0,"message":"es10b_load_bound_profile_package","data":"testsmdpplus1.example.com:8443"}}
{"type":"lpa","payload":{"code":0,"message":"success","data":{"seqNumber":1169,"iccid":"89000123456789012341","bppCommandId":"unknown","errorReason":"unknown"}}}
--- stderr ---
BENCH|BF2E|GetEuiccChallenge|6049|0
BENCH|BF20|GetEuiccInfo1|41290|0
BENCH|ES9P|/gsma/rsp2/es9plus/initiateAuthentication|9708|0
BENCH|BF38|AuthenticateServer|3137537|0
BENCH|ES9P|/gsma/rsp2/es9plus/authenticateClient|28059|0
BENCH|BF21|PrepareDownload|3742689|0
BENCH|ES9P|/gsma/rsp2/es9plus/getBoundProfilePackage|17692|0
BENCH|BF36|LoadBPP_seg0|1456661|0
BENCH|BF36|LoadBPP_seg1|62488|0
BENCH|BF36|LoadBPP_seg2|1679|0
BENCH|BF36|LoadBPP_seg3|93082|0
BENCH|BF36|LoadBPP_seg4|43188|0
BENCH|BF36|LoadBPP_seg5|2062|0
BENCH|BF36|LoadBPP_seg6|603530|0
BENCH|BF36|LoadBPP_seg7|2061966|0
BENCH|BF36|LoadBPP_seg8|808912|0
BENCH|BF36|LoadBPP_seg9|882866|0
BENCH|BF36|LoadBPP_seg10|1393735|0
BENCH|BF36|LoadBPP_seg11|858002|0
BENCH|BF36|LoadBPP_seg12|819867|0
BENCH|BF36|LoadBPP_seg13|1989549|0
BENCH|BF36|LoadBPP_seg14|887590|0
BENCH|BF36|LoadBPP_seg15|1004768|0
BENCH|BF36|LoadBPP_seg16|1862746|0
BENCH|BF36|LoadBPP_seg17|2712578|0
--- exit 0 ---
$ /home/jhubuntu/pq-rsp-benchmarks/lpac/build/src/lpac profile disable 89000123456789012341
--- stdout ---
{"type":"lpa","payload":{"code":-1,"message":"es10c_disable_profile","data":"profile not in enabled state"}}
--- stderr ---
--- exit 255 ---
$ /home/jhubuntu/pq-rsp-benchmarks/lpac/build/src/lpac profile delete 89000123456789012341
--- stdout ---
{"type":"lpa","payload":{"code":0,"message":"success","data":null}}
--- stderr ---
--- exit 0 ---
