iteration 102 2026-04-07T06:04:32.968320+00:00
$ /home/jhubuntu/pq-rsp-benchmarks/lpac/build/src/lpac profile download -s testsmdpplus1.example.com:8443 -m TS48v1_A
--- stdout ---
{"type":"progress","payload":{"code":0,"message":"es10b_get_euicc_challenge_and_info","data":"testsmdpplus1.example.com:8443"}}
{"type":"progress","payload":{"code":0,"message":"es9p_initiate_authentication","data":"testsmdpplus1.example.com:8443"}}
{"type":"progress","payload":{"code":0,"message":"es10b_authenticate_server","data":"testsmdpplus1.example.com:8443"}}
{"type":"progress","payload":{"code":0,"message":"es9p_authenticate_client","data":"testsmdpplus1.example.com:8443"}}
{"type":"progress","payload":{"code":0,"message":"es8p_metadata_parse","data":{"iccid":"89000123456789012341","serviceProviderName":"OsmocomSPN","profileName":"TS48v1_A","iconType":null,"icon":null,"profileClass":"operational"}}}
{"type":"progress","payload":{"code":0,"message":"es10b_prepare_download","data":"testsmdpplus1.example.com:8443"}}
{"type":"progress","payload":{"code":0,"message":"es9p_get_bound_profile_package","data":"testsmdpplus1.example.com:8443"}}
{"type":"progress","payload":{"code":0,"message":"es10b_load_bound_profile_package","data":"testsmdpplus1.example.com:8443"}}
{"type":"lpa","payload":{"code":0,"message":"success","data":{"seqNumber":1163,"iccid":"89000123456789012341","bppCommandId":"unknown","errorReason":"unknown"}}}
--- stderr ---
BENCH|BF2E|GetEuiccChallenge|6274|0
BENCH|BF20|GetEuiccInfo1|41418|0
BENCH|ES9P|/gsma/rsp2/es9plus/initiateAuthentication|13920|0
BENCH|BF38|AuthenticateServer|3110050|0
BENCH|ES9P|/gsma/rsp2/es9plus/authenticateClient|27797|0
BENCH|BF21|PrepareDownload|3751629|0
BENCH|ES9P|/gsma/rsp2/es9plus/getBoundProfilePackage|23198|0
BENCH|BF36|LoadBPP_seg0|1441827|0
BENCH|BF36|LoadBPP_seg1|60105|0
BENCH|BF36|LoadBPP_seg2|1913|0
BENCH|BF36|LoadBPP_seg3|94077|0
BENCH|BF36|LoadBPP_seg4|43166|0
BENCH|BF36|LoadBPP_seg5|1860|0
BENCH|BF36|LoadBPP_seg6|602317|0
BENCH|BF36|LoadBPP_seg7|800322|0
BENCH|BF36|LoadBPP_seg8|2258729|0
BENCH|BF36|LoadBPP_seg9|882558|0
BENCH|BF36|LoadBPP_seg10|633010|0
BENCH|BF36|LoadBPP_seg11|1582818|0
BENCH|BF36|LoadBPP_seg12|846665|0
BENCH|BF36|LoadBPP_seg13|892304|0
BENCH|BF36|LoadBPP_seg14|1782571|0
BENCH|BF36|LoadBPP_seg15|982284|0
BENCH|BF36|LoadBPP_seg16|968970|0
BENCH|BF36|LoadBPP_seg17|3743293|0
--- exit 0 ---
$ /home/jhubuntu/pq-rsp-benchmarks/lpac/build/src/lpac profile disable 89000123456789012341
--- stdout ---
{"type":"lpa","payload":{"code":-1,"message":"es10c_disable_profile","data":"profile not in enabled state"}}
--- stderr ---
--- exit 255 ---
$ /home/jhubuntu/pq-rsp-benchmarks/lpac/build/src/lpac profile delete 89000123456789012341
--- stdout ---
{"type":"lpa","payload":{"code":0,"message":"success","data":null}}
--- stderr ---
--- exit 0 ---
