iteration 42 2026-04-07T05:38:07.585491+00:00
$ /home/jhubuntu/pq-rsp-benchmarks/lpac/build/src/lpac profile download -s testsmdpplus1.example.com:8443 -m TS48v1_A
--- stdout ---
{"type":"progress","payload":{"code":0,"message":"es10b_get_euicc_challenge_and_info","data":"testsmdpplus1.example.com:8443"}}
{"type":"progress","payload":{"code":0,"message":"es9p_initiate_authentication","data":"testsmdpplus1.example.com:8443"}}
{"type":"progress","payload":{"code":0,"message":"es10b_authenticate_server","data":"testsmdpplus1.example.com:8443"}}
{"type":"progress","payload":{"code":0,"message":"es9p_authenticate_client","data":"testsmdpplus1.example.com:8443"}}
{"type":"progress","payload":{"code":0,"message":"es8p_metadata_parse","data":{"iccid":"89000123456789012341","serviceProviderName":"OsmocomSPN","profileName":"TS48v1_A","iconType":null,"icon":null,"profileClass":"operational"}}}
{"type":"progress","payload":{"code":0,"message":"es10b_prepare_download","data":"testsmdpplus1.example.com:8443"}}
{"type":"progress","payload":{"code":0,"message":"es9p_get_bound_profile_package","data":"testsmdpplus1.example.com:8443"}}
{"type":"progress","payload":{"code":0,"message":"es10b_load_bound_profile_package","data":"testsmdpplus1.example.com:8443"}}
{"type":"lpa","payload":{"code":0,"message":"success","data":{"seqNumber":1043,"iccid":"89000123456789012341","bppCommandId":"unknown","errorReason":"unknown"}}}
--- stderr ---
BENCH|BF2E|GetEuiccChallenge|5981|0
BENCH|BF20|GetEuiccInfo1|41665|0
BENCH|ES9P|/gsma/rsp2/es9plus/initiateAuthentication|11279|0
BENCH|BF38|AuthenticateServer|3111998|0
BENCH|ES9P|/gsma/rsp2/es9plus/authenticateClient|44450|0
BENCH|BF21|PrepareDownload|3720852|0
BENCH|ES9P|/gsma/rsp2/es9plus/getBoundProfilePackage|15275|0
BENCH|BF36|LoadBPP_seg0|1437266|0
BENCH|BF36|LoadBPP_seg1|60500|0
BENCH|BF36|LoadBPP_seg2|1629|0
BENCH|BF36|LoadBPP_seg3|92519|0
BENCH|BF36|LoadBPP_seg4|44155|0
BENCH|BF36|LoadBPP_seg5|1622|0
BENCH|BF36|LoadBPP_seg6|600983|0
BENCH|BF36|LoadBPP_seg7|802084|0
BENCH|BF36|LoadBPP_seg8|1714991|0
BENCH|BF36|LoadBPP_seg9|880418|0
BENCH|BF36|LoadBPP_seg10|632656|0
BENCH|BF36|LoadBPP_seg11|1593796|0
BENCH|BF36|LoadBPP_seg12|818318|0
BENCH|BF36|LoadBPP_seg13|887108|0
BENCH|BF36|LoadBPP_seg14|1795994|0
BENCH|BF36|LoadBPP_seg15|1004222|0
BENCH|BF36|LoadBPP_seg16|943691|0
BENCH|BF36|LoadBPP_seg17|3790857|0
--- exit 0 ---
$ /home/jhubuntu/pq-rsp-benchmarks/lpac/build/src/lpac profile disable 89000123456789012341
--- stdout ---
{"type":"lpa","payload":{"code":-1,"message":"es10c_disable_profile","data":"profile not in enabled state"}}
--- stderr ---
--- exit 255 ---
$ /home/jhubuntu/pq-rsp-benchmarks/lpac/build/src/lpac profile delete 89000123456789012341
--- stdout ---
{"type":"lpa","payload":{"code":0,"message":"success","data":null}}
--- stderr ---
--- exit 0 ---
