iteration 133 2026-04-07T06:17:56.633057+00:00
$ /home/jhubuntu/pq-rsp-benchmarks/lpac/build/src/lpac profile download -s testsmdpplus1.example.com:8443 -m TS48v1_A
--- stdout ---
{"type":"progress","payload":{"code":0,"message":"es10b_get_euicc_challenge_and_info","data":"testsmdpplus1.example.com:8443"}}
{"type":"progress","payload":{"code":0,"message":"es9p_initiate_authentication","data":"testsmdpplus1.example.com:8443"}}
{"type":"progress","payload":{"code":0,"message":"es10b_authenticate_server","data":"testsmdpplus1.example.com:8443"}}
{"type":"progress","payload":{"code":0,"message":"es9p_authenticate_client","data":"testsmdpplus1.example.com:8443"}}
{"type":"progress","payload":{"code":0,"message":"es8p_metadata_parse","data":{"iccid":"89000123456789012341","serviceProviderName":"OsmocomSPN","profileName":"TS48v1_A","iconType":null,"icon":null,"profileClass":"operational"}}}
{"type":"progress","payload":{"code":0,"message":"es10b_prepare_download","data":"testsmdpplus1.example.com:8443"}}
{"type":"progress","payload":{"code":0,"message":"es9p_get_bound_profile_package","data":"testsmdpplus1.example.com:8443"}}
{"type":"progress","payload":{"code":0,"message":"es10b_load_bound_profile_package","data":"testsmdpplus1.example.com:8443"}}
{"type":"lpa","payload":{"code":0,"message":"success","data":{"seqNumber":1225,"iccid":"89000123456789012341","bppCommandId":"unknown","errorReason":"unknown"}}}
--- stderr ---
BENCH|BF2E|GetEuiccChallenge|6567|0
BENCH|BF20|GetEuiccInfo1|41493|0
BENCH|ES9P|/gsma/rsp2/es9plus/initiateAuthentication|13958|0
BENCH|BF38|AuthenticateServer|3116775|0
BENCH|ES9P|/gsma/rsp2/es9plus/authenticateClient|36028|0
BENCH|BF21|PrepareDownload|3758863|0
BENCH|ES9P|/gsma/rsp2/es9plus/getBoundProfilePackage|27577|0
BENCH|BF36|LoadBPP_seg0|1449244|0
BENCH|BF36|LoadBPP_seg1|61117|0
BENCH|BF36|LoadBPP_seg2|1762|0
BENCH|BF36|LoadBPP_seg3|93302|0
BENCH|BF36|LoadBPP_seg4|42908|0
BENCH|BF36|LoadBPP_seg5|1781|0
BENCH|BF36|LoadBPP_seg6|601173|0
BENCH|BF36|LoadBPP_seg7|2063230|0
BENCH|BF36|LoadBPP_seg8|806429|0
BENCH|BF36|LoadBPP_seg9|885087|0
BENCH|BF36|LoadBPP_seg10|1387696|0
BENCH|BF36|LoadBPP_seg11|852495|0
BENCH|BF36|LoadBPP_seg12|821919|0
BENCH|BF36|LoadBPP_seg13|1819584|0
BENCH|BF36|LoadBPP_seg14|884127|0
BENCH|BF36|LoadBPP_seg15|1004346|0
BENCH|BF36|LoadBPP_seg16|1858367|0
BENCH|BF36|LoadBPP_seg17|2709719|0
--- exit 0 ---
$ /home/jhubuntu/pq-rsp-benchmarks/lpac/build/src/lpac profile disable 89000123456789012341
--- stdout ---
{"type":"lpa","payload":{"code":-1,"message":"es10c_disable_profile","data":"profile not in enabled state"}}
--- stderr ---
--- exit 255 ---
$ /home/jhubuntu/pq-rsp-benchmarks/lpac/build/src/lpac profile delete 89000123456789012341
--- stdout ---
{"type":"lpa","payload":{"code":0,"message":"success","data":null}}
--- stderr ---
--- exit 0 ---
