iteration 100 2026-04-07T06:03:25.012583+00:00
$ /home/jhubuntu/pq-rsp-benchmarks/lpac/build/src/lpac profile download -s testsmdpplus1.example.com:8443 -m TS48v1_A
--- stdout ---
{"type":"progress","payload":{"code":0,"message":"es10b_get_euicc_challenge_and_info","data":"testsmdpplus1.example.com:8443"}}
{"type":"progress","payload":{"code":0,"message":"es9p_initiate_authentication","data":"testsmdpplus1.example.com:8443"}}
{"type":"progress","payload":{"code":0,"message":"es10b_authenticate_server","data":"testsmdpplus1.example.com:8443"}}
{"type":"progress","payload":{"code":0,"message":"es9p_authenticate_client","data":"testsmdpplus1.example.com:8443"}}
{"type":"progress","payload":{"code":0,"message":"es8p_metadata_parse","data":{"iccid":"89000123456789012341","serviceProviderName":"OsmocomSPN","profileName":"TS48v1_A","iconType":null,"icon":null,"profileClass":"operational"}}}
{"type":"progress","payload":{"code":0,"message":"es10b_prepare_download","data":"testsmdpplus1.example.com:8443"}}
{"type":"progress","payload":{"code":0,"message":"es9p_get_bound_profile_package","data":"testsmdpplus1.example.com:8443"}}
{"type":"progress","payload":{"code":0,"message":"es10b_load_bound_profile_package","data":"testsmdpplus1.example.com:8443"}}
{"type":"lpa","payload":{"code":0,"message":"success","data":{"seqNumber":1159,"iccid":"89000123456789012341","bppCommandId":"unknown","errorReason":"unknown"}}}
--- stderr ---
BENCH|BF2E|GetEuiccChallenge|5829|0
BENCH|BF20|GetEuiccInfo1|41237|0
BENCH|ES9P|/gsma/rsp2/es9plus/initiateAuthentication|14985|0
BENCH|BF38|AuthenticateServer|3086874|0
BENCH|ES9P|/gsma/rsp2/es9plus/authenticateClient|48075|0
BENCH|BF21|PrepareDownload|3737297|0
BENCH|ES9P|/gsma/rsp2/es9plus/getBoundProfilePackage|26926|0
BENCH|BF36|LoadBPP_seg0|1448390|0
BENCH|BF36|LoadBPP_seg1|64309|0
BENCH|BF36|LoadBPP_seg2|1685|0
BENCH|BF36|LoadBPP_seg3|118295|0
BENCH|BF36|LoadBPP_seg4|43832|0
BENCH|BF36|LoadBPP_seg5|1702|0
BENCH|BF36|LoadBPP_seg6|2035324|0
BENCH|BF36|LoadBPP_seg7|776833|0
BENCH|BF36|LoadBPP_seg8|830580|0
BENCH|BF36|LoadBPP_seg9|1622604|0
BENCH|BF36|LoadBPP_seg10|656894|0
BENCH|BF36|LoadBPP_seg11|826199|0
BENCH|BF36|LoadBPP_seg12|850192|0
BENCH|BF36|LoadBPP_seg13|1964056|0
BENCH|BF36|LoadBPP_seg14|910522|0
BENCH|BF36|LoadBPP_seg15|1911577|0
BENCH|BF36|LoadBPP_seg16|956997|0
BENCH|BF36|LoadBPP_seg17|4122477|0
--- exit 0 ---
$ /home/jhubuntu/pq-rsp-benchmarks/lpac/build/src/lpac profile disable 89000123456789012341
--- stdout ---
{"type":"lpa","payload":{"code":-1,"message":"es10c_disable_profile","data":"profile not in enabled state"}}
--- stderr ---
--- exit 255 ---
$ /home/jhubuntu/pq-rsp-benchmarks/lpac/build/src/lpac profile delete 89000123456789012341
--- stdout ---
{"type":"lpa","payload":{"code":0,"message":"success","data":null}}
--- stderr ---
--- exit 0 ---
