iteration 146 2026-04-07T06:23:32.572360+00:00
$ /home/jhubuntu/pq-rsp-benchmarks/lpac/build/src/lpac profile download -s testsmdpplus1.example.com:8443 -m TS48v1_A
--- stdout ---
{"type":"progress","payload":{"code":0,"message":"es10b_get_euicc_challenge_and_info","data":"testsmdpplus1.example.com:8443"}}
{"type":"progress","payload":{"code":0,"message":"es9p_initiate_authentication","data":"testsmdpplus1.example.com:8443"}}
{"type":"progress","payload":{"code":0,"message":"es10b_authenticate_server","data":"testsmdpplus1.example.com:8443"}}
{"type":"progress","payload":{"code":0,"message":"es9p_authenticate_client","data":"testsmdpplus1.example.com:8443"}}
{"type":"progress","payload":{"code":0,"message":"es8p_metadata_parse","data":{"iccid":"89000123456789012341","serviceProviderName":"OsmocomSPN","profileName":"TS48v1_A","iconType":null,"icon":null,"profileClass":"operational"}}}
{"type":"progress","payload":{"code":0,"message":"es10b_prepare_download","data":"testsmdpplus1.example.com:8443"}}
{"type":"progress","payload":{"code":0,"message":"es9p_get_bound_profile_package","data":"testsmdpplus1.example.com:8443"}}
{"type":"progress","payload":{"code":0,"message":"es10b_load_bound_profile_package","data":"testsmdpplus1.example.com:8443"}}
{"type":"lpa","payload":{"code":0,"message":"success","data":{"seqNumber":1251,"iccid":"89000123456789012341","bppCommandId":"unknown","errorReason":"unknown"}}}
--- stderr ---
BENCH|BF2E|GetEuiccChallenge|5978|0
BENCH|BF20|GetEuiccInfo1|41742|0
BENCH|ES9P|/gsma/rsp2/es9plus/initiateAuthentication|14909|0
BENCH|BF38|AuthenticateServer|3112479|0
BENCH|ES9P|/gsma/rsp2/es9plus/authenticateClient|38177|0
BENCH|BF21|PrepareDownload|3763426|0
BENCH|ES9P|/gsma/rsp2/es9plus/getBoundProfilePackage|31975|0
BENCH|BF36|LoadBPP_seg0|1446613|0
BENCH|BF36|LoadBPP_seg1|61374|0
BENCH|BF36|LoadBPP_seg2|1734|0
BENCH|BF36|LoadBPP_seg3|93123|0
BENCH|BF36|LoadBPP_seg4|43072|0
BENCH|BF36|LoadBPP_seg5|1716|0
BENCH|BF36|LoadBPP_seg6|626570|0
BENCH|BF36|LoadBPP_seg7|776960|0
BENCH|BF36|LoadBPP_seg8|1769308|0
BENCH|BF36|LoadBPP_seg9|853209|0
BENCH|BF36|LoadBPP_seg10|659547|0
BENCH|BF36|LoadBPP_seg11|1596371|0
BENCH|BF36|LoadBPP_seg12|820345|0
BENCH|BF36|LoadBPP_seg13|888841|0
BENCH|BF36|LoadBPP_seg14|1824722|0
BENCH|BF36|LoadBPP_seg15|1009154|0
BENCH|BF36|LoadBPP_seg16|941706|0
BENCH|BF36|LoadBPP_seg17|3816150|0
--- exit 0 ---
$ /home/jhubuntu/pq-rsp-benchmarks/lpac/build/src/lpac profile disable 89000123456789012341
--- stdout ---
{"type":"lpa","payload":{"code":-1,"message":"es10c_disable_profile","data":"profile not in enabled state"}}
--- stderr ---
--- exit 255 ---
$ /home/jhubuntu/pq-rsp-benchmarks/lpac/build/src/lpac profile delete 89000123456789012341
--- stdout ---
{"type":"lpa","payload":{"code":0,"message":"success","data":null}}
--- stderr ---
--- exit 0 ---
