iteration 87 2026-04-07T05:57:48.208967+00:00
$ /home/jhubuntu/pq-rsp-benchmarks/lpac/build/src/lpac profile download -s testsmdpplus1.example.com:8443 -m TS48v1_A
--- stdout ---
{"type":"progress","payload":{"code":0,"message":"es10b_get_euicc_challenge_and_info","data":"testsmdpplus1.example.com:8443"}}
{"type":"progress","payload":{"code":0,"message":"es9p_initiate_authentication","data":"testsmdpplus1.example.com:8443"}}
{"type":"progress","payload":{"code":0,"message":"es10b_authenticate_server","data":"testsmdpplus1.example.com:8443"}}
{"type":"progress","payload":{"code":0,"message":"es9p_authenticate_client","data":"testsmdpplus1.example.com:8443"}}
{"type":"progress","payload":{"code":0,"message":"es8p_metadata_parse","data":{"iccid":"89000123456789012341","serviceProviderName":"OsmocomSPN","profileName":"TS48v1_A","iconType":null,"icon":null,"profileClass":"operational"}}}
{"type":"progress","payload":{"code":0,"message":"es10b_prepare_download","data":"testsmdpplus1.example.com:8443"}}
{"type":"progress","payload":{"code":0,"message":"es9p_get_bound_profile_package","data":"testsmdpplus1.example.com:8443"}}
{"type":"progress","payload":{"code":0,"message":"es10b_load_bound_profile_package","data":"testsmdpplus1.example.com:8443"}}
{"type":"lpa","payload":{"code":0,"message":"success","data":{"seqNumber":1133,"iccid":"89000123456789012341","bppCommandId":"unknown","errorReason":"unknown"}}}
--- stderr ---
BENCH|BF2E|GetEuiccChallenge|6654|0
BENCH|BF20|GetEuiccInfo1|41583|0
BENCH|ES9P|/gsma/rsp2/es9plus/initiateAuthentication|14653|0
BENCH|BF38|AuthenticateServer|3126445|0
BENCH|ES9P|/gsma/rsp2/es9plus/authenticateClient|26668|0
BENCH|BF21|PrepareDownload|3767194|0
BENCH|ES9P|/gsma/rsp2/es9plus/getBoundProfilePackage|18031|0
BENCH|BF36|LoadBPP_seg0|1448306|0
BENCH|BF36|LoadBPP_seg1|63823|0
BENCH|BF36|LoadBPP_seg2|1672|0
BENCH|BF36|LoadBPP_seg3|93004|0
BENCH|BF36|LoadBPP_seg4|1459151|0
BENCH|BF36|LoadBPP_seg5|1785|0
BENCH|BF36|LoadBPP_seg6|632041|0
BENCH|BF36|LoadBPP_seg7|777909|0
BENCH|BF36|LoadBPP_seg8|827110|0
BENCH|BF36|LoadBPP_seg9|1431737|0
BENCH|BF36|LoadBPP_seg10|630948|0
BENCH|BF36|LoadBPP_seg11|851278|0
BENCH|BF36|LoadBPP_seg12|1732088|0
BENCH|BF36|LoadBPP_seg13|890920|0
BENCH|BF36|LoadBPP_seg14|886890|0
BENCH|BF36|LoadBPP_seg15|1924141|0
BENCH|BF36|LoadBPP_seg16|939310|0
BENCH|BF36|LoadBPP_seg17|3799953|0
--- exit 0 ---
$ /home/jhubuntu/pq-rsp-benchmarks/lpac/build/src/lpac profile disable 89000123456789012341
--- stdout ---
{"type":"lpa","payload":{"code":-1,"message":"es10c_disable_profile","data":"profile not in enabled state"}}
--- stderr ---
--- exit 255 ---
$ /home/jhubuntu/pq-rsp-benchmarks/lpac/build/src/lpac profile delete 89000123456789012341
--- stdout ---
{"type":"lpa","payload":{"code":0,"message":"success","data":null}}
--- stderr ---
--- exit 0 ---
