iteration 97 2026-04-07T06:02:08.089507+00:00
$ /home/jhubuntu/pq-rsp-benchmarks/lpac/build/src/lpac profile download -s testsmdpplus1.example.com:8443 -m TS48v1_A
--- stdout ---
{"type":"progress","payload":{"code":0,"message":"es10b_get_euicc_challenge_and_info","data":"testsmdpplus1.example.com:8443"}}
{"type":"progress","payload":{"code":0,"message":"es9p_initiate_authentication","data":"testsmdpplus1.example.com:8443"}}
{"type":"progress","payload":{"code":0,"message":"es10b_authenticate_server","data":"testsmdpplus1.example.com:8443"}}
{"type":"progress","payload":{"code":0,"message":"es9p_authenticate_client","data":"testsmdpplus1.example.com:8443"}}
{"type":"progress","payload":{"code":0,"message":"es8p_metadata_parse","data":{"iccid":"89000123456789012341","serviceProviderName":"OsmocomSPN","profileName":"TS48v1_A","iconType":null,"icon":null,"profileClass":"operational"}}}
{"type":"progress","payload":{"code":0,"message":"es10b_prepare_download","data":"testsmdpplus1.example.com:8443"}}
{"type":"progress","payload":{"code":0,"message":"es9p_get_bound_profile_package","data":"testsmdpplus1.example.com:8443"}}
{"type":"progress","payload":{"code":0,"message":"es10b_load_bound_profile_package","data":"testsmdpplus1.example.com:8443"}}
{"type":"lpa","payload":{"code":0,"message":"success","data":{"seqNumber":1153,"iccid":"89000123456789012341","bppCommandId":"unknown","errorReason":"unknown"}}}
--- stderr ---
BENCH|BF2E|GetEuiccChallenge|5726|0
BENCH|BF20|GetEuiccInfo1|41279|0
BENCH|ES9P|/gsma/rsp2/es9plus/initiateAuthentication|14301|0
BENCH|BF38|AuthenticateServer|3109370|0
BENCH|ES9P|/gsma/rsp2/es9plus/authenticateClient|36854|0
BENCH|BF21|PrepareDownload|3740616|0
BENCH|ES9P|/gsma/rsp2/es9plus/getBoundProfilePackage|18284|0
BENCH|BF36|LoadBPP_seg0|1441389|0
BENCH|BF36|LoadBPP_seg1|61243|0
BENCH|BF36|LoadBPP_seg2|1720|0
BENCH|BF36|LoadBPP_seg3|92186|0
BENCH|BF36|LoadBPP_seg4|43129|0
BENCH|BF36|LoadBPP_seg5|1816|0
BENCH|BF36|LoadBPP_seg6|626385|0
BENCH|BF36|LoadBPP_seg7|2014636|0
BENCH|BF36|LoadBPP_seg8|836482|0
BENCH|BF36|LoadBPP_seg9|857980|0
BENCH|BF36|LoadBPP_seg10|1394319|0
BENCH|BF36|LoadBPP_seg11|830281|0
BENCH|BF36|LoadBPP_seg12|822126|0
BENCH|BF36|LoadBPP_seg13|1796851|0
BENCH|BF36|LoadBPP_seg14|885437|0
BENCH|BF36|LoadBPP_seg15|1006717|0
BENCH|BF36|LoadBPP_seg16|1838309|0
BENCH|BF36|LoadBPP_seg17|2708097|0
--- exit 0 ---
$ /home/jhubuntu/pq-rsp-benchmarks/lpac/build/src/lpac profile disable 89000123456789012341
--- stdout ---
{"type":"lpa","payload":{"code":-1,"message":"es10c_disable_profile","data":"profile not in enabled state"}}
--- stderr ---
--- exit 255 ---
$ /home/jhubuntu/pq-rsp-benchmarks/lpac/build/src/lpac profile delete 89000123456789012341
--- stdout ---
{"type":"lpa","payload":{"code":0,"message":"success","data":null}}
--- stderr ---
--- exit 0 ---
