iteration 138 2026-04-07T06:20:06.798668+00:00
$ /home/jhubuntu/pq-rsp-benchmarks/lpac/build/src/lpac profile download -s testsmdpplus1.example.com:8443 -m TS48v1_A
--- stdout ---
{"type":"progress","payload":{"code":0,"message":"es10b_get_euicc_challenge_and_info","data":"testsmdpplus1.example.com:8443"}}
{"type":"progress","payload":{"code":0,"message":"es9p_initiate_authentication","data":"testsmdpplus1.example.com:8443"}}
{"type":"progress","payload":{"code":0,"message":"es10b_authenticate_server","data":"testsmdpplus1.example.com:8443"}}
{"type":"progress","payload":{"code":0,"message":"es9p_authenticate_client","data":"testsmdpplus1.example.com:8443"}}
{"type":"progress","payload":{"code":0,"message":"es8p_metadata_parse","data":{"iccid":"89000123456789012341","serviceProviderName":"OsmocomSPN","profileName":"TS48v1_A","iconType":null,"icon":null,"profileClass":"operational"}}}
{"type":"progress","payload":{"code":0,"message":"es10b_prepare_download","data":"testsmdpplus1.example.com:8443"}}
{"type":"progress","payload":{"code":0,"message":"es9p_get_bound_profile_package","data":"testsmdpplus1.example.com:8443"}}
{"type":"progress","payload":{"code":0,"message":"es10b_load_bound_profile_package","data":"testsmdpplus1.example.com:8443"}}
{"type":"lpa","payload":{"code":0,"message":"success","data":{"seqNumber":1235,"iccid":"89000123456789012341","bppCommandId":"unknown","errorReason":"unknown"}}}
--- stderr ---
BENCH|BF2E|GetEuiccChallenge|5767|0
BENCH|BF20|GetEuiccInfo1|41321|0
BENCH|ES9P|/gsma/rsp2/es9plus/initiateAuthentication|16021|0
BENCH|BF38|AuthenticateServer|3127907|0
BENCH|ES9P|/gsma/rsp2/es9plus/authenticateClient|26948|0
BENCH|BF21|PrepareDownload|3739944|0
BENCH|ES9P|/gsma/rsp2/es9plus/getBoundProfilePackage|23413|0
BENCH|BF36|LoadBPP_seg0|1449138|0
BENCH|BF36|LoadBPP_seg1|60865|0
BENCH|BF36|LoadBPP_seg2|2022|0
BENCH|BF36|LoadBPP_seg3|93756|0
BENCH|BF36|LoadBPP_seg4|42834|0
BENCH|BF36|LoadBPP_seg5|1762|0
BENCH|BF36|LoadBPP_seg6|600697|0
BENCH|BF36|LoadBPP_seg7|803165|0
BENCH|BF36|LoadBPP_seg8|1892810|0
BENCH|BF36|LoadBPP_seg9|881478|0
BENCH|BF36|LoadBPP_seg10|633101|0
BENCH|BF36|LoadBPP_seg11|1576213|0
BENCH|BF36|LoadBPP_seg12|853077|0
BENCH|BF36|LoadBPP_seg13|865518|0
BENCH|BF36|LoadBPP_seg14|1826753|0
BENCH|BF36|LoadBPP_seg15|979775|0
BENCH|BF36|LoadBPP_seg16|967508|0
BENCH|BF36|LoadBPP_seg17|3748229|0
--- exit 0 ---
$ /home/jhubuntu/pq-rsp-benchmarks/lpac/build/src/lpac profile disable 89000123456789012341
--- stdout ---
{"type":"lpa","payload":{"code":-1,"message":"es10c_disable_profile","data":"profile not in enabled state"}}
--- stderr ---
--- exit 255 ---
$ /home/jhubuntu/pq-rsp-benchmarks/lpac/build/src/lpac profile delete 89000123456789012341
--- stdout ---
{"type":"lpa","payload":{"code":0,"message":"success","data":null}}
--- stderr ---
--- exit 0 ---
