iteration 112 2026-04-07T06:08:51.604344+00:00
$ /home/jhubuntu/pq-rsp-benchmarks/lpac/build/src/lpac profile download -s testsmdpplus1.example.com:8443 -m TS48v1_A
--- stdout ---
{"type":"progress","payload":{"code":0,"message":"es10b_get_euicc_challenge_and_info","data":"testsmdpplus1.example.com:8443"}}
{"type":"progress","payload":{"code":0,"message":"es9p_initiate_authentication","data":"testsmdpplus1.example.com:8443"}}
{"type":"progress","payload":{"code":0,"message":"es10b_authenticate_server","data":"testsmdpplus1.example.com:8443"}}
{"type":"progress","payload":{"code":0,"message":"es9p_authenticate_client","data":"testsmdpplus1.example.com:8443"}}
{"type":"progress","payload":{"code":0,"message":"es8p_metadata_parse","data":{"iccid":"89000123456789012341","serviceProviderName":"OsmocomSPN","profileName":"TS48v1_A","iconType":null,"icon":null,"profileClass":"operational"}}}
{"type":"progress","payload":{"code":0,"message":"es10b_prepare_download","data":"testsmdpplus1.example.com:8443"}}
{"type":"progress","payload":{"code":0,"message":"es9p_get_bound_profile_package","data":"testsmdpplus1.example.com:8443"}}
{"type":"progress","payload":{"code":0,"message":"es10b_load_bound_profile_package","data":"testsmdpplus1.example.com:8443"}}
{"type":"lpa","payload":{"code":0,"message":"success","data":{"seqNumber":1183,"iccid":"89000123456789012341","bppCommandId":"unknown","errorReason":"unknown"}}}
--- stderr ---
BENCH|BF2E|GetEuiccChallenge|5837|0
BENCH|BF20|GetEuiccInfo1|41277|0
BENCH|ES9P|/gsma/rsp2/es9plus/initiateAuthentication|16744|0
BENCH|BF38|AuthenticateServer|3111261|0
BENCH|ES9P|/gsma/rsp2/es9plus/authenticateClient|25430|0
BENCH|BF21|PrepareDownload|3741421|0
BENCH|ES9P|/gsma/rsp2/es9plus/getBoundProfilePackage|8570|0
BENCH|BF36|LoadBPP_seg0|1451062|0
BENCH|BF36|LoadBPP_seg1|63407|0
BENCH|BF36|LoadBPP_seg2|1906|0
BENCH|BF36|LoadBPP_seg3|94420|0
BENCH|BF36|LoadBPP_seg4|43005|0
BENCH|BF36|LoadBPP_seg5|1581|0
BENCH|BF36|LoadBPP_seg6|602766|0
BENCH|BF36|LoadBPP_seg7|2239585|0
BENCH|BF36|LoadBPP_seg8|805880|0
BENCH|BF36|LoadBPP_seg9|1821115|0
BENCH|BF36|LoadBPP_seg10|631677|0
BENCH|BF36|LoadBPP_seg11|851520|0
BENCH|BF36|LoadBPP_seg12|824305|0
BENCH|BF36|LoadBPP_seg13|1830978|0
BENCH|BF36|LoadBPP_seg14|886355|0
BENCH|BF36|LoadBPP_seg15|1945566|0
BENCH|BF36|LoadBPP_seg16|937132|0
BENCH|BF36|LoadBPP_seg17|4151415|0
--- exit 0 ---
$ /home/jhubuntu/pq-rsp-benchmarks/lpac/build/src/lpac profile disable 89000123456789012341
--- stdout ---
{"type":"lpa","payload":{"code":-1,"message":"es10c_disable_profile","data":"profile not in enabled state"}}
--- stderr ---
--- exit 255 ---
$ /home/jhubuntu/pq-rsp-benchmarks/lpac/build/src/lpac profile delete 89000123456789012341
--- stdout ---
{"type":"lpa","payload":{"code":0,"message":"success","data":null}}
--- stderr ---
--- exit 0 ---
