iteration 64 2026-04-07T05:47:52.586900+00:00
$ /home/jhubuntu/pq-rsp-benchmarks/lpac/build/src/lpac profile download -s testsmdpplus1.example.com:8443 -m TS48v1_A
--- stdout ---
{"type":"progress","payload":{"code":0,"message":"es10b_get_euicc_challenge_and_info","data":"testsmdpplus1.example.com:8443"}}
{"type":"progress","payload":{"code":0,"message":"es9p_initiate_authentication","data":"testsmdpplus1.example.com:8443"}}
{"type":"progress","payload":{"code":0,"message":"es10b_authenticate_server","data":"testsmdpplus1.example.com:8443"}}
{"type":"progress","payload":{"code":0,"message":"es9p_authenticate_client","data":"testsmdpplus1.example.com:8443"}}
{"type":"progress","payload":{"code":0,"message":"es8p_metadata_parse","data":{"iccid":"89000123456789012341","serviceProviderName":"OsmocomSPN","profileName":"TS48v1_A","iconType":null,"icon":null,"profileClass":"operational"}}}
{"type":"progress","payload":{"code":0,"message":"es10b_prepare_download","data":"testsmdpplus1.example.com:8443"}}
{"type":"progress","payload":{"code":0,"message":"es9p_get_bound_profile_package","data":"testsmdpplus1.example.com:8443"}}
{"type":"progress","payload":{"code":0,"message":"es10b_load_bound_profile_package","data":"testsmdpplus1.example.com:8443"}}
{"type":"lpa","payload":{"code":0,"message":"success","data":{"seqNumber":1087,"iccid":"89000123456789012341","bppCommandId":"unknown","errorReason":"unknown"}}}
--- stderr ---
BENCH|BF2E|GetEuiccChallenge|5612|0
BENCH|BF20|GetEuiccInfo1|41263|0
BENCH|ES9P|/gsma/rsp2/es9plus/initiateAuthentication|8263|0
BENCH|BF38|AuthenticateServer|3102348|0
BENCH|ES9P|/gsma/rsp2/es9plus/authenticateClient|35388|0
BENCH|BF21|PrepareDownload|3724208|0
BENCH|ES9P|/gsma/rsp2/es9plus/getBoundProfilePackage|26619|0
BENCH|BF36|LoadBPP_seg0|1434659|0
BENCH|BF36|LoadBPP_seg1|62702|0
BENCH|BF36|LoadBPP_seg2|1724|0
BENCH|BF36|LoadBPP_seg3|93451|0
BENCH|BF36|LoadBPP_seg4|43456|0
BENCH|BF36|LoadBPP_seg5|1799|0
BENCH|BF36|LoadBPP_seg6|2012231|0
BENCH|BF36|LoadBPP_seg7|801305|0
BENCH|BF36|LoadBPP_seg8|806230|0
BENCH|BF36|LoadBPP_seg9|1622035|0
BENCH|BF36|LoadBPP_seg10|633236|0
BENCH|BF36|LoadBPP_seg11|824123|0
BENCH|BF36|LoadBPP_seg12|850824|0
BENCH|BF36|LoadBPP_seg13|1941898|0
BENCH|BF36|LoadBPP_seg14|910026|0
BENCH|BF36|LoadBPP_seg15|1884251|0
BENCH|BF36|LoadBPP_seg16|959244|0
BENCH|BF36|LoadBPP_seg17|4097970|0
--- exit 0 ---
$ /home/jhubuntu/pq-rsp-benchmarks/lpac/build/src/lpac profile disable 89000123456789012341
--- stdout ---
{"type":"lpa","payload":{"code":-1,"message":"es10c_disable_profile","data":"profile not in enabled state"}}
--- stderr ---
--- exit 255 ---
$ /home/jhubuntu/pq-rsp-benchmarks/lpac/build/src/lpac profile delete 89000123456789012341
--- stdout ---
{"type":"lpa","payload":{"code":0,"message":"success","data":null}}
--- stderr ---
--- exit 0 ---
