iteration 44 2026-04-07T05:38:59.583613+00:00
$ /home/jhubuntu/pq-rsp-benchmarks/lpac/build/src/lpac profile download -s testsmdpplus1.example.com:8443 -m TS48v1_A
--- stdout ---
{"type":"progress","payload":{"code":0,"message":"es10b_get_euicc_challenge_and_info","data":"testsmdpplus1.example.com:8443"}}
{"type":"progress","payload":{"code":0,"message":"es9p_initiate_authentication","data":"testsmdpplus1.example.com:8443"}}
{"type":"progress","payload":{"code":0,"message":"es10b_authenticate_server","data":"testsmdpplus1.example.com:8443"}}
{"type":"progress","payload":{"code":0,"message":"es9p_authenticate_client","data":"testsmdpplus1.example.com:8443"}}
{"type":"progress","payload":{"code":0,"message":"es8p_metadata_parse","data":{"iccid":"89000123456789012341","serviceProviderName":"OsmocomSPN","profileName":"TS48v1_A","iconType":null,"icon":null,"profileClass":"operational"}}}
{"type":"progress","payload":{"code":0,"message":"es10b_prepare_download","data":"testsmdpplus1.example.com:8443"}}
{"type":"progress","payload":{"code":0,"message":"es9p_get_bound_profile_package","data":"testsmdpplus1.example.com:8443"}}
{"type":"progress","payload":{"code":0,"message":"es10b_load_bound_profile_package","data":"testsmdpplus1.example.com:8443"}}
{"type":"lpa","payload":{"code":0,"message":"success","data":{"seqNumber":1047,"iccid":"89000123456789012341","bppCommandId":"unknown","errorReason":"unknown"}}}
--- stderr ---
BENCH|BF2E|GetEuiccChallenge|5827|0
BENCH|BF20|GetEuiccInfo1|41580|0
BENCH|ES9P|/gsma/rsp2/es9plus/initiateAuthentication|13939|0
BENCH|BF38|AuthenticateServer|3104055|0
BENCH|ES9P|/gsma/rsp2/es9plus/authenticateClient|43055|0
BENCH|BF21|PrepareDownload|3753438|0
BENCH|ES9P|/gsma/rsp2/es9plus/getBoundProfilePackage|20160|0
BENCH|BF36|LoadBPP_seg0|1463829|0
BENCH|BF36|LoadBPP_seg1|63314|0
BENCH|BF36|LoadBPP_seg2|1667|0
BENCH|BF36|LoadBPP_seg3|119425|0
BENCH|BF36|LoadBPP_seg4|43572|0
BENCH|BF36|LoadBPP_seg5|1708|0
BENCH|BF36|LoadBPP_seg6|2031763|0
BENCH|BF36|LoadBPP_seg7|773042|0
BENCH|BF36|LoadBPP_seg8|832099|0
BENCH|BF36|LoadBPP_seg9|1618341|0
BENCH|BF36|LoadBPP_seg10|659810|0
BENCH|BF36|LoadBPP_seg11|826775|0
BENCH|BF36|LoadBPP_seg12|851424|0
BENCH|BF36|LoadBPP_seg13|1793239|0
BENCH|BF36|LoadBPP_seg14|911046|0
BENCH|BF36|LoadBPP_seg15|1907631|0
BENCH|BF36|LoadBPP_seg16|963581|0
BENCH|BF36|LoadBPP_seg17|4121892|0
--- exit 0 ---
$ /home/jhubuntu/pq-rsp-benchmarks/lpac/build/src/lpac profile disable 89000123456789012341
--- stdout ---
{"type":"lpa","payload":{"code":-1,"message":"es10c_disable_profile","data":"profile not in enabled state"}}
--- stderr ---
--- exit 255 ---
$ /home/jhubuntu/pq-rsp-benchmarks/lpac/build/src/lpac profile delete 89000123456789012341
--- stdout ---
{"type":"lpa","payload":{"code":0,"message":"success","data":null}}
--- stderr ---
--- exit 0 ---
