iteration 114 2026-04-07T06:09:43.046314+00:00
$ /home/jhubuntu/pq-rsp-benchmarks/lpac/build/src/lpac profile download -s testsmdpplus1.example.com:8443 -m TS48v1_A
--- stdout ---
{"type":"progress","payload":{"code":0,"message":"es10b_get_euicc_challenge_and_info","data":"testsmdpplus1.example.com:8443"}}
{"type":"progress","payload":{"code":0,"message":"es9p_initiate_authentication","data":"testsmdpplus1.example.com:8443"}}
{"type":"progress","payload":{"code":0,"message":"es10b_authenticate_server","data":"testsmdpplus1.example.com:8443"}}
{"type":"progress","payload":{"code":0,"message":"es9p_authenticate_client","data":"testsmdpplus1.example.com:8443"}}
{"type":"progress","payload":{"code":0,"message":"es8p_metadata_parse","data":{"iccid":"89000123456789012341","serviceProviderName":"OsmocomSPN","profileName":"TS48v1_A","iconType":null,"icon":null,"profileClass":"operational"}}}
{"type":"progress","payload":{"code":0,"message":"es10b_prepare_download","data":"testsmdpplus1.example.com:8443"}}
{"type":"progress","payload":{"code":0,"message":"es9p_get_bound_profile_package","data":"testsmdpplus1.example.com:8443"}}
{"type":"progress","payload":{"code":0,"message":"es10b_load_bound_profile_package","data":"testsmdpplus1.example.com:8443"}}
{"type":"lpa","payload":{"code":0,"message":"success","data":{"seqNumber":1187,"iccid":"89000123456789012341","bppCommandId":"unknown","errorReason":"unknown"}}}
--- stderr ---
BENCH|BF2E|GetEuiccChallenge|6482|0
BENCH|BF20|GetEuiccInfo1|41794|0
BENCH|ES9P|/gsma/rsp2/es9plus/initiateAuthentication|14075|0
BENCH|BF38|AuthenticateServer|4518983|0
BENCH|ES9P|/gsma/rsp2/es9plus/authenticateClient|27112|0
BENCH|BF21|PrepareDownload|3731863|0
BENCH|ES9P|/gsma/rsp2/es9plus/getBoundProfilePackage|17098|0
BENCH|BF36|LoadBPP_seg0|1452949|0
BENCH|BF36|LoadBPP_seg1|60789|0
BENCH|BF36|LoadBPP_seg2|1660|0
BENCH|BF36|LoadBPP_seg3|119356|0
BENCH|BF36|LoadBPP_seg4|43104|0
BENCH|BF36|LoadBPP_seg5|1729|0
BENCH|BF36|LoadBPP_seg6|601426|0
BENCH|BF36|LoadBPP_seg7|776929|0
BENCH|BF36|LoadBPP_seg8|1735864|0
BENCH|BF36|LoadBPP_seg9|855347|0
BENCH|BF36|LoadBPP_seg10|660249|0
BENCH|BF36|LoadBPP_seg11|1735835|0
BENCH|BF36|LoadBPP_seg12|846983|0
BENCH|BF36|LoadBPP_seg13|860587|0
BENCH|BF36|LoadBPP_seg14|1822770|0
BENCH|BF36|LoadBPP_seg15|982449|0
BENCH|BF36|LoadBPP_seg16|968209|0
BENCH|BF36|LoadBPP_seg17|3759189|0
--- exit 0 ---
$ /home/jhubuntu/pq-rsp-benchmarks/lpac/build/src/lpac profile disable 89000123456789012341
--- stdout ---
{"type":"lpa","payload":{"code":-1,"message":"es10c_disable_profile","data":"profile not in enabled state"}}
--- stderr ---
--- exit 255 ---
$ /home/jhubuntu/pq-rsp-benchmarks/lpac/build/src/lpac profile delete 89000123456789012341
--- stdout ---
{"type":"lpa","payload":{"code":0,"message":"success","data":null}}
--- stderr ---
--- exit 0 ---
