iteration 111 2026-04-07T06:08:25.630554+00:00
$ /home/jhubuntu/pq-rsp-benchmarks/lpac/build/src/lpac profile download -s testsmdpplus1.example.com:8443 -m TS48v1_A
--- stdout ---
{"type":"progress","payload":{"code":0,"message":"es10b_get_euicc_challenge_and_info","data":"testsmdpplus1.example.com:8443"}}
{"type":"progress","payload":{"code":0,"message":"es9p_initiate_authentication","data":"testsmdpplus1.example.com:8443"}}
{"type":"progress","payload":{"code":0,"message":"es10b_authenticate_server","data":"testsmdpplus1.example.com:8443"}}
{"type":"progress","payload":{"code":0,"message":"es9p_authenticate_client","data":"testsmdpplus1.example.com:8443"}}
{"type":"progress","payload":{"code":0,"message":"es8p_metadata_parse","data":{"iccid":"89000123456789012341","serviceProviderName":"OsmocomSPN","profileName":"TS48v1_A","iconType":null,"icon":null,"profileClass":"operational"}}}
{"type":"progress","payload":{"code":0,"message":"es10b_prepare_download","data":"testsmdpplus1.example.com:8443"}}
{"type":"progress","payload":{"code":0,"message":"es9p_get_bound_profile_package","data":"testsmdpplus1.example.com:8443"}}
{"type":"progress","payload":{"code":0,"message":"es10b_load_bound_profile_package","data":"testsmdpplus1.example.com:8443"}}
{"type":"lpa","payload":{"code":0,"message":"success","data":{"seqNumber":1181,"iccid":"89000123456789012341","bppCommandId":"unknown","errorReason":"unknown"}}}
--- stderr ---
BENCH|BF2E|GetEuiccChallenge|6166|0
BENCH|BF20|GetEuiccInfo1|41729|0
BENCH|ES9P|/gsma/rsp2/es9plus/initiateAuthentication|18282|0
BENCH|BF38|AuthenticateServer|3131465|0
BENCH|ES9P|/gsma/rsp2/es9plus/authenticateClient|37243|0
BENCH|BF21|PrepareDownload|3745780|0
BENCH|ES9P|/gsma/rsp2/es9plus/getBoundProfilePackage|27471|0
BENCH|BF36|LoadBPP_seg0|1439362|0
BENCH|BF36|LoadBPP_seg1|63097|0
BENCH|BF36|LoadBPP_seg2|1806|0
BENCH|BF36|LoadBPP_seg3|1525030|0
BENCH|BF36|LoadBPP_seg4|43287|0
BENCH|BF36|LoadBPP_seg5|1906|0
BENCH|BF36|LoadBPP_seg6|626040|0
BENCH|BF36|LoadBPP_seg7|773213|0
BENCH|BF36|LoadBPP_seg8|829899|0
BENCH|BF36|LoadBPP_seg9|1450247|0
BENCH|BF36|LoadBPP_seg10|661701|0
BENCH|BF36|LoadBPP_seg11|826952|0
BENCH|BF36|LoadBPP_seg12|1746297|0
BENCH|BF36|LoadBPP_seg13|889197|0
BENCH|BF36|LoadBPP_seg14|887095|0
BENCH|BF36|LoadBPP_seg15|1940221|0
BENCH|BF36|LoadBPP_seg16|940142|0
BENCH|BF36|LoadBPP_seg17|3812761|0
--- exit 0 ---
$ /home/jhubuntu/pq-rsp-benchmarks/lpac/build/src/lpac profile disable 89000123456789012341
--- stdout ---
{"type":"lpa","payload":{"code":-1,"message":"es10c_disable_profile","data":"profile not in enabled state"}}
--- stderr ---
--- exit 255 ---
$ /home/jhubuntu/pq-rsp-benchmarks/lpac/build/src/lpac profile delete 89000123456789012341
--- stdout ---
{"type":"lpa","payload":{"code":0,"message":"success","data":null}}
--- stderr ---
--- exit 0 ---
