iteration 91 2026-04-07T05:59:31.947044+00:00
$ /home/jhubuntu/pq-rsp-benchmarks/lpac/build/src/lpac profile download -s testsmdpplus1.example.com:8443 -m TS48v1_A
--- stdout ---
{"type":"progress","payload":{"code":0,"message":"es10b_get_euicc_challenge_and_info","data":"testsmdpplus1.example.com:8443"}}
{"type":"progress","payload":{"code":0,"message":"es9p_initiate_authentication","data":"testsmdpplus1.example.com:8443"}}
{"type":"progress","payload":{"code":0,"message":"es10b_authenticate_server","data":"testsmdpplus1.example.com:8443"}}
{"type":"progress","payload":{"code":0,"message":"es9p_authenticate_client","data":"testsmdpplus1.example.com:8443"}}
{"type":"progress","payload":{"code":0,"message":"es8p_metadata_parse","data":{"iccid":"89000123456789012341","serviceProviderName":"OsmocomSPN","profileName":"TS48v1_A","iconType":null,"icon":null,"profileClass":"operational"}}}
{"type":"progress","payload":{"code":0,"message":"es10b_prepare_download","data":"testsmdpplus1.example.com:8443"}}
{"type":"progress","payload":{"code":0,"message":"es9p_get_bound_profile_package","data":"testsmdpplus1.example.com:8443"}}
{"type":"progress","payload":{"code":0,"message":"es10b_load_bound_profile_package","data":"testsmdpplus1.example.com:8443"}}
{"type":"lpa","payload":{"code":0,"message":"success","data":{"seqNumber":1141,"iccid":"89000123456789012341","bppCommandId":"unknown","errorReason":"unknown"}}}
--- stderr ---
BENCH|BF2E|GetEuiccChallenge|5904|0
BENCH|BF20|GetEuiccInfo1|41544|0
BENCH|ES9P|/gsma/rsp2/es9plus/initiateAuthentication|15199|0
BENCH|BF38|AuthenticateServer|3105765|0
BENCH|ES9P|/gsma/rsp2/es9plus/authenticateClient|17453|0
BENCH|BF21|PrepareDownload|3741372|0
BENCH|ES9P|/gsma/rsp2/es9plus/getBoundProfilePackage|20121|0
BENCH|BF36|LoadBPP_seg0|1455169|0
BENCH|BF36|LoadBPP_seg1|62802|0
BENCH|BF36|LoadBPP_seg2|1740|0
BENCH|BF36|LoadBPP_seg3|93567|0
BENCH|BF36|LoadBPP_seg4|1493747|0
BENCH|BF36|LoadBPP_seg5|1860|0
BENCH|BF36|LoadBPP_seg6|602169|0
BENCH|BF36|LoadBPP_seg7|801265|0
BENCH|BF36|LoadBPP_seg8|807189|0
BENCH|BF36|LoadBPP_seg9|1472267|0
BENCH|BF36|LoadBPP_seg10|632788|0
BENCH|BF36|LoadBPP_seg11|850015|0
BENCH|BF36|LoadBPP_seg12|1714667|0
BENCH|BF36|LoadBPP_seg13|892299|0
BENCH|BF36|LoadBPP_seg14|889548|0
BENCH|BF36|LoadBPP_seg15|1910700|0
BENCH|BF36|LoadBPP_seg16|937889|0
BENCH|BF36|LoadBPP_seg17|3783666|0
--- exit 0 ---
$ /home/jhubuntu/pq-rsp-benchmarks/lpac/build/src/lpac profile disable 89000123456789012341
--- stdout ---
{"type":"lpa","payload":{"code":-1,"message":"es10c_disable_profile","data":"profile not in enabled state"}}
--- stderr ---
--- exit 255 ---
$ /home/jhubuntu/pq-rsp-benchmarks/lpac/build/src/lpac profile delete 89000123456789012341
--- stdout ---
{"type":"lpa","payload":{"code":0,"message":"success","data":null}}
--- stderr ---
--- exit 0 ---
