iteration 169 2026-04-07T06:33:45.234422+00:00
$ /home/jhubuntu/pq-rsp-benchmarks/lpac/build/src/lpac profile download -s testsmdpplus1.example.com:8443 -m TS48v1_A
--- stdout ---
{"type":"progress","payload":{"code":0,"message":"es10b_get_euicc_challenge_and_info","data":"testsmdpplus1.example.com:8443"}}
{"type":"progress","payload":{"code":0,"message":"es9p_initiate_authentication","data":"testsmdpplus1.example.com:8443"}}
{"type":"progress","payload":{"code":0,"message":"es10b_authenticate_server","data":"testsmdpplus1.example.com:8443"}}
{"type":"progress","payload":{"code":0,"message":"es9p_authenticate_client","data":"testsmdpplus1.example.com:8443"}}
{"type":"progress","payload":{"code":0,"message":"es8p_metadata_parse","data":{"iccid":"89000123456789012341","serviceProviderName":"OsmocomSPN","profileName":"TS48v1_A","iconType":null,"icon":null,"profileClass":"operational"}}}
{"type":"progress","payload":{"code":0,"message":"es10b_prepare_download","data":"testsmdpplus1.example.com:8443"}}
{"type":"progress","payload":{"code":0,"message":"es9p_get_bound_profile_package","data":"testsmdpplus1.example.com:8443"}}
{"type":"progress","payload":{"code":0,"message":"es10b_load_bound_profile_package","data":"testsmdpplus1.example.com:8443"}}
{"type":"lpa","payload":{"code":0,"message":"success","data":{"seqNumber":1297,"iccid":"89000123456789012341","bppCommandId":"unknown","errorReason":"unknown"}}}
--- stderr ---
BENCH|BF2E|GetEuiccChallenge|5918|0
BENCH|BF20|GetEuiccInfo1|41414|0
BENCH|ES9P|/gsma/rsp2/es9plus/initiateAuthentication|14187|0
BENCH|BF38|AuthenticateServer|3111847|0
BENCH|ES9P|/gsma/rsp2/es9plus/authenticateClient|28136|0
BENCH|BF21|PrepareDownload|3755324|0
BENCH|ES9P|/gsma/rsp2/es9plus/getBoundProfilePackage|19322|0
BENCH|BF36|LoadBPP_seg0|1448020|0
BENCH|BF36|LoadBPP_seg1|60502|0
BENCH|BF36|LoadBPP_seg2|1606|0
BENCH|BF36|LoadBPP_seg3|92687|0
BENCH|BF36|LoadBPP_seg4|42594|0
BENCH|BF36|LoadBPP_seg5|1680|0
BENCH|BF36|LoadBPP_seg6|601754|0
BENCH|BF36|LoadBPP_seg7|2079479|0
BENCH|BF36|LoadBPP_seg8|809057|0
BENCH|BF36|LoadBPP_seg9|887940|0
BENCH|BF36|LoadBPP_seg10|1405721|0
BENCH|BF36|LoadBPP_seg11|824697|0
BENCH|BF36|LoadBPP_seg12|852727|0
BENCH|BF36|LoadBPP_seg13|1981494|0
BENCH|BF36|LoadBPP_seg14|907069|0
BENCH|BF36|LoadBPP_seg15|984006|0
BENCH|BF36|LoadBPP_seg16|1904732|0
BENCH|BF36|LoadBPP_seg17|2669660|0
--- exit 0 ---
$ /home/jhubuntu/pq-rsp-benchmarks/lpac/build/src/lpac profile disable 89000123456789012341
--- stdout ---
{"type":"lpa","payload":{"code":-1,"message":"es10c_disable_profile","data":"profile not in enabled state"}}
--- stderr ---
--- exit 255 ---
$ /home/jhubuntu/pq-rsp-benchmarks/lpac/build/src/lpac profile delete 89000123456789012341
--- stdout ---
{"type":"lpa","payload":{"code":0,"message":"success","data":null}}
--- stderr ---
--- exit 0 ---
