iteration 53 2026-04-07T05:43:08.378578+00:00
$ /home/jhubuntu/pq-rsp-benchmarks/lpac/build/src/lpac profile download -s testsmdpplus1.example.com:8443 -m TS48v1_A
--- stdout ---
{"type":"progress","payload":{"code":0,"message":"es10b_get_euicc_challenge_and_info","data":"testsmdpplus1.example.com:8443"}}
{"type":"progress","payload":{"code":0,"message":"es9p_initiate_authentication","data":"testsmdpplus1.example.com:8443"}}
{"type":"progress","payload":{"code":0,"message":"es10b_authenticate_server","data":"testsmdpplus1.example.com:8443"}}
{"type":"progress","payload":{"code":0,"message":"es9p_authenticate_client","data":"testsmdpplus1.example.com:8443"}}
{"type":"progress","payload":{"code":0,"message":"es8p_metadata_parse","data":{"iccid":"89000123456789012341","serviceProviderName":"OsmocomSPN","profileName":"TS48v1_A","iconType":null,"icon":null,"profileClass":"operational"}}}
{"type":"progress","payload":{"code":0,"message":"es10b_prepare_download","data":"testsmdpplus1.example.com:8443"}}
{"type":"progress","payload":{"code":0,"message":"es9p_get_bound_profile_package","data":"testsmdpplus1.example.com:8443"}}
{"type":"progress","payload":{"code":0,"message":"es10b_load_bound_profile_package","data":"testsmdpplus1.example.com:8443"}}
{"type":"lpa","payload":{"code":0,"message":"success","data":{"seqNumber":1065,"iccid":"89000123456789012341","bppCommandId":"unknown","errorReason":"unknown"}}}
--- stderr ---
BENCH|BF2E|GetEuiccChallenge|5873|0
BENCH|BF20|GetEuiccInfo1|41209|0
BENCH|ES9P|/gsma/rsp2/es9plus/initiateAuthentication|12179|0
BENCH|BF38|AuthenticateServer|3114061|0
BENCH|ES9P|/gsma/rsp2/es9plus/authenticateClient|29774|0
BENCH|BF21|PrepareDownload|3738987|0
BENCH|ES9P|/gsma/rsp2/es9plus/getBoundProfilePackage|26952|0
BENCH|BF36|LoadBPP_seg0|1451097|0
BENCH|BF36|LoadBPP_seg1|60811|0
BENCH|BF36|LoadBPP_seg2|1629|0
BENCH|BF36|LoadBPP_seg3|92636|0
BENCH|BF36|LoadBPP_seg4|42783|0
BENCH|BF36|LoadBPP_seg5|1730|0
BENCH|BF36|LoadBPP_seg6|602617|0
BENCH|BF36|LoadBPP_seg7|2042392|0
BENCH|BF36|LoadBPP_seg8|808765|0
BENCH|BF36|LoadBPP_seg9|882010|0
BENCH|BF36|LoadBPP_seg10|1372251|0
BENCH|BF36|LoadBPP_seg11|830161|0
BENCH|BF36|LoadBPP_seg12|848715|0
BENCH|BF36|LoadBPP_seg13|1804025|0
BENCH|BF36|LoadBPP_seg14|884050|0
BENCH|BF36|LoadBPP_seg15|980090|0
BENCH|BF36|LoadBPP_seg16|1869893|0
BENCH|BF36|LoadBPP_seg17|2689190|0
--- exit 0 ---
$ /home/jhubuntu/pq-rsp-benchmarks/lpac/build/src/lpac profile disable 89000123456789012341
--- stdout ---
{"type":"lpa","payload":{"code":-1,"message":"es10c_disable_profile","data":"profile not in enabled state"}}
--- stderr ---
--- exit 255 ---
$ /home/jhubuntu/pq-rsp-benchmarks/lpac/build/src/lpac profile delete 89000123456789012341
--- stdout ---
{"type":"lpa","payload":{"code":0,"message":"success","data":null}}
--- stderr ---
--- exit 0 ---
