iteration 152 2026-04-07T06:26:23.884258+00:00
$ /home/jhubuntu/pq-rsp-benchmarks/lpac/build/src/lpac profile download -s testsmdpplus1.example.com:8443 -m TS48v1_A
--- stdout ---
{"type":"progress","payload":{"code":0,"message":"es10b_get_euicc_challenge_and_info","data":"testsmdpplus1.example.com:8443"}}
{"type":"progress","payload":{"code":0,"message":"es9p_initiate_authentication","data":"testsmdpplus1.example.com:8443"}}
{"type":"progress","payload":{"code":0,"message":"es10b_authenticate_server","data":"testsmdpplus1.example.com:8443"}}
{"type":"progress","payload":{"code":0,"message":"es9p_authenticate_client","data":"testsmdpplus1.example.com:8443"}}
{"type":"progress","payload":{"code":0,"message":"es8p_metadata_parse","data":{"iccid":"89000123456789012341","serviceProviderName":"OsmocomSPN","profileName":"TS48v1_A","iconType":null,"icon":null,"profileClass":"operational"}}}
{"type":"progress","payload":{"code":0,"message":"es10b_prepare_download","data":"testsmdpplus1.example.com:8443"}}
{"type":"progress","payload":{"code":0,"message":"es9p_get_bound_profile_package","data":"testsmdpplus1.example.com:8443"}}
{"type":"progress","payload":{"code":0,"message":"es10b_load_bound_profile_package","data":"testsmdpplus1.example.com:8443"}}
{"type":"lpa","payload":{"code":0,"message":"success","data":{"seqNumber":1263,"iccid":"89000123456789012341","bppCommandId":"unknown","errorReason":"unknown"}}}
--- stderr ---
BENCH|BF2E|GetEuiccChallenge|6508|0
BENCH|BF20|GetEuiccInfo1|41992|0
BENCH|ES9P|/gsma/rsp2/es9plus/initiateAuthentication|14956|0
BENCH|BF38|AuthenticateServer|3104719|0
BENCH|ES9P|/gsma/rsp2/es9plus/authenticateClient|37529|0
BENCH|BF21|PrepareDownload|3760117|0
BENCH|ES9P|/gsma/rsp2/es9plus/getBoundProfilePackage|17826|0
BENCH|BF36|LoadBPP_seg0|1444892|0
BENCH|BF36|LoadBPP_seg1|63823|0
BENCH|BF36|LoadBPP_seg2|1708|0
BENCH|BF36|LoadBPP_seg3|93551|0
BENCH|BF36|LoadBPP_seg4|43330|0
BENCH|BF36|LoadBPP_seg5|1947|0
BENCH|BF36|LoadBPP_seg6|2045212|0
BENCH|BF36|LoadBPP_seg7|799483|0
BENCH|BF36|LoadBPP_seg8|807854|0
BENCH|BF36|LoadBPP_seg9|1656251|0
BENCH|BF36|LoadBPP_seg10|631532|0
BENCH|BF36|LoadBPP_seg11|823744|0
BENCH|BF36|LoadBPP_seg12|850844|0
BENCH|BF36|LoadBPP_seg13|1807128|0
BENCH|BF36|LoadBPP_seg14|908483|0
BENCH|BF36|LoadBPP_seg15|1923756|0
BENCH|BF36|LoadBPP_seg16|963471|0
BENCH|BF36|LoadBPP_seg17|4135457|0
--- exit 0 ---
$ /home/jhubuntu/pq-rsp-benchmarks/lpac/build/src/lpac profile disable 89000123456789012341
--- stdout ---
{"type":"lpa","payload":{"code":-1,"message":"es10c_disable_profile","data":"profile not in enabled state"}}
--- stderr ---
--- exit 255 ---
$ /home/jhubuntu/pq-rsp-benchmarks/lpac/build/src/lpac profile delete 89000123456789012341
--- stdout ---
{"type":"lpa","payload":{"code":0,"message":"success","data":null}}
--- stderr ---
--- exit 0 ---
