iteration 51 2026-04-07T05:42:15.934447+00:00
$ /home/jhubuntu/pq-rsp-benchmarks/lpac/build/src/lpac profile download -s testsmdpplus1.example.com:8443 -m TS48v1_A
--- stdout ---
{"type":"progress","payload":{"code":0,"message":"es10b_get_euicc_challenge_and_info","data":"testsmdpplus1.example.com:8443"}}
{"type":"progress","payload":{"code":0,"message":"es9p_initiate_authentication","data":"testsmdpplus1.example.com:8443"}}
{"type":"progress","payload":{"code":0,"message":"es10b_authenticate_server","data":"testsmdpplus1.example.com:8443"}}
{"type":"progress","payload":{"code":0,"message":"es9p_authenticate_client","data":"testsmdpplus1.example.com:8443"}}
{"type":"progress","payload":{"code":0,"message":"es8p_metadata_parse","data":{"iccid":"89000123456789012341","serviceProviderName":"OsmocomSPN","profileName":"TS48v1_A","iconType":null,"icon":null,"profileClass":"operational"}}}
{"type":"progress","payload":{"code":0,"message":"es10b_prepare_download","data":"testsmdpplus1.example.com:8443"}}
{"type":"progress","payload":{"code":0,"message":"es9p_get_bound_profile_package","data":"testsmdpplus1.example.com:8443"}}
{"type":"progress","payload":{"code":0,"message":"es10b_load_bound_profile_package","data":"testsmdpplus1.example.com:8443"}}
{"type":"lpa","payload":{"code":0,"message":"success","data":{"seqNumber":1061,"iccid":"89000123456789012341","bppCommandId":"unknown","errorReason":"unknown"}}}
--- stderr ---
BENCH|BF2E|GetEuiccChallenge|5863|0
BENCH|BF20|GetEuiccInfo1|41543|0
BENCH|ES9P|/gsma/rsp2/es9plus/initiateAuthentication|14550|0
BENCH|BF38|AuthenticateServer|3110831|0
BENCH|ES9P|/gsma/rsp2/es9plus/authenticateClient|37683|0
BENCH|BF21|PrepareDownload|3742631|0
BENCH|ES9P|/gsma/rsp2/es9plus/getBoundProfilePackage|16308|0
BENCH|BF36|LoadBPP_seg0|1430238|0
BENCH|BF36|LoadBPP_seg1|63650|0
BENCH|BF36|LoadBPP_seg2|1840|0
BENCH|BF36|LoadBPP_seg3|1560813|0
BENCH|BF36|LoadBPP_seg4|42828|0
BENCH|BF36|LoadBPP_seg5|1851|0
BENCH|BF36|LoadBPP_seg6|603359|0
BENCH|BF36|LoadBPP_seg7|774977|0
BENCH|BF36|LoadBPP_seg8|831387|0
BENCH|BF36|LoadBPP_seg9|1457845|0
BENCH|BF36|LoadBPP_seg10|658979|0
BENCH|BF36|LoadBPP_seg11|825590|0
BENCH|BF36|LoadBPP_seg12|1778718|0
BENCH|BF36|LoadBPP_seg13|865757|0
BENCH|BF36|LoadBPP_seg14|910112|0
BENCH|BF36|LoadBPP_seg15|1921090|0
BENCH|BF36|LoadBPP_seg16|964468|0
BENCH|BF36|LoadBPP_seg17|3787367|0
--- exit 0 ---
$ /home/jhubuntu/pq-rsp-benchmarks/lpac/build/src/lpac profile disable 89000123456789012341
--- stdout ---
{"type":"lpa","payload":{"code":-1,"message":"es10c_disable_profile","data":"profile not in enabled state"}}
--- stderr ---
--- exit 255 ---
$ /home/jhubuntu/pq-rsp-benchmarks/lpac/build/src/lpac profile delete 89000123456789012341
--- stdout ---
{"type":"lpa","payload":{"code":0,"message":"success","data":null}}
--- stderr ---
--- exit 0 ---
