iteration 153 2026-04-07T06:26:50.346678+00:00
$ /home/jhubuntu/pq-rsp-benchmarks/lpac/build/src/lpac profile download -s testsmdpplus1.example.com:8443 -m TS48v1_A
--- stdout ---
{"type":"progress","payload":{"code":0,"message":"es10b_get_euicc_challenge_and_info","data":"testsmdpplus1.example.com:8443"}}
{"type":"progress","payload":{"code":0,"message":"es9p_initiate_authentication","data":"testsmdpplus1.example.com:8443"}}
{"type":"progress","payload":{"code":0,"message":"es10b_authenticate_server","data":"testsmdpplus1.example.com:8443"}}
{"type":"progress","payload":{"code":0,"message":"es9p_authenticate_client","data":"testsmdpplus1.example.com:8443"}}
{"type":"progress","payload":{"code":0,"message":"es8p_metadata_parse","data":{"iccid":"89000123456789012341","serviceProviderName":"OsmocomSPN","profileName":"TS48v1_A","iconType":null,"icon":null,"profileClass":"operational"}}}
{"type":"progress","payload":{"code":0,"message":"es10b_prepare_download","data":"testsmdpplus1.example.com:8443"}}
{"type":"progress","payload":{"code":0,"message":"es9p_get_bound_profile_package","data":"testsmdpplus1.example.com:8443"}}
{"type":"progress","payload":{"code":0,"message":"es10b_load_bound_profile_package","data":"testsmdpplus1.example.com:8443"}}
{"type":"lpa","payload":{"code":0,"message":"success","data":{"seqNumber":1265,"iccid":"89000123456789012341","bppCommandId":"unknown","errorReason":"unknown"}}}
--- stderr ---
BENCH|BF2E|GetEuiccChallenge|5746|0
BENCH|BF20|GetEuiccInfo1|41447|0
BENCH|ES9P|/gsma/rsp2/es9plus/initiateAuthentication|15263|0
BENCH|BF38|AuthenticateServer|3117481|0
BENCH|ES9P|/gsma/rsp2/es9plus/authenticateClient|34761|0
BENCH|BF21|PrepareDownload|3763830|0
BENCH|ES9P|/gsma/rsp2/es9plus/getBoundProfilePackage|27999|0
BENCH|BF36|LoadBPP_seg0|1449802|0
BENCH|BF36|LoadBPP_seg1|62359|0
BENCH|BF36|LoadBPP_seg2|1776|0
BENCH|BF36|LoadBPP_seg3|93359|0
BENCH|BF36|LoadBPP_seg4|44515|0
BENCH|BF36|LoadBPP_seg5|1895|0
BENCH|BF36|LoadBPP_seg6|626812|0
BENCH|BF36|LoadBPP_seg7|2209735|0
BENCH|BF36|LoadBPP_seg8|833531|0
BENCH|BF36|LoadBPP_seg9|860817|0
BENCH|BF36|LoadBPP_seg10|1393887|0
BENCH|BF36|LoadBPP_seg11|829757|0
BENCH|BF36|LoadBPP_seg12|823013|0
BENCH|BF36|LoadBPP_seg13|1793265|0
BENCH|BF36|LoadBPP_seg14|886041|0
BENCH|BF36|LoadBPP_seg15|1011068|0
BENCH|BF36|LoadBPP_seg16|1835648|0
BENCH|BF36|LoadBPP_seg17|2713290|0
--- exit 0 ---
$ /home/jhubuntu/pq-rsp-benchmarks/lpac/build/src/lpac profile disable 89000123456789012341
--- stdout ---
{"type":"lpa","payload":{"code":-1,"message":"es10c_disable_profile","data":"profile not in enabled state"}}
--- stderr ---
--- exit 255 ---
$ /home/jhubuntu/pq-rsp-benchmarks/lpac/build/src/lpac profile delete 89000123456789012341
--- stdout ---
{"type":"lpa","payload":{"code":0,"message":"success","data":null}}
--- stderr ---
--- exit 0 ---
