iteration 67 2026-04-07T05:49:09.911287+00:00
$ /home/jhubuntu/pq-rsp-benchmarks/lpac/build/src/lpac profile download -s testsmdpplus1.example.com:8443 -m TS48v1_A
--- stdout ---
{"type":"progress","payload":{"code":0,"message":"es10b_get_euicc_challenge_and_info","data":"testsmdpplus1.example.com:8443"}}
{"type":"progress","payload":{"code":0,"message":"es9p_initiate_authentication","data":"testsmdpplus1.example.com:8443"}}
{"type":"progress","payload":{"code":0,"message":"es10b_authenticate_server","data":"testsmdpplus1.example.com:8443"}}
{"type":"progress","payload":{"code":0,"message":"es9p_authenticate_client","data":"testsmdpplus1.example.com:8443"}}
{"type":"progress","payload":{"code":0,"message":"es8p_metadata_parse","data":{"iccid":"89000123456789012341","serviceProviderName":"OsmocomSPN","profileName":"TS48v1_A","iconType":null,"icon":null,"profileClass":"operational"}}}
{"type":"progress","payload":{"code":0,"message":"es10b_prepare_download","data":"testsmdpplus1.example.com:8443"}}
{"type":"progress","payload":{"code":0,"message":"es9p_get_bound_profile_package","data":"testsmdpplus1.example.com:8443"}}
{"type":"progress","payload":{"code":0,"message":"es10b_load_bound_profile_package","data":"testsmdpplus1.example.com:8443"}}
{"type":"lpa","payload":{"code":0,"message":"success","data":{"seqNumber":1093,"iccid":"89000123456789012341","bppCommandId":"unknown","errorReason":"unknown"}}}
--- stderr ---
BENCH|BF2E|GetEuiccChallenge|6074|0
BENCH|BF20|GetEuiccInfo1|41676|0
BENCH|ES9P|/gsma/rsp2/es9plus/initiateAuthentication|12003|0
BENCH|BF38|AuthenticateServer|3129912|0
BENCH|ES9P|/gsma/rsp2/es9plus/authenticateClient|42559|0
BENCH|BF21|PrepareDownload|3746278|0
BENCH|ES9P|/gsma/rsp2/es9plus/getBoundProfilePackage|19886|0
BENCH|BF36|LoadBPP_seg0|1451395|0
BENCH|BF36|LoadBPP_seg1|63335|0
BENCH|BF36|LoadBPP_seg2|1614|0
BENCH|BF36|LoadBPP_seg3|93409|0
BENCH|BF36|LoadBPP_seg4|1476030|0
BENCH|BF36|LoadBPP_seg5|1730|0
BENCH|BF36|LoadBPP_seg6|600938|0
BENCH|BF36|LoadBPP_seg7|801108|0
BENCH|BF36|LoadBPP_seg8|807743|0
BENCH|BF36|LoadBPP_seg9|1476332|0
BENCH|BF36|LoadBPP_seg10|632108|0
BENCH|BF36|LoadBPP_seg11|825916|0
BENCH|BF36|LoadBPP_seg12|1774252|0
BENCH|BF36|LoadBPP_seg13|889782|0
BENCH|BF36|LoadBPP_seg14|884681|0
BENCH|BF36|LoadBPP_seg15|1911637|0
BENCH|BF36|LoadBPP_seg16|964149|0
BENCH|BF36|LoadBPP_seg17|3780297|0
--- exit 0 ---
$ /home/jhubuntu/pq-rsp-benchmarks/lpac/build/src/lpac profile disable 89000123456789012341
--- stdout ---
{"type":"lpa","payload":{"code":-1,"message":"es10c_disable_profile","data":"profile not in enabled state"}}
--- stderr ---
--- exit 255 ---
$ /home/jhubuntu/pq-rsp-benchmarks/lpac/build/src/lpac profile delete 89000123456789012341
--- stdout ---
{"type":"lpa","payload":{"code":0,"message":"success","data":null}}
--- stderr ---
--- exit 0 ---
