iteration 55 2026-04-07T05:43:59.485246+00:00
$ /home/jhubuntu/pq-rsp-benchmarks/lpac/build/src/lpac profile download -s testsmdpplus1.example.com:8443 -m TS48v1_A
--- stdout ---
{"type":"progress","payload":{"code":0,"message":"es10b_get_euicc_challenge_and_info","data":"testsmdpplus1.example.com:8443"}}
{"type":"progress","payload":{"code":0,"message":"es9p_initiate_authentication","data":"testsmdpplus1.example.com:8443"}}
{"type":"progress","payload":{"code":0,"message":"es10b_authenticate_server","data":"testsmdpplus1.example.com:8443"}}
{"type":"progress","payload":{"code":0,"message":"es9p_authenticate_client","data":"testsmdpplus1.example.com:8443"}}
{"type":"progress","payload":{"code":0,"message":"es8p_metadata_parse","data":{"iccid":"89000123456789012341","serviceProviderName":"OsmocomSPN","profileName":"TS48v1_A","iconType":null,"icon":null,"profileClass":"operational"}}}
{"type":"progress","payload":{"code":0,"message":"es10b_prepare_download","data":"testsmdpplus1.example.com:8443"}}
{"type":"progress","payload":{"code":0,"message":"es9p_get_bound_profile_package","data":"testsmdpplus1.example.com:8443"}}
{"type":"progress","payload":{"code":0,"message":"es10b_load_bound_profile_package","data":"testsmdpplus1.example.com:8443"}}
{"type":"lpa","payload":{"code":0,"message":"success","data":{"seqNumber":1069,"iccid":"89000123456789012341","bppCommandId":"unknown","errorReason":"unknown"}}}
--- stderr ---
BENCH|BF2E|GetEuiccChallenge|5755|0
BENCH|BF20|GetEuiccInfo1|41235|0
BENCH|ES9P|/gsma/rsp2/es9plus/initiateAuthentication|10870|0
BENCH|BF38|AuthenticateServer|3122913|0
BENCH|ES9P|/gsma/rsp2/es9plus/authenticateClient|29118|0
BENCH|BF21|PrepareDownload|3754243|0
BENCH|ES9P|/gsma/rsp2/es9plus/getBoundProfilePackage|12471|0
BENCH|BF36|LoadBPP_seg0|1452980|0
BENCH|BF36|LoadBPP_seg1|64472|0
BENCH|BF36|LoadBPP_seg2|1571|0
BENCH|BF36|LoadBPP_seg3|1520971|0
BENCH|BF36|LoadBPP_seg4|43370|0
BENCH|BF36|LoadBPP_seg5|1577|0
BENCH|BF36|LoadBPP_seg6|627144|0
BENCH|BF36|LoadBPP_seg7|774064|0
BENCH|BF36|LoadBPP_seg8|830072|0
BENCH|BF36|LoadBPP_seg9|1448777|0
BENCH|BF36|LoadBPP_seg10|660001|0
BENCH|BF36|LoadBPP_seg11|826963|0
BENCH|BF36|LoadBPP_seg12|1743075|0
BENCH|BF36|LoadBPP_seg13|887267|0
BENCH|BF36|LoadBPP_seg14|884471|0
BENCH|BF36|LoadBPP_seg15|1933523|0
BENCH|BF36|LoadBPP_seg16|942749|0
BENCH|BF36|LoadBPP_seg17|3808815|0
--- exit 0 ---
$ /home/jhubuntu/pq-rsp-benchmarks/lpac/build/src/lpac profile disable 89000123456789012341
--- stdout ---
{"type":"lpa","payload":{"code":-1,"message":"es10c_disable_profile","data":"profile not in enabled state"}}
--- stderr ---
--- exit 255 ---
$ /home/jhubuntu/pq-rsp-benchmarks/lpac/build/src/lpac profile delete 89000123456789012341
--- stdout ---
{"type":"lpa","payload":{"code":0,"message":"success","data":null}}
--- stderr ---
--- exit 0 ---
