iteration 134 2026-04-07T06:18:22.953413+00:00
$ /home/jhubuntu/pq-rsp-benchmarks/lpac/build/src/lpac profile download -s testsmdpplus1.example.com:8443 -m TS48v1_A
--- stdout ---
{"type":"progress","payload":{"code":0,"message":"es10b_get_euicc_challenge_and_info","data":"testsmdpplus1.example.com:8443"}}
{"type":"progress","payload":{"code":0,"message":"es9p_initiate_authentication","data":"testsmdpplus1.example.com:8443"}}
{"type":"progress","payload":{"code":0,"message":"es10b_authenticate_server","data":"testsmdpplus1.example.com:8443"}}
{"type":"progress","payload":{"code":0,"message":"es9p_authenticate_client","data":"testsmdpplus1.example.com:8443"}}
{"type":"progress","payload":{"code":0,"message":"es8p_metadata_parse","data":{"iccid":"89000123456789012341","serviceProviderName":"OsmocomSPN","profileName":"TS48v1_A","iconType":null,"icon":null,"profileClass":"operational"}}}
{"type":"progress","payload":{"code":0,"message":"es10b_prepare_download","data":"testsmdpplus1.example.com:8443"}}
{"type":"progress","payload":{"code":0,"message":"es9p_get_bound_profile_package","data":"testsmdpplus1.example.com:8443"}}
{"type":"progress","payload":{"code":0,"message":"es10b_load_bound_profile_package","data":"testsmdpplus1.example.com:8443"}}
{"type":"lpa","payload":{"code":0,"message":"success","data":{"seqNumber":1227,"iccid":"89000123456789012341","bppCommandId":"unknown","errorReason":"unknown"}}}
--- stderr ---
BENCH|BF2E|GetEuiccChallenge|5919|0
BENCH|BF20|GetEuiccInfo1|41717|0
BENCH|ES9P|/gsma/rsp2/es9plus/initiateAuthentication|14190|0
BENCH|BF38|AuthenticateServer|3129423|0
BENCH|ES9P|/gsma/rsp2/es9plus/authenticateClient|37770|0
BENCH|BF21|PrepareDownload|3756370|0
BENCH|ES9P|/gsma/rsp2/es9plus/getBoundProfilePackage|24233|0
BENCH|BF36|LoadBPP_seg0|1437154|0
BENCH|BF36|LoadBPP_seg1|61294|0
BENCH|BF36|LoadBPP_seg2|1804|0
BENCH|BF36|LoadBPP_seg3|93553|0
BENCH|BF36|LoadBPP_seg4|43058|0
BENCH|BF36|LoadBPP_seg5|1633|0
BENCH|BF36|LoadBPP_seg6|602236|0
BENCH|BF36|LoadBPP_seg7|805305|0
BENCH|BF36|LoadBPP_seg8|1906535|0
BENCH|BF36|LoadBPP_seg9|883800|0
BENCH|BF36|LoadBPP_seg10|634358|0
BENCH|BF36|LoadBPP_seg11|1758880|0
BENCH|BF36|LoadBPP_seg12|847153|0
BENCH|BF36|LoadBPP_seg13|866400|0
BENCH|BF36|LoadBPP_seg14|1844562|0
BENCH|BF36|LoadBPP_seg15|981972|0
BENCH|BF36|LoadBPP_seg16|968944|0
BENCH|BF36|LoadBPP_seg17|3786771|0
--- exit 0 ---
$ /home/jhubuntu/pq-rsp-benchmarks/lpac/build/src/lpac profile disable 89000123456789012341
--- stdout ---
{"type":"lpa","payload":{"code":-1,"message":"es10c_disable_profile","data":"profile not in enabled state"}}
--- stderr ---
--- exit 255 ---
$ /home/jhubuntu/pq-rsp-benchmarks/lpac/build/src/lpac profile delete 89000123456789012341
--- stdout ---
{"type":"lpa","payload":{"code":0,"message":"success","data":null}}
--- stderr ---
--- exit 0 ---
