iteration 6 2026-04-07T05:22:36.453374+00:00
$ /home/jhubuntu/pq-rsp-benchmarks/lpac/build/src/lpac profile download -s testsmdpplus1.example.com:8443 -m TS48v1_A
--- stdout ---
{"type":"progress","payload":{"code":0,"message":"es10b_get_euicc_challenge_and_info","data":"testsmdpplus1.example.com:8443"}}
{"type":"progress","payload":{"code":0,"message":"es9p_initiate_authentication","data":"testsmdpplus1.example.com:8443"}}
{"type":"progress","payload":{"code":0,"message":"es10b_authenticate_server","data":"testsmdpplus1.example.com:8443"}}
{"type":"progress","payload":{"code":0,"message":"es9p_authenticate_client","data":"testsmdpplus1.example.com:8443"}}
{"type":"progress","payload":{"code":0,"message":"es8p_metadata_parse","data":{"iccid":"89000123456789012341","serviceProviderName":"OsmocomSPN","profileName":"TS48v1_A","iconType":null,"icon":null,"profileClass":"operational"}}}
{"type":"progress","payload":{"code":0,"message":"es10b_prepare_download","data":"testsmdpplus1.example.com:8443"}}
{"type":"progress","payload":{"code":0,"message":"es9p_get_bound_profile_package","data":"testsmdpplus1.example.com:8443"}}
{"type":"progress","payload":{"code":0,"message":"es10b_load_bound_profile_package","data":"testsmdpplus1.example.com:8443"}}
{"type":"lpa","payload":{"code":0,"message":"success","data":{"seqNumber":971,"iccid":"89000123456789012341","bppCommandId":"unknown","errorReason":"unknown"}}}
--- stderr ---
BENCH|BF2E|GetEuiccChallenge|5765|0
BENCH|BF20|GetEuiccInfo1|41514|0
BENCH|ES9P|/gsma/rsp2/es9plus/initiateAuthentication|15026|0
BENCH|BF38|AuthenticateServer|3123050|0
BENCH|ES9P|/gsma/rsp2/es9plus/authenticateClient|30262|0
BENCH|BF21|PrepareDownload|3753650|0
BENCH|ES9P|/gsma/rsp2/es9plus/getBoundProfilePackage|26950|0
BENCH|BF36|LoadBPP_seg0|1451188|0
BENCH|BF36|LoadBPP_seg1|63090|0
BENCH|BF36|LoadBPP_seg2|1606|0
BENCH|BF36|LoadBPP_seg3|92580|0
BENCH|BF36|LoadBPP_seg4|43442|0
BENCH|BF36|LoadBPP_seg5|1592|0
BENCH|BF36|LoadBPP_seg6|2066815|0
BENCH|BF36|LoadBPP_seg7|776415|0
BENCH|BF36|LoadBPP_seg8|832592|0
BENCH|BF36|LoadBPP_seg9|1631571|0
BENCH|BF36|LoadBPP_seg10|657739|0
BENCH|BF36|LoadBPP_seg11|826691|0
BENCH|BF36|LoadBPP_seg12|1762248|0
BENCH|BF36|LoadBPP_seg13|890067|0
BENCH|BF36|LoadBPP_seg14|880965|0
BENCH|BF36|LoadBPP_seg15|1939141|0
BENCH|BF36|LoadBPP_seg16|935190|0
BENCH|BF36|LoadBPP_seg17|4154596|0
--- exit 0 ---
$ /home/jhubuntu/pq-rsp-benchmarks/lpac/build/src/lpac profile disable 89000123456789012341
--- stdout ---
{"type":"lpa","payload":{"code":-1,"message":"es10c_disable_profile","data":"profile not in enabled state"}}
--- stderr ---
--- exit 255 ---
$ /home/jhubuntu/pq-rsp-benchmarks/lpac/build/src/lpac profile delete 89000123456789012341
--- stdout ---
{"type":"lpa","payload":{"code":0,"message":"success","data":null}}
--- stderr ---
--- exit 0 ---
