iteration 50 2026-04-07T05:41:35.953513+00:00
$ /home/jhubuntu/pq-rsp-benchmarks/lpac/build/src/lpac profile download -s testsmdpplus1.example.com:8443 -m TS48v1_A
--- stdout ---
{"type":"progress","payload":{"code":0,"message":"es10b_get_euicc_challenge_and_info","data":"testsmdpplus1.example.com:8443"}}
{"type":"progress","payload":{"code":0,"message":"es9p_initiate_authentication","data":"testsmdpplus1.example.com:8443"}}
{"type":"progress","payload":{"code":0,"message":"es10b_authenticate_server","data":"testsmdpplus1.example.com:8443"}}
{"type":"progress","payload":{"code":0,"message":"es9p_authenticate_client","data":"testsmdpplus1.example.com:8443"}}
{"type":"progress","payload":{"code":0,"message":"es8p_metadata_parse","data":{"iccid":"89000123456789012341","serviceProviderName":"OsmocomSPN","profileName":"TS48v1_A","iconType":null,"icon":null,"profileClass":"operational"}}}
{"type":"progress","payload":{"code":0,"message":"es10b_prepare_download","data":"testsmdpplus1.example.com:8443"}}
{"type":"progress","payload":{"code":0,"message":"es9p_get_bound_profile_package","data":"testsmdpplus1.example.com:8443"}}
{"type":"progress","payload":{"code":0,"message":"es10b_load_bound_profile_package","data":"testsmdpplus1.example.com:8443"}}
{"type":"lpa","payload":{"code":0,"message":"success","data":{"seqNumber":1059,"iccid":"89000123456789012341","bppCommandId":"unknown","errorReason":"unknown"}}}
--- stderr ---
BENCH|BF2E|GetEuiccChallenge|5790|0
BENCH|BF20|GetEuiccInfo1|41327|0
BENCH|ES9P|/gsma/rsp2/es9plus/initiateAuthentication|8941|0
BENCH|BF38|AuthenticateServer|3102540|0
BENCH|ES9P|/gsma/rsp2/es9plus/authenticateClient|25383|0
BENCH|BF21|PrepareDownload|3762491|0
BENCH|ES9P|/gsma/rsp2/es9plus/getBoundProfilePackage|20114|0
BENCH|BF36|LoadBPP_seg0|1458279|0
BENCH|BF36|LoadBPP_seg1|60645|0
BENCH|BF36|LoadBPP_seg2|1875|0
BENCH|BF36|LoadBPP_seg3|93337|0
BENCH|BF36|LoadBPP_seg4|43530|0
BENCH|BF36|LoadBPP_seg5|1875|0
BENCH|BF36|LoadBPP_seg6|602763|0
BENCH|BF36|LoadBPP_seg7|805550|0
BENCH|BF36|LoadBPP_seg8|2078096|0
BENCH|BF36|LoadBPP_seg9|880209|0
BENCH|BF36|LoadBPP_seg10|634573|0
BENCH|BF36|LoadBPP_seg11|1589718|0
BENCH|BF36|LoadBPP_seg12|847824|0
BENCH|BF36|LoadBPP_seg13|863932|0
BENCH|BF36|LoadBPP_seg14|1843721|0
BENCH|BF36|LoadBPP_seg15|983323|0
BENCH|BF36|LoadBPP_seg16|964627|0
BENCH|BF36|LoadBPP_seg17|3773899|0
--- exit 0 ---
$ /home/jhubuntu/pq-rsp-benchmarks/lpac/build/src/lpac profile disable 89000123456789012341
--- stdout ---
{"type":"lpa","payload":{"code":-1,"message":"es10c_disable_profile","data":"profile not in enabled state"}}
--- stderr ---
--- exit 255 ---
$ /home/jhubuntu/pq-rsp-benchmarks/lpac/build/src/lpac profile delete 89000123456789012341
--- stdout ---
{"type":"lpa","payload":{"code":0,"message":"success","data":null}}
--- stderr ---
--- exit 0 ---
