iteration 139 2026-04-07T06:20:31.555961+00:00
$ /home/jhubuntu/pq-rsp-benchmarks/lpac/build/src/lpac profile download -s testsmdpplus1.example.com:8443 -m TS48v1_A
--- stdout ---
{"type":"progress","payload":{"code":0,"message":"es10b_get_euicc_challenge_and_info","data":"testsmdpplus1.example.com:8443"}}
{"type":"progress","payload":{"code":0,"message":"es9p_initiate_authentication","data":"testsmdpplus1.example.com:8443"}}
{"type":"progress","payload":{"code":0,"message":"es10b_authenticate_server","data":"testsmdpplus1.example.com:8443"}}
{"type":"progress","payload":{"code":0,"message":"es9p_authenticate_client","data":"testsmdpplus1.example.com:8443"}}
{"type":"progress","payload":{"code":0,"message":"es8p_metadata_parse","data":{"iccid":"89000123456789012341","serviceProviderName":"OsmocomSPN","profileName":"TS48v1_A","iconType":null,"icon":null,"profileClass":"operational"}}}
{"type":"progress","payload":{"code":0,"message":"es10b_prepare_download","data":"testsmdpplus1.example.com:8443"}}
{"type":"progress","payload":{"code":0,"message":"es9p_get_bound_profile_package","data":"testsmdpplus1.example.com:8443"}}
{"type":"progress","payload":{"code":0,"message":"es10b_load_bound_profile_package","data":"testsmdpplus1.example.com:8443"}}
{"type":"lpa","payload":{"code":0,"message":"success","data":{"seqNumber":1237,"iccid":"89000123456789012341","bppCommandId":"unknown","errorReason":"unknown"}}}
--- stderr ---
BENCH|BF2E|GetEuiccChallenge|6283|0
BENCH|BF20|GetEuiccInfo1|41523|0
BENCH|ES9P|/gsma/rsp2/es9plus/initiateAuthentication|7309|0
BENCH|BF38|AuthenticateServer|3097128|0
BENCH|ES9P|/gsma/rsp2/es9plus/authenticateClient|48004|0
BENCH|BF21|PrepareDownload|3750454|0
BENCH|ES9P|/gsma/rsp2/es9plus/getBoundProfilePackage|12029|0
BENCH|BF36|LoadBPP_seg0|1453084|0
BENCH|BF36|LoadBPP_seg1|62942|0
BENCH|BF36|LoadBPP_seg2|1617|0
BENCH|BF36|LoadBPP_seg3|1689184|0
BENCH|BF36|LoadBPP_seg4|43760|0
BENCH|BF36|LoadBPP_seg5|1961|0
BENCH|BF36|LoadBPP_seg6|628242|0
BENCH|BF36|LoadBPP_seg7|773103|0
BENCH|BF36|LoadBPP_seg8|833368|0
BENCH|BF36|LoadBPP_seg9|1445987|0
BENCH|BF36|LoadBPP_seg10|657385|0
BENCH|BF36|LoadBPP_seg11|824768|0
BENCH|BF36|LoadBPP_seg12|1743732|0
BENCH|BF36|LoadBPP_seg13|889382|0
BENCH|BF36|LoadBPP_seg14|886643|0
BENCH|BF36|LoadBPP_seg15|1930393|0
BENCH|BF36|LoadBPP_seg16|941702|0
BENCH|BF36|LoadBPP_seg17|3803933|0
--- exit 0 ---
$ /home/jhubuntu/pq-rsp-benchmarks/lpac/build/src/lpac profile disable 89000123456789012341
--- stdout ---
{"type":"lpa","payload":{"code":-1,"message":"es10c_disable_profile","data":"profile not in enabled state"}}
--- stderr ---
--- exit 255 ---
$ /home/jhubuntu/pq-rsp-benchmarks/lpac/build/src/lpac profile delete 89000123456789012341
--- stdout ---
{"type":"lpa","payload":{"code":0,"message":"success","data":null}}
--- stderr ---
--- exit 0 ---
