iteration 156 2026-04-07T06:28:07.259753+00:00
$ /home/jhubuntu/pq-rsp-benchmarks/lpac/build/src/lpac profile download -s testsmdpplus1.example.com:8443 -m TS48v1_A
--- stdout ---
{"type":"progress","payload":{"code":0,"message":"es10b_get_euicc_challenge_and_info","data":"testsmdpplus1.example.com:8443"}}
{"type":"progress","payload":{"code":0,"message":"es9p_initiate_authentication","data":"testsmdpplus1.example.com:8443"}}
{"type":"progress","payload":{"code":0,"message":"es10b_authenticate_server","data":"testsmdpplus1.example.com:8443"}}
{"type":"progress","payload":{"code":0,"message":"es9p_authenticate_client","data":"testsmdpplus1.example.com:8443"}}
{"type":"progress","payload":{"code":0,"message":"es8p_metadata_parse","data":{"iccid":"89000123456789012341","serviceProviderName":"OsmocomSPN","profileName":"TS48v1_A","iconType":null,"icon":null,"profileClass":"operational"}}}
{"type":"progress","payload":{"code":0,"message":"es10b_prepare_download","data":"testsmdpplus1.example.com:8443"}}
{"type":"progress","payload":{"code":0,"message":"es9p_get_bound_profile_package","data":"testsmdpplus1.example.com:8443"}}
{"type":"progress","payload":{"code":0,"message":"es10b_load_bound_profile_package","data":"testsmdpplus1.example.com:8443"}}
{"type":"lpa","payload":{"code":0,"message":"success","data":{"seqNumber":1271,"iccid":"89000123456789012341","bppCommandId":"unknown","errorReason":"unknown"}}}
--- stderr ---
BENCH|BF2E|GetEuiccChallenge|6407|0
BENCH|BF20|GetEuiccInfo1|41685|0
BENCH|ES9P|/gsma/rsp2/es9plus/initiateAuthentication|15131|0
BENCH|BF38|AuthenticateServer|3128271|0
BENCH|ES9P|/gsma/rsp2/es9plus/authenticateClient|37458|0
BENCH|BF21|PrepareDownload|3770104|0
BENCH|ES9P|/gsma/rsp2/es9plus/getBoundProfilePackage|26527|0
BENCH|BF36|LoadBPP_seg0|1441627|0
BENCH|BF36|LoadBPP_seg1|63975|0
BENCH|BF36|LoadBPP_seg2|1569|0
BENCH|BF36|LoadBPP_seg3|118186|0
BENCH|BF36|LoadBPP_seg4|44387|0
BENCH|BF36|LoadBPP_seg5|1751|0
BENCH|BF36|LoadBPP_seg6|2030927|0
BENCH|BF36|LoadBPP_seg7|773868|0
BENCH|BF36|LoadBPP_seg8|834165|0
BENCH|BF36|LoadBPP_seg9|1786413|0
BENCH|BF36|LoadBPP_seg10|658910|0
BENCH|BF36|LoadBPP_seg11|828658|0
BENCH|BF36|LoadBPP_seg12|848804|0
BENCH|BF36|LoadBPP_seg13|1794788|0
BENCH|BF36|LoadBPP_seg14|913669|0
BENCH|BF36|LoadBPP_seg15|1913573|0
BENCH|BF36|LoadBPP_seg16|958559|0
BENCH|BF36|LoadBPP_seg17|4120824|0
--- exit 0 ---
$ /home/jhubuntu/pq-rsp-benchmarks/lpac/build/src/lpac profile disable 89000123456789012341
--- stdout ---
{"type":"lpa","payload":{"code":-1,"message":"es10c_disable_profile","data":"profile not in enabled state"}}
--- stderr ---
--- exit 255 ---
$ /home/jhubuntu/pq-rsp-benchmarks/lpac/build/src/lpac profile delete 89000123456789012341
--- stdout ---
{"type":"lpa","payload":{"code":0,"message":"success","data":null}}
--- stderr ---
--- exit 0 ---
