iteration 25 2026-04-07T05:30:49.479654+00:00
$ /home/jhubuntu/pq-rsp-benchmarks/lpac/build/src/lpac profile download -s testsmdpplus1.example.com:8443 -m TS48v1_A
--- stdout ---
{"type":"progress","payload":{"code":0,"message":"es10b_get_euicc_challenge_and_info","data":"testsmdpplus1.example.com:8443"}}
{"type":"progress","payload":{"code":0,"message":"es9p_initiate_authentication","data":"testsmdpplus1.example.com:8443"}}
{"type":"progress","payload":{"code":0,"message":"es10b_authenticate_server","data":"testsmdpplus1.example.com:8443"}}
{"type":"progress","payload":{"code":0,"message":"es9p_authenticate_client","data":"testsmdpplus1.example.com:8443"}}
{"type":"progress","payload":{"code":0,"message":"es8p_metadata_parse","data":{"iccid":"89000123456789012341","serviceProviderName":"OsmocomSPN","profileName":"TS48v1_A","iconType":null,"icon":null,"profileClass":"operational"}}}
{"type":"progress","payload":{"code":0,"message":"es10b_prepare_download","data":"testsmdpplus1.example.com:8443"}}
{"type":"progress","payload":{"code":0,"message":"es9p_get_bound_profile_package","data":"testsmdpplus1.example.com:8443"}}
{"type":"progress","payload":{"code":0,"message":"es10b_load_bound_profile_package","data":"testsmdpplus1.example.com:8443"}}
{"type":"lpa","payload":{"code":0,"message":"success","data":{"seqNumber":1009,"iccid":"89000123456789012341","bppCommandId":"unknown","errorReason":"unknown"}}}
--- stderr ---
BENCH|BF2E|GetEuiccChallenge|5766|0
BENCH|BF20|GetEuiccInfo1|41395|0
BENCH|ES9P|/gsma/rsp2/es9plus/initiateAuthentication|4495|0
BENCH|BF38|AuthenticateServer|3133980|0
BENCH|ES9P|/gsma/rsp2/es9plus/authenticateClient|22911|0
BENCH|BF21|PrepareDownload|3747673|0
BENCH|ES9P|/gsma/rsp2/es9plus/getBoundProfilePackage|8980|0
BENCH|BF36|LoadBPP_seg0|1440836|0
BENCH|BF36|LoadBPP_seg1|61545|0
BENCH|BF36|LoadBPP_seg2|1560|0
BENCH|BF36|LoadBPP_seg3|92866|0
BENCH|BF36|LoadBPP_seg4|42876|0
BENCH|BF36|LoadBPP_seg5|1616|0
BENCH|BF36|LoadBPP_seg6|603663|0
BENCH|BF36|LoadBPP_seg7|2045595|0
BENCH|BF36|LoadBPP_seg8|804815|0
BENCH|BF36|LoadBPP_seg9|885086|0
BENCH|BF36|LoadBPP_seg10|1372904|0
BENCH|BF36|LoadBPP_seg11|825565|0
BENCH|BF36|LoadBPP_seg12|847965|0
BENCH|BF36|LoadBPP_seg13|1801680|0
BENCH|BF36|LoadBPP_seg14|882071|0
BENCH|BF36|LoadBPP_seg15|981577|0
BENCH|BF36|LoadBPP_seg16|1867455|0
BENCH|BF36|LoadBPP_seg17|2680209|0
--- exit 0 ---
$ /home/jhubuntu/pq-rsp-benchmarks/lpac/build/src/lpac profile disable 89000123456789012341
--- stdout ---
{"type":"lpa","payload":{"code":-1,"message":"es10c_disable_profile","data":"profile not in enabled state"}}
--- stderr ---
--- exit 255 ---
$ /home/jhubuntu/pq-rsp-benchmarks/lpac/build/src/lpac profile delete 89000123456789012341
--- stdout ---
{"type":"lpa","payload":{"code":0,"message":"success","data":null}}
--- stderr ---
--- exit 0 ---
