iteration 40 2026-04-07T05:37:16.242276+00:00
$ /home/jhubuntu/pq-rsp-benchmarks/lpac/build/src/lpac profile download -s testsmdpplus1.example.com:8443 -m TS48v1_A
--- stdout ---
{"type":"progress","payload":{"code":0,"message":"es10b_get_euicc_challenge_and_info","data":"testsmdpplus1.example.com:8443"}}
{"type":"progress","payload":{"code":0,"message":"es9p_initiate_authentication","data":"testsmdpplus1.example.com:8443"}}
{"type":"progress","payload":{"code":0,"message":"es10b_authenticate_server","data":"testsmdpplus1.example.com:8443"}}
{"type":"progress","payload":{"code":0,"message":"es9p_authenticate_client","data":"testsmdpplus1.example.com:8443"}}
{"type":"progress","payload":{"code":0,"message":"es8p_metadata_parse","data":{"iccid":"89000123456789012341","serviceProviderName":"OsmocomSPN","profileName":"TS48v1_A","iconType":null,"icon":null,"profileClass":"operational"}}}
{"type":"progress","payload":{"code":0,"message":"es10b_prepare_download","data":"testsmdpplus1.example.com:8443"}}
{"type":"progress","payload":{"code":0,"message":"es9p_get_bound_profile_package","data":"testsmdpplus1.example.com:8443"}}
{"type":"progress","payload":{"code":0,"message":"es10b_load_bound_profile_package","data":"testsmdpplus1.example.com:8443"}}
{"type":"lpa","payload":{"code":0,"message":"success","data":{"seqNumber":1039,"iccid":"89000123456789012341","bppCommandId":"unknown","errorReason":"unknown"}}}
--- stderr ---
BENCH|BF2E|GetEuiccChallenge|5613|0
BENCH|BF20|GetEuiccInfo1|41179|0
BENCH|ES9P|/gsma/rsp2/es9plus/initiateAuthentication|10582|0
BENCH|BF38|AuthenticateServer|3096684|0
BENCH|ES9P|/gsma/rsp2/es9plus/authenticateClient|26997|0
BENCH|BF21|PrepareDownload|3745845|0
BENCH|ES9P|/gsma/rsp2/es9plus/getBoundProfilePackage|22413|0
BENCH|BF36|LoadBPP_seg0|1456627|0
BENCH|BF36|LoadBPP_seg1|62496|0
BENCH|BF36|LoadBPP_seg2|1571|0
BENCH|BF36|LoadBPP_seg3|92789|0
BENCH|BF36|LoadBPP_seg4|42594|0
BENCH|BF36|LoadBPP_seg5|1656|0
BENCH|BF36|LoadBPP_seg6|2049653|0
BENCH|BF36|LoadBPP_seg7|797042|0
BENCH|BF36|LoadBPP_seg8|807058|0
BENCH|BF36|LoadBPP_seg9|1658123|0
BENCH|BF36|LoadBPP_seg10|631128|0
BENCH|BF36|LoadBPP_seg11|824120|0
BENCH|BF36|LoadBPP_seg12|847275|0
BENCH|BF36|LoadBPP_seg13|1810957|0
BENCH|BF36|LoadBPP_seg14|910158|0
BENCH|BF36|LoadBPP_seg15|1925758|0
BENCH|BF36|LoadBPP_seg16|964631|0
BENCH|BF36|LoadBPP_seg17|4299625|0
--- exit 0 ---
$ /home/jhubuntu/pq-rsp-benchmarks/lpac/build/src/lpac profile disable 89000123456789012341
--- stdout ---
{"type":"lpa","payload":{"code":-1,"message":"es10c_disable_profile","data":"profile not in enabled state"}}
--- stderr ---
--- exit 255 ---
$ /home/jhubuntu/pq-rsp-benchmarks/lpac/build/src/lpac profile delete 89000123456789012341
--- stdout ---
{"type":"lpa","payload":{"code":0,"message":"success","data":null}}
--- stderr ---
--- exit 0 ---
