iteration 161 2026-04-07T06:30:18.051833+00:00
$ /home/jhubuntu/pq-rsp-benchmarks/lpac/build/src/lpac profile download -s testsmdpplus1.example.com:8443 -m TS48v1_A
--- stdout ---
{"type":"progress","payload":{"code":0,"message":"es10b_get_euicc_challenge_and_info","data":"testsmdpplus1.example.com:8443"}}
{"type":"progress","payload":{"code":0,"message":"es9p_initiate_authentication","data":"testsmdpplus1.example.com:8443"}}
{"type":"progress","payload":{"code":0,"message":"es10b_authenticate_server","data":"testsmdpplus1.example.com:8443"}}
{"type":"progress","payload":{"code":0,"message":"es9p_authenticate_client","data":"testsmdpplus1.example.com:8443"}}
{"type":"progress","payload":{"code":0,"message":"es8p_metadata_parse","data":{"iccid":"89000123456789012341","serviceProviderName":"OsmocomSPN","profileName":"TS48v1_A","iconType":null,"icon":null,"profileClass":"operational"}}}
{"type":"progress","payload":{"code":0,"message":"es10b_prepare_download","data":"testsmdpplus1.example.com:8443"}}
{"type":"progress","payload":{"code":0,"message":"es9p_get_bound_profile_package","data":"testsmdpplus1.example.com:8443"}}
{"type":"progress","payload":{"code":0,"message":"es10b_load_bound_profile_package","data":"testsmdpplus1.example.com:8443"}}
{"type":"lpa","payload":{"code":0,"message":"success","data":{"seqNumber":1281,"iccid":"89000123456789012341","bppCommandId":"unknown","errorReason":"unknown"}}}
--- stderr ---
BENCH|BF2E|GetEuiccChallenge|5865|0
BENCH|BF20|GetEuiccInfo1|41465|0
BENCH|ES9P|/gsma/rsp2/es9plus/initiateAuthentication|14335|0
BENCH|BF38|AuthenticateServer|3120819|0
BENCH|ES9P|/gsma/rsp2/es9plus/authenticateClient|40122|0
BENCH|BF21|PrepareDownload|3751501|0
BENCH|ES9P|/gsma/rsp2/es9plus/getBoundProfilePackage|24371|0
BENCH|BF36|LoadBPP_seg0|1433581|0
BENCH|BF36|LoadBPP_seg1|61774|0
BENCH|BF36|LoadBPP_seg2|2020|0
BENCH|BF36|LoadBPP_seg3|95038|0
BENCH|BF36|LoadBPP_seg4|43691|0
BENCH|BF36|LoadBPP_seg5|1791|0
BENCH|BF36|LoadBPP_seg6|602593|0
BENCH|BF36|LoadBPP_seg7|2057172|0
BENCH|BF36|LoadBPP_seg8|806378|0
BENCH|BF36|LoadBPP_seg9|884155|0
BENCH|BF36|LoadBPP_seg10|1387116|0
BENCH|BF36|LoadBPP_seg11|851411|0
BENCH|BF36|LoadBPP_seg12|824860|0
BENCH|BF36|LoadBPP_seg13|1814941|0
BENCH|BF36|LoadBPP_seg14|884582|0
BENCH|BF36|LoadBPP_seg15|1007672|0
BENCH|BF36|LoadBPP_seg16|1860014|0
BENCH|BF36|LoadBPP_seg17|2703436|0
--- exit 0 ---
$ /home/jhubuntu/pq-rsp-benchmarks/lpac/build/src/lpac profile disable 89000123456789012341
--- stdout ---
{"type":"lpa","payload":{"code":-1,"message":"es10c_disable_profile","data":"profile not in enabled state"}}
--- stderr ---
--- exit 255 ---
$ /home/jhubuntu/pq-rsp-benchmarks/lpac/build/src/lpac profile delete 89000123456789012341
--- stdout ---
{"type":"lpa","payload":{"code":0,"message":"success","data":null}}
--- stderr ---
--- exit 0 ---
