iteration 107 2026-04-07T06:06:41.706939+00:00
$ /home/jhubuntu/pq-rsp-benchmarks/lpac/build/src/lpac profile download -s testsmdpplus1.example.com:8443 -m TS48v1_A
--- stdout ---
{"type":"progress","payload":{"code":0,"message":"es10b_get_euicc_challenge_and_info","data":"testsmdpplus1.example.com:8443"}}
{"type":"progress","payload":{"code":0,"message":"es9p_initiate_authentication","data":"testsmdpplus1.example.com:8443"}}
{"type":"progress","payload":{"code":0,"message":"es10b_authenticate_server","data":"testsmdpplus1.example.com:8443"}}
{"type":"progress","payload":{"code":0,"message":"es9p_authenticate_client","data":"testsmdpplus1.example.com:8443"}}
{"type":"progress","payload":{"code":0,"message":"es8p_metadata_parse","data":{"iccid":"89000123456789012341","serviceProviderName":"OsmocomSPN","profileName":"TS48v1_A","iconType":null,"icon":null,"profileClass":"operational"}}}
{"type":"progress","payload":{"code":0,"message":"es10b_prepare_download","data":"testsmdpplus1.example.com:8443"}}
{"type":"progress","payload":{"code":0,"message":"es9p_get_bound_profile_package","data":"testsmdpplus1.example.com:8443"}}
{"type":"progress","payload":{"code":0,"message":"es10b_load_bound_profile_package","data":"testsmdpplus1.example.com:8443"}}
{"type":"lpa","payload":{"code":0,"message":"success","data":{"seqNumber":1173,"iccid":"89000123456789012341","bppCommandId":"unknown","errorReason":"unknown"}}}
--- stderr ---
BENCH|BF2E|GetEuiccChallenge|5956|0
BENCH|BF20|GetEuiccInfo1|41485|0
BENCH|ES9P|/gsma/rsp2/es9plus/initiateAuthentication|14670|0
BENCH|BF38|AuthenticateServer|3118719|0
BENCH|ES9P|/gsma/rsp2/es9plus/authenticateClient|34687|0
BENCH|BF21|PrepareDownload|3736761|0
BENCH|ES9P|/gsma/rsp2/es9plus/getBoundProfilePackage|17146|0
BENCH|BF36|LoadBPP_seg0|1443169|0
BENCH|BF36|LoadBPP_seg1|62722|0
BENCH|BF36|LoadBPP_seg2|1959|0
BENCH|BF36|LoadBPP_seg3|1563821|0
BENCH|BF36|LoadBPP_seg4|43379|0
BENCH|BF36|LoadBPP_seg5|1855|0
BENCH|BF36|LoadBPP_seg6|603545|0
BENCH|BF36|LoadBPP_seg7|773203|0
BENCH|BF36|LoadBPP_seg8|832071|0
BENCH|BF36|LoadBPP_seg9|1462755|0
BENCH|BF36|LoadBPP_seg10|656546|0
BENCH|BF36|LoadBPP_seg11|822909|0
BENCH|BF36|LoadBPP_seg12|1953901|0
BENCH|BF36|LoadBPP_seg13|862372|0
BENCH|BF36|LoadBPP_seg14|912828|0
BENCH|BF36|LoadBPP_seg15|1923694|0
BENCH|BF36|LoadBPP_seg16|966585|0
BENCH|BF36|LoadBPP_seg17|3789244|0
--- exit 0 ---
$ /home/jhubuntu/pq-rsp-benchmarks/lpac/build/src/lpac profile disable 89000123456789012341
--- stdout ---
{"type":"lpa","payload":{"code":-1,"message":"es10c_disable_profile","data":"profile not in enabled state"}}
--- stderr ---
--- exit 255 ---
$ /home/jhubuntu/pq-rsp-benchmarks/lpac/build/src/lpac profile delete 89000123456789012341
--- stdout ---
{"type":"lpa","payload":{"code":0,"message":"success","data":null}}
--- stderr ---
--- exit 0 ---
