iteration 92 2026-04-07T05:59:57.801049+00:00
$ /home/jhubuntu/pq-rsp-benchmarks/lpac/build/src/lpac profile download -s testsmdpplus1.example.com:8443 -m TS48v1_A
--- stdout ---
{"type":"progress","payload":{"code":0,"message":"es10b_get_euicc_challenge_and_info","data":"testsmdpplus1.example.com:8443"}}
{"type":"progress","payload":{"code":0,"message":"es9p_initiate_authentication","data":"testsmdpplus1.example.com:8443"}}
{"type":"progress","payload":{"code":0,"message":"es10b_authenticate_server","data":"testsmdpplus1.example.com:8443"}}
{"type":"progress","payload":{"code":0,"message":"es9p_authenticate_client","data":"testsmdpplus1.example.com:8443"}}
{"type":"progress","payload":{"code":0,"message":"es8p_metadata_parse","data":{"iccid":"89000123456789012341","serviceProviderName":"OsmocomSPN","profileName":"TS48v1_A","iconType":null,"icon":null,"profileClass":"operational"}}}
{"type":"progress","payload":{"code":0,"message":"es10b_prepare_download","data":"testsmdpplus1.example.com:8443"}}
{"type":"progress","payload":{"code":0,"message":"es9p_get_bound_profile_package","data":"testsmdpplus1.example.com:8443"}}
{"type":"progress","payload":{"code":0,"message":"es10b_load_bound_profile_package","data":"testsmdpplus1.example.com:8443"}}
{"type":"lpa","payload":{"code":0,"message":"success","data":{"seqNumber":1143,"iccid":"89000123456789012341","bppCommandId":"unknown","errorReason":"unknown"}}}
--- stderr ---
BENCH|BF2E|GetEuiccChallenge|6002|0
BENCH|BF20|GetEuiccInfo1|41446|0
BENCH|ES9P|/gsma/rsp2/es9plus/initiateAuthentication|20518|0
BENCH|BF38|AuthenticateServer|3118778|0
BENCH|ES9P|/gsma/rsp2/es9plus/authenticateClient|27878|0
BENCH|BF21|PrepareDownload|3753722|0
BENCH|ES9P|/gsma/rsp2/es9plus/getBoundProfilePackage|19519|0
BENCH|BF36|LoadBPP_seg0|1441814|0
BENCH|BF36|LoadBPP_seg1|63984|0
BENCH|BF36|LoadBPP_seg2|1964|0
BENCH|BF36|LoadBPP_seg3|93559|0
BENCH|BF36|LoadBPP_seg4|42804|0
BENCH|BF36|LoadBPP_seg5|1719|0
BENCH|BF36|LoadBPP_seg6|2010165|0
BENCH|BF36|LoadBPP_seg7|801335|0
BENCH|BF36|LoadBPP_seg8|807484|0
BENCH|BF36|LoadBPP_seg9|1625626|0
BENCH|BF36|LoadBPP_seg10|632955|0
BENCH|BF36|LoadBPP_seg11|828060|0
BENCH|BF36|LoadBPP_seg12|855638|0
BENCH|BF36|LoadBPP_seg13|1944880|0
BENCH|BF36|LoadBPP_seg14|908620|0
BENCH|BF36|LoadBPP_seg15|1889730|0
BENCH|BF36|LoadBPP_seg16|960218|0
BENCH|BF36|LoadBPP_seg17|4107381|0
--- exit 0 ---
$ /home/jhubuntu/pq-rsp-benchmarks/lpac/build/src/lpac profile disable 89000123456789012341
--- stdout ---
{"type":"lpa","payload":{"code":-1,"message":"es10c_disable_profile","data":"profile not in enabled state"}}
--- stderr ---
--- exit 255 ---
$ /home/jhubuntu/pq-rsp-benchmarks/lpac/build/src/lpac profile delete 89000123456789012341
--- stdout ---
{"type":"lpa","payload":{"code":0,"message":"success","data":null}}
--- stderr ---
--- exit 0 ---
