iteration 104 2026-04-07T06:05:23.985855+00:00
$ /home/jhubuntu/pq-rsp-benchmarks/lpac/build/src/lpac profile download -s testsmdpplus1.example.com:8443 -m TS48v1_A
--- stdout ---
{"type":"progress","payload":{"code":0,"message":"es10b_get_euicc_challenge_and_info","data":"testsmdpplus1.example.com:8443"}}
{"type":"progress","payload":{"code":0,"message":"es9p_initiate_authentication","data":"testsmdpplus1.example.com:8443"}}
{"type":"progress","payload":{"code":0,"message":"es10b_authenticate_server","data":"testsmdpplus1.example.com:8443"}}
{"type":"progress","payload":{"code":0,"message":"es9p_authenticate_client","data":"testsmdpplus1.example.com:8443"}}
{"type":"progress","payload":{"code":0,"message":"es8p_metadata_parse","data":{"iccid":"89000123456789012341","serviceProviderName":"OsmocomSPN","profileName":"TS48v1_A","iconType":null,"icon":null,"profileClass":"operational"}}}
{"type":"progress","payload":{"code":0,"message":"es10b_prepare_download","data":"testsmdpplus1.example.com:8443"}}
{"type":"progress","payload":{"code":0,"message":"es9p_get_bound_profile_package","data":"testsmdpplus1.example.com:8443"}}
{"type":"progress","payload":{"code":0,"message":"es10b_load_bound_profile_package","data":"testsmdpplus1.example.com:8443"}}
{"type":"lpa","payload":{"code":0,"message":"success","data":{"seqNumber":1167,"iccid":"89000123456789012341","bppCommandId":"unknown","errorReason":"unknown"}}}
--- stderr ---
BENCH|BF2E|GetEuiccChallenge|5842|0
BENCH|BF20|GetEuiccInfo1|41138|0
BENCH|ES9P|/gsma/rsp2/es9plus/initiateAuthentication|14722|0
BENCH|BF38|AuthenticateServer|3112052|0
BENCH|ES9P|/gsma/rsp2/es9plus/authenticateClient|29353|0
BENCH|BF21|PrepareDownload|3737009|0
BENCH|ES9P|/gsma/rsp2/es9plus/getBoundProfilePackage|32565|0
BENCH|BF36|LoadBPP_seg0|1446267|0
BENCH|BF36|LoadBPP_seg1|63703|0
BENCH|BF36|LoadBPP_seg2|1930|0
BENCH|BF36|LoadBPP_seg3|94270|0
BENCH|BF36|LoadBPP_seg4|41854|0
BENCH|BF36|LoadBPP_seg5|1895|0
BENCH|BF36|LoadBPP_seg6|2046348|0
BENCH|BF36|LoadBPP_seg7|777249|0
BENCH|BF36|LoadBPP_seg8|833457|0
BENCH|BF36|LoadBPP_seg9|1605110|0
BENCH|BF36|LoadBPP_seg10|663446|0
BENCH|BF36|LoadBPP_seg11|828106|0
BENCH|BF36|LoadBPP_seg12|823677|0
BENCH|BF36|LoadBPP_seg13|1812041|0
BENCH|BF36|LoadBPP_seg14|885405|0
BENCH|BF36|LoadBPP_seg15|1925587|0
BENCH|BF36|LoadBPP_seg16|937054|0
BENCH|BF36|LoadBPP_seg17|4110673|0
--- exit 0 ---
$ /home/jhubuntu/pq-rsp-benchmarks/lpac/build/src/lpac profile disable 89000123456789012341
--- stdout ---
{"type":"lpa","payload":{"code":-1,"message":"es10c_disable_profile","data":"profile not in enabled state"}}
--- stderr ---
--- exit 255 ---
$ /home/jhubuntu/pq-rsp-benchmarks/lpac/build/src/lpac profile delete 89000123456789012341
--- stdout ---
{"type":"lpa","payload":{"code":0,"message":"success","data":null}}
--- stderr ---
--- exit 0 ---
