iteration 9 2026-04-07T05:23:54.211972+00:00
$ /home/jhubuntu/pq-rsp-benchmarks/lpac/build/src/lpac profile download -s testsmdpplus1.example.com:8443 -m TS48v1_A
--- stdout ---
{"type":"progress","payload":{"code":0,"message":"es10b_get_euicc_challenge_and_info","data":"testsmdpplus1.example.com:8443"}}
{"type":"progress","payload":{"code":0,"message":"es9p_initiate_authentication","data":"testsmdpplus1.example.com:8443"}}
{"type":"progress","payload":{"code":0,"message":"es10b_authenticate_server","data":"testsmdpplus1.example.com:8443"}}
{"type":"progress","payload":{"code":0,"message":"es9p_authenticate_client","data":"testsmdpplus1.example.com:8443"}}
{"type":"progress","payload":{"code":0,"message":"es8p_metadata_parse","data":{"iccid":"89000123456789012341","serviceProviderName":"OsmocomSPN","profileName":"TS48v1_A","iconType":null,"icon":null,"profileClass":"operational"}}}
{"type":"progress","payload":{"code":0,"message":"es10b_prepare_download","data":"testsmdpplus1.example.com:8443"}}
{"type":"progress","payload":{"code":0,"message":"es9p_get_bound_profile_package","data":"testsmdpplus1.example.com:8443"}}
{"type":"progress","payload":{"code":0,"message":"es10b_load_bound_profile_package","data":"testsmdpplus1.example.com:8443"}}
{"type":"lpa","payload":{"code":0,"message":"success","data":{"seqNumber":977,"iccid":"89000123456789012341","bppCommandId":"unknown","errorReason":"unknown"}}}
--- stderr ---
BENCH|BF2E|GetEuiccChallenge|5628|0
BENCH|BF20|GetEuiccInfo1|41393|0
BENCH|ES9P|/gsma/rsp2/es9plus/initiateAuthentication|5126|0
BENCH|BF38|AuthenticateServer|3095841|0
BENCH|ES9P|/gsma/rsp2/es9plus/authenticateClient|31607|0
BENCH|BF21|PrepareDownload|3742515|0
BENCH|ES9P|/gsma/rsp2/es9plus/getBoundProfilePackage|25749|0
BENCH|BF36|LoadBPP_seg0|1443605|0
BENCH|BF36|LoadBPP_seg1|1482691|0
BENCH|BF36|LoadBPP_seg2|1678|0
BENCH|BF36|LoadBPP_seg3|118742|0
BENCH|BF36|LoadBPP_seg4|43362|0
BENCH|BF36|LoadBPP_seg5|1631|0
BENCH|BF36|LoadBPP_seg6|600560|0
BENCH|BF36|LoadBPP_seg7|775388|0
BENCH|BF36|LoadBPP_seg8|1412319|0
BENCH|BF36|LoadBPP_seg9|856117|0
BENCH|BF36|LoadBPP_seg10|656416|0
BENCH|BF36|LoadBPP_seg11|824317|0
BENCH|BF36|LoadBPP_seg12|1928960|0
BENCH|BF36|LoadBPP_seg13|861477|0
BENCH|BF36|LoadBPP_seg14|1828013|0
BENCH|BF36|LoadBPP_seg15|981003|0
BENCH|BF36|LoadBPP_seg16|964919|0
BENCH|BF36|LoadBPP_seg17|3813364|0
--- exit 0 ---
$ /home/jhubuntu/pq-rsp-benchmarks/lpac/build/src/lpac profile disable 89000123456789012341
--- stdout ---
{"type":"lpa","payload":{"code":-1,"message":"es10c_disable_profile","data":"profile not in enabled state"}}
--- stderr ---
--- exit 255 ---
$ /home/jhubuntu/pq-rsp-benchmarks/lpac/build/src/lpac profile delete 89000123456789012341
--- stdout ---
{"type":"lpa","payload":{"code":0,"message":"success","data":null}}
--- stderr ---
--- exit 0 ---
