iteration 80 2026-04-07T05:54:46.785361+00:00
$ /home/jhubuntu/pq-rsp-benchmarks/lpac/build/src/lpac profile download -s testsmdpplus1.example.com:8443 -m TS48v1_A
--- stdout ---
{"type":"progress","payload":{"code":0,"message":"es10b_get_euicc_challenge_and_info","data":"testsmdpplus1.example.com:8443"}}
{"type":"progress","payload":{"code":0,"message":"es9p_initiate_authentication","data":"testsmdpplus1.example.com:8443"}}
{"type":"progress","payload":{"code":0,"message":"es10b_authenticate_server","data":"testsmdpplus1.example.com:8443"}}
{"type":"progress","payload":{"code":0,"message":"es9p_authenticate_client","data":"testsmdpplus1.example.com:8443"}}
{"type":"progress","payload":{"code":0,"message":"es8p_metadata_parse","data":{"iccid":"89000123456789012341","serviceProviderName":"OsmocomSPN","profileName":"TS48v1_A","iconType":null,"icon":null,"profileClass":"operational"}}}
{"type":"progress","payload":{"code":0,"message":"es10b_prepare_download","data":"testsmdpplus1.example.com:8443"}}
{"type":"progress","payload":{"code":0,"message":"es9p_get_bound_profile_package","data":"testsmdpplus1.example.com:8443"}}
{"type":"progress","payload":{"code":0,"message":"es10b_load_bound_profile_package","data":"testsmdpplus1.example.com:8443"}}
{"type":"lpa","payload":{"code":0,"message":"success","data":{"seqNumber":1119,"iccid":"89000123456789012341","bppCommandId":"unknown","errorReason":"unknown"}}}
--- stderr ---
BENCH|BF2E|GetEuiccChallenge|5864|0
BENCH|BF20|GetEuiccInfo1|41341|0
BENCH|ES9P|/gsma/rsp2/es9plus/initiateAuthentication|14370|0
BENCH|BF38|AuthenticateServer|3125765|0
BENCH|ES9P|/gsma/rsp2/es9plus/authenticateClient|33343|0
BENCH|BF21|PrepareDownload|3740584|0
BENCH|ES9P|/gsma/rsp2/es9plus/getBoundProfilePackage|27294|0
BENCH|BF36|LoadBPP_seg0|1429587|0
BENCH|BF36|LoadBPP_seg1|62938|0
BENCH|BF36|LoadBPP_seg2|1667|0
BENCH|BF36|LoadBPP_seg3|92874|0
BENCH|BF36|LoadBPP_seg4|43307|0
BENCH|BF36|LoadBPP_seg5|1688|0
BENCH|BF36|LoadBPP_seg6|2080764|0
BENCH|BF36|LoadBPP_seg7|778832|0
BENCH|BF36|LoadBPP_seg8|833051|0
BENCH|BF36|LoadBPP_seg9|1616505|0
BENCH|BF36|LoadBPP_seg10|630325|0
BENCH|BF36|LoadBPP_seg11|849311|0
BENCH|BF36|LoadBPP_seg12|823149|0
BENCH|BF36|LoadBPP_seg13|1789235|0
BENCH|BF36|LoadBPP_seg14|887990|0
BENCH|BF36|LoadBPP_seg15|2078282|0
BENCH|BF36|LoadBPP_seg16|935578|0
BENCH|BF36|LoadBPP_seg17|4110476|0
--- exit 0 ---
$ /home/jhubuntu/pq-rsp-benchmarks/lpac/build/src/lpac profile disable 89000123456789012341
--- stdout ---
{"type":"lpa","payload":{"code":-1,"message":"es10c_disable_profile","data":"profile not in enabled state"}}
--- stderr ---
--- exit 255 ---
$ /home/jhubuntu/pq-rsp-benchmarks/lpac/build/src/lpac profile delete 89000123456789012341
--- stdout ---
{"type":"lpa","payload":{"code":0,"message":"success","data":null}}
--- stderr ---
--- exit 0 ---
