iteration 11 2026-04-07T05:24:46.497578+00:00
$ /home/jhubuntu/pq-rsp-benchmarks/lpac/build/src/lpac profile download -s testsmdpplus1.example.com:8443 -m TS48v1_A
--- stdout ---
{"type":"progress","payload":{"code":0,"message":"es10b_get_euicc_challenge_and_info","data":"testsmdpplus1.example.com:8443"}}
{"type":"progress","payload":{"code":0,"message":"es9p_initiate_authentication","data":"testsmdpplus1.example.com:8443"}}
{"type":"progress","payload":{"code":0,"message":"es10b_authenticate_server","data":"testsmdpplus1.example.com:8443"}}
{"type":"progress","payload":{"code":0,"message":"es9p_authenticate_client","data":"testsmdpplus1.example.com:8443"}}
{"type":"progress","payload":{"code":0,"message":"es8p_metadata_parse","data":{"iccid":"89000123456789012341","serviceProviderName":"OsmocomSPN","profileName":"TS48v1_A","iconType":null,"icon":null,"profileClass":"operational"}}}
{"type":"progress","payload":{"code":0,"message":"es10b_prepare_download","data":"testsmdpplus1.example.com:8443"}}
{"type":"progress","payload":{"code":0,"message":"es9p_get_bound_profile_package","data":"testsmdpplus1.example.com:8443"}}
{"type":"progress","payload":{"code":0,"message":"es10b_load_bound_profile_package","data":"testsmdpplus1.example.com:8443"}}
{"type":"lpa","payload":{"code":0,"message":"success","data":{"seqNumber":981,"iccid":"89000123456789012341","bppCommandId":"unknown","errorReason":"unknown"}}}
--- stderr ---
BENCH|BF2E|GetEuiccChallenge|6195|0
BENCH|BF20|GetEuiccInfo1|41509|0
BENCH|ES9P|/gsma/rsp2/es9plus/initiateAuthentication|8851|0
BENCH|BF38|AuthenticateServer|3122450|0
BENCH|ES9P|/gsma/rsp2/es9plus/authenticateClient|32334|0
BENCH|BF21|PrepareDownload|3732776|0
BENCH|ES9P|/gsma/rsp2/es9plus/getBoundProfilePackage|16395|0
BENCH|BF36|LoadBPP_seg0|1447664|0
BENCH|BF36|LoadBPP_seg1|63178|0
BENCH|BF36|LoadBPP_seg2|1754|0
BENCH|BF36|LoadBPP_seg3|1529025|0
BENCH|BF36|LoadBPP_seg4|44174|0
BENCH|BF36|LoadBPP_seg5|1638|0
BENCH|BF36|LoadBPP_seg6|598019|0
BENCH|BF36|LoadBPP_seg7|799312|0
BENCH|BF36|LoadBPP_seg8|804780|0
BENCH|BF36|LoadBPP_seg9|1479240|0
BENCH|BF36|LoadBPP_seg10|632929|0
BENCH|BF36|LoadBPP_seg11|824043|0
BENCH|BF36|LoadBPP_seg12|1778234|0
BENCH|BF36|LoadBPP_seg13|892302|0
BENCH|BF36|LoadBPP_seg14|884492|0
BENCH|BF36|LoadBPP_seg15|2081522|0
BENCH|BF36|LoadBPP_seg16|963461|0
BENCH|BF36|LoadBPP_seg17|3757059|0
--- exit 0 ---
$ /home/jhubuntu/pq-rsp-benchmarks/lpac/build/src/lpac profile disable 89000123456789012341
--- stdout ---
{"type":"lpa","payload":{"code":-1,"message":"es10c_disable_profile","data":"profile not in enabled state"}}
--- stderr ---
--- exit 255 ---
$ /home/jhubuntu/pq-rsp-benchmarks/lpac/build/src/lpac profile delete 89000123456789012341
--- stdout ---
{"type":"lpa","payload":{"code":0,"message":"success","data":null}}
--- stderr ---
--- exit 0 ---
