iteration 159 2026-04-07T06:29:25.559847+00:00
$ /home/jhubuntu/pq-rsp-benchmarks/lpac/build/src/lpac profile download -s testsmdpplus1.example.com:8443 -m TS48v1_A
--- stdout ---
{"type":"progress","payload":{"code":0,"message":"es10b_get_euicc_challenge_and_info","data":"testsmdpplus1.example.com:8443"}}
{"type":"progress","payload":{"code":0,"message":"es9p_initiate_authentication","data":"testsmdpplus1.example.com:8443"}}
{"type":"progress","payload":{"code":0,"message":"es10b_authenticate_server","data":"testsmdpplus1.example.com:8443"}}
{"type":"progress","payload":{"code":0,"message":"es9p_authenticate_client","data":"testsmdpplus1.example.com:8443"}}
{"type":"progress","payload":{"code":0,"message":"es8p_metadata_parse","data":{"iccid":"89000123456789012341","serviceProviderName":"OsmocomSPN","profileName":"TS48v1_A","iconType":null,"icon":null,"profileClass":"operational"}}}
{"type":"progress","payload":{"code":0,"message":"es10b_prepare_download","data":"testsmdpplus1.example.com:8443"}}
{"type":"progress","payload":{"code":0,"message":"es9p_get_bound_profile_package","data":"testsmdpplus1.example.com:8443"}}
{"type":"progress","payload":{"code":0,"message":"es10b_load_bound_profile_package","data":"testsmdpplus1.example.com:8443"}}
{"type":"lpa","payload":{"code":0,"message":"success","data":{"seqNumber":1277,"iccid":"89000123456789012341","bppCommandId":"unknown","errorReason":"unknown"}}}
--- stderr ---
BENCH|BF2E|GetEuiccChallenge|6445|0
BENCH|BF20|GetEuiccInfo1|41899|0
BENCH|ES9P|/gsma/rsp2/es9plus/initiateAuthentication|14575|0
BENCH|BF38|AuthenticateServer|3132046|0
BENCH|ES9P|/gsma/rsp2/es9plus/authenticateClient|25842|0
BENCH|BF21|PrepareDownload|3744816|0
BENCH|ES9P|/gsma/rsp2/es9plus/getBoundProfilePackage|18076|0
BENCH|BF36|LoadBPP_seg0|1439128|0
BENCH|BF36|LoadBPP_seg1|63508|0
BENCH|BF36|LoadBPP_seg2|1680|0
BENCH|BF36|LoadBPP_seg3|1500606|0
BENCH|BF36|LoadBPP_seg4|44328|0
BENCH|BF36|LoadBPP_seg5|1775|0
BENCH|BF36|LoadBPP_seg6|597871|0
BENCH|BF36|LoadBPP_seg7|804025|0
BENCH|BF36|LoadBPP_seg8|808205|0
BENCH|BF36|LoadBPP_seg9|1453498|0
BENCH|BF36|LoadBPP_seg10|634133|0
BENCH|BF36|LoadBPP_seg11|830761|0
BENCH|BF36|LoadBPP_seg12|1746804|0
BENCH|BF36|LoadBPP_seg13|867699|0
BENCH|BF36|LoadBPP_seg14|909838|0
BENCH|BF36|LoadBPP_seg15|1887268|0
BENCH|BF36|LoadBPP_seg16|966007|0
BENCH|BF36|LoadBPP_seg17|3915060|0
--- exit 0 ---
$ /home/jhubuntu/pq-rsp-benchmarks/lpac/build/src/lpac profile disable 89000123456789012341
--- stdout ---
{"type":"lpa","payload":{"code":-1,"message":"es10c_disable_profile","data":"profile not in enabled state"}}
--- stderr ---
--- exit 255 ---
$ /home/jhubuntu/pq-rsp-benchmarks/lpac/build/src/lpac profile delete 89000123456789012341
--- stdout ---
{"type":"lpa","payload":{"code":0,"message":"success","data":null}}
--- stderr ---
--- exit 0 ---
