iteration 45 2026-04-07T05:39:26.002125+00:00
$ /home/jhubuntu/pq-rsp-benchmarks/lpac/build/src/lpac profile download -s testsmdpplus1.example.com:8443 -m TS48v1_A
--- stdout ---
{"type":"progress","payload":{"code":0,"message":"es10b_get_euicc_challenge_and_info","data":"testsmdpplus1.example.com:8443"}}
{"type":"progress","payload":{"code":0,"message":"es9p_initiate_authentication","data":"testsmdpplus1.example.com:8443"}}
{"type":"progress","payload":{"code":0,"message":"es10b_authenticate_server","data":"testsmdpplus1.example.com:8443"}}
{"type":"progress","payload":{"code":0,"message":"es9p_authenticate_client","data":"testsmdpplus1.example.com:8443"}}
{"type":"progress","payload":{"code":0,"message":"es8p_metadata_parse","data":{"iccid":"89000123456789012341","serviceProviderName":"OsmocomSPN","profileName":"TS48v1_A","iconType":null,"icon":null,"profileClass":"operational"}}}
{"type":"progress","payload":{"code":0,"message":"es10b_prepare_download","data":"testsmdpplus1.example.com:8443"}}
{"type":"progress","payload":{"code":0,"message":"es9p_get_bound_profile_package","data":"testsmdpplus1.example.com:8443"}}
{"type":"progress","payload":{"code":0,"message":"es10b_load_bound_profile_package","data":"testsmdpplus1.example.com:8443"}}
{"type":"lpa","payload":{"code":0,"message":"success","data":{"seqNumber":1049,"iccid":"89000123456789012341","bppCommandId":"unknown","errorReason":"unknown"}}}
--- stderr ---
BENCH|BF2E|GetEuiccChallenge|5811|0
BENCH|BF20|GetEuiccInfo1|41256|0
BENCH|ES9P|/gsma/rsp2/es9plus/initiateAuthentication|10843|0
BENCH|BF38|AuthenticateServer|3104571|0
BENCH|ES9P|/gsma/rsp2/es9plus/authenticateClient|43103|0
BENCH|BF21|PrepareDownload|3753930|0
BENCH|ES9P|/gsma/rsp2/es9plus/getBoundProfilePackage|22158|0
BENCH|BF36|LoadBPP_seg0|1448329|0
BENCH|BF36|LoadBPP_seg1|60967|0
BENCH|BF36|LoadBPP_seg2|1544|0
BENCH|BF36|LoadBPP_seg3|93250|0
BENCH|BF36|LoadBPP_seg4|43368|0
BENCH|BF36|LoadBPP_seg5|1762|0
BENCH|BF36|LoadBPP_seg6|628278|0
BENCH|BF36|LoadBPP_seg7|2044541|0
BENCH|BF36|LoadBPP_seg8|832826|0
BENCH|BF36|LoadBPP_seg9|855682|0
BENCH|BF36|LoadBPP_seg10|1397480|0
BENCH|BF36|LoadBPP_seg11|856221|0
BENCH|BF36|LoadBPP_seg12|826368|0
BENCH|BF36|LoadBPP_seg13|1830954|0
BENCH|BF36|LoadBPP_seg14|884201|0
BENCH|BF36|LoadBPP_seg15|1005987|0
BENCH|BF36|LoadBPP_seg16|1869113|0
BENCH|BF36|LoadBPP_seg17|2695649|0
--- exit 0 ---
$ /home/jhubuntu/pq-rsp-benchmarks/lpac/build/src/lpac profile disable 89000123456789012341
--- stdout ---
{"type":"lpa","payload":{"code":-1,"message":"es10c_disable_profile","data":"profile not in enabled state"}}
--- stderr ---
--- exit 255 ---
$ /home/jhubuntu/pq-rsp-benchmarks/lpac/build/src/lpac profile delete 89000123456789012341
--- stdout ---
{"type":"lpa","payload":{"code":0,"message":"success","data":null}}
--- stderr ---
--- exit 0 ---
