iteration 110 2026-04-07T06:08:00.805277+00:00
$ /home/jhubuntu/pq-rsp-benchmarks/lpac/build/src/lpac profile download -s testsmdpplus1.example.com:8443 -m TS48v1_A
--- stdout ---
{"type":"progress","payload":{"code":0,"message":"es10b_get_euicc_challenge_and_info","data":"testsmdpplus1.example.com:8443"}}
{"type":"progress","payload":{"code":0,"message":"es9p_initiate_authentication","data":"testsmdpplus1.example.com:8443"}}
{"type":"progress","payload":{"code":0,"message":"es10b_authenticate_server","data":"testsmdpplus1.example.com:8443"}}
{"type":"progress","payload":{"code":0,"message":"es9p_authenticate_client","data":"testsmdpplus1.example.com:8443"}}
{"type":"progress","payload":{"code":0,"message":"es8p_metadata_parse","data":{"iccid":"89000123456789012341","serviceProviderName":"OsmocomSPN","profileName":"TS48v1_A","iconType":null,"icon":null,"profileClass":"operational"}}}
{"type":"progress","payload":{"code":0,"message":"es10b_prepare_download","data":"testsmdpplus1.example.com:8443"}}
{"type":"progress","payload":{"code":0,"message":"es9p_get_bound_profile_package","data":"testsmdpplus1.example.com:8443"}}
{"type":"progress","payload":{"code":0,"message":"es10b_load_bound_profile_package","data":"testsmdpplus1.example.com:8443"}}
{"type":"lpa","payload":{"code":0,"message":"success","data":{"seqNumber":1179,"iccid":"89000123456789012341","bppCommandId":"unknown","errorReason":"unknown"}}}
--- stderr ---
BENCH|BF2E|GetEuiccChallenge|5898|0
BENCH|BF20|GetEuiccInfo1|41735|0
BENCH|ES9P|/gsma/rsp2/es9plus/initiateAuthentication|14057|0
BENCH|BF38|AuthenticateServer|3134354|0
BENCH|ES9P|/gsma/rsp2/es9plus/authenticateClient|36281|0
BENCH|BF21|PrepareDownload|3740457|0
BENCH|ES9P|/gsma/rsp2/es9plus/getBoundProfilePackage|17575|0
BENCH|BF36|LoadBPP_seg0|1444339|0
BENCH|BF36|LoadBPP_seg1|61045|0
BENCH|BF36|LoadBPP_seg2|1761|0
BENCH|BF36|LoadBPP_seg3|93980|0
BENCH|BF36|LoadBPP_seg4|42014|0
BENCH|BF36|LoadBPP_seg5|1767|0
BENCH|BF36|LoadBPP_seg6|603013|0
BENCH|BF36|LoadBPP_seg7|803691|0
BENCH|BF36|LoadBPP_seg8|1892813|0
BENCH|BF36|LoadBPP_seg9|883729|0
BENCH|BF36|LoadBPP_seg10|634545|0
BENCH|BF36|LoadBPP_seg11|1580239|0
BENCH|BF36|LoadBPP_seg12|850593|0
BENCH|BF36|LoadBPP_seg13|867433|0
BENCH|BF36|LoadBPP_seg14|1835303|0
BENCH|BF36|LoadBPP_seg15|981158|0
BENCH|BF36|LoadBPP_seg16|966940|0
BENCH|BF36|LoadBPP_seg17|3775468|0
--- exit 0 ---
$ /home/jhubuntu/pq-rsp-benchmarks/lpac/build/src/lpac profile disable 89000123456789012341
--- stdout ---
{"type":"lpa","payload":{"code":-1,"message":"es10c_disable_profile","data":"profile not in enabled state"}}
--- stderr ---
--- exit 255 ---
$ /home/jhubuntu/pq-rsp-benchmarks/lpac/build/src/lpac profile delete 89000123456789012341
--- stdout ---
{"type":"lpa","payload":{"code":0,"message":"success","data":null}}
--- stderr ---
--- exit 0 ---
