iteration 23 2026-04-07T05:29:57.139353+00:00
$ /home/jhubuntu/pq-rsp-benchmarks/lpac/build/src/lpac profile download -s testsmdpplus1.example.com:8443 -m TS48v1_A
--- stdout ---
{"type":"progress","payload":{"code":0,"message":"es10b_get_euicc_challenge_and_info","data":"testsmdpplus1.example.com:8443"}}
{"type":"progress","payload":{"code":0,"message":"es9p_initiate_authentication","data":"testsmdpplus1.example.com:8443"}}
{"type":"progress","payload":{"code":0,"message":"es10b_authenticate_server","data":"testsmdpplus1.example.com:8443"}}
{"type":"progress","payload":{"code":0,"message":"es9p_authenticate_client","data":"testsmdpplus1.example.com:8443"}}
{"type":"progress","payload":{"code":0,"message":"es8p_metadata_parse","data":{"iccid":"89000123456789012341","serviceProviderName":"OsmocomSPN","profileName":"TS48v1_A","iconType":null,"icon":null,"profileClass":"operational"}}}
{"type":"progress","payload":{"code":0,"message":"es10b_prepare_download","data":"testsmdpplus1.example.com:8443"}}
{"type":"progress","payload":{"code":0,"message":"es9p_get_bound_profile_package","data":"testsmdpplus1.example.com:8443"}}
{"type":"progress","payload":{"code":0,"message":"es10b_load_bound_profile_package","data":"testsmdpplus1.example.com:8443"}}
{"type":"lpa","payload":{"code":0,"message":"success","data":{"seqNumber":1005,"iccid":"89000123456789012341","bppCommandId":"unknown","errorReason":"unknown"}}}
--- stderr ---
BENCH|BF2E|GetEuiccChallenge|5726|0
BENCH|BF20|GetEuiccInfo1|41241|0
BENCH|ES9P|/gsma/rsp2/es9plus/initiateAuthentication|4730|0
BENCH|BF38|AuthenticateServer|3104205|0
BENCH|ES9P|/gsma/rsp2/es9plus/authenticateClient|33802|0
BENCH|BF21|PrepareDownload|3747711|0
BENCH|ES9P|/gsma/rsp2/es9plus/getBoundProfilePackage|26148|0
BENCH|BF36|LoadBPP_seg0|1461368|0
BENCH|BF36|LoadBPP_seg1|63286|0
BENCH|BF36|LoadBPP_seg2|1855|0
BENCH|BF36|LoadBPP_seg3|1731393|0
BENCH|BF36|LoadBPP_seg4|42640|0
BENCH|BF36|LoadBPP_seg5|1562|0
BENCH|BF36|LoadBPP_seg6|599298|0
BENCH|BF36|LoadBPP_seg7|776696|0
BENCH|BF36|LoadBPP_seg8|829785|0
BENCH|BF36|LoadBPP_seg9|1457109|0
BENCH|BF36|LoadBPP_seg10|658528|0
BENCH|BF36|LoadBPP_seg11|826492|0
BENCH|BF36|LoadBPP_seg12|1783166|0
BENCH|BF36|LoadBPP_seg13|862823|0
BENCH|BF36|LoadBPP_seg14|909952|0
BENCH|BF36|LoadBPP_seg15|1923883|0
BENCH|BF36|LoadBPP_seg16|962901|0
BENCH|BF36|LoadBPP_seg17|3791091|0
--- exit 0 ---
$ /home/jhubuntu/pq-rsp-benchmarks/lpac/build/src/lpac profile disable 89000123456789012341
--- stdout ---
{"type":"lpa","payload":{"code":-1,"message":"es10c_disable_profile","data":"profile not in enabled state"}}
--- stderr ---
--- exit 255 ---
$ /home/jhubuntu/pq-rsp-benchmarks/lpac/build/src/lpac profile delete 89000123456789012341
--- stdout ---
{"type":"lpa","payload":{"code":0,"message":"success","data":null}}
--- stderr ---
--- exit 0 ---
