iteration 128 2026-04-07T06:15:46.181010+00:00
$ /home/jhubuntu/pq-rsp-benchmarks/lpac/build/src/lpac profile download -s testsmdpplus1.example.com:8443 -m TS48v1_A
--- stdout ---
{"type":"progress","payload":{"code":0,"message":"es10b_get_euicc_challenge_and_info","data":"testsmdpplus1.example.com:8443"}}
{"type":"progress","payload":{"code":0,"message":"es9p_initiate_authentication","data":"testsmdpplus1.example.com:8443"}}
{"type":"progress","payload":{"code":0,"message":"es10b_authenticate_server","data":"testsmdpplus1.example.com:8443"}}
{"type":"progress","payload":{"code":0,"message":"es9p_authenticate_client","data":"testsmdpplus1.example.com:8443"}}
{"type":"progress","payload":{"code":0,"message":"es8p_metadata_parse","data":{"iccid":"89000123456789012341","serviceProviderName":"OsmocomSPN","profileName":"TS48v1_A","iconType":null,"icon":null,"profileClass":"operational"}}}
{"type":"progress","payload":{"code":0,"message":"es10b_prepare_download","data":"testsmdpplus1.example.com:8443"}}
{"type":"progress","payload":{"code":0,"message":"es9p_get_bound_profile_package","data":"testsmdpplus1.example.com:8443"}}
{"type":"progress","payload":{"code":0,"message":"es10b_load_bound_profile_package","data":"testsmdpplus1.example.com:8443"}}
{"type":"lpa","payload":{"code":0,"message":"success","data":{"seqNumber":1215,"iccid":"89000123456789012341","bppCommandId":"unknown","errorReason":"unknown"}}}
--- stderr ---
BENCH|BF2E|GetEuiccChallenge|5827|0
BENCH|BF20|GetEuiccInfo1|41181|0
BENCH|ES9P|/gsma/rsp2/es9plus/initiateAuthentication|11251|0
BENCH|BF38|AuthenticateServer|3121982|0
BENCH|ES9P|/gsma/rsp2/es9plus/authenticateClient|25612|0
BENCH|BF21|PrepareDownload|3745716|0
BENCH|ES9P|/gsma/rsp2/es9plus/getBoundProfilePackage|18682|0
BENCH|BF36|LoadBPP_seg0|1455444|0
BENCH|BF36|LoadBPP_seg1|63119|0
BENCH|BF36|LoadBPP_seg2|1687|0
BENCH|BF36|LoadBPP_seg3|119989|0
BENCH|BF36|LoadBPP_seg4|43024|0
BENCH|BF36|LoadBPP_seg5|1786|0
BENCH|BF36|LoadBPP_seg6|2031829|0
BENCH|BF36|LoadBPP_seg7|776255|0
BENCH|BF36|LoadBPP_seg8|832029|0
BENCH|BF36|LoadBPP_seg9|1618340|0
BENCH|BF36|LoadBPP_seg10|657572|0
BENCH|BF36|LoadBPP_seg11|823472|0
BENCH|BF36|LoadBPP_seg12|847601|0
BENCH|BF36|LoadBPP_seg13|1797116|0
BENCH|BF36|LoadBPP_seg14|914254|0
BENCH|BF36|LoadBPP_seg15|2079701|0
BENCH|BF36|LoadBPP_seg16|960957|0
BENCH|BF36|LoadBPP_seg17|4111229|0
--- exit 0 ---
$ /home/jhubuntu/pq-rsp-benchmarks/lpac/build/src/lpac profile disable 89000123456789012341
--- stdout ---
{"type":"lpa","payload":{"code":-1,"message":"es10c_disable_profile","data":"profile not in enabled state"}}
--- stderr ---
--- exit 255 ---
$ /home/jhubuntu/pq-rsp-benchmarks/lpac/build/src/lpac profile delete 89000123456789012341
--- stdout ---
{"type":"lpa","payload":{"code":0,"message":"success","data":null}}
--- stderr ---
--- exit 0 ---
