iteration 125 2026-04-07T06:14:29.026706+00:00
$ /home/jhubuntu/pq-rsp-benchmarks/lpac/build/src/lpac profile download -s testsmdpplus1.example.com:8443 -m TS48v1_A
--- stdout ---
{"type":"progress","payload":{"code":0,"message":"es10b_get_euicc_challenge_and_info","data":"testsmdpplus1.example.com:8443"}}
{"type":"progress","payload":{"code":0,"message":"es9p_initiate_authentication","data":"testsmdpplus1.example.com:8443"}}
{"type":"progress","payload":{"code":0,"message":"es10b_authenticate_server","data":"testsmdpplus1.example.com:8443"}}
{"type":"progress","payload":{"code":0,"message":"es9p_authenticate_client","data":"testsmdpplus1.example.com:8443"}}
{"type":"progress","payload":{"code":0,"message":"es8p_metadata_parse","data":{"iccid":"89000123456789012341","serviceProviderName":"OsmocomSPN","profileName":"TS48v1_A","iconType":null,"icon":null,"profileClass":"operational"}}}
{"type":"progress","payload":{"code":0,"message":"es10b_prepare_download","data":"testsmdpplus1.example.com:8443"}}
{"type":"progress","payload":{"code":0,"message":"es9p_get_bound_profile_package","data":"testsmdpplus1.example.com:8443"}}
{"type":"progress","payload":{"code":0,"message":"es10b_load_bound_profile_package","data":"testsmdpplus1.example.com:8443"}}
{"type":"lpa","payload":{"code":0,"message":"success","data":{"seqNumber":1209,"iccid":"89000123456789012341","bppCommandId":"unknown","errorReason":"unknown"}}}
--- stderr ---
BENCH|BF2E|GetEuiccChallenge|6149|0
BENCH|BF20|GetEuiccInfo1|41497|0
BENCH|ES9P|/gsma/rsp2/es9plus/initiateAuthentication|14708|0
BENCH|BF38|AuthenticateServer|3132874|0
BENCH|ES9P|/gsma/rsp2/es9plus/authenticateClient|29586|0
BENCH|BF21|PrepareDownload|3729665|0
BENCH|ES9P|/gsma/rsp2/es9plus/getBoundProfilePackage|26238|0
BENCH|BF36|LoadBPP_seg0|1435531|0
BENCH|BF36|LoadBPP_seg1|61248|0
BENCH|BF36|LoadBPP_seg2|1581|0
BENCH|BF36|LoadBPP_seg3|92731|0
BENCH|BF36|LoadBPP_seg4|43043|0
BENCH|BF36|LoadBPP_seg5|1635|0
BENCH|BF36|LoadBPP_seg6|631063|0
BENCH|BF36|LoadBPP_seg7|2040372|0
BENCH|BF36|LoadBPP_seg8|835196|0
BENCH|BF36|LoadBPP_seg9|857882|0
BENCH|BF36|LoadBPP_seg10|1394774|0
BENCH|BF36|LoadBPP_seg11|826823|0
BENCH|BF36|LoadBPP_seg12|822346|0
BENCH|BF36|LoadBPP_seg13|1963702|0
BENCH|BF36|LoadBPP_seg14|886191|0
BENCH|BF36|LoadBPP_seg15|1004464|0
BENCH|BF36|LoadBPP_seg16|1836606|0
BENCH|BF36|LoadBPP_seg17|2715781|0
--- exit 0 ---
$ /home/jhubuntu/pq-rsp-benchmarks/lpac/build/src/lpac profile disable 89000123456789012341
--- stdout ---
{"type":"lpa","payload":{"code":-1,"message":"es10c_disable_profile","data":"profile not in enabled state"}}
--- stderr ---
--- exit 255 ---
$ /home/jhubuntu/pq-rsp-benchmarks/lpac/build/src/lpac profile delete 89000123456789012341
--- stdout ---
{"type":"lpa","payload":{"code":0,"message":"success","data":null}}
--- stderr ---
--- exit 0 ---
