iteration 116 2026-04-07T06:10:35.288129+00:00
$ /home/jhubuntu/pq-rsp-benchmarks/lpac/build/src/lpac profile download -s testsmdpplus1.example.com:8443 -m TS48v1_A
--- stdout ---
{"type":"progress","payload":{"code":0,"message":"es10b_get_euicc_challenge_and_info","data":"testsmdpplus1.example.com:8443"}}
{"type":"progress","payload":{"code":0,"message":"es9p_initiate_authentication","data":"testsmdpplus1.example.com:8443"}}
{"type":"progress","payload":{"code":0,"message":"es10b_authenticate_server","data":"testsmdpplus1.example.com:8443"}}
{"type":"progress","payload":{"code":0,"message":"es9p_authenticate_client","data":"testsmdpplus1.example.com:8443"}}
{"type":"progress","payload":{"code":0,"message":"es8p_metadata_parse","data":{"iccid":"89000123456789012341","serviceProviderName":"OsmocomSPN","profileName":"TS48v1_A","iconType":null,"icon":null,"profileClass":"operational"}}}
{"type":"progress","payload":{"code":0,"message":"es10b_prepare_download","data":"testsmdpplus1.example.com:8443"}}
{"type":"progress","payload":{"code":0,"message":"es9p_get_bound_profile_package","data":"testsmdpplus1.example.com:8443"}}
{"type":"progress","payload":{"code":0,"message":"es10b_load_bound_profile_package","data":"testsmdpplus1.example.com:8443"}}
{"type":"lpa","payload":{"code":0,"message":"success","data":{"seqNumber":1191,"iccid":"89000123456789012341","bppCommandId":"unknown","errorReason":"unknown"}}}
--- stderr ---
BENCH|BF2E|GetEuiccChallenge|5991|0
BENCH|BF20|GetEuiccInfo1|41458|0
BENCH|ES9P|/gsma/rsp2/es9plus/initiateAuthentication|14636|0
BENCH|BF38|AuthenticateServer|3095854|0
BENCH|ES9P|/gsma/rsp2/es9plus/authenticateClient|21978|0
BENCH|BF21|PrepareDownload|3764981|0
BENCH|ES9P|/gsma/rsp2/es9plus/getBoundProfilePackage|18177|0
BENCH|BF36|LoadBPP_seg0|1448284|0
BENCH|BF36|LoadBPP_seg1|63129|0
BENCH|BF36|LoadBPP_seg2|1693|0
BENCH|BF36|LoadBPP_seg3|93712|0
BENCH|BF36|LoadBPP_seg4|43198|0
BENCH|BF36|LoadBPP_seg5|1725|0
BENCH|BF36|LoadBPP_seg6|603569|0
BENCH|BF36|LoadBPP_seg7|2225461|0
BENCH|BF36|LoadBPP_seg8|807584|0
BENCH|BF36|LoadBPP_seg9|1641743|0
BENCH|BF36|LoadBPP_seg10|630577|0
BENCH|BF36|LoadBPP_seg11|826902|0
BENCH|BF36|LoadBPP_seg12|849087|0
BENCH|BF36|LoadBPP_seg13|1819957|0
BENCH|BF36|LoadBPP_seg14|881959|0
BENCH|BF36|LoadBPP_seg15|1905931|0
BENCH|BF36|LoadBPP_seg16|963777|0
BENCH|BF36|LoadBPP_seg17|4286519|0
--- exit 0 ---
$ /home/jhubuntu/pq-rsp-benchmarks/lpac/build/src/lpac profile disable 89000123456789012341
--- stdout ---
{"type":"lpa","payload":{"code":-1,"message":"es10c_disable_profile","data":"profile not in enabled state"}}
--- stderr ---
--- exit 255 ---
$ /home/jhubuntu/pq-rsp-benchmarks/lpac/build/src/lpac profile delete 89000123456789012341
--- stdout ---
{"type":"lpa","payload":{"code":0,"message":"success","data":null}}
--- stderr ---
--- exit 0 ---
