iteration 3 2026-04-07T05:21:19.234024+00:00
$ /home/jhubuntu/pq-rsp-benchmarks/lpac/build/src/lpac profile download -s testsmdpplus1.example.com:8443 -m TS48v1_A
--- stdout ---
{"type":"progress","payload":{"code":0,"message":"es10b_get_euicc_challenge_and_info","data":"testsmdpplus1.example.com:8443"}}
{"type":"progress","payload":{"code":0,"message":"es9p_initiate_authentication","data":"testsmdpplus1.example.com:8443"}}
{"type":"progress","payload":{"code":0,"message":"es10b_authenticate_server","data":"testsmdpplus1.example.com:8443"}}
{"type":"progress","payload":{"code":0,"message":"es9p_authenticate_client","data":"testsmdpplus1.example.com:8443"}}
{"type":"progress","payload":{"code":0,"message":"es8p_metadata_parse","data":{"iccid":"89000123456789012341","serviceProviderName":"OsmocomSPN","profileName":"TS48v1_A","iconType":null,"icon":null,"profileClass":"operational"}}}
{"type":"progress","payload":{"code":0,"message":"es10b_prepare_download","data":"testsmdpplus1.example.com:8443"}}
{"type":"progress","payload":{"code":0,"message":"es9p_get_bound_profile_package","data":"testsmdpplus1.example.com:8443"}}
{"type":"progress","payload":{"code":0,"message":"es10b_load_bound_profile_package","data":"testsmdpplus1.example.com:8443"}}
{"type":"lpa","payload":{"code":0,"message":"success","data":{"seqNumber":965,"iccid":"89000123456789012341","bppCommandId":"unknown","errorReason":"unknown"}}}
--- stderr ---
BENCH|BF2E|GetEuiccChallenge|5730|0
BENCH|BF20|GetEuiccInfo1|43450|0
BENCH|ES9P|/gsma/rsp2/es9plus/initiateAuthentication|8387|0
BENCH|BF38|AuthenticateServer|3127806|0
BENCH|ES9P|/gsma/rsp2/es9plus/authenticateClient|29829|0
BENCH|BF21|PrepareDownload|3751082|0
BENCH|ES9P|/gsma/rsp2/es9plus/getBoundProfilePackage|20801|0
BENCH|BF36|LoadBPP_seg0|1450685|0
BENCH|BF36|LoadBPP_seg1|60202|0
BENCH|BF36|LoadBPP_seg2|1579|0
BENCH|BF36|LoadBPP_seg3|92802|0
BENCH|BF36|LoadBPP_seg4|43292|0
BENCH|BF36|LoadBPP_seg5|1686|0
BENCH|BF36|LoadBPP_seg6|627000|0
BENCH|BF36|LoadBPP_seg7|2025896|0
BENCH|BF36|LoadBPP_seg8|832596|0
BENCH|BF36|LoadBPP_seg9|854134|0
BENCH|BF36|LoadBPP_seg10|633532|0
BENCH|BF36|LoadBPP_seg11|1594767|0
BENCH|BF36|LoadBPP_seg12|819144|0
BENCH|BF36|LoadBPP_seg13|888558|0
BENCH|BF36|LoadBPP_seg14|1794447|0
BENCH|BF36|LoadBPP_seg15|1006070|0
BENCH|BF36|LoadBPP_seg16|2025320|0
BENCH|BF36|LoadBPP_seg17|2694123|0
--- exit 0 ---
$ /home/jhubuntu/pq-rsp-benchmarks/lpac/build/src/lpac profile disable 89000123456789012341
--- stdout ---
{"type":"lpa","payload":{"code":-1,"message":"es10c_disable_profile","data":"profile not in enabled state"}}
--- stderr ---
--- exit 255 ---
$ /home/jhubuntu/pq-rsp-benchmarks/lpac/build/src/lpac profile delete 89000123456789012341
--- stdout ---
{"type":"lpa","payload":{"code":0,"message":"success","data":null}}
--- stderr ---
--- exit 0 ---
