iteration 61 2026-04-07T05:46:35.479342+00:00
$ /home/jhubuntu/pq-rsp-benchmarks/lpac/build/src/lpac profile download -s testsmdpplus1.example.com:8443 -m TS48v1_A
--- stdout ---
{"type":"progress","payload":{"code":0,"message":"es10b_get_euicc_challenge_and_info","data":"testsmdpplus1.example.com:8443"}}
{"type":"progress","payload":{"code":0,"message":"es9p_initiate_authentication","data":"testsmdpplus1.example.com:8443"}}
{"type":"progress","payload":{"code":0,"message":"es10b_authenticate_server","data":"testsmdpplus1.example.com:8443"}}
{"type":"progress","payload":{"code":0,"message":"es9p_authenticate_client","data":"testsmdpplus1.example.com:8443"}}
{"type":"progress","payload":{"code":0,"message":"es8p_metadata_parse","data":{"iccid":"89000123456789012341","serviceProviderName":"OsmocomSPN","profileName":"TS48v1_A","iconType":null,"icon":null,"profileClass":"operational"}}}
{"type":"progress","payload":{"code":0,"message":"es10b_prepare_download","data":"testsmdpplus1.example.com:8443"}}
{"type":"progress","payload":{"code":0,"message":"es9p_get_bound_profile_package","data":"testsmdpplus1.example.com:8443"}}
{"type":"progress","payload":{"code":0,"message":"es10b_load_bound_profile_package","data":"testsmdpplus1.example.com:8443"}}
{"type":"lpa","payload":{"code":0,"message":"success","data":{"seqNumber":1081,"iccid":"89000123456789012341","bppCommandId":"unknown","errorReason":"unknown"}}}
--- stderr ---
BENCH|BF2E|GetEuiccChallenge|5844|0
BENCH|BF20|GetEuiccInfo1|41283|0
BENCH|ES9P|/gsma/rsp2/es9plus/initiateAuthentication|13694|0
BENCH|BF38|AuthenticateServer|3116677|0
BENCH|ES9P|/gsma/rsp2/es9plus/authenticateClient|43288|0
BENCH|BF21|PrepareDownload|3753183|0
BENCH|ES9P|/gsma/rsp2/es9plus/getBoundProfilePackage|28726|0
BENCH|BF36|LoadBPP_seg0|1458973|0
BENCH|BF36|LoadBPP_seg1|61836|0
BENCH|BF36|LoadBPP_seg2|1606|0
BENCH|BF36|LoadBPP_seg3|92673|0
BENCH|BF36|LoadBPP_seg4|42701|0
BENCH|BF36|LoadBPP_seg5|1690|0
BENCH|BF36|LoadBPP_seg6|603296|0
BENCH|BF36|LoadBPP_seg7|2069216|0
BENCH|BF36|LoadBPP_seg8|806369|0
BENCH|BF36|LoadBPP_seg9|883812|0
BENCH|BF36|LoadBPP_seg10|1394293|0
BENCH|BF36|LoadBPP_seg11|827383|0
BENCH|BF36|LoadBPP_seg12|847743|0
BENCH|BF36|LoadBPP_seg13|1797249|0
BENCH|BF36|LoadBPP_seg14|914141|0
BENCH|BF36|LoadBPP_seg15|985428|0
BENCH|BF36|LoadBPP_seg16|1890402|0
BENCH|BF36|LoadBPP_seg17|2667563|0
--- exit 0 ---
$ /home/jhubuntu/pq-rsp-benchmarks/lpac/build/src/lpac profile disable 89000123456789012341
--- stdout ---
{"type":"lpa","payload":{"code":-1,"message":"es10c_disable_profile","data":"profile not in enabled state"}}
--- stderr ---
--- exit 255 ---
$ /home/jhubuntu/pq-rsp-benchmarks/lpac/build/src/lpac profile delete 89000123456789012341
--- stdout ---
{"type":"lpa","payload":{"code":0,"message":"success","data":null}}
--- stderr ---
--- exit 0 ---
