iteration 66 2026-04-07T05:48:43.741842+00:00
$ /home/jhubuntu/pq-rsp-benchmarks/lpac/build/src/lpac profile download -s testsmdpplus1.example.com:8443 -m TS48v1_A
--- stdout ---
{"type":"progress","payload":{"code":0,"message":"es10b_get_euicc_challenge_and_info","data":"testsmdpplus1.example.com:8443"}}
{"type":"progress","payload":{"code":0,"message":"es9p_initiate_authentication","data":"testsmdpplus1.example.com:8443"}}
{"type":"progress","payload":{"code":0,"message":"es10b_authenticate_server","data":"testsmdpplus1.example.com:8443"}}
{"type":"progress","payload":{"code":0,"message":"es9p_authenticate_client","data":"testsmdpplus1.example.com:8443"}}
{"type":"progress","payload":{"code":0,"message":"es8p_metadata_parse","data":{"iccid":"89000123456789012341","serviceProviderName":"OsmocomSPN","profileName":"TS48v1_A","iconType":null,"icon":null,"profileClass":"operational"}}}
{"type":"progress","payload":{"code":0,"message":"es10b_prepare_download","data":"testsmdpplus1.example.com:8443"}}
{"type":"progress","payload":{"code":0,"message":"es9p_get_bound_profile_package","data":"testsmdpplus1.example.com:8443"}}
{"type":"progress","payload":{"code":0,"message":"es10b_load_bound_profile_package","data":"testsmdpplus1.example.com:8443"}}
{"type":"lpa","payload":{"code":0,"message":"success","data":{"seqNumber":1091,"iccid":"89000123456789012341","bppCommandId":"unknown","errorReason":"unknown"}}}
--- stderr ---
BENCH|BF2E|GetEuiccChallenge|5616|0
BENCH|BF20|GetEuiccInfo1|41119|0
BENCH|ES9P|/gsma/rsp2/es9plus/initiateAuthentication|4850|0
BENCH|BF38|AuthenticateServer|3088334|0
BENCH|ES9P|/gsma/rsp2/es9plus/authenticateClient|24533|0
BENCH|BF21|PrepareDownload|3749982|0
BENCH|ES9P|/gsma/rsp2/es9plus/getBoundProfilePackage|17016|0
BENCH|BF36|LoadBPP_seg0|1430585|0
BENCH|BF36|LoadBPP_seg1|60794|0
BENCH|BF36|LoadBPP_seg2|1630|0
BENCH|BF36|LoadBPP_seg3|93373|0
BENCH|BF36|LoadBPP_seg4|42734|0
BENCH|BF36|LoadBPP_seg5|1597|0
BENCH|BF36|LoadBPP_seg6|627111|0
BENCH|BF36|LoadBPP_seg7|776354|0
BENCH|BF36|LoadBPP_seg8|1921194|0
BENCH|BF36|LoadBPP_seg9|854300|0
BENCH|BF36|LoadBPP_seg10|631409|0
BENCH|BF36|LoadBPP_seg11|1609390|0
BENCH|BF36|LoadBPP_seg12|821106|0
BENCH|BF36|LoadBPP_seg13|888810|0
BENCH|BF36|LoadBPP_seg14|1810535|0
BENCH|BF36|LoadBPP_seg15|1003980|0
BENCH|BF36|LoadBPP_seg16|940160|0
BENCH|BF36|LoadBPP_seg17|3806033|0
--- exit 0 ---
$ /home/jhubuntu/pq-rsp-benchmarks/lpac/build/src/lpac profile disable 89000123456789012341
--- stdout ---
{"type":"lpa","payload":{"code":-1,"message":"es10c_disable_profile","data":"profile not in enabled state"}}
--- stderr ---
--- exit 255 ---
$ /home/jhubuntu/pq-rsp-benchmarks/lpac/build/src/lpac profile delete 89000123456789012341
--- stdout ---
{"type":"lpa","payload":{"code":0,"message":"success","data":null}}
--- stderr ---
--- exit 0 ---
