iteration 140 2026-04-07T06:20:57.630449+00:00
$ /home/jhubuntu/pq-rsp-benchmarks/lpac/build/src/lpac profile download -s testsmdpplus1.example.com:8443 -m TS48v1_A
--- stdout ---
{"type":"progress","payload":{"code":0,"message":"es10b_get_euicc_challenge_and_info","data":"testsmdpplus1.example.com:8443"}}
{"type":"progress","payload":{"code":0,"message":"es9p_initiate_authentication","data":"testsmdpplus1.example.com:8443"}}
{"type":"progress","payload":{"code":0,"message":"es10b_authenticate_server","data":"testsmdpplus1.example.com:8443"}}
{"type":"progress","payload":{"code":0,"message":"es9p_authenticate_client","data":"testsmdpplus1.example.com:8443"}}
{"type":"progress","payload":{"code":0,"message":"es8p_metadata_parse","data":{"iccid":"89000123456789012341","serviceProviderName":"OsmocomSPN","profileName":"TS48v1_A","iconType":null,"icon":null,"profileClass":"operational"}}}
{"type":"progress","payload":{"code":0,"message":"es10b_prepare_download","data":"testsmdpplus1.example.com:8443"}}
{"type":"progress","payload":{"code":0,"message":"es9p_get_bound_profile_package","data":"testsmdpplus1.example.com:8443"}}
{"type":"progress","payload":{"code":0,"message":"es10b_load_bound_profile_package","data":"testsmdpplus1.example.com:8443"}}
{"type":"lpa","payload":{"code":0,"message":"success","data":{"seqNumber":1239,"iccid":"89000123456789012341","bppCommandId":"unknown","errorReason":"unknown"}}}
--- stderr ---
BENCH|BF2E|GetEuiccChallenge|6063|0
BENCH|BF20|GetEuiccInfo1|41174|0
BENCH|ES9P|/gsma/rsp2/es9plus/initiateAuthentication|14078|0
BENCH|BF38|AuthenticateServer|3128926|0
BENCH|ES9P|/gsma/rsp2/es9plus/authenticateClient|31237|0
BENCH|BF21|PrepareDownload|3761508|0
BENCH|ES9P|/gsma/rsp2/es9plus/getBoundProfilePackage|18444|0
BENCH|BF36|LoadBPP_seg0|1449854|0
BENCH|BF36|LoadBPP_seg1|63300|0
BENCH|BF36|LoadBPP_seg2|1877|0
BENCH|BF36|LoadBPP_seg3|93673|0
BENCH|BF36|LoadBPP_seg4|43803|0
BENCH|BF36|LoadBPP_seg5|1982|0
BENCH|BF36|LoadBPP_seg6|604812|0
BENCH|BF36|LoadBPP_seg7|2239916|0
BENCH|BF36|LoadBPP_seg8|803463|0
BENCH|BF36|LoadBPP_seg9|1650368|0
BENCH|BF36|LoadBPP_seg10|631944|0
BENCH|BF36|LoadBPP_seg11|856248|0
BENCH|BF36|LoadBPP_seg12|826286|0
BENCH|BF36|LoadBPP_seg13|1828018|0
BENCH|BF36|LoadBPP_seg14|886603|0
BENCH|BF36|LoadBPP_seg15|1942790|0
BENCH|BF36|LoadBPP_seg16|935825|0
BENCH|BF36|LoadBPP_seg17|4153551|0
--- exit 0 ---
$ /home/jhubuntu/pq-rsp-benchmarks/lpac/build/src/lpac profile disable 89000123456789012341
--- stdout ---
{"type":"lpa","payload":{"code":-1,"message":"es10c_disable_profile","data":"profile not in enabled state"}}
--- stderr ---
--- exit 255 ---
$ /home/jhubuntu/pq-rsp-benchmarks/lpac/build/src/lpac profile delete 89000123456789012341
--- stdout ---
{"type":"lpa","payload":{"code":0,"message":"success","data":null}}
--- stderr ---
--- exit 0 ---
