iteration 119 2026-04-07T06:11:52.928466+00:00
$ /home/jhubuntu/pq-rsp-benchmarks/lpac/build/src/lpac profile download -s testsmdpplus1.example.com:8443 -m TS48v1_A
--- stdout ---
{"type":"progress","payload":{"code":0,"message":"es10b_get_euicc_challenge_and_info","data":"testsmdpplus1.example.com:8443"}}
{"type":"progress","payload":{"code":0,"message":"es9p_initiate_authentication","data":"testsmdpplus1.example.com:8443"}}
{"type":"progress","payload":{"code":0,"message":"es10b_authenticate_server","data":"testsmdpplus1.example.com:8443"}}
{"type":"progress","payload":{"code":0,"message":"es9p_authenticate_client","data":"testsmdpplus1.example.com:8443"}}
{"type":"progress","payload":{"code":0,"message":"es8p_metadata_parse","data":{"iccid":"89000123456789012341","serviceProviderName":"OsmocomSPN","profileName":"TS48v1_A","iconType":null,"icon":null,"profileClass":"operational"}}}
{"type":"progress","payload":{"code":0,"message":"es10b_prepare_download","data":"testsmdpplus1.example.com:8443"}}
{"type":"progress","payload":{"code":0,"message":"es9p_get_bound_profile_package","data":"testsmdpplus1.example.com:8443"}}
{"type":"progress","payload":{"code":0,"message":"es10b_load_bound_profile_package","data":"testsmdpplus1.example.com:8443"}}
{"type":"lpa","payload":{"code":0,"message":"success","data":{"seqNumber":1197,"iccid":"89000123456789012341","bppCommandId":"unknown","errorReason":"unknown"}}}
--- stderr ---
BENCH|BF2E|GetEuiccChallenge|6347|0
BENCH|BF20|GetEuiccInfo1|41523|0
BENCH|ES9P|/gsma/rsp2/es9plus/initiateAuthentication|14719|0
BENCH|BF38|AuthenticateServer|3108467|0
BENCH|ES9P|/gsma/rsp2/es9plus/authenticateClient|37400|0
BENCH|BF21|PrepareDownload|3760743|0
BENCH|ES9P|/gsma/rsp2/es9plus/getBoundProfilePackage|27831|0
BENCH|BF36|LoadBPP_seg0|1449090|0
BENCH|BF36|LoadBPP_seg1|63040|0
BENCH|BF36|LoadBPP_seg2|1762|0
BENCH|BF36|LoadBPP_seg3|93588|0
BENCH|BF36|LoadBPP_seg4|1663251|0
BENCH|BF36|LoadBPP_seg5|1971|0
BENCH|BF36|LoadBPP_seg6|603627|0
BENCH|BF36|LoadBPP_seg7|800978|0
BENCH|BF36|LoadBPP_seg8|806949|0
BENCH|BF36|LoadBPP_seg9|1471486|0
BENCH|BF36|LoadBPP_seg10|629905|0
BENCH|BF36|LoadBPP_seg11|853637|0
BENCH|BF36|LoadBPP_seg12|1717087|0
BENCH|BF36|LoadBPP_seg13|889443|0
BENCH|BF36|LoadBPP_seg14|885347|0
BENCH|BF36|LoadBPP_seg15|1906818|0
BENCH|BF36|LoadBPP_seg16|943471|0
BENCH|BF36|LoadBPP_seg17|3781498|0
--- exit 0 ---
$ /home/jhubuntu/pq-rsp-benchmarks/lpac/build/src/lpac profile disable 89000123456789012341
--- stdout ---
{"type":"lpa","payload":{"code":-1,"message":"es10c_disable_profile","data":"profile not in enabled state"}}
--- stderr ---
--- exit 255 ---
$ /home/jhubuntu/pq-rsp-benchmarks/lpac/build/src/lpac profile delete 89000123456789012341
--- stdout ---
{"type":"lpa","payload":{"code":0,"message":"success","data":null}}
--- stderr ---
--- exit 0 ---
