iteration 34 2026-04-07T05:34:41.064113+00:00
$ /home/jhubuntu/pq-rsp-benchmarks/lpac/build/src/lpac profile download -s testsmdpplus1.example.com:8443 -m TS48v1_A
--- stdout ---
{"type":"progress","payload":{"code":0,"message":"es10b_get_euicc_challenge_and_info","data":"testsmdpplus1.example.com:8443"}}
{"type":"progress","payload":{"code":0,"message":"es9p_initiate_authentication","data":"testsmdpplus1.example.com:8443"}}
{"type":"progress","payload":{"code":0,"message":"es10b_authenticate_server","data":"testsmdpplus1.example.com:8443"}}
{"type":"progress","payload":{"code":0,"message":"es9p_authenticate_client","data":"testsmdpplus1.example.com:8443"}}
{"type":"progress","payload":{"code":0,"message":"es8p_metadata_parse","data":{"iccid":"89000123456789012341","serviceProviderName":"OsmocomSPN","profileName":"TS48v1_A","iconType":null,"icon":null,"profileClass":"operational"}}}
{"type":"progress","payload":{"code":0,"message":"es10b_prepare_download","data":"testsmdpplus1.example.com:8443"}}
{"type":"progress","payload":{"code":0,"message":"es9p_get_bound_profile_package","data":"testsmdpplus1.example.com:8443"}}
{"type":"progress","payload":{"code":0,"message":"es10b_load_bound_profile_package","data":"testsmdpplus1.example.com:8443"}}
{"type":"lpa","payload":{"code":0,"message":"success","data":{"seqNumber":1027,"iccid":"89000123456789012341","bppCommandId":"unknown","errorReason":"unknown"}}}
--- stderr ---
BENCH|BF2E|GetEuiccChallenge|5665|0
BENCH|BF20|GetEuiccInfo1|41174|0
BENCH|ES9P|/gsma/rsp2/es9plus/initiateAuthentication|3999|0
BENCH|BF38|AuthenticateServer|3113463|0
BENCH|ES9P|/gsma/rsp2/es9plus/authenticateClient|21985|0
BENCH|BF21|PrepareDownload|3698703|0
BENCH|ES9P|/gsma/rsp2/es9plus/getBoundProfilePackage|10796|0
BENCH|BF36|LoadBPP_seg0|1434128|0
BENCH|BF36|LoadBPP_seg1|60256|0
BENCH|BF36|LoadBPP_seg2|1515|0
BENCH|BF36|LoadBPP_seg3|93343|0
BENCH|BF36|LoadBPP_seg4|43313|0
BENCH|BF36|LoadBPP_seg5|1589|0
BENCH|BF36|LoadBPP_seg6|627606|0
BENCH|BF36|LoadBPP_seg7|776240|0
BENCH|BF36|LoadBPP_seg8|1770144|0
BENCH|BF36|LoadBPP_seg9|856883|0
BENCH|BF36|LoadBPP_seg10|657215|0
BENCH|BF36|LoadBPP_seg11|1596581|0
BENCH|BF36|LoadBPP_seg12|818604|0
BENCH|BF36|LoadBPP_seg13|885620|0
BENCH|BF36|LoadBPP_seg14|1823099|0
BENCH|BF36|LoadBPP_seg15|1007440|0
BENCH|BF36|LoadBPP_seg16|938511|0
BENCH|BF36|LoadBPP_seg17|3796338|0
--- exit 0 ---
$ /home/jhubuntu/pq-rsp-benchmarks/lpac/build/src/lpac profile disable 89000123456789012341
--- stdout ---
{"type":"lpa","payload":{"code":-1,"message":"es10c_disable_profile","data":"profile not in enabled state"}}
--- stderr ---
--- exit 255 ---
$ /home/jhubuntu/pq-rsp-benchmarks/lpac/build/src/lpac profile delete 89000123456789012341
--- stdout ---
{"type":"lpa","payload":{"code":0,"message":"success","data":null}}
--- stderr ---
--- exit 0 ---
