iteration 121 2026-04-07T06:12:45.288150+00:00
$ /home/jhubuntu/pq-rsp-benchmarks/lpac/build/src/lpac profile download -s testsmdpplus1.example.com:8443 -m TS48v1_A
--- stdout ---
{"type":"progress","payload":{"code":0,"message":"es10b_get_euicc_challenge_and_info","data":"testsmdpplus1.example.com:8443"}}
{"type":"progress","payload":{"code":0,"message":"es9p_initiate_authentication","data":"testsmdpplus1.example.com:8443"}}
{"type":"progress","payload":{"code":0,"message":"es10b_authenticate_server","data":"testsmdpplus1.example.com:8443"}}
{"type":"progress","payload":{"code":0,"message":"es9p_authenticate_client","data":"testsmdpplus1.example.com:8443"}}
{"type":"progress","payload":{"code":0,"message":"es8p_metadata_parse","data":{"iccid":"89000123456789012341","serviceProviderName":"OsmocomSPN","profileName":"TS48v1_A","iconType":null,"icon":null,"profileClass":"operational"}}}
{"type":"progress","payload":{"code":0,"message":"es10b_prepare_download","data":"testsmdpplus1.example.com:8443"}}
{"type":"progress","payload":{"code":0,"message":"es9p_get_bound_profile_package","data":"testsmdpplus1.example.com:8443"}}
{"type":"progress","payload":{"code":0,"message":"es10b_load_bound_profile_package","data":"testsmdpplus1.example.com:8443"}}
{"type":"lpa","payload":{"code":0,"message":"success","data":{"seqNumber":1201,"iccid":"89000123456789012341","bppCommandId":"unknown","errorReason":"unknown"}}}
--- stderr ---
BENCH|BF2E|GetEuiccChallenge|6514|0
BENCH|BF20|GetEuiccInfo1|41545|0
BENCH|ES9P|/gsma/rsp2/es9plus/initiateAuthentication|13976|0
BENCH|BF38|AuthenticateServer|3132063|0
BENCH|ES9P|/gsma/rsp2/es9plus/authenticateClient|34816|0
BENCH|BF21|PrepareDownload|3756695|0
BENCH|ES9P|/gsma/rsp2/es9plus/getBoundProfilePackage|40382|0
BENCH|BF36|LoadBPP_seg0|1463787|0
BENCH|BF36|LoadBPP_seg1|61227|0
BENCH|BF36|LoadBPP_seg2|1985|0
BENCH|BF36|LoadBPP_seg3|120017|0
BENCH|BF36|LoadBPP_seg4|43361|0
BENCH|BF36|LoadBPP_seg5|1969|0
BENCH|BF36|LoadBPP_seg6|606374|0
BENCH|BF36|LoadBPP_seg7|2029514|0
BENCH|BF36|LoadBPP_seg8|831363|0
BENCH|BF36|LoadBPP_seg9|855655|0
BENCH|BF36|LoadBPP_seg10|1409033|0
BENCH|BF36|LoadBPP_seg11|829183|0
BENCH|BF36|LoadBPP_seg12|851302|0
BENCH|BF36|LoadBPP_seg13|1784580|0
BENCH|BF36|LoadBPP_seg14|908821|0
BENCH|BF36|LoadBPP_seg15|985007|0
BENCH|BF36|LoadBPP_seg16|1878327|0
BENCH|BF36|LoadBPP_seg17|2679129|0
--- exit 0 ---
$ /home/jhubuntu/pq-rsp-benchmarks/lpac/build/src/lpac profile disable 89000123456789012341
--- stdout ---
{"type":"lpa","payload":{"code":-1,"message":"es10c_disable_profile","data":"profile not in enabled state"}}
--- stderr ---
--- exit 255 ---
$ /home/jhubuntu/pq-rsp-benchmarks/lpac/build/src/lpac profile delete 89000123456789012341
--- stdout ---
{"type":"lpa","payload":{"code":0,"message":"success","data":null}}
--- stderr ---
--- exit 0 ---
