iteration 21 2026-04-07T05:29:06.018121+00:00
$ /home/jhubuntu/pq-rsp-benchmarks/lpac/build/src/lpac profile download -s testsmdpplus1.example.com:8443 -m TS48v1_A
--- stdout ---
{"type":"progress","payload":{"code":0,"message":"es10b_get_euicc_challenge_and_info","data":"testsmdpplus1.example.com:8443"}}
{"type":"progress","payload":{"code":0,"message":"es9p_initiate_authentication","data":"testsmdpplus1.example.com:8443"}}
{"type":"progress","payload":{"code":0,"message":"es10b_authenticate_server","data":"testsmdpplus1.example.com:8443"}}
{"type":"progress","payload":{"code":0,"message":"es9p_authenticate_client","data":"testsmdpplus1.example.com:8443"}}
{"type":"progress","payload":{"code":0,"message":"es8p_metadata_parse","data":{"iccid":"89000123456789012341","serviceProviderName":"OsmocomSPN","profileName":"TS48v1_A","iconType":null,"icon":null,"profileClass":"operational"}}}
{"type":"progress","payload":{"code":0,"message":"es10b_prepare_download","data":"testsmdpplus1.example.com:8443"}}
{"type":"progress","payload":{"code":0,"message":"es9p_get_bound_profile_package","data":"testsmdpplus1.example.com:8443"}}
{"type":"progress","payload":{"code":0,"message":"es10b_load_bound_profile_package","data":"testsmdpplus1.example.com:8443"}}
{"type":"lpa","payload":{"code":0,"message":"success","data":{"seqNumber":1001,"iccid":"89000123456789012341","bppCommandId":"unknown","errorReason":"unknown"}}}
--- stderr ---
BENCH|BF2E|GetEuiccChallenge|6187|0
BENCH|BF20|GetEuiccInfo1|41887|0
BENCH|ES9P|/gsma/rsp2/es9plus/initiateAuthentication|17929|0
BENCH|BF38|AuthenticateServer|3128233|0
BENCH|ES9P|/gsma/rsp2/es9plus/authenticateClient|27532|0
BENCH|BF21|PrepareDownload|3753563|0
BENCH|ES9P|/gsma/rsp2/es9plus/getBoundProfilePackage|23475|0
BENCH|BF36|LoadBPP_seg0|1468058|0
BENCH|BF36|LoadBPP_seg1|61569|0
BENCH|BF36|LoadBPP_seg2|1555|0
BENCH|BF36|LoadBPP_seg3|93123|0
BENCH|BF36|LoadBPP_seg4|43981|0
BENCH|BF36|LoadBPP_seg5|1609|0
BENCH|BF36|LoadBPP_seg6|603566|0
BENCH|BF36|LoadBPP_seg7|2059979|0
BENCH|BF36|LoadBPP_seg8|808542|0
BENCH|BF36|LoadBPP_seg9|883397|0
BENCH|BF36|LoadBPP_seg10|1386505|0
BENCH|BF36|LoadBPP_seg11|850676|0
BENCH|BF36|LoadBPP_seg12|821179|0
BENCH|BF36|LoadBPP_seg13|1817253|0
BENCH|BF36|LoadBPP_seg14|885469|0
BENCH|BF36|LoadBPP_seg15|1004865|0
BENCH|BF36|LoadBPP_seg16|1858280|0
BENCH|BF36|LoadBPP_seg17|2711524|0
--- exit 0 ---
$ /home/jhubuntu/pq-rsp-benchmarks/lpac/build/src/lpac profile disable 89000123456789012341
--- stdout ---
{"type":"lpa","payload":{"code":-1,"message":"es10c_disable_profile","data":"profile not in enabled state"}}
--- stderr ---
--- exit 255 ---
$ /home/jhubuntu/pq-rsp-benchmarks/lpac/build/src/lpac profile delete 89000123456789012341
--- stdout ---
{"type":"lpa","payload":{"code":0,"message":"success","data":null}}
--- stderr ---
--- exit 0 ---
