iteration 171 2026-04-07T06:34:36.387532+00:00
$ /home/jhubuntu/pq-rsp-benchmarks/lpac/build/src/lpac profile download -s testsmdpplus1.example.com:8443 -m TS48v1_A
--- stdout ---
{"type":"progress","payload":{"code":0,"message":"es10b_get_euicc_challenge_and_info","data":"testsmdpplus1.example.com:8443"}}
{"type":"progress","payload":{"code":0,"message":"es9p_initiate_authentication","data":"testsmdpplus1.example.com:8443"}}
{"type":"progress","payload":{"code":0,"message":"es10b_authenticate_server","data":"testsmdpplus1.example.com:8443"}}
{"type":"progress","payload":{"code":0,"message":"es9p_authenticate_client","data":"testsmdpplus1.example.com:8443"}}
{"type":"progress","payload":{"code":0,"message":"es8p_metadata_parse","data":{"iccid":"89000123456789012341","serviceProviderName":"OsmocomSPN","profileName":"TS48v1_A","iconType":null,"icon":null,"profileClass":"operational"}}}
{"type":"progress","payload":{"code":0,"message":"es10b_prepare_download","data":"testsmdpplus1.example.com:8443"}}
{"type":"progress","payload":{"code":0,"message":"es9p_get_bound_profile_package","data":"testsmdpplus1.example.com:8443"}}
{"type":"progress","payload":{"code":0,"message":"es10b_load_bound_profile_package","data":"testsmdpplus1.example.com:8443"}}
{"type":"lpa","payload":{"code":0,"message":"success","data":{"seqNumber":1301,"iccid":"89000123456789012341","bppCommandId":"unknown","errorReason":"unknown"}}}
--- stderr ---
BENCH|BF2E|GetEuiccChallenge|6032|0
BENCH|BF20|GetEuiccInfo1|41746|0
BENCH|ES9P|/gsma/rsp2/es9plus/initiateAuthentication|16380|0
BENCH|BF38|AuthenticateServer|3123762|0
BENCH|ES9P|/gsma/rsp2/es9plus/authenticateClient|37750|0
BENCH|BF21|PrepareDownload|3743191|0
BENCH|ES9P|/gsma/rsp2/es9plus/getBoundProfilePackage|23566|0
BENCH|BF36|LoadBPP_seg0|1440600|0
BENCH|BF36|LoadBPP_seg1|63369|0
BENCH|BF36|LoadBPP_seg2|1803|0
BENCH|BF36|LoadBPP_seg3|94248|0
BENCH|BF36|LoadBPP_seg4|1455561|0
BENCH|BF36|LoadBPP_seg5|1814|0
BENCH|BF36|LoadBPP_seg6|630072|0
BENCH|BF36|LoadBPP_seg7|777361|0
BENCH|BF36|LoadBPP_seg8|832281|0
BENCH|BF36|LoadBPP_seg9|1431766|0
BENCH|BF36|LoadBPP_seg10|631978|0
BENCH|BF36|LoadBPP_seg11|850946|0
BENCH|BF36|LoadBPP_seg12|1898198|0
BENCH|BF36|LoadBPP_seg13|891999|0
BENCH|BF36|LoadBPP_seg14|887438|0
BENCH|BF36|LoadBPP_seg15|1922761|0
BENCH|BF36|LoadBPP_seg16|937163|0
BENCH|BF36|LoadBPP_seg17|3778651|0
--- exit 0 ---
$ /home/jhubuntu/pq-rsp-benchmarks/lpac/build/src/lpac profile disable 89000123456789012341
--- stdout ---
{"type":"lpa","payload":{"code":-1,"message":"es10c_disable_profile","data":"profile not in enabled state"}}
--- stderr ---
--- exit 255 ---
$ /home/jhubuntu/pq-rsp-benchmarks/lpac/build/src/lpac profile delete 89000123456789012341
--- stdout ---
{"type":"lpa","payload":{"code":0,"message":"success","data":null}}
--- stderr ---
--- exit 0 ---
