iteration 143 2026-04-07T06:22:15.288170+00:00
$ /home/jhubuntu/pq-rsp-benchmarks/lpac/build/src/lpac profile download -s testsmdpplus1.example.com:8443 -m TS48v1_A
--- stdout ---
{"type":"progress","payload":{"code":0,"message":"es10b_get_euicc_challenge_and_info","data":"testsmdpplus1.example.com:8443"}}
{"type":"progress","payload":{"code":0,"message":"es9p_initiate_authentication","data":"testsmdpplus1.example.com:8443"}}
{"type":"progress","payload":{"code":0,"message":"es10b_authenticate_server","data":"testsmdpplus1.example.com:8443"}}
{"type":"progress","payload":{"code":0,"message":"es9p_authenticate_client","data":"testsmdpplus1.example.com:8443"}}
{"type":"progress","payload":{"code":0,"message":"es8p_metadata_parse","data":{"iccid":"89000123456789012341","serviceProviderName":"OsmocomSPN","profileName":"TS48v1_A","iconType":null,"icon":null,"profileClass":"operational"}}}
{"type":"progress","payload":{"code":0,"message":"es10b_prepare_download","data":"testsmdpplus1.example.com:8443"}}
{"type":"progress","payload":{"code":0,"message":"es9p_get_bound_profile_package","data":"testsmdpplus1.example.com:8443"}}
{"type":"progress","payload":{"code":0,"message":"es10b_load_bound_profile_package","data":"testsmdpplus1.example.com:8443"}}
{"type":"lpa","payload":{"code":0,"message":"success","data":{"seqNumber":1245,"iccid":"89000123456789012341","bppCommandId":"unknown","errorReason":"unknown"}}}
--- stderr ---
BENCH|BF2E|GetEuiccChallenge|5754|0
BENCH|BF20|GetEuiccInfo1|41304|0
BENCH|ES9P|/gsma/rsp2/es9plus/initiateAuthentication|14349|0
BENCH|BF38|AuthenticateServer|3112767|0
BENCH|ES9P|/gsma/rsp2/es9plus/authenticateClient|38598|0
BENCH|BF21|PrepareDownload|3744259|0
BENCH|ES9P|/gsma/rsp2/es9plus/getBoundProfilePackage|28152|0
BENCH|BF36|LoadBPP_seg0|1451087|0
BENCH|BF36|LoadBPP_seg1|63100|0
BENCH|BF36|LoadBPP_seg2|1922|0
BENCH|BF36|LoadBPP_seg3|93581|0
BENCH|BF36|LoadBPP_seg4|1456635|0
BENCH|BF36|LoadBPP_seg5|1806|0
BENCH|BF36|LoadBPP_seg6|627669|0
BENCH|BF36|LoadBPP_seg7|774160|0
BENCH|BF36|LoadBPP_seg8|834055|0
BENCH|BF36|LoadBPP_seg9|1431621|0
BENCH|BF36|LoadBPP_seg10|635079|0
BENCH|BF36|LoadBPP_seg11|852138|0
BENCH|BF36|LoadBPP_seg12|1727983|0
BENCH|BF36|LoadBPP_seg13|889233|0
BENCH|BF36|LoadBPP_seg14|884816|0
BENCH|BF36|LoadBPP_seg15|1919804|0
BENCH|BF36|LoadBPP_seg16|940359|0
BENCH|BF36|LoadBPP_seg17|3799490|0
--- exit 0 ---
$ /home/jhubuntu/pq-rsp-benchmarks/lpac/build/src/lpac profile disable 89000123456789012341
--- stdout ---
{"type":"lpa","payload":{"code":-1,"message":"es10c_disable_profile","data":"profile not in enabled state"}}
--- stderr ---
--- exit 255 ---
$ /home/jhubuntu/pq-rsp-benchmarks/lpac/build/src/lpac profile delete 89000123456789012341
--- stdout ---
{"type":"lpa","payload":{"code":0,"message":"success","data":null}}
--- stderr ---
--- exit 0 ---
