iteration 89 2026-04-07T05:58:40.664316+00:00
$ /home/jhubuntu/pq-rsp-benchmarks/lpac/build/src/lpac profile download -s testsmdpplus1.example.com:8443 -m TS48v1_A
--- stdout ---
{"type":"progress","payload":{"code":0,"message":"es10b_get_euicc_challenge_and_info","data":"testsmdpplus1.example.com:8443"}}
{"type":"progress","payload":{"code":0,"message":"es9p_initiate_authentication","data":"testsmdpplus1.example.com:8443"}}
{"type":"progress","payload":{"code":0,"message":"es10b_authenticate_server","data":"testsmdpplus1.example.com:8443"}}
{"type":"progress","payload":{"code":0,"message":"es9p_authenticate_client","data":"testsmdpplus1.example.com:8443"}}
{"type":"progress","payload":{"code":0,"message":"es8p_metadata_parse","data":{"iccid":"89000123456789012341","serviceProviderName":"OsmocomSPN","profileName":"TS48v1_A","iconType":null,"icon":null,"profileClass":"operational"}}}
{"type":"progress","payload":{"code":0,"message":"es10b_prepare_download","data":"testsmdpplus1.example.com:8443"}}
{"type":"progress","payload":{"code":0,"message":"es9p_get_bound_profile_package","data":"testsmdpplus1.example.com:8443"}}
{"type":"progress","payload":{"code":0,"message":"es10b_load_bound_profile_package","data":"testsmdpplus1.example.com:8443"}}
{"type":"lpa","payload":{"code":0,"message":"success","data":{"seqNumber":1137,"iccid":"89000123456789012341","bppCommandId":"unknown","errorReason":"unknown"}}}
--- stderr ---
BENCH|BF2E|GetEuiccChallenge|5713|0
BENCH|BF20|GetEuiccInfo1|41425|0
BENCH|ES9P|/gsma/rsp2/es9plus/initiateAuthentication|14421|0
BENCH|BF38|AuthenticateServer|3117527|0
BENCH|ES9P|/gsma/rsp2/es9plus/authenticateClient|32799|0
BENCH|BF21|PrepareDownload|3758057|0
BENCH|ES9P|/gsma/rsp2/es9plus/getBoundProfilePackage|17489|0
BENCH|BF36|LoadBPP_seg0|1444796|0
BENCH|BF36|LoadBPP_seg1|61733|0
BENCH|BF36|LoadBPP_seg2|1840|0
BENCH|BF36|LoadBPP_seg3|93493|0
BENCH|BF36|LoadBPP_seg4|42815|0
BENCH|BF36|LoadBPP_seg5|1970|0
BENCH|BF36|LoadBPP_seg6|605019|0
BENCH|BF36|LoadBPP_seg7|2067375|0
BENCH|BF36|LoadBPP_seg8|807583|0
BENCH|BF36|LoadBPP_seg9|886127|0
BENCH|BF36|LoadBPP_seg10|1399999|0
BENCH|BF36|LoadBPP_seg11|826124|0
BENCH|BF36|LoadBPP_seg12|851035|0
BENCH|BF36|LoadBPP_seg13|1799454|0
BENCH|BF36|LoadBPP_seg14|913981|0
BENCH|BF36|LoadBPP_seg15|981779|0
BENCH|BF36|LoadBPP_seg16|1892311|0
BENCH|BF36|LoadBPP_seg17|2689257|0
--- exit 0 ---
$ /home/jhubuntu/pq-rsp-benchmarks/lpac/build/src/lpac profile disable 89000123456789012341
--- stdout ---
{"type":"lpa","payload":{"code":-1,"message":"es10c_disable_profile","data":"profile not in enabled state"}}
--- stderr ---
--- exit 255 ---
$ /home/jhubuntu/pq-rsp-benchmarks/lpac/build/src/lpac profile delete 89000123456789012341
--- stdout ---
{"type":"lpa","payload":{"code":0,"message":"success","data":null}}
--- stderr ---
--- exit 0 ---
