iteration 149 2026-04-07T06:24:51.381681+00:00
$ /home/jhubuntu/pq-rsp-benchmarks/lpac/build/src/lpac profile download -s testsmdpplus1.example.com:8443 -m TS48v1_A
--- stdout ---
{"type":"progress","payload":{"code":0,"message":"es10b_get_euicc_challenge_and_info","data":"testsmdpplus1.example.com:8443"}}
{"type":"progress","payload":{"code":0,"message":"es9p_initiate_authentication","data":"testsmdpplus1.example.com:8443"}}
{"type":"progress","payload":{"code":0,"message":"es10b_authenticate_server","data":"testsmdpplus1.example.com:8443"}}
{"type":"progress","payload":{"code":0,"message":"es9p_authenticate_client","data":"testsmdpplus1.example.com:8443"}}
{"type":"progress","payload":{"code":0,"message":"es8p_metadata_parse","data":{"iccid":"89000123456789012341","serviceProviderName":"OsmocomSPN","profileName":"TS48v1_A","iconType":null,"icon":null,"profileClass":"operational"}}}
{"type":"progress","payload":{"code":0,"message":"es10b_prepare_download","data":"testsmdpplus1.example.com:8443"}}
{"type":"progress","payload":{"code":0,"message":"es9p_get_bound_profile_package","data":"testsmdpplus1.example.com:8443"}}
{"type":"progress","payload":{"code":0,"message":"es10b_load_bound_profile_package","data":"testsmdpplus1.example.com:8443"}}
{"type":"lpa","payload":{"code":0,"message":"success","data":{"seqNumber":1257,"iccid":"89000123456789012341","bppCommandId":"unknown","errorReason":"unknown"}}}
--- stderr ---
BENCH|BF2E|GetEuiccChallenge|6524|0
BENCH|BF20|GetEuiccInfo1|41946|0
BENCH|ES9P|/gsma/rsp2/es9plus/initiateAuthentication|14509|0
BENCH|BF38|AuthenticateServer|3114230|0
BENCH|ES9P|/gsma/rsp2/es9plus/authenticateClient|17821|0
BENCH|BF21|PrepareDownload|3767761|0
BENCH|ES9P|/gsma/rsp2/es9plus/getBoundProfilePackage|17877|0
BENCH|BF36|LoadBPP_seg0|1451657|0
BENCH|BF36|LoadBPP_seg1|61707|0
BENCH|BF36|LoadBPP_seg2|1732|0
BENCH|BF36|LoadBPP_seg3|120156|0
BENCH|BF36|LoadBPP_seg4|43137|0
BENCH|BF36|LoadBPP_seg5|1764|0
BENCH|BF36|LoadBPP_seg6|599639|0
BENCH|BF36|LoadBPP_seg7|2025047|0
BENCH|BF36|LoadBPP_seg8|832741|0
BENCH|BF36|LoadBPP_seg9|857406|0
BENCH|BF36|LoadBPP_seg10|1404404|0
BENCH|BF36|LoadBPP_seg11|827362|0
BENCH|BF36|LoadBPP_seg12|850080|0
BENCH|BF36|LoadBPP_seg13|1784011|0
BENCH|BF36|LoadBPP_seg14|915007|0
BENCH|BF36|LoadBPP_seg15|982873|0
BENCH|BF36|LoadBPP_seg16|2046511|0
BENCH|BF36|LoadBPP_seg17|2689121|0
--- exit 0 ---
$ /home/jhubuntu/pq-rsp-benchmarks/lpac/build/src/lpac profile disable 89000123456789012341
--- stdout ---
{"type":"lpa","payload":{"code":-1,"message":"es10c_disable_profile","data":"profile not in enabled state"}}
--- stderr ---
--- exit 255 ---
$ /home/jhubuntu/pq-rsp-benchmarks/lpac/build/src/lpac profile delete 89000123456789012341
--- stdout ---
{"type":"lpa","payload":{"code":0,"message":"success","data":null}}
--- stderr ---
--- exit 0 ---
