iteration 115 2026-04-07T06:10:09.260584+00:00
$ /home/jhubuntu/pq-rsp-benchmarks/lpac/build/src/lpac profile download -s testsmdpplus1.example.com:8443 -m TS48v1_A
--- stdout ---
{"type":"progress","payload":{"code":0,"message":"es10b_get_euicc_challenge_and_info","data":"testsmdpplus1.example.com:8443"}}
{"type":"progress","payload":{"code":0,"message":"es9p_initiate_authentication","data":"testsmdpplus1.example.com:8443"}}
{"type":"progress","payload":{"code":0,"message":"es10b_authenticate_server","data":"testsmdpplus1.example.com:8443"}}
{"type":"progress","payload":{"code":0,"message":"es9p_authenticate_client","data":"testsmdpplus1.example.com:8443"}}
{"type":"progress","payload":{"code":0,"message":"es8p_metadata_parse","data":{"iccid":"89000123456789012341","serviceProviderName":"OsmocomSPN","profileName":"TS48v1_A","iconType":null,"icon":null,"profileClass":"operational"}}}
{"type":"progress","payload":{"code":0,"message":"es10b_prepare_download","data":"testsmdpplus1.example.com:8443"}}
{"type":"progress","payload":{"code":0,"message":"es9p_get_bound_profile_package","data":"testsmdpplus1.example.com:8443"}}
{"type":"progress","payload":{"code":0,"message":"es10b_load_bound_profile_package","data":"testsmdpplus1.example.com:8443"}}
{"type":"lpa","payload":{"code":0,"message":"success","data":{"seqNumber":1189,"iccid":"89000123456789012341","bppCommandId":"unknown","errorReason":"unknown"}}}
--- stderr ---
BENCH|BF2E|GetEuiccChallenge|6057|0
BENCH|BF20|GetEuiccInfo1|41520|0
BENCH|ES9P|/gsma/rsp2/es9plus/initiateAuthentication|15249|0
BENCH|BF38|AuthenticateServer|3110793|0
BENCH|ES9P|/gsma/rsp2/es9plus/authenticateClient|37735|0
BENCH|BF21|PrepareDownload|3752272|0
BENCH|ES9P|/gsma/rsp2/es9plus/getBoundProfilePackage|25520|0
BENCH|BF36|LoadBPP_seg0|1437638|0
BENCH|BF36|LoadBPP_seg1|63762|0
BENCH|BF36|LoadBPP_seg2|1761|0
BENCH|BF36|LoadBPP_seg3|93512|0
BENCH|BF36|LoadBPP_seg4|1460190|0
BENCH|BF36|LoadBPP_seg5|2038|0
BENCH|BF36|LoadBPP_seg6|623949|0
BENCH|BF36|LoadBPP_seg7|776373|0
BENCH|BF36|LoadBPP_seg8|829835|0
BENCH|BF36|LoadBPP_seg9|1433805|0
BENCH|BF36|LoadBPP_seg10|630277|0
BENCH|BF36|LoadBPP_seg11|849389|0
BENCH|BF36|LoadBPP_seg12|1728940|0
BENCH|BF36|LoadBPP_seg13|894619|0
BENCH|BF36|LoadBPP_seg14|884901|0
BENCH|BF36|LoadBPP_seg15|1923006|0
BENCH|BF36|LoadBPP_seg16|936039|0
BENCH|BF36|LoadBPP_seg17|3964390|0
--- exit 0 ---
$ /home/jhubuntu/pq-rsp-benchmarks/lpac/build/src/lpac profile disable 89000123456789012341
--- stdout ---
{"type":"lpa","payload":{"code":-1,"message":"es10c_disable_profile","data":"profile not in enabled state"}}
--- stderr ---
--- exit 255 ---
$ /home/jhubuntu/pq-rsp-benchmarks/lpac/build/src/lpac profile delete 89000123456789012341
--- stdout ---
{"type":"lpa","payload":{"code":0,"message":"success","data":null}}
--- stderr ---
--- exit 0 ---
