iteration 113 2026-04-07T06:09:18.195577+00:00
$ /home/jhubuntu/pq-rsp-benchmarks/lpac/build/src/lpac profile download -s testsmdpplus1.example.com:8443 -m TS48v1_A
--- stdout ---
{"type":"progress","payload":{"code":0,"message":"es10b_get_euicc_challenge_and_info","data":"testsmdpplus1.example.com:8443"}}
{"type":"progress","payload":{"code":0,"message":"es9p_initiate_authentication","data":"testsmdpplus1.example.com:8443"}}
{"type":"progress","payload":{"code":0,"message":"es10b_authenticate_server","data":"testsmdpplus1.example.com:8443"}}
{"type":"progress","payload":{"code":0,"message":"es9p_authenticate_client","data":"testsmdpplus1.example.com:8443"}}
{"type":"progress","payload":{"code":0,"message":"es8p_metadata_parse","data":{"iccid":"89000123456789012341","serviceProviderName":"OsmocomSPN","profileName":"TS48v1_A","iconType":null,"icon":null,"profileClass":"operational"}}}
{"type":"progress","payload":{"code":0,"message":"es10b_prepare_download","data":"testsmdpplus1.example.com:8443"}}
{"type":"progress","payload":{"code":0,"message":"es9p_get_bound_profile_package","data":"testsmdpplus1.example.com:8443"}}
{"type":"progress","payload":{"code":0,"message":"es10b_load_bound_profile_package","data":"testsmdpplus1.example.com:8443"}}
{"type":"lpa","payload":{"code":0,"message":"success","data":{"seqNumber":1185,"iccid":"89000123456789012341","bppCommandId":"unknown","errorReason":"unknown"}}}
--- stderr ---
BENCH|BF2E|GetEuiccChallenge|5755|0
BENCH|BF20|GetEuiccInfo1|41322|0
BENCH|ES9P|/gsma/rsp2/es9plus/initiateAuthentication|14240|0
BENCH|BF38|AuthenticateServer|3124823|0
BENCH|ES9P|/gsma/rsp2/es9plus/authenticateClient|35477|0
BENCH|BF21|PrepareDownload|3753497|0
BENCH|ES9P|/gsma/rsp2/es9plus/getBoundProfilePackage|18113|0
BENCH|BF36|LoadBPP_seg0|1420535|0
BENCH|BF36|LoadBPP_seg1|61709|0
BENCH|BF36|LoadBPP_seg2|1630|0
BENCH|BF36|LoadBPP_seg3|92780|0
BENCH|BF36|LoadBPP_seg4|42004|0
BENCH|BF36|LoadBPP_seg5|1689|0
BENCH|BF36|LoadBPP_seg6|600972|0
BENCH|BF36|LoadBPP_seg7|2081612|0
BENCH|BF36|LoadBPP_seg8|804871|0
BENCH|BF36|LoadBPP_seg9|884210|0
BENCH|BF36|LoadBPP_seg10|1411075|0
BENCH|BF36|LoadBPP_seg11|823999|0
BENCH|BF36|LoadBPP_seg12|851513|0
BENCH|BF36|LoadBPP_seg13|1794401|0
BENCH|BF36|LoadBPP_seg14|912278|0
BENCH|BF36|LoadBPP_seg15|984521|0
BENCH|BF36|LoadBPP_seg16|1858018|0
BENCH|BF36|LoadBPP_seg17|2685682|0
--- exit 0 ---
$ /home/jhubuntu/pq-rsp-benchmarks/lpac/build/src/lpac profile disable 89000123456789012341
--- stdout ---
{"type":"lpa","payload":{"code":-1,"message":"es10c_disable_profile","data":"profile not in enabled state"}}
--- stderr ---
--- exit 255 ---
$ /home/jhubuntu/pq-rsp-benchmarks/lpac/build/src/lpac profile delete 89000123456789012341
--- stdout ---
{"type":"lpa","payload":{"code":0,"message":"success","data":null}}
--- stderr ---
--- exit 0 ---
