iteration 124 2026-04-07T06:14:02.526731+00:00
$ /home/jhubuntu/pq-rsp-benchmarks/lpac/build/src/lpac profile download -s testsmdpplus1.example.com:8443 -m TS48v1_A
--- stdout ---
{"type":"progress","payload":{"code":0,"message":"es10b_get_euicc_challenge_and_info","data":"testsmdpplus1.example.com:8443"}}
{"type":"progress","payload":{"code":0,"message":"es9p_initiate_authentication","data":"testsmdpplus1.example.com:8443"}}
{"type":"progress","payload":{"code":0,"message":"es10b_authenticate_server","data":"testsmdpplus1.example.com:8443"}}
{"type":"progress","payload":{"code":0,"message":"es9p_authenticate_client","data":"testsmdpplus1.example.com:8443"}}
{"type":"progress","payload":{"code":0,"message":"es8p_metadata_parse","data":{"iccid":"89000123456789012341","serviceProviderName":"OsmocomSPN","profileName":"TS48v1_A","iconType":null,"icon":null,"profileClass":"operational"}}}
{"type":"progress","payload":{"code":0,"message":"es10b_prepare_download","data":"testsmdpplus1.example.com:8443"}}
{"type":"progress","payload":{"code":0,"message":"es9p_get_bound_profile_package","data":"testsmdpplus1.example.com:8443"}}
{"type":"progress","payload":{"code":0,"message":"es10b_load_bound_profile_package","data":"testsmdpplus1.example.com:8443"}}
{"type":"lpa","payload":{"code":0,"message":"success","data":{"seqNumber":1207,"iccid":"89000123456789012341","bppCommandId":"unknown","errorReason":"unknown"}}}
--- stderr ---
BENCH|BF2E|GetEuiccChallenge|5744|0
BENCH|BF20|GetEuiccInfo1|41298|0
BENCH|ES9P|/gsma/rsp2/es9plus/initiateAuthentication|11792|0
BENCH|BF38|AuthenticateServer|3122630|0
BENCH|ES9P|/gsma/rsp2/es9plus/authenticateClient|31191|0
BENCH|BF21|PrepareDownload|3766022|0
BENCH|ES9P|/gsma/rsp2/es9plus/getBoundProfilePackage|29709|0
BENCH|BF36|LoadBPP_seg0|1436752|0
BENCH|BF36|LoadBPP_seg1|63029|0
BENCH|BF36|LoadBPP_seg2|1675|0
BENCH|BF36|LoadBPP_seg3|93568|0
BENCH|BF36|LoadBPP_seg4|42513|0
BENCH|BF36|LoadBPP_seg5|1730|0
BENCH|BF36|LoadBPP_seg6|2048163|0
BENCH|BF36|LoadBPP_seg7|804461|0
BENCH|BF36|LoadBPP_seg8|809561|0
BENCH|BF36|LoadBPP_seg9|1659773|0
BENCH|BF36|LoadBPP_seg10|633993|0
BENCH|BF36|LoadBPP_seg11|823959|0
BENCH|BF36|LoadBPP_seg12|849779|0
BENCH|BF36|LoadBPP_seg13|1807964|0
BENCH|BF36|LoadBPP_seg14|910939|0
BENCH|BF36|LoadBPP_seg15|1926684|0
BENCH|BF36|LoadBPP_seg16|962872|0
BENCH|BF36|LoadBPP_seg17|4140180|0
--- exit 0 ---
$ /home/jhubuntu/pq-rsp-benchmarks/lpac/build/src/lpac profile disable 89000123456789012341
--- stdout ---
{"type":"lpa","payload":{"code":-1,"message":"es10c_disable_profile","data":"profile not in enabled state"}}
--- stderr ---
--- exit 255 ---
$ /home/jhubuntu/pq-rsp-benchmarks/lpac/build/src/lpac profile delete 89000123456789012341
--- stdout ---
{"type":"lpa","payload":{"code":0,"message":"success","data":null}}
--- stderr ---
--- exit 0 ---
