iteration 1 2026-04-07T05:20:26.381839+00:00
$ /home/jhubuntu/pq-rsp-benchmarks/lpac/build/src/lpac profile download -s testsmdpplus1.example.com:8443 -m TS48v1_A
--- stdout ---
{"type":"progress","payload":{"code":0,"message":"es10b_get_euicc_challenge_and_info","data":"testsmdpplus1.example.com:8443"}}
{"type":"progress","payload":{"code":0,"message":"es9p_initiate_authentication","data":"testsmdpplus1.example.com:8443"}}
{"type":"progress","payload":{"code":0,"message":"es10b_authenticate_server","data":"testsmdpplus1.example.com:8443"}}
{"type":"progress","payload":{"code":0,"message":"es9p_authenticate_client","data":"testsmdpplus1.example.com:8443"}}
{"type":"progress","payload":{"code":0,"message":"es8p_metadata_parse","data":{"iccid":"89000123456789012341","serviceProviderName":"OsmocomSPN","profileName":"TS48v1_A","iconType":null,"icon":null,"profileClass":"operational"}}}
{"type":"progress","payload":{"code":0,"message":"es10b_prepare_download","data":"testsmdpplus1.example.com:8443"}}
{"type":"progress","payload":{"code":0,"message":"es9p_get_bound_profile_package","data":"testsmdpplus1.example.com:8443"}}
{"type":"progress","payload":{"code":0,"message":"es10b_load_bound_profile_package","data":"testsmdpplus1.example.com:8443"}}
{"type":"lpa","payload":{"code":0,"message":"success","data":{"seqNumber":961,"iccid":"89000123456789012341","bppCommandId":"unknown","errorReason":"unknown"}}}
--- stderr ---
BENCH|BF2E|GetEuiccChallenge|5624|0
BENCH|BF20|GetEuiccInfo1|41131|0
BENCH|ES9P|/gsma/rsp2/es9plus/initiateAuthentication|5513|0
BENCH|BF38|AuthenticateServer|3100163|0
BENCH|ES9P|/gsma/rsp2/es9plus/authenticateClient|31688|0
BENCH|BF21|PrepareDownload|3754166|0
BENCH|ES9P|/gsma/rsp2/es9plus/getBoundProfilePackage|10777|0
BENCH|BF36|LoadBPP_seg0|1428313|0
BENCH|BF36|LoadBPP_seg1|63900|0
BENCH|BF36|LoadBPP_seg2|1583|0
BENCH|BF36|LoadBPP_seg3|93460|0
BENCH|BF36|LoadBPP_seg4|43262|0
BENCH|BF36|LoadBPP_seg5|1733|0
BENCH|BF36|LoadBPP_seg6|2044440|0
BENCH|BF36|LoadBPP_seg7|802210|0
BENCH|BF36|LoadBPP_seg8|807311|0
BENCH|BF36|LoadBPP_seg9|1658416|0
BENCH|BF36|LoadBPP_seg10|629018|0
BENCH|BF36|LoadBPP_seg11|824796|0
BENCH|BF36|LoadBPP_seg12|1791882|0
BENCH|BF36|LoadBPP_seg13|865305|0
BENCH|BF36|LoadBPP_seg14|910081|0
BENCH|BF36|LoadBPP_seg15|1924226|0
BENCH|BF36|LoadBPP_seg16|963516|0
BENCH|BF36|LoadBPP_seg17|4312048|0
--- exit 0 ---
$ /home/jhubuntu/pq-rsp-benchmarks/lpac/build/src/lpac profile disable 89000123456789012341
--- stdout ---
{"type":"lpa","payload":{"code":-1,"message":"es10c_disable_profile","data":"profile not in enabled state"}}
--- stderr ---
--- exit 255 ---
$ /home/jhubuntu/pq-rsp-benchmarks/lpac/build/src/lpac profile delete 89000123456789012341
--- stdout ---
{"type":"lpa","payload":{"code":0,"message":"success","data":null}}
--- stderr ---
--- exit 0 ---
