iteration 41 2026-04-07T05:37:42.810141+00:00
$ /home/jhubuntu/pq-rsp-benchmarks/lpac/build/src/lpac profile download -s testsmdpplus1.example.com:8443 -m TS48v1_A
--- stdout ---
{"type":"progress","payload":{"code":0,"message":"es10b_get_euicc_challenge_and_info","data":"testsmdpplus1.example.com:8443"}}
{"type":"progress","payload":{"code":0,"message":"es9p_initiate_authentication","data":"testsmdpplus1.example.com:8443"}}
{"type":"progress","payload":{"code":0,"message":"es10b_authenticate_server","data":"testsmdpplus1.example.com:8443"}}
{"type":"progress","payload":{"code":0,"message":"es9p_authenticate_client","data":"testsmdpplus1.example.com:8443"}}
{"type":"progress","payload":{"code":0,"message":"es8p_metadata_parse","data":{"iccid":"89000123456789012341","serviceProviderName":"OsmocomSPN","profileName":"TS48v1_A","iconType":null,"icon":null,"profileClass":"operational"}}}
{"type":"progress","payload":{"code":0,"message":"es10b_prepare_download","data":"testsmdpplus1.example.com:8443"}}
{"type":"progress","payload":{"code":0,"message":"es9p_get_bound_profile_package","data":"testsmdpplus1.example.com:8443"}}
{"type":"progress","payload":{"code":0,"message":"es10b_load_bound_profile_package","data":"testsmdpplus1.example.com:8443"}}
{"type":"lpa","payload":{"code":0,"message":"success","data":{"seqNumber":1041,"iccid":"89000123456789012341","bppCommandId":"unknown","errorReason":"unknown"}}}
--- stderr ---
BENCH|BF2E|GetEuiccChallenge|5885|0
BENCH|BF20|GetEuiccInfo1|41254|0
BENCH|ES9P|/gsma/rsp2/es9plus/initiateAuthentication|11103|0
BENCH|BF38|AuthenticateServer|3123631|0
BENCH|ES9P|/gsma/rsp2/es9plus/authenticateClient|24844|0
BENCH|BF21|PrepareDownload|3752156|0
BENCH|ES9P|/gsma/rsp2/es9plus/getBoundProfilePackage|25526|0
BENCH|BF36|LoadBPP_seg0|1436100|0
BENCH|BF36|LoadBPP_seg1|60929|0
BENCH|BF36|LoadBPP_seg2|1610|0
BENCH|BF36|LoadBPP_seg3|93139|0
BENCH|BF36|LoadBPP_seg4|43328|0
BENCH|BF36|LoadBPP_seg5|1592|0
BENCH|BF36|LoadBPP_seg6|627284|0
BENCH|BF36|LoadBPP_seg7|2037202|0
BENCH|BF36|LoadBPP_seg8|832805|0
BENCH|BF36|LoadBPP_seg9|856731|0
BENCH|BF36|LoadBPP_seg10|1394492|0
BENCH|BF36|LoadBPP_seg11|828656|0
BENCH|BF36|LoadBPP_seg12|823930|0
BENCH|BF36|LoadBPP_seg13|1794074|0
BENCH|BF36|LoadBPP_seg14|885637|0
BENCH|BF36|LoadBPP_seg15|1009100|0
BENCH|BF36|LoadBPP_seg16|1838450|0
BENCH|BF36|LoadBPP_seg17|2710978|0
--- exit 0 ---
$ /home/jhubuntu/pq-rsp-benchmarks/lpac/build/src/lpac profile disable 89000123456789012341
--- stdout ---
{"type":"lpa","payload":{"code":-1,"message":"es10c_disable_profile","data":"profile not in enabled state"}}
--- stderr ---
--- exit 255 ---
$ /home/jhubuntu/pq-rsp-benchmarks/lpac/build/src/lpac profile delete 89000123456789012341
--- stdout ---
{"type":"lpa","payload":{"code":0,"message":"success","data":null}}
--- stderr ---
--- exit 0 ---
