iteration 8 2026-04-07T05:23:29.340863+00:00
$ /home/jhubuntu/pq-rsp-benchmarks/lpac/build/src/lpac profile download -s testsmdpplus1.example.com:8443 -m TS48v1_A
--- stdout ---
{"type":"progress","payload":{"code":0,"message":"es10b_get_euicc_challenge_and_info","data":"testsmdpplus1.example.com:8443"}}
{"type":"progress","payload":{"code":0,"message":"es9p_initiate_authentication","data":"testsmdpplus1.example.com:8443"}}
{"type":"progress","payload":{"code":0,"message":"es10b_authenticate_server","data":"testsmdpplus1.example.com:8443"}}
{"type":"progress","payload":{"code":0,"message":"es9p_authenticate_client","data":"testsmdpplus1.example.com:8443"}}
{"type":"progress","payload":{"code":0,"message":"es8p_metadata_parse","data":{"iccid":"89000123456789012341","serviceProviderName":"OsmocomSPN","profileName":"TS48v1_A","iconType":null,"icon":null,"profileClass":"operational"}}}
{"type":"progress","payload":{"code":0,"message":"es10b_prepare_download","data":"testsmdpplus1.example.com:8443"}}
{"type":"progress","payload":{"code":0,"message":"es9p_get_bound_profile_package","data":"testsmdpplus1.example.com:8443"}}
{"type":"progress","payload":{"code":0,"message":"es10b_load_bound_profile_package","data":"testsmdpplus1.example.com:8443"}}
{"type":"lpa","payload":{"code":0,"message":"success","data":{"seqNumber":975,"iccid":"89000123456789012341","bppCommandId":"unknown","errorReason":"unknown"}}}
--- stderr ---
BENCH|BF2E|GetEuiccChallenge|5736|0
BENCH|BF20|GetEuiccInfo1|41304|0
BENCH|ES9P|/gsma/rsp2/es9plus/initiateAuthentication|14745|0
BENCH|BF38|AuthenticateServer|3114550|0
BENCH|ES9P|/gsma/rsp2/es9plus/authenticateClient|29933|0
BENCH|BF21|PrepareDownload|3722320|0
BENCH|ES9P|/gsma/rsp2/es9plus/getBoundProfilePackage|22477|0
BENCH|BF36|LoadBPP_seg0|1443004|0
BENCH|BF36|LoadBPP_seg1|60546|0
BENCH|BF36|LoadBPP_seg2|1828|0
BENCH|BF36|LoadBPP_seg3|92987|0
BENCH|BF36|LoadBPP_seg4|42474|0
BENCH|BF36|LoadBPP_seg5|1796|0
BENCH|BF36|LoadBPP_seg6|601063|0
BENCH|BF36|LoadBPP_seg7|804446|0
BENCH|BF36|LoadBPP_seg8|2050481|0
BENCH|BF36|LoadBPP_seg9|883720|0
BENCH|BF36|LoadBPP_seg10|631795|0
BENCH|BF36|LoadBPP_seg11|1565003|0
BENCH|BF36|LoadBPP_seg12|850777|0
BENCH|BF36|LoadBPP_seg13|863682|0
BENCH|BF36|LoadBPP_seg14|1811328|0
BENCH|BF36|LoadBPP_seg15|981602|0
BENCH|BF36|LoadBPP_seg16|969917|0
BENCH|BF36|LoadBPP_seg17|3790288|0
--- exit 0 ---
$ /home/jhubuntu/pq-rsp-benchmarks/lpac/build/src/lpac profile disable 89000123456789012341
--- stdout ---
{"type":"lpa","payload":{"code":-1,"message":"es10c_disable_profile","data":"profile not in enabled state"}}
--- stderr ---
--- exit 255 ---
$ /home/jhubuntu/pq-rsp-benchmarks/lpac/build/src/lpac profile delete 89000123456789012341
--- stdout ---
{"type":"lpa","payload":{"code":0,"message":"success","data":null}}
--- stderr ---
--- exit 0 ---
