iteration 147 2026-04-07T06:23:58.797097+00:00
$ /home/jhubuntu/pq-rsp-benchmarks/lpac/build/src/lpac profile download -s testsmdpplus1.example.com:8443 -m TS48v1_A
--- stdout ---
{"type":"progress","payload":{"code":0,"message":"es10b_get_euicc_challenge_and_info","data":"testsmdpplus1.example.com:8443"}}
{"type":"progress","payload":{"code":0,"message":"es9p_initiate_authentication","data":"testsmdpplus1.example.com:8443"}}
{"type":"progress","payload":{"code":0,"message":"es10b_authenticate_server","data":"testsmdpplus1.example.com:8443"}}
{"type":"progress","payload":{"code":0,"message":"es9p_authenticate_client","data":"testsmdpplus1.example.com:8443"}}
{"type":"progress","payload":{"code":0,"message":"es8p_metadata_parse","data":{"iccid":"89000123456789012341","serviceProviderName":"OsmocomSPN","profileName":"TS48v1_A","iconType":null,"icon":null,"profileClass":"operational"}}}
{"type":"progress","payload":{"code":0,"message":"es10b_prepare_download","data":"testsmdpplus1.example.com:8443"}}
{"type":"progress","payload":{"code":0,"message":"es9p_get_bound_profile_package","data":"testsmdpplus1.example.com:8443"}}
{"type":"progress","payload":{"code":0,"message":"es10b_load_bound_profile_package","data":"testsmdpplus1.example.com:8443"}}
{"type":"lpa","payload":{"code":0,"message":"success","data":{"seqNumber":1253,"iccid":"89000123456789012341","bppCommandId":"unknown","errorReason":"unknown"}}}
--- stderr ---
BENCH|BF2E|GetEuiccChallenge|5787|0
BENCH|BF20|GetEuiccInfo1|41393|0
BENCH|ES9P|/gsma/rsp2/es9plus/initiateAuthentication|14500|0
BENCH|BF38|AuthenticateServer|3112847|0
BENCH|ES9P|/gsma/rsp2/es9plus/authenticateClient|48316|0
BENCH|BF21|PrepareDownload|3750161|0
BENCH|ES9P|/gsma/rsp2/es9plus/getBoundProfilePackage|14542|0
BENCH|BF36|LoadBPP_seg0|1448139|0
BENCH|BF36|LoadBPP_seg1|63246|0
BENCH|BF36|LoadBPP_seg2|1690|0
BENCH|BF36|LoadBPP_seg3|92764|0
BENCH|BF36|LoadBPP_seg4|1491322|0
BENCH|BF36|LoadBPP_seg5|1810|0
BENCH|BF36|LoadBPP_seg6|601309|0
BENCH|BF36|LoadBPP_seg7|804691|0
BENCH|BF36|LoadBPP_seg8|807070|0
BENCH|BF36|LoadBPP_seg9|1493413|0
BENCH|BF36|LoadBPP_seg10|629290|0
BENCH|BF36|LoadBPP_seg11|855183|0
BENCH|BF36|LoadBPP_seg12|1928433|0
BENCH|BF36|LoadBPP_seg13|890011|0
BENCH|BF36|LoadBPP_seg14|883777|0
BENCH|BF36|LoadBPP_seg15|1930436|0
BENCH|BF36|LoadBPP_seg16|939211|0
BENCH|BF36|LoadBPP_seg17|3782368|0
--- exit 0 ---
$ /home/jhubuntu/pq-rsp-benchmarks/lpac/build/src/lpac profile disable 89000123456789012341
--- stdout ---
{"type":"lpa","payload":{"code":-1,"message":"es10c_disable_profile","data":"profile not in enabled state"}}
--- stderr ---
--- exit 255 ---
$ /home/jhubuntu/pq-rsp-benchmarks/lpac/build/src/lpac profile delete 89000123456789012341
--- stdout ---
{"type":"lpa","payload":{"code":0,"message":"success","data":null}}
--- stderr ---
--- exit 0 ---
