iteration 36 2026-04-07T05:35:32.862507+00:00
$ /home/jhubuntu/pq-rsp-benchmarks/lpac/build/src/lpac profile download -s testsmdpplus1.example.com:8443 -m TS48v1_A
--- stdout ---
{"type":"progress","payload":{"code":0,"message":"es10b_get_euicc_challenge_and_info","data":"testsmdpplus1.example.com:8443"}}
{"type":"progress","payload":{"code":0,"message":"es9p_initiate_authentication","data":"testsmdpplus1.example.com:8443"}}
{"type":"progress","payload":{"code":0,"message":"es10b_authenticate_server","data":"testsmdpplus1.example.com:8443"}}
{"type":"progress","payload":{"code":0,"message":"es9p_authenticate_client","data":"testsmdpplus1.example.com:8443"}}
{"type":"progress","payload":{"code":0,"message":"es8p_metadata_parse","data":{"iccid":"89000123456789012341","serviceProviderName":"OsmocomSPN","profileName":"TS48v1_A","iconType":null,"icon":null,"profileClass":"operational"}}}
{"type":"progress","payload":{"code":0,"message":"es10b_prepare_download","data":"testsmdpplus1.example.com:8443"}}
{"type":"progress","payload":{"code":0,"message":"es9p_get_bound_profile_package","data":"testsmdpplus1.example.com:8443"}}
{"type":"progress","payload":{"code":0,"message":"es10b_load_bound_profile_package","data":"testsmdpplus1.example.com:8443"}}
{"type":"lpa","payload":{"code":0,"message":"success","data":{"seqNumber":1031,"iccid":"89000123456789012341","bppCommandId":"unknown","errorReason":"unknown"}}}
--- stderr ---
BENCH|BF2E|GetEuiccChallenge|5629|0
BENCH|BF20|GetEuiccInfo1|41179|0
BENCH|ES9P|/gsma/rsp2/es9plus/initiateAuthentication|4002|0
BENCH|BF38|AuthenticateServer|3108539|0
BENCH|ES9P|/gsma/rsp2/es9plus/authenticateClient|24087|0
BENCH|BF21|PrepareDownload|3729543|0
BENCH|ES9P|/gsma/rsp2/es9plus/getBoundProfilePackage|17788|0
BENCH|BF36|LoadBPP_seg0|1430036|0
BENCH|BF36|LoadBPP_seg1|62792|0
BENCH|BF36|LoadBPP_seg2|1623|0
BENCH|BF36|LoadBPP_seg3|92002|0
BENCH|BF36|LoadBPP_seg4|42977|0
BENCH|BF36|LoadBPP_seg5|1602|0
BENCH|BF36|LoadBPP_seg6|2011600|0
BENCH|BF36|LoadBPP_seg7|801793|0
BENCH|BF36|LoadBPP_seg8|806835|0
BENCH|BF36|LoadBPP_seg9|1792420|0
BENCH|BF36|LoadBPP_seg10|630873|0
BENCH|BF36|LoadBPP_seg11|825742|0
BENCH|BF36|LoadBPP_seg12|848963|0
BENCH|BF36|LoadBPP_seg13|1774698|0
BENCH|BF36|LoadBPP_seg14|905669|0
BENCH|BF36|LoadBPP_seg15|1893899|0
BENCH|BF36|LoadBPP_seg16|959020|0
BENCH|BF36|LoadBPP_seg17|4098519|0
--- exit 0 ---
$ /home/jhubuntu/pq-rsp-benchmarks/lpac/build/src/lpac profile disable 89000123456789012341
--- stdout ---
{"type":"lpa","payload":{"code":-1,"message":"es10c_disable_profile","data":"profile not in enabled state"}}
--- stderr ---
--- exit 255 ---
$ /home/jhubuntu/pq-rsp-benchmarks/lpac/build/src/lpac profile delete 89000123456789012341
--- stdout ---
{"type":"lpa","payload":{"code":0,"message":"success","data":null}}
--- stderr ---
--- exit 0 ---
