iteration 106 2026-04-07T06:06:16.811270+00:00
$ /home/jhubuntu/pq-rsp-benchmarks/lpac/build/src/lpac profile download -s testsmdpplus1.example.com:8443 -m TS48v1_A
--- stdout ---
{"type":"progress","payload":{"code":0,"message":"es10b_get_euicc_challenge_and_info","data":"testsmdpplus1.example.com:8443"}}
{"type":"progress","payload":{"code":0,"message":"es9p_initiate_authentication","data":"testsmdpplus1.example.com:8443"}}
{"type":"progress","payload":{"code":0,"message":"es10b_authenticate_server","data":"testsmdpplus1.example.com:8443"}}
{"type":"progress","payload":{"code":0,"message":"es9p_authenticate_client","data":"testsmdpplus1.example.com:8443"}}
{"type":"progress","payload":{"code":0,"message":"es8p_metadata_parse","data":{"iccid":"89000123456789012341","serviceProviderName":"OsmocomSPN","profileName":"TS48v1_A","iconType":null,"icon":null,"profileClass":"operational"}}}
{"type":"progress","payload":{"code":0,"message":"es10b_prepare_download","data":"testsmdpplus1.example.com:8443"}}
{"type":"progress","payload":{"code":0,"message":"es9p_get_bound_profile_package","data":"testsmdpplus1.example.com:8443"}}
{"type":"progress","payload":{"code":0,"message":"es10b_load_bound_profile_package","data":"testsmdpplus1.example.com:8443"}}
{"type":"lpa","payload":{"code":0,"message":"success","data":{"seqNumber":1171,"iccid":"89000123456789012341","bppCommandId":"unknown","errorReason":"unknown"}}}
--- stderr ---
BENCH|BF2E|GetEuiccChallenge|5830|0
BENCH|BF20|GetEuiccInfo1|41349|0
BENCH|ES9P|/gsma/rsp2/es9plus/initiateAuthentication|15915|0
BENCH|BF38|AuthenticateServer|3130591|0
BENCH|ES9P|/gsma/rsp2/es9plus/authenticateClient|38537|0
BENCH|BF21|PrepareDownload|3763569|0
BENCH|ES9P|/gsma/rsp2/es9plus/getBoundProfilePackage|28470|0
BENCH|BF36|LoadBPP_seg0|1455738|0
BENCH|BF36|LoadBPP_seg1|60951|0
BENCH|BF36|LoadBPP_seg2|1819|0
BENCH|BF36|LoadBPP_seg3|92895|0
BENCH|BF36|LoadBPP_seg4|43988|0
BENCH|BF36|LoadBPP_seg5|1799|0
BENCH|BF36|LoadBPP_seg6|602505|0
BENCH|BF36|LoadBPP_seg7|801726|0
BENCH|BF36|LoadBPP_seg8|1909350|0
BENCH|BF36|LoadBPP_seg9|882124|0
BENCH|BF36|LoadBPP_seg10|631832|0
BENCH|BF36|LoadBPP_seg11|1595021|0
BENCH|BF36|LoadBPP_seg12|845254|0
BENCH|BF36|LoadBPP_seg13|863658|0
BENCH|BF36|LoadBPP_seg14|1844745|0
BENCH|BF36|LoadBPP_seg15|982421|0
BENCH|BF36|LoadBPP_seg16|967768|0
BENCH|BF36|LoadBPP_seg17|3777363|0
--- exit 0 ---
$ /home/jhubuntu/pq-rsp-benchmarks/lpac/build/src/lpac profile disable 89000123456789012341
--- stdout ---
{"type":"lpa","payload":{"code":-1,"message":"es10c_disable_profile","data":"profile not in enabled state"}}
--- stderr ---
--- exit 255 ---
$ /home/jhubuntu/pq-rsp-benchmarks/lpac/build/src/lpac profile delete 89000123456789012341
--- stdout ---
{"type":"lpa","payload":{"code":0,"message":"success","data":null}}
--- stderr ---
--- exit 0 ---
