iteration 129 2026-04-07T06:16:12.759280+00:00
$ /home/jhubuntu/pq-rsp-benchmarks/lpac/build/src/lpac profile download -s testsmdpplus1.example.com:8443 -m TS48v1_A
--- stdout ---
{"type":"progress","payload":{"code":0,"message":"es10b_get_euicc_challenge_and_info","data":"testsmdpplus1.example.com:8443"}}
{"type":"progress","payload":{"code":0,"message":"es9p_initiate_authentication","data":"testsmdpplus1.example.com:8443"}}
{"type":"progress","payload":{"code":0,"message":"es10b_authenticate_server","data":"testsmdpplus1.example.com:8443"}}
{"type":"progress","payload":{"code":0,"message":"es9p_authenticate_client","data":"testsmdpplus1.example.com:8443"}}
{"type":"progress","payload":{"code":0,"message":"es8p_metadata_parse","data":{"iccid":"89000123456789012341","serviceProviderName":"OsmocomSPN","profileName":"TS48v1_A","iconType":null,"icon":null,"profileClass":"operational"}}}
{"type":"progress","payload":{"code":0,"message":"es10b_prepare_download","data":"testsmdpplus1.example.com:8443"}}
{"type":"progress","payload":{"code":0,"message":"es9p_get_bound_profile_package","data":"testsmdpplus1.example.com:8443"}}
{"type":"progress","payload":{"code":0,"message":"es10b_load_bound_profile_package","data":"testsmdpplus1.example.com:8443"}}
{"type":"lpa","payload":{"code":0,"message":"success","data":{"seqNumber":1217,"iccid":"89000123456789012341","bppCommandId":"unknown","errorReason":"unknown"}}}
--- stderr ---
BENCH|BF2E|GetEuiccChallenge|5738|0
BENCH|BF20|GetEuiccInfo1|41413|0
BENCH|ES9P|/gsma/rsp2/es9plus/initiateAuthentication|15965|0
BENCH|BF38|AuthenticateServer|3116210|0
BENCH|ES9P|/gsma/rsp2/es9plus/authenticateClient|35394|0
BENCH|BF21|PrepareDownload|3737063|0
BENCH|ES9P|/gsma/rsp2/es9plus/getBoundProfilePackage|24872|0
BENCH|BF36|LoadBPP_seg0|1449470|0
BENCH|BF36|LoadBPP_seg1|62518|0
BENCH|BF36|LoadBPP_seg2|1813|0
BENCH|BF36|LoadBPP_seg3|94131|0
BENCH|BF36|LoadBPP_seg4|42689|0
BENCH|BF36|LoadBPP_seg5|1879|0
BENCH|BF36|LoadBPP_seg6|631371|0
BENCH|BF36|LoadBPP_seg7|2049258|0
BENCH|BF36|LoadBPP_seg8|833952|0
BENCH|BF36|LoadBPP_seg9|861704|0
BENCH|BF36|LoadBPP_seg10|1404817|0
BENCH|BF36|LoadBPP_seg11|852399|0
BENCH|BF36|LoadBPP_seg12|821101|0
BENCH|BF36|LoadBPP_seg13|1833663|0
BENCH|BF36|LoadBPP_seg14|886172|0
BENCH|BF36|LoadBPP_seg15|1008515|0
BENCH|BF36|LoadBPP_seg16|2040875|0
BENCH|BF36|LoadBPP_seg17|2710834|0
--- exit 0 ---
$ /home/jhubuntu/pq-rsp-benchmarks/lpac/build/src/lpac profile disable 89000123456789012341
--- stdout ---
{"type":"lpa","payload":{"code":-1,"message":"es10c_disable_profile","data":"profile not in enabled state"}}
--- stderr ---
--- exit 255 ---
$ /home/jhubuntu/pq-rsp-benchmarks/lpac/build/src/lpac profile delete 89000123456789012341
--- stdout ---
{"type":"lpa","payload":{"code":0,"message":"success","data":null}}
--- stderr ---
--- exit 0 ---
