iteration 16 2026-04-07T05:26:55.655111+00:00
$ /home/jhubuntu/pq-rsp-benchmarks/lpac/build/src/lpac profile download -s testsmdpplus1.example.com:8443 -m TS48v1_A
--- stdout ---
{"type":"progress","payload":{"code":0,"message":"es10b_get_euicc_challenge_and_info","data":"testsmdpplus1.example.com:8443"}}
{"type":"progress","payload":{"code":0,"message":"es9p_initiate_authentication","data":"testsmdpplus1.example.com:8443"}}
{"type":"progress","payload":{"code":0,"message":"es10b_authenticate_server","data":"testsmdpplus1.example.com:8443"}}
{"type":"progress","payload":{"code":0,"message":"es9p_authenticate_client","data":"testsmdpplus1.example.com:8443"}}
{"type":"progress","payload":{"code":0,"message":"es8p_metadata_parse","data":{"iccid":"89000123456789012341","serviceProviderName":"OsmocomSPN","profileName":"TS48v1_A","iconType":null,"icon":null,"profileClass":"operational"}}}
{"type":"progress","payload":{"code":0,"message":"es10b_prepare_download","data":"testsmdpplus1.example.com:8443"}}
{"type":"progress","payload":{"code":0,"message":"es9p_get_bound_profile_package","data":"testsmdpplus1.example.com:8443"}}
{"type":"progress","payload":{"code":0,"message":"es10b_load_bound_profile_package","data":"testsmdpplus1.example.com:8443"}}
{"type":"lpa","payload":{"code":0,"message":"success","data":{"seqNumber":991,"iccid":"89000123456789012341","bppCommandId":"unknown","errorReason":"unknown"}}}
--- stderr ---
BENCH|BF2E|GetEuiccChallenge|5669|0
BENCH|BF20|GetEuiccInfo1|41281|0
BENCH|ES9P|/gsma/rsp2/es9plus/initiateAuthentication|4548|0
BENCH|BF38|AuthenticateServer|3118227|0
BENCH|ES9P|/gsma/rsp2/es9plus/authenticateClient|34268|0
BENCH|BF21|PrepareDownload|3756585|0
BENCH|ES9P|/gsma/rsp2/es9plus/getBoundProfilePackage|21934|0
BENCH|BF36|LoadBPP_seg0|1449312|0
BENCH|BF36|LoadBPP_seg1|64540|0
BENCH|BF36|LoadBPP_seg2|1701|0
BENCH|BF36|LoadBPP_seg3|119030|0
BENCH|BF36|LoadBPP_seg4|42845|0
BENCH|BF36|LoadBPP_seg5|1571|0
BENCH|BF36|LoadBPP_seg6|2028672|0
BENCH|BF36|LoadBPP_seg7|776702|0
BENCH|BF36|LoadBPP_seg8|833188|0
BENCH|BF36|LoadBPP_seg9|1787147|0
BENCH|BF36|LoadBPP_seg10|655811|0
BENCH|BF36|LoadBPP_seg11|828936|0
BENCH|BF36|LoadBPP_seg12|848320|0
BENCH|BF36|LoadBPP_seg13|1795142|0
BENCH|BF36|LoadBPP_seg14|909958|0
BENCH|BF36|LoadBPP_seg15|1914103|0
BENCH|BF36|LoadBPP_seg16|958569|0
BENCH|BF36|LoadBPP_seg17|4118013|0
--- exit 0 ---
$ /home/jhubuntu/pq-rsp-benchmarks/lpac/build/src/lpac profile disable 89000123456789012341
--- stdout ---
{"type":"lpa","payload":{"code":-1,"message":"es10c_disable_profile","data":"profile not in enabled state"}}
--- stderr ---
--- exit 255 ---
$ /home/jhubuntu/pq-rsp-benchmarks/lpac/build/src/lpac profile delete 89000123456789012341
--- stdout ---
{"type":"lpa","payload":{"code":0,"message":"success","data":null}}
--- stderr ---
--- exit 0 ---
