iteration 49 2026-04-07T05:41:09.673914+00:00
$ /home/jhubuntu/pq-rsp-benchmarks/lpac/build/src/lpac profile download -s testsmdpplus1.example.com:8443 -m TS48v1_A
--- stdout ---
{"type":"progress","payload":{"code":0,"message":"es10b_get_euicc_challenge_and_info","data":"testsmdpplus1.example.com:8443"}}
{"type":"progress","payload":{"code":0,"message":"es9p_initiate_authentication","data":"testsmdpplus1.example.com:8443"}}
{"type":"progress","payload":{"code":0,"message":"es10b_authenticate_server","data":"testsmdpplus1.example.com:8443"}}
{"type":"progress","payload":{"code":0,"message":"es9p_authenticate_client","data":"testsmdpplus1.example.com:8443"}}
{"type":"progress","payload":{"code":0,"message":"es8p_metadata_parse","data":{"iccid":"89000123456789012341","serviceProviderName":"OsmocomSPN","profileName":"TS48v1_A","iconType":null,"icon":null,"profileClass":"operational"}}}
{"type":"progress","payload":{"code":0,"message":"es10b_prepare_download","data":"testsmdpplus1.example.com:8443"}}
{"type":"progress","payload":{"code":0,"message":"es9p_get_bound_profile_package","data":"testsmdpplus1.example.com:8443"}}
{"type":"progress","payload":{"code":0,"message":"es10b_load_bound_profile_package","data":"testsmdpplus1.example.com:8443"}}
{"type":"lpa","payload":{"code":0,"message":"success","data":{"seqNumber":1057,"iccid":"89000123456789012341","bppCommandId":"unknown","errorReason":"unknown"}}}
--- stderr ---
BENCH|BF2E|GetEuiccChallenge|5763|0
BENCH|BF20|GetEuiccInfo1|41305|0
BENCH|ES9P|/gsma/rsp2/es9plus/initiateAuthentication|17442|0
BENCH|BF38|AuthenticateServer|3115944|0
BENCH|ES9P|/gsma/rsp2/es9plus/authenticateClient|36922|0
BENCH|BF21|PrepareDownload|3763470|0
BENCH|ES9P|/gsma/rsp2/es9plus/getBoundProfilePackage|32903|0
BENCH|BF36|LoadBPP_seg0|1442707|0
BENCH|BF36|LoadBPP_seg1|62100|0
BENCH|BF36|LoadBPP_seg2|1834|0
BENCH|BF36|LoadBPP_seg3|94168|0
BENCH|BF36|LoadBPP_seg4|42946|0
BENCH|BF36|LoadBPP_seg5|1612|0
BENCH|BF36|LoadBPP_seg6|602669|0
BENCH|BF36|LoadBPP_seg7|2061849|0
BENCH|BF36|LoadBPP_seg8|808918|0
BENCH|BF36|LoadBPP_seg9|884368|0
BENCH|BF36|LoadBPP_seg10|1384753|0
BENCH|BF36|LoadBPP_seg11|852491|0
BENCH|BF36|LoadBPP_seg12|818986|0
BENCH|BF36|LoadBPP_seg13|1815561|0
BENCH|BF36|LoadBPP_seg14|883515|0
BENCH|BF36|LoadBPP_seg15|1008532|0
BENCH|BF36|LoadBPP_seg16|1854669|0
BENCH|BF36|LoadBPP_seg17|2689625|0
--- exit 0 ---
$ /home/jhubuntu/pq-rsp-benchmarks/lpac/build/src/lpac profile disable 89000123456789012341
--- stdout ---
{"type":"lpa","payload":{"code":-1,"message":"es10c_disable_profile","data":"profile not in enabled state"}}
--- stderr ---
--- exit 255 ---
$ /home/jhubuntu/pq-rsp-benchmarks/lpac/build/src/lpac profile delete 89000123456789012341
--- stdout ---
{"type":"lpa","payload":{"code":0,"message":"success","data":null}}
--- stderr ---
--- exit 0 ---
