iteration 95 2026-04-07T06:01:15.463885+00:00
$ /home/jhubuntu/pq-rsp-benchmarks/lpac/build/src/lpac profile download -s testsmdpplus1.example.com:8443 -m TS48v1_A
--- stdout ---
{"type":"progress","payload":{"code":0,"message":"es10b_get_euicc_challenge_and_info","data":"testsmdpplus1.example.com:8443"}}
{"type":"progress","payload":{"code":0,"message":"es9p_initiate_authentication","data":"testsmdpplus1.example.com:8443"}}
{"type":"progress","payload":{"code":0,"message":"es10b_authenticate_server","data":"testsmdpplus1.example.com:8443"}}
{"type":"progress","payload":{"code":0,"message":"es9p_authenticate_client","data":"testsmdpplus1.example.com:8443"}}
{"type":"progress","payload":{"code":0,"message":"es8p_metadata_parse","data":{"iccid":"89000123456789012341","serviceProviderName":"OsmocomSPN","profileName":"TS48v1_A","iconType":null,"icon":null,"profileClass":"operational"}}}
{"type":"progress","payload":{"code":0,"message":"es10b_prepare_download","data":"testsmdpplus1.example.com:8443"}}
{"type":"progress","payload":{"code":0,"message":"es9p_get_bound_profile_package","data":"testsmdpplus1.example.com:8443"}}
{"type":"progress","payload":{"code":0,"message":"es10b_load_bound_profile_package","data":"testsmdpplus1.example.com:8443"}}
{"type":"lpa","payload":{"code":0,"message":"success","data":{"seqNumber":1149,"iccid":"89000123456789012341","bppCommandId":"unknown","errorReason":"unknown"}}}
--- stderr ---
BENCH|BF2E|GetEuiccChallenge|6001|0
BENCH|BF20|GetEuiccInfo1|41512|0
BENCH|ES9P|/gsma/rsp2/es9plus/initiateAuthentication|14005|0
BENCH|BF38|AuthenticateServer|3110672|0
BENCH|ES9P|/gsma/rsp2/es9plus/authenticateClient|38762|0
BENCH|BF21|PrepareDownload|3770275|0
BENCH|ES9P|/gsma/rsp2/es9plus/getBoundProfilePackage|20107|0
BENCH|BF36|LoadBPP_seg0|1436306|0
BENCH|BF36|LoadBPP_seg1|62539|0
BENCH|BF36|LoadBPP_seg2|1815|0
BENCH|BF36|LoadBPP_seg3|94333|0
BENCH|BF36|LoadBPP_seg4|1480047|0
BENCH|BF36|LoadBPP_seg5|1830|0
BENCH|BF36|LoadBPP_seg6|602518|0
BENCH|BF36|LoadBPP_seg7|800734|0
BENCH|BF36|LoadBPP_seg8|805828|0
BENCH|BF36|LoadBPP_seg9|1485961|0
BENCH|BF36|LoadBPP_seg10|631340|0
BENCH|BF36|LoadBPP_seg11|825170|0
BENCH|BF36|LoadBPP_seg12|1779043|0
BENCH|BF36|LoadBPP_seg13|892029|0
BENCH|BF36|LoadBPP_seg14|884386|0
BENCH|BF36|LoadBPP_seg15|1914005|0
BENCH|BF36|LoadBPP_seg16|964275|0
BENCH|BF36|LoadBPP_seg17|3792687|0
--- exit 0 ---
$ /home/jhubuntu/pq-rsp-benchmarks/lpac/build/src/lpac profile disable 89000123456789012341
--- stdout ---
{"type":"lpa","payload":{"code":-1,"message":"es10c_disable_profile","data":"profile not in enabled state"}}
--- stderr ---
--- exit 255 ---
$ /home/jhubuntu/pq-rsp-benchmarks/lpac/build/src/lpac profile delete 89000123456789012341
--- stdout ---
{"type":"lpa","payload":{"code":0,"message":"success","data":null}}
--- stderr ---
--- exit 0 ---
