iteration 79 2026-04-07T05:54:20.589949+00:00
$ /home/jhubuntu/pq-rsp-benchmarks/lpac/build/src/lpac profile download -s testsmdpplus1.example.com:8443 -m TS48v1_A
--- stdout ---
{"type":"progress","payload":{"code":0,"message":"es10b_get_euicc_challenge_and_info","data":"testsmdpplus1.example.com:8443"}}
{"type":"progress","payload":{"code":0,"message":"es9p_initiate_authentication","data":"testsmdpplus1.example.com:8443"}}
{"type":"progress","payload":{"code":0,"message":"es10b_authenticate_server","data":"testsmdpplus1.example.com:8443"}}
{"type":"progress","payload":{"code":0,"message":"es9p_authenticate_client","data":"testsmdpplus1.example.com:8443"}}
{"type":"progress","payload":{"code":0,"message":"es8p_metadata_parse","data":{"iccid":"89000123456789012341","serviceProviderName":"OsmocomSPN","profileName":"TS48v1_A","iconType":null,"icon":null,"profileClass":"operational"}}}
{"type":"progress","payload":{"code":0,"message":"es10b_prepare_download","data":"testsmdpplus1.example.com:8443"}}
{"type":"progress","payload":{"code":0,"message":"es9p_get_bound_profile_package","data":"testsmdpplus1.example.com:8443"}}
{"type":"progress","payload":{"code":0,"message":"es10b_load_bound_profile_package","data":"testsmdpplus1.example.com:8443"}}
{"type":"lpa","payload":{"code":0,"message":"success","data":{"seqNumber":1117,"iccid":"89000123456789012341","bppCommandId":"unknown","errorReason":"unknown"}}}
--- stderr ---
BENCH|BF2E|GetEuiccChallenge|6509|0
BENCH|BF20|GetEuiccInfo1|41974|0
BENCH|ES9P|/gsma/rsp2/es9plus/initiateAuthentication|16669|0
BENCH|BF38|AuthenticateServer|3122806|0
BENCH|ES9P|/gsma/rsp2/es9plus/authenticateClient|37217|0
BENCH|BF21|PrepareDownload|3765897|0
BENCH|ES9P|/gsma/rsp2/es9plus/getBoundProfilePackage|19169|0
BENCH|BF36|LoadBPP_seg0|1447239|0
BENCH|BF36|LoadBPP_seg1|62911|0
BENCH|BF36|LoadBPP_seg2|1620|0
BENCH|BF36|LoadBPP_seg3|1561868|0
BENCH|BF36|LoadBPP_seg4|43679|0
BENCH|BF36|LoadBPP_seg5|1635|0
BENCH|BF36|LoadBPP_seg6|601242|0
BENCH|BF36|LoadBPP_seg7|773179|0
BENCH|BF36|LoadBPP_seg8|832768|0
BENCH|BF36|LoadBPP_seg9|1461928|0
BENCH|BF36|LoadBPP_seg10|657934|0
BENCH|BF36|LoadBPP_seg11|824893|0
BENCH|BF36|LoadBPP_seg12|1954435|0
BENCH|BF36|LoadBPP_seg13|866241|0
BENCH|BF36|LoadBPP_seg14|909601|0
BENCH|BF36|LoadBPP_seg15|1920765|0
BENCH|BF36|LoadBPP_seg16|963602|0
BENCH|BF36|LoadBPP_seg17|3794106|0
--- exit 0 ---
$ /home/jhubuntu/pq-rsp-benchmarks/lpac/build/src/lpac profile disable 89000123456789012341
--- stdout ---
{"type":"lpa","payload":{"code":-1,"message":"es10c_disable_profile","data":"profile not in enabled state"}}
--- stderr ---
--- exit 255 ---
$ /home/jhubuntu/pq-rsp-benchmarks/lpac/build/src/lpac profile delete 89000123456789012341
--- stdout ---
{"type":"lpa","payload":{"code":0,"message":"success","data":null}}
--- stderr ---
--- exit 0 ---
