iteration 81 2026-04-07T05:55:13.264924+00:00
$ /home/jhubuntu/pq-rsp-benchmarks/lpac/build/src/lpac profile download -s testsmdpplus1.example.com:8443 -m TS48v1_A
--- stdout ---
{"type":"progress","payload":{"code":0,"message":"es10b_get_euicc_challenge_and_info","data":"testsmdpplus1.example.com:8443"}}
{"type":"progress","payload":{"code":0,"message":"es9p_initiate_authentication","data":"testsmdpplus1.example.com:8443"}}
{"type":"progress","payload":{"code":0,"message":"es10b_authenticate_server","data":"testsmdpplus1.example.com:8443"}}
{"type":"progress","payload":{"code":0,"message":"es9p_authenticate_client","data":"testsmdpplus1.example.com:8443"}}
{"type":"progress","payload":{"code":0,"message":"es8p_metadata_parse","data":{"iccid":"89000123456789012341","serviceProviderName":"OsmocomSPN","profileName":"TS48v1_A","iconType":null,"icon":null,"profileClass":"operational"}}}
{"type":"progress","payload":{"code":0,"message":"es10b_prepare_download","data":"testsmdpplus1.example.com:8443"}}
{"type":"progress","payload":{"code":0,"message":"es9p_get_bound_profile_package","data":"testsmdpplus1.example.com:8443"}}
{"type":"progress","payload":{"code":0,"message":"es10b_load_bound_profile_package","data":"testsmdpplus1.example.com:8443"}}
{"type":"lpa","payload":{"code":0,"message":"success","data":{"seqNumber":1121,"iccid":"89000123456789012341","bppCommandId":"unknown","errorReason":"unknown"}}}
--- stderr ---
BENCH|BF2E|GetEuiccChallenge|6094|0
BENCH|BF20|GetEuiccInfo1|41365|0
BENCH|ES9P|/gsma/rsp2/es9plus/initiateAuthentication|12907|0
BENCH|BF38|AuthenticateServer|3131542|0
BENCH|ES9P|/gsma/rsp2/es9plus/authenticateClient|28514|0
BENCH|BF21|PrepareDownload|3773091|0
BENCH|ES9P|/gsma/rsp2/es9plus/getBoundProfilePackage|24306|0
BENCH|BF36|LoadBPP_seg0|1444526|0
BENCH|BF36|LoadBPP_seg1|61852|0
BENCH|BF36|LoadBPP_seg2|1785|0
BENCH|BF36|LoadBPP_seg3|93780|0
BENCH|BF36|LoadBPP_seg4|43142|0
BENCH|BF36|LoadBPP_seg5|1668|0
BENCH|BF36|LoadBPP_seg6|605122|0
BENCH|BF36|LoadBPP_seg7|2044788|0
BENCH|BF36|LoadBPP_seg8|807789|0
BENCH|BF36|LoadBPP_seg9|885442|0
BENCH|BF36|LoadBPP_seg10|1375065|0
BENCH|BF36|LoadBPP_seg11|827343|0
BENCH|BF36|LoadBPP_seg12|847308|0
BENCH|BF36|LoadBPP_seg13|1801591|0
BENCH|BF36|LoadBPP_seg14|886348|0
BENCH|BF36|LoadBPP_seg15|984755|0
BENCH|BF36|LoadBPP_seg16|2037500|0
BENCH|BF36|LoadBPP_seg17|2673090|0
--- exit 0 ---
$ /home/jhubuntu/pq-rsp-benchmarks/lpac/build/src/lpac profile disable 89000123456789012341
--- stdout ---
{"type":"lpa","payload":{"code":-1,"message":"es10c_disable_profile","data":"profile not in enabled state"}}
--- stderr ---
--- exit 255 ---
$ /home/jhubuntu/pq-rsp-benchmarks/lpac/build/src/lpac profile delete 89000123456789012341
--- stdout ---
{"type":"lpa","payload":{"code":0,"message":"success","data":null}}
--- stderr ---
--- exit 0 ---
