iteration 38 2026-04-07T05:36:23.941850+00:00
$ /home/jhubuntu/pq-rsp-benchmarks/lpac/build/src/lpac profile download -s testsmdpplus1.example.com:8443 -m TS48v1_A
--- stdout ---
{"type":"progress","payload":{"code":0,"message":"es10b_get_euicc_challenge_and_info","data":"testsmdpplus1.example.com:8443"}}
{"type":"progress","payload":{"code":0,"message":"es9p_initiate_authentication","data":"testsmdpplus1.example.com:8443"}}
{"type":"progress","payload":{"code":0,"message":"es10b_authenticate_server","data":"testsmdpplus1.example.com:8443"}}
{"type":"progress","payload":{"code":0,"message":"es9p_authenticate_client","data":"testsmdpplus1.example.com:8443"}}
{"type":"progress","payload":{"code":0,"message":"es8p_metadata_parse","data":{"iccid":"89000123456789012341","serviceProviderName":"OsmocomSPN","profileName":"TS48v1_A","iconType":null,"icon":null,"profileClass":"operational"}}}
{"type":"progress","payload":{"code":0,"message":"es10b_prepare_download","data":"testsmdpplus1.example.com:8443"}}
{"type":"progress","payload":{"code":0,"message":"es9p_get_bound_profile_package","data":"testsmdpplus1.example.com:8443"}}
{"type":"progress","payload":{"code":0,"message":"es10b_load_bound_profile_package","data":"testsmdpplus1.example.com:8443"}}
{"type":"lpa","payload":{"code":0,"message":"success","data":{"seqNumber":1035,"iccid":"89000123456789012341","bppCommandId":"unknown","errorReason":"unknown"}}}
--- stderr ---
BENCH|BF2E|GetEuiccChallenge|5723|0
BENCH|BF20|GetEuiccInfo1|41377|0
BENCH|ES9P|/gsma/rsp2/es9plus/initiateAuthentication|9520|0
BENCH|BF38|AuthenticateServer|3127264|0
BENCH|ES9P|/gsma/rsp2/es9plus/authenticateClient|26013|0
BENCH|BF21|PrepareDownload|3751965|0
BENCH|ES9P|/gsma/rsp2/es9plus/getBoundProfilePackage|17031|0
BENCH|BF36|LoadBPP_seg0|1455041|0
BENCH|BF36|LoadBPP_seg1|61012|0
BENCH|BF36|LoadBPP_seg2|1620|0
BENCH|BF36|LoadBPP_seg3|93358|0
BENCH|BF36|LoadBPP_seg4|42974|0
BENCH|BF36|LoadBPP_seg5|1618|0
BENCH|BF36|LoadBPP_seg6|625374|0
BENCH|BF36|LoadBPP_seg7|776118|0
BENCH|BF36|LoadBPP_seg8|1754627|0
BENCH|BF36|LoadBPP_seg9|855315|0
BENCH|BF36|LoadBPP_seg10|630766|0
BENCH|BF36|LoadBPP_seg11|1776592|0
BENCH|BF36|LoadBPP_seg12|818162|0
BENCH|BF36|LoadBPP_seg13|888579|0
BENCH|BF36|LoadBPP_seg14|1810427|0
BENCH|BF36|LoadBPP_seg15|1005893|0
BENCH|BF36|LoadBPP_seg16|936375|0
BENCH|BF36|LoadBPP_seg17|3798980|0
--- exit 0 ---
$ /home/jhubuntu/pq-rsp-benchmarks/lpac/build/src/lpac profile disable 89000123456789012341
--- stdout ---
{"type":"lpa","payload":{"code":-1,"message":"es10c_disable_profile","data":"profile not in enabled state"}}
--- stderr ---
--- exit 255 ---
$ /home/jhubuntu/pq-rsp-benchmarks/lpac/build/src/lpac profile delete 89000123456789012341
--- stdout ---
{"type":"lpa","payload":{"code":0,"message":"success","data":null}}
--- stderr ---
--- exit 0 ---
