iteration 22 2026-04-07T05:29:32.310548+00:00
$ /home/jhubuntu/pq-rsp-benchmarks/lpac/build/src/lpac profile download -s testsmdpplus1.example.com:8443 -m TS48v1_A
--- stdout ---
{"type":"progress","payload":{"code":0,"message":"es10b_get_euicc_challenge_and_info","data":"testsmdpplus1.example.com:8443"}}
{"type":"progress","payload":{"code":0,"message":"es9p_initiate_authentication","data":"testsmdpplus1.example.com:8443"}}
{"type":"progress","payload":{"code":0,"message":"es10b_authenticate_server","data":"testsmdpplus1.example.com:8443"}}
{"type":"progress","payload":{"code":0,"message":"es9p_authenticate_client","data":"testsmdpplus1.example.com:8443"}}
{"type":"progress","payload":{"code":0,"message":"es8p_metadata_parse","data":{"iccid":"89000123456789012341","serviceProviderName":"OsmocomSPN","profileName":"TS48v1_A","iconType":null,"icon":null,"profileClass":"operational"}}}
{"type":"progress","payload":{"code":0,"message":"es10b_prepare_download","data":"testsmdpplus1.example.com:8443"}}
{"type":"progress","payload":{"code":0,"message":"es9p_get_bound_profile_package","data":"testsmdpplus1.example.com:8443"}}
{"type":"progress","payload":{"code":0,"message":"es10b_load_bound_profile_package","data":"testsmdpplus1.example.com:8443"}}
{"type":"lpa","payload":{"code":0,"message":"success","data":{"seqNumber":1003,"iccid":"89000123456789012341","bppCommandId":"unknown","errorReason":"unknown"}}}
--- stderr ---
BENCH|BF2E|GetEuiccChallenge|5582|0
BENCH|BF20|GetEuiccInfo1|41177|0
BENCH|ES9P|/gsma/rsp2/es9plus/initiateAuthentication|3637|0
BENCH|BF38|AuthenticateServer|3117903|0
BENCH|ES9P|/gsma/rsp2/es9plus/authenticateClient|40286|0
BENCH|BF21|PrepareDownload|3773607|0
BENCH|ES9P|/gsma/rsp2/es9plus/getBoundProfilePackage|19055|0
BENCH|BF36|LoadBPP_seg0|1442980|0
BENCH|BF36|LoadBPP_seg1|61195|0
BENCH|BF36|LoadBPP_seg2|1590|0
BENCH|BF36|LoadBPP_seg3|92735|0
BENCH|BF36|LoadBPP_seg4|43510|0
BENCH|BF36|LoadBPP_seg5|1579|0
BENCH|BF36|LoadBPP_seg6|601147|0
BENCH|BF36|LoadBPP_seg7|802855|0
BENCH|BF36|LoadBPP_seg8|1907612|0
BENCH|BF36|LoadBPP_seg9|882604|0
BENCH|BF36|LoadBPP_seg10|630472|0
BENCH|BF36|LoadBPP_seg11|1590888|0
BENCH|BF36|LoadBPP_seg12|851740|0
BENCH|BF36|LoadBPP_seg13|863020|0
BENCH|BF36|LoadBPP_seg14|1842193|0
BENCH|BF36|LoadBPP_seg15|984338|0
BENCH|BF36|LoadBPP_seg16|964632|0
BENCH|BF36|LoadBPP_seg17|3786447|0
--- exit 0 ---
$ /home/jhubuntu/pq-rsp-benchmarks/lpac/build/src/lpac profile disable 89000123456789012341
--- stdout ---
{"type":"lpa","payload":{"code":-1,"message":"es10c_disable_profile","data":"profile not in enabled state"}}
--- stderr ---
--- exit 255 ---
$ /home/jhubuntu/pq-rsp-benchmarks/lpac/build/src/lpac profile delete 89000123456789012341
--- stdout ---
{"type":"lpa","payload":{"code":0,"message":"success","data":null}}
--- stderr ---
--- exit 0 ---
