iteration 27 2026-04-07T05:31:40.453847+00:00
$ /home/jhubuntu/pq-rsp-benchmarks/lpac/build/src/lpac profile download -s testsmdpplus1.example.com:8443 -m TS48v1_A
--- stdout ---
{"type":"progress","payload":{"code":0,"message":"es10b_get_euicc_challenge_and_info","data":"testsmdpplus1.example.com:8443"}}
{"type":"progress","payload":{"code":0,"message":"es9p_initiate_authentication","data":"testsmdpplus1.example.com:8443"}}
{"type":"progress","payload":{"code":0,"message":"es10b_authenticate_server","data":"testsmdpplus1.example.com:8443"}}
{"type":"progress","payload":{"code":0,"message":"es9p_authenticate_client","data":"testsmdpplus1.example.com:8443"}}
{"type":"progress","payload":{"code":0,"message":"es8p_metadata_parse","data":{"iccid":"89000123456789012341","serviceProviderName":"OsmocomSPN","profileName":"TS48v1_A","iconType":null,"icon":null,"profileClass":"operational"}}}
{"type":"progress","payload":{"code":0,"message":"es10b_prepare_download","data":"testsmdpplus1.example.com:8443"}}
{"type":"progress","payload":{"code":0,"message":"es9p_get_bound_profile_package","data":"testsmdpplus1.example.com:8443"}}
{"type":"progress","payload":{"code":0,"message":"es10b_load_bound_profile_package","data":"testsmdpplus1.example.com:8443"}}
{"type":"lpa","payload":{"code":0,"message":"success","data":{"seqNumber":1013,"iccid":"89000123456789012341","bppCommandId":"unknown","errorReason":"unknown"}}}
--- stderr ---
BENCH|BF2E|GetEuiccChallenge|5711|0
BENCH|BF20|GetEuiccInfo1|41199|0
BENCH|ES9P|/gsma/rsp2/es9plus/initiateAuthentication|3540|0
BENCH|BF38|AuthenticateServer|3129240|0
BENCH|ES9P|/gsma/rsp2/es9plus/authenticateClient|48089|0
BENCH|BF21|PrepareDownload|3747117|0
BENCH|ES9P|/gsma/rsp2/es9plus/getBoundProfilePackage|14748|0
BENCH|BF36|LoadBPP_seg0|1445351|0
BENCH|BF36|LoadBPP_seg1|62807|0
BENCH|BF36|LoadBPP_seg2|1548|0
BENCH|BF36|LoadBPP_seg3|1521259|0
BENCH|BF36|LoadBPP_seg4|43343|0
BENCH|BF36|LoadBPP_seg5|1570|0
BENCH|BF36|LoadBPP_seg6|623739|0
BENCH|BF36|LoadBPP_seg7|772812|0
BENCH|BF36|LoadBPP_seg8|832168|0
BENCH|BF36|LoadBPP_seg9|1448410|0
BENCH|BF36|LoadBPP_seg10|660578|0
BENCH|BF36|LoadBPP_seg11|822649|0
BENCH|BF36|LoadBPP_seg12|1738553|0
BENCH|BF36|LoadBPP_seg13|888733|0
BENCH|BF36|LoadBPP_seg14|881945|0
BENCH|BF36|LoadBPP_seg15|1934098|0
BENCH|BF36|LoadBPP_seg16|939990|0
BENCH|BF36|LoadBPP_seg17|3814470|0
--- exit 0 ---
$ /home/jhubuntu/pq-rsp-benchmarks/lpac/build/src/lpac profile disable 89000123456789012341
--- stdout ---
{"type":"lpa","payload":{"code":-1,"message":"es10c_disable_profile","data":"profile not in enabled state"}}
--- stderr ---
--- exit 255 ---
$ /home/jhubuntu/pq-rsp-benchmarks/lpac/build/src/lpac profile delete 89000123456789012341
--- stdout ---
{"type":"lpa","payload":{"code":0,"message":"success","data":null}}
--- stderr ---
--- exit 0 ---
