iteration 163 2026-04-07T06:31:09.106394+00:00
$ /home/jhubuntu/pq-rsp-benchmarks/lpac/build/src/lpac profile download -s testsmdpplus1.example.com:8443 -m TS48v1_A
--- stdout ---
{"type":"progress","payload":{"code":0,"message":"es10b_get_euicc_challenge_and_info","data":"testsmdpplus1.example.com:8443"}}
{"type":"progress","payload":{"code":0,"message":"es9p_initiate_authentication","data":"testsmdpplus1.example.com:8443"}}
{"type":"progress","payload":{"code":0,"message":"es10b_authenticate_server","data":"testsmdpplus1.example.com:8443"}}
{"type":"progress","payload":{"code":0,"message":"es9p_authenticate_client","data":"testsmdpplus1.example.com:8443"}}
{"type":"progress","payload":{"code":0,"message":"es8p_metadata_parse","data":{"iccid":"89000123456789012341","serviceProviderName":"OsmocomSPN","profileName":"TS48v1_A","iconType":null,"icon":null,"profileClass":"operational"}}}
{"type":"progress","payload":{"code":0,"message":"es10b_prepare_download","data":"testsmdpplus1.example.com:8443"}}
{"type":"progress","payload":{"code":0,"message":"es9p_get_bound_profile_package","data":"testsmdpplus1.example.com:8443"}}
{"type":"progress","payload":{"code":0,"message":"es10b_load_bound_profile_package","data":"testsmdpplus1.example.com:8443"}}
{"type":"lpa","payload":{"code":0,"message":"success","data":{"seqNumber":1285,"iccid":"89000123456789012341","bppCommandId":"unknown","errorReason":"unknown"}}}
--- stderr ---
BENCH|BF2E|GetEuiccChallenge|5705|0
BENCH|BF20|GetEuiccInfo1|41552|0
BENCH|ES9P|/gsma/rsp2/es9plus/initiateAuthentication|15430|0
BENCH|BF38|AuthenticateServer|3112610|0
BENCH|ES9P|/gsma/rsp2/es9plus/authenticateClient|38077|0
BENCH|BF21|PrepareDownload|3750147|0
BENCH|ES9P|/gsma/rsp2/es9plus/getBoundProfilePackage|9024|0
BENCH|BF36|LoadBPP_seg0|1465897|0
BENCH|BF36|LoadBPP_seg1|64479|0
BENCH|BF36|LoadBPP_seg2|1774|0
BENCH|BF36|LoadBPP_seg3|1731128|0
BENCH|BF36|LoadBPP_seg4|43162|0
BENCH|BF36|LoadBPP_seg5|1747|0
BENCH|BF36|LoadBPP_seg6|600001|0
BENCH|BF36|LoadBPP_seg7|774218|0
BENCH|BF36|LoadBPP_seg8|829632|0
BENCH|BF36|LoadBPP_seg9|1462187|0
BENCH|BF36|LoadBPP_seg10|660257|0
BENCH|BF36|LoadBPP_seg11|827709|0
BENCH|BF36|LoadBPP_seg12|1781075|0
BENCH|BF36|LoadBPP_seg13|865927|0
BENCH|BF36|LoadBPP_seg14|914112|0
BENCH|BF36|LoadBPP_seg15|1923341|0
BENCH|BF36|LoadBPP_seg16|960050|0
BENCH|BF36|LoadBPP_seg17|3783123|0
--- exit 0 ---
$ /home/jhubuntu/pq-rsp-benchmarks/lpac/build/src/lpac profile disable 89000123456789012341
--- stdout ---
{"type":"lpa","payload":{"code":-1,"message":"es10c_disable_profile","data":"profile not in enabled state"}}
--- stderr ---
--- exit 255 ---
$ /home/jhubuntu/pq-rsp-benchmarks/lpac/build/src/lpac profile delete 89000123456789012341
--- stdout ---
{"type":"lpa","payload":{"code":0,"message":"success","data":null}}
--- stderr ---
--- exit 0 ---
