iteration 7 2026-04-07T05:23:02.904754+00:00
$ /home/jhubuntu/pq-rsp-benchmarks/lpac/build/src/lpac profile download -s testsmdpplus1.example.com:8443 -m TS48v1_A
--- stdout ---
{"type":"progress","payload":{"code":0,"message":"es10b_get_euicc_challenge_and_info","data":"testsmdpplus1.example.com:8443"}}
{"type":"progress","payload":{"code":0,"message":"es9p_initiate_authentication","data":"testsmdpplus1.example.com:8443"}}
{"type":"progress","payload":{"code":0,"message":"es10b_authenticate_server","data":"testsmdpplus1.example.com:8443"}}
{"type":"progress","payload":{"code":0,"message":"es9p_authenticate_client","data":"testsmdpplus1.example.com:8443"}}
{"type":"progress","payload":{"code":0,"message":"es8p_metadata_parse","data":{"iccid":"89000123456789012341","serviceProviderName":"OsmocomSPN","profileName":"TS48v1_A","iconType":null,"icon":null,"profileClass":"operational"}}}
{"type":"progress","payload":{"code":0,"message":"es10b_prepare_download","data":"testsmdpplus1.example.com:8443"}}
{"type":"progress","payload":{"code":0,"message":"es9p_get_bound_profile_package","data":"testsmdpplus1.example.com:8443"}}
{"type":"progress","payload":{"code":0,"message":"es10b_load_bound_profile_package","data":"testsmdpplus1.example.com:8443"}}
{"type":"lpa","payload":{"code":0,"message":"success","data":{"seqNumber":973,"iccid":"89000123456789012341","bppCommandId":"unknown","errorReason":"unknown"}}}
--- stderr ---
BENCH|BF2E|GetEuiccChallenge|6000|0
BENCH|BF20|GetEuiccInfo1|41476|0
BENCH|ES9P|/gsma/rsp2/es9plus/initiateAuthentication|11391|0
BENCH|BF38|AuthenticateServer|3124586|0
BENCH|ES9P|/gsma/rsp2/es9plus/authenticateClient|30637|0
BENCH|BF21|PrepareDownload|3749818|0
BENCH|ES9P|/gsma/rsp2/es9plus/getBoundProfilePackage|26168|0
BENCH|BF36|LoadBPP_seg0|1424128|0
BENCH|BF36|LoadBPP_seg1|63228|0
BENCH|BF36|LoadBPP_seg2|1572|0
BENCH|BF36|LoadBPP_seg3|93099|0
BENCH|BF36|LoadBPP_seg4|42883|0
BENCH|BF36|LoadBPP_seg5|1811|0
BENCH|BF36|LoadBPP_seg6|600865|0
BENCH|BF36|LoadBPP_seg7|2084651|0
BENCH|BF36|LoadBPP_seg8|806513|0
BENCH|BF36|LoadBPP_seg9|886010|0
BENCH|BF36|LoadBPP_seg10|1413153|0
BENCH|BF36|LoadBPP_seg11|855181|0
BENCH|BF36|LoadBPP_seg12|829154|0
BENCH|BF36|LoadBPP_seg13|1989866|0
BENCH|BF36|LoadBPP_seg14|884219|0
BENCH|BF36|LoadBPP_seg15|1008733|0
BENCH|BF36|LoadBPP_seg16|1830507|0
BENCH|BF36|LoadBPP_seg17|2712101|0
--- exit 0 ---
$ /home/jhubuntu/pq-rsp-benchmarks/lpac/build/src/lpac profile disable 89000123456789012341
--- stdout ---
{"type":"lpa","payload":{"code":-1,"message":"es10c_disable_profile","data":"profile not in enabled state"}}
--- stderr ---
--- exit 255 ---
$ /home/jhubuntu/pq-rsp-benchmarks/lpac/build/src/lpac profile delete 89000123456789012341
--- stdout ---
{"type":"lpa","payload":{"code":0,"message":"success","data":null}}
--- stderr ---
--- exit 0 ---
