iteration 73 2026-04-07T05:51:45.772930+00:00
$ /home/jhubuntu/pq-rsp-benchmarks/lpac/build/src/lpac profile download -s testsmdpplus1.example.com:8443 -m TS48v1_A
--- stdout ---
{"type":"progress","payload":{"code":0,"message":"es10b_get_euicc_challenge_and_info","data":"testsmdpplus1.example.com:8443"}}
{"type":"progress","payload":{"code":0,"message":"es9p_initiate_authentication","data":"testsmdpplus1.example.com:8443"}}
{"type":"progress","payload":{"code":0,"message":"es10b_authenticate_server","data":"testsmdpplus1.example.com:8443"}}
{"type":"progress","payload":{"code":0,"message":"es9p_authenticate_client","data":"testsmdpplus1.example.com:8443"}}
{"type":"progress","payload":{"code":0,"message":"es8p_metadata_parse","data":{"iccid":"89000123456789012341","serviceProviderName":"OsmocomSPN","profileName":"TS48v1_A","iconType":null,"icon":null,"profileClass":"operational"}}}
{"type":"progress","payload":{"code":0,"message":"es10b_prepare_download","data":"testsmdpplus1.example.com:8443"}}
{"type":"progress","payload":{"code":0,"message":"es9p_get_bound_profile_package","data":"testsmdpplus1.example.com:8443"}}
{"type":"progress","payload":{"code":0,"message":"es10b_load_bound_profile_package","data":"testsmdpplus1.example.com:8443"}}
{"type":"lpa","payload":{"code":0,"message":"success","data":{"seqNumber":1105,"iccid":"89000123456789012341","bppCommandId":"unknown","errorReason":"unknown"}}}
--- stderr ---
BENCH|BF2E|GetEuiccChallenge|6619|0
BENCH|BF20|GetEuiccInfo1|41912|0
BENCH|ES9P|/gsma/rsp2/es9plus/initiateAuthentication|17905|0
BENCH|BF38|AuthenticateServer|3117898|0
BENCH|ES9P|/gsma/rsp2/es9plus/authenticateClient|25687|0
BENCH|BF21|PrepareDownload|3735451|0
BENCH|ES9P|/gsma/rsp2/es9plus/getBoundProfilePackage|25619|0
BENCH|BF36|LoadBPP_seg0|1437986|0
BENCH|BF36|LoadBPP_seg1|61598|0
BENCH|BF36|LoadBPP_seg2|1596|0
BENCH|BF36|LoadBPP_seg3|93401|0
BENCH|BF36|LoadBPP_seg4|42771|0
BENCH|BF36|LoadBPP_seg5|1775|0
BENCH|BF36|LoadBPP_seg6|629450|0
BENCH|BF36|LoadBPP_seg7|2048267|0
BENCH|BF36|LoadBPP_seg8|831211|0
BENCH|BF36|LoadBPP_seg9|858894|0
BENCH|BF36|LoadBPP_seg10|1404857|0
BENCH|BF36|LoadBPP_seg11|854097|0
BENCH|BF36|LoadBPP_seg12|822221|0
BENCH|BF36|LoadBPP_seg13|1830224|0
BENCH|BF36|LoadBPP_seg14|886004|0
BENCH|BF36|LoadBPP_seg15|1004924|0
BENCH|BF36|LoadBPP_seg16|1869794|0
BENCH|BF36|LoadBPP_seg17|2702960|0
--- exit 0 ---
$ /home/jhubuntu/pq-rsp-benchmarks/lpac/build/src/lpac profile disable 89000123456789012341
--- stdout ---
{"type":"lpa","payload":{"code":-1,"message":"es10c_disable_profile","data":"profile not in enabled state"}}
--- stderr ---
--- exit 255 ---
$ /home/jhubuntu/pq-rsp-benchmarks/lpac/build/src/lpac profile delete 89000123456789012341
--- stdout ---
{"type":"lpa","payload":{"code":0,"message":"success","data":null}}
--- stderr ---
--- exit 0 ---
