iteration 174 2026-04-07T06:35:54.039140+00:00
$ /home/jhubuntu/pq-rsp-benchmarks/lpac/build/src/lpac profile download -s testsmdpplus1.example.com:8443 -m TS48v1_A
--- stdout ---
{"type":"progress","payload":{"code":0,"message":"es10b_get_euicc_challenge_and_info","data":"testsmdpplus1.example.com:8443"}}
{"type":"progress","payload":{"code":0,"message":"es9p_initiate_authentication","data":"testsmdpplus1.example.com:8443"}}
{"type":"progress","payload":{"code":0,"message":"es10b_authenticate_server","data":"testsmdpplus1.example.com:8443"}}
{"type":"progress","payload":{"code":0,"message":"es9p_authenticate_client","data":"testsmdpplus1.example.com:8443"}}
{"type":"progress","payload":{"code":0,"message":"es8p_metadata_parse","data":{"iccid":"89000123456789012341","serviceProviderName":"OsmocomSPN","profileName":"TS48v1_A","iconType":null,"icon":null,"profileClass":"operational"}}}
{"type":"progress","payload":{"code":0,"message":"es10b_prepare_download","data":"testsmdpplus1.example.com:8443"}}
{"type":"progress","payload":{"code":0,"message":"es9p_get_bound_profile_package","data":"testsmdpplus1.example.com:8443"}}
{"type":"progress","payload":{"code":0,"message":"es10b_load_bound_profile_package","data":"testsmdpplus1.example.com:8443"}}
{"type":"lpa","payload":{"code":0,"message":"success","data":{"seqNumber":1307,"iccid":"89000123456789012341","bppCommandId":"unknown","errorReason":"unknown"}}}
--- stderr ---
BENCH|BF2E|GetEuiccChallenge|5622|0
BENCH|BF20|GetEuiccInfo1|41261|0
BENCH|ES9P|/gsma/rsp2/es9plus/initiateAuthentication|7862|0
BENCH|BF38|AuthenticateServer|3114336|0
BENCH|ES9P|/gsma/rsp2/es9plus/authenticateClient|26494|0
BENCH|BF21|PrepareDownload|3729773|0
BENCH|ES9P|/gsma/rsp2/es9plus/getBoundProfilePackage|16104|0
BENCH|BF36|LoadBPP_seg0|1453323|0
BENCH|BF36|LoadBPP_seg1|61490|0
BENCH|BF36|LoadBPP_seg2|2018|0
BENCH|BF36|LoadBPP_seg3|93415|0
BENCH|BF36|LoadBPP_seg4|43535|0
BENCH|BF36|LoadBPP_seg5|1967|0
BENCH|BF36|LoadBPP_seg6|629137|0
BENCH|BF36|LoadBPP_seg7|774771|0
BENCH|BF36|LoadBPP_seg8|1769162|0
BENCH|BF36|LoadBPP_seg9|854977|0
BENCH|BF36|LoadBPP_seg10|657872|0
BENCH|BF36|LoadBPP_seg11|1597258|0
BENCH|BF36|LoadBPP_seg12|819461|0
BENCH|BF36|LoadBPP_seg13|888762|0
BENCH|BF36|LoadBPP_seg14|1823821|0
BENCH|BF36|LoadBPP_seg15|1003590|0
BENCH|BF36|LoadBPP_seg16|936799|0
BENCH|BF36|LoadBPP_seg17|3822283|0
--- exit 0 ---
$ /home/jhubuntu/pq-rsp-benchmarks/lpac/build/src/lpac profile disable 89000123456789012341
--- stdout ---
{"type":"lpa","payload":{"code":-1,"message":"es10c_disable_profile","data":"profile not in enabled state"}}
--- stderr ---
--- exit 255 ---
$ /home/jhubuntu/pq-rsp-benchmarks/lpac/build/src/lpac profile delete 89000123456789012341
--- stdout ---
{"type":"lpa","payload":{"code":0,"message":"success","data":null}}
--- stderr ---
--- exit 0 ---
