iteration 120 2026-04-07T06:12:18.991343+00:00
$ /home/jhubuntu/pq-rsp-benchmarks/lpac/build/src/lpac profile download -s testsmdpplus1.example.com:8443 -m TS48v1_A
--- stdout ---
{"type":"progress","payload":{"code":0,"message":"es10b_get_euicc_challenge_and_info","data":"testsmdpplus1.example.com:8443"}}
{"type":"progress","payload":{"code":0,"message":"es9p_initiate_authentication","data":"testsmdpplus1.example.com:8443"}}
{"type":"progress","payload":{"code":0,"message":"es10b_authenticate_server","data":"testsmdpplus1.example.com:8443"}}
{"type":"progress","payload":{"code":0,"message":"es9p_authenticate_client","data":"testsmdpplus1.example.com:8443"}}
{"type":"progress","payload":{"code":0,"message":"es8p_metadata_parse","data":{"iccid":"89000123456789012341","serviceProviderName":"OsmocomSPN","profileName":"TS48v1_A","iconType":null,"icon":null,"profileClass":"operational"}}}
{"type":"progress","payload":{"code":0,"message":"es10b_prepare_download","data":"testsmdpplus1.example.com:8443"}}
{"type":"progress","payload":{"code":0,"message":"es9p_get_bound_profile_package","data":"testsmdpplus1.example.com:8443"}}
{"type":"progress","payload":{"code":0,"message":"es10b_load_bound_profile_package","data":"testsmdpplus1.example.com:8443"}}
{"type":"lpa","payload":{"code":0,"message":"success","data":{"seqNumber":1199,"iccid":"89000123456789012341","bppCommandId":"unknown","errorReason":"unknown"}}}
--- stderr ---
BENCH|BF2E|GetEuiccChallenge|5752|0
BENCH|BF20|GetEuiccInfo1|41607|0
BENCH|ES9P|/gsma/rsp2/es9plus/initiateAuthentication|16658|0
BENCH|BF38|AuthenticateServer|3103886|0
BENCH|ES9P|/gsma/rsp2/es9plus/authenticateClient|36913|0
BENCH|BF21|PrepareDownload|3754710|0
BENCH|ES9P|/gsma/rsp2/es9plus/getBoundProfilePackage|17906|0
BENCH|BF36|LoadBPP_seg0|1457853|0
BENCH|BF36|LoadBPP_seg1|63728|0
BENCH|BF36|LoadBPP_seg2|1777|0
BENCH|BF36|LoadBPP_seg3|93422|0
BENCH|BF36|LoadBPP_seg4|44623|0
BENCH|BF36|LoadBPP_seg5|1715|0
BENCH|BF36|LoadBPP_seg6|2013688|0
BENCH|BF36|LoadBPP_seg7|800722|0
BENCH|BF36|LoadBPP_seg8|809540|0
BENCH|BF36|LoadBPP_seg9|1625867|0
BENCH|BF36|LoadBPP_seg10|633207|0
BENCH|BF36|LoadBPP_seg11|826207|0
BENCH|BF36|LoadBPP_seg12|848694|0
BENCH|BF36|LoadBPP_seg13|1772482|0
BENCH|BF36|LoadBPP_seg14|911392|0
BENCH|BF36|LoadBPP_seg15|1886420|0
BENCH|BF36|LoadBPP_seg16|963156|0
BENCH|BF36|LoadBPP_seg17|4084144|0
--- exit 0 ---
$ /home/jhubuntu/pq-rsp-benchmarks/lpac/build/src/lpac profile disable 89000123456789012341
--- stdout ---
{"type":"lpa","payload":{"code":-1,"message":"es10c_disable_profile","data":"profile not in enabled state"}}
--- stderr ---
--- exit 255 ---
$ /home/jhubuntu/pq-rsp-benchmarks/lpac/build/src/lpac profile delete 89000123456789012341
--- stdout ---
{"type":"lpa","payload":{"code":0,"message":"success","data":null}}
--- stderr ---
--- exit 0 ---
