iteration 62 2026-04-07T05:47:00.351248+00:00
$ /home/jhubuntu/pq-rsp-benchmarks/lpac/build/src/lpac profile download -s testsmdpplus1.example.com:8443 -m TS48v1_A
--- stdout ---
{"type":"progress","payload":{"code":0,"message":"es10b_get_euicc_challenge_and_info","data":"testsmdpplus1.example.com:8443"}}
{"type":"progress","payload":{"code":0,"message":"es9p_initiate_authentication","data":"testsmdpplus1.example.com:8443"}}
{"type":"progress","payload":{"code":0,"message":"es10b_authenticate_server","data":"testsmdpplus1.example.com:8443"}}
{"type":"progress","payload":{"code":0,"message":"es9p_authenticate_client","data":"testsmdpplus1.example.com:8443"}}
{"type":"progress","payload":{"code":0,"message":"es8p_metadata_parse","data":{"iccid":"89000123456789012341","serviceProviderName":"OsmocomSPN","profileName":"TS48v1_A","iconType":null,"icon":null,"profileClass":"operational"}}}
{"type":"progress","payload":{"code":0,"message":"es10b_prepare_download","data":"testsmdpplus1.example.com:8443"}}
{"type":"progress","payload":{"code":0,"message":"es9p_get_bound_profile_package","data":"testsmdpplus1.example.com:8443"}}
{"type":"progress","payload":{"code":0,"message":"es10b_load_bound_profile_package","data":"testsmdpplus1.example.com:8443"}}
{"type":"lpa","payload":{"code":0,"message":"success","data":{"seqNumber":1083,"iccid":"89000123456789012341","bppCommandId":"unknown","errorReason":"unknown"}}}
--- stderr ---
BENCH|BF2E|GetEuiccChallenge|6292|0
BENCH|BF20|GetEuiccInfo1|41502|0
BENCH|ES9P|/gsma/rsp2/es9plus/initiateAuthentication|10473|0
BENCH|BF38|AuthenticateServer|3079592|0
BENCH|ES9P|/gsma/rsp2/es9plus/authenticateClient|24459|0
BENCH|BF21|PrepareDownload|3746740|0
BENCH|ES9P|/gsma/rsp2/es9plus/getBoundProfilePackage|25360|0
BENCH|BF36|LoadBPP_seg0|1456030|0
BENCH|BF36|LoadBPP_seg1|61398|0
BENCH|BF36|LoadBPP_seg2|1612|0
BENCH|BF36|LoadBPP_seg3|93622|0
BENCH|BF36|LoadBPP_seg4|43445|0
BENCH|BF36|LoadBPP_seg5|1686|0
BENCH|BF36|LoadBPP_seg6|626428|0
BENCH|BF36|LoadBPP_seg7|773234|0
BENCH|BF36|LoadBPP_seg8|1935975|0
BENCH|BF36|LoadBPP_seg9|855983|0
BENCH|BF36|LoadBPP_seg10|660557|0
BENCH|BF36|LoadBPP_seg11|1596251|0
BENCH|BF36|LoadBPP_seg12|820391|0
BENCH|BF36|LoadBPP_seg13|887739|0
BENCH|BF36|LoadBPP_seg14|1824463|0
BENCH|BF36|LoadBPP_seg15|1006963|0
BENCH|BF36|LoadBPP_seg16|941057|0
BENCH|BF36|LoadBPP_seg17|3811421|0
--- exit 0 ---
$ /home/jhubuntu/pq-rsp-benchmarks/lpac/build/src/lpac profile disable 89000123456789012341
--- stdout ---
{"type":"lpa","payload":{"code":-1,"message":"es10c_disable_profile","data":"profile not in enabled state"}}
--- stderr ---
--- exit 255 ---
$ /home/jhubuntu/pq-rsp-benchmarks/lpac/build/src/lpac profile delete 89000123456789012341
--- stdout ---
{"type":"lpa","payload":{"code":0,"message":"success","data":null}}
--- stderr ---
--- exit 0 ---
