iteration 170 2026-04-07T06:34:10.311587+00:00
$ /home/jhubuntu/pq-rsp-benchmarks/lpac/build/src/lpac profile download -s testsmdpplus1.example.com:8443 -m TS48v1_A
--- stdout ---
{"type":"progress","payload":{"code":0,"message":"es10b_get_euicc_challenge_and_info","data":"testsmdpplus1.example.com:8443"}}
{"type":"progress","payload":{"code":0,"message":"es9p_initiate_authentication","data":"testsmdpplus1.example.com:8443"}}
{"type":"progress","payload":{"code":0,"message":"es10b_authenticate_server","data":"testsmdpplus1.example.com:8443"}}
{"type":"progress","payload":{"code":0,"message":"es9p_authenticate_client","data":"testsmdpplus1.example.com:8443"}}
{"type":"progress","payload":{"code":0,"message":"es8p_metadata_parse","data":{"iccid":"89000123456789012341","serviceProviderName":"OsmocomSPN","profileName":"TS48v1_A","iconType":null,"icon":null,"profileClass":"operational"}}}
{"type":"progress","payload":{"code":0,"message":"es10b_prepare_download","data":"testsmdpplus1.example.com:8443"}}
{"type":"progress","payload":{"code":0,"message":"es9p_get_bound_profile_package","data":"testsmdpplus1.example.com:8443"}}
{"type":"progress","payload":{"code":0,"message":"es10b_load_bound_profile_package","data":"testsmdpplus1.example.com:8443"}}
{"type":"lpa","payload":{"code":0,"message":"success","data":{"seqNumber":1299,"iccid":"89000123456789012341","bppCommandId":"unknown","errorReason":"unknown"}}}
--- stderr ---
BENCH|BF2E|GetEuiccChallenge|6517|0
BENCH|BF20|GetEuiccInfo1|41838|0
BENCH|ES9P|/gsma/rsp2/es9plus/initiateAuthentication|14756|0
BENCH|BF38|AuthenticateServer|4544247|0
BENCH|ES9P|/gsma/rsp2/es9plus/authenticateClient|40635|0
BENCH|BF21|PrepareDownload|3744251|0
BENCH|ES9P|/gsma/rsp2/es9plus/getBoundProfilePackage|29188|0
BENCH|BF36|LoadBPP_seg0|1442444|0
BENCH|BF36|LoadBPP_seg1|60909|0
BENCH|BF36|LoadBPP_seg2|2013|0
BENCH|BF36|LoadBPP_seg3|119137|0
BENCH|BF36|LoadBPP_seg4|43537|0
BENCH|BF36|LoadBPP_seg5|1952|0
BENCH|BF36|LoadBPP_seg6|600342|0
BENCH|BF36|LoadBPP_seg7|780897|0
BENCH|BF36|LoadBPP_seg8|1736451|0
BENCH|BF36|LoadBPP_seg9|852284|0
BENCH|BF36|LoadBPP_seg10|659318|0
BENCH|BF36|LoadBPP_seg11|1558664|0
BENCH|BF36|LoadBPP_seg12|849229|0
BENCH|BF36|LoadBPP_seg13|864598|0
BENCH|BF36|LoadBPP_seg14|1818720|0
BENCH|BF36|LoadBPP_seg15|981260|0
BENCH|BF36|LoadBPP_seg16|963561|0
BENCH|BF36|LoadBPP_seg17|3755611|0
--- exit 0 ---
$ /home/jhubuntu/pq-rsp-benchmarks/lpac/build/src/lpac profile disable 89000123456789012341
--- stdout ---
{"type":"lpa","payload":{"code":-1,"message":"es10c_disable_profile","data":"profile not in enabled state"}}
--- stderr ---
--- exit 255 ---
$ /home/jhubuntu/pq-rsp-benchmarks/lpac/build/src/lpac profile delete 89000123456789012341
--- stdout ---
{"type":"lpa","payload":{"code":0,"message":"success","data":null}}
--- stderr ---
--- exit 0 ---
