iteration 175 2026-04-07T06:36:20.178430+00:00
$ /home/jhubuntu/pq-rsp-benchmarks/lpac/build/src/lpac profile download -s testsmdpplus1.example.com:8443 -m TS48v1_A
--- stdout ---
{"type":"progress","payload":{"code":0,"message":"es10b_get_euicc_challenge_and_info","data":"testsmdpplus1.example.com:8443"}}
{"type":"progress","payload":{"code":0,"message":"es9p_initiate_authentication","data":"testsmdpplus1.example.com:8443"}}
{"type":"progress","payload":{"code":0,"message":"es10b_authenticate_server","data":"testsmdpplus1.example.com:8443"}}
{"type":"progress","payload":{"code":0,"message":"es9p_authenticate_client","data":"testsmdpplus1.example.com:8443"}}
{"type":"progress","payload":{"code":0,"message":"es8p_metadata_parse","data":{"iccid":"89000123456789012341","serviceProviderName":"OsmocomSPN","profileName":"TS48v1_A","iconType":null,"icon":null,"profileClass":"operational"}}}
{"type":"progress","payload":{"code":0,"message":"es10b_prepare_download","data":"testsmdpplus1.example.com:8443"}}
{"type":"progress","payload":{"code":0,"message":"es9p_get_bound_profile_package","data":"testsmdpplus1.example.com:8443"}}
{"type":"progress","payload":{"code":0,"message":"es10b_load_bound_profile_package","data":"testsmdpplus1.example.com:8443"}}
{"type":"lpa","payload":{"code":0,"message":"success","data":{"seqNumber":1309,"iccid":"89000123456789012341","bppCommandId":"unknown","errorReason":"unknown"}}}
--- stderr ---
BENCH|BF2E|GetEuiccChallenge|6074|0
BENCH|BF20|GetEuiccInfo1|41375|0
BENCH|ES9P|/gsma/rsp2/es9plus/initiateAuthentication|17055|0
BENCH|BF38|AuthenticateServer|3120530|0
BENCH|ES9P|/gsma/rsp2/es9plus/authenticateClient|35615|0
BENCH|BF21|PrepareDownload|3744102|0
BENCH|ES9P|/gsma/rsp2/es9plus/getBoundProfilePackage|26290|0
BENCH|BF36|LoadBPP_seg0|1437223|0
BENCH|BF36|LoadBPP_seg1|63023|0
BENCH|BF36|LoadBPP_seg2|1656|0
BENCH|BF36|LoadBPP_seg3|93608|0
BENCH|BF36|LoadBPP_seg4|1491611|0
BENCH|BF36|LoadBPP_seg5|1835|0
BENCH|BF36|LoadBPP_seg6|602833|0
BENCH|BF36|LoadBPP_seg7|803649|0
BENCH|BF36|LoadBPP_seg8|807287|0
BENCH|BF36|LoadBPP_seg9|1492426|0
BENCH|BF36|LoadBPP_seg10|630340|0
BENCH|BF36|LoadBPP_seg11|854255|0
BENCH|BF36|LoadBPP_seg12|1762454|0
BENCH|BF36|LoadBPP_seg13|889107|0
BENCH|BF36|LoadBPP_seg14|883941|0
BENCH|BF36|LoadBPP_seg15|1929886|0
BENCH|BF36|LoadBPP_seg16|936796|0
BENCH|BF36|LoadBPP_seg17|3784385|0
--- exit 0 ---
$ /home/jhubuntu/pq-rsp-benchmarks/lpac/build/src/lpac profile disable 89000123456789012341
--- stdout ---
{"type":"lpa","payload":{"code":-1,"message":"es10c_disable_profile","data":"profile not in enabled state"}}
--- stderr ---
--- exit 255 ---
$ /home/jhubuntu/pq-rsp-benchmarks/lpac/build/src/lpac profile delete 89000123456789012341
--- stdout ---
{"type":"lpa","payload":{"code":0,"message":"success","data":null}}
--- stderr ---
--- exit 0 ---
