iteration 148 2026-04-07T06:24:24.936047+00:00
$ /home/jhubuntu/pq-rsp-benchmarks/lpac/build/src/lpac profile download -s testsmdpplus1.example.com:8443 -m TS48v1_A
--- stdout ---
{"type":"progress","payload":{"code":0,"message":"es10b_get_euicc_challenge_and_info","data":"testsmdpplus1.example.com:8443"}}
{"type":"progress","payload":{"code":0,"message":"es9p_initiate_authentication","data":"testsmdpplus1.example.com:8443"}}
{"type":"progress","payload":{"code":0,"message":"es10b_authenticate_server","data":"testsmdpplus1.example.com:8443"}}
{"type":"progress","payload":{"code":0,"message":"es9p_authenticate_client","data":"testsmdpplus1.example.com:8443"}}
{"type":"progress","payload":{"code":0,"message":"es8p_metadata_parse","data":{"iccid":"89000123456789012341","serviceProviderName":"OsmocomSPN","profileName":"TS48v1_A","iconType":null,"icon":null,"profileClass":"operational"}}}
{"type":"progress","payload":{"code":0,"message":"es10b_prepare_download","data":"testsmdpplus1.example.com:8443"}}
{"type":"progress","payload":{"code":0,"message":"es9p_get_bound_profile_package","data":"testsmdpplus1.example.com:8443"}}
{"type":"progress","payload":{"code":0,"message":"es10b_load_bound_profile_package","data":"testsmdpplus1.example.com:8443"}}
{"type":"lpa","payload":{"code":0,"message":"success","data":{"seqNumber":1255,"iccid":"89000123456789012341","bppCommandId":"unknown","errorReason":"unknown"}}}
--- stderr ---
BENCH|BF2E|GetEuiccChallenge|6000|0
BENCH|BF20|GetEuiccInfo1|41431|0
BENCH|ES9P|/gsma/rsp2/es9plus/initiateAuthentication|13571|0
BENCH|BF38|AuthenticateServer|3117601|0
BENCH|ES9P|/gsma/rsp2/es9plus/authenticateClient|38246|0
BENCH|BF21|PrepareDownload|3752589|0
BENCH|ES9P|/gsma/rsp2/es9plus/getBoundProfilePackage|20341|0
BENCH|BF36|LoadBPP_seg0|1439247|0
BENCH|BF36|LoadBPP_seg1|63403|0
BENCH|BF36|LoadBPP_seg2|1585|0
BENCH|BF36|LoadBPP_seg3|93073|0
BENCH|BF36|LoadBPP_seg4|43253|0
BENCH|BF36|LoadBPP_seg5|1827|0
BENCH|BF36|LoadBPP_seg6|2009262|0
BENCH|BF36|LoadBPP_seg7|804347|0
BENCH|BF36|LoadBPP_seg8|809673|0
BENCH|BF36|LoadBPP_seg9|1621655|0
BENCH|BF36|LoadBPP_seg10|632327|0
BENCH|BF36|LoadBPP_seg11|822519|0
BENCH|BF36|LoadBPP_seg12|847443|0
BENCH|BF36|LoadBPP_seg13|1770555|0
BENCH|BF36|LoadBPP_seg14|910015|0
BENCH|BF36|LoadBPP_seg15|2051146|0
BENCH|BF36|LoadBPP_seg16|963368|0
BENCH|BF36|LoadBPP_seg17|4092268|0
--- exit 0 ---
$ /home/jhubuntu/pq-rsp-benchmarks/lpac/build/src/lpac profile disable 89000123456789012341
--- stdout ---
{"type":"lpa","payload":{"code":-1,"message":"es10c_disable_profile","data":"profile not in enabled state"}}
--- stderr ---
--- exit 255 ---
$ /home/jhubuntu/pq-rsp-benchmarks/lpac/build/src/lpac profile delete 89000123456789012341
--- stdout ---
{"type":"lpa","payload":{"code":0,"message":"success","data":null}}
--- stderr ---
--- exit 0 ---
