iteration 10 2026-04-07T05:24:20.261344+00:00
$ /home/jhubuntu/pq-rsp-benchmarks/lpac/build/src/lpac profile download -s testsmdpplus1.example.com:8443 -m TS48v1_A
--- stdout ---
{"type":"progress","payload":{"code":0,"message":"es10b_get_euicc_challenge_and_info","data":"testsmdpplus1.example.com:8443"}}
{"type":"progress","payload":{"code":0,"message":"es9p_initiate_authentication","data":"testsmdpplus1.example.com:8443"}}
{"type":"progress","payload":{"code":0,"message":"es10b_authenticate_server","data":"testsmdpplus1.example.com:8443"}}
{"type":"progress","payload":{"code":0,"message":"es9p_authenticate_client","data":"testsmdpplus1.example.com:8443"}}
{"type":"progress","payload":{"code":0,"message":"es8p_metadata_parse","data":{"iccid":"89000123456789012341","serviceProviderName":"OsmocomSPN","profileName":"TS48v1_A","iconType":null,"icon":null,"profileClass":"operational"}}}
{"type":"progress","payload":{"code":0,"message":"es10b_prepare_download","data":"testsmdpplus1.example.com:8443"}}
{"type":"progress","payload":{"code":0,"message":"es9p_get_bound_profile_package","data":"testsmdpplus1.example.com:8443"}}
{"type":"progress","payload":{"code":0,"message":"es10b_load_bound_profile_package","data":"testsmdpplus1.example.com:8443"}}
{"type":"lpa","payload":{"code":0,"message":"success","data":{"seqNumber":979,"iccid":"89000123456789012341","bppCommandId":"unknown","errorReason":"unknown"}}}
--- stderr ---
BENCH|BF2E|GetEuiccChallenge|5699|0
BENCH|BF20|GetEuiccInfo1|41482|0
BENCH|ES9P|/gsma/rsp2/es9plus/initiateAuthentication|17120|0
BENCH|BF38|AuthenticateServer|3096218|0
BENCH|ES9P|/gsma/rsp2/es9plus/authenticateClient|43263|0
BENCH|BF21|PrepareDownload|3745923|0
BENCH|ES9P|/gsma/rsp2/es9plus/getBoundProfilePackage|17334|0
BENCH|BF36|LoadBPP_seg0|1444493|0
BENCH|BF36|LoadBPP_seg1|63695|0
BENCH|BF36|LoadBPP_seg2|1563|0
BENCH|BF36|LoadBPP_seg3|93445|0
BENCH|BF36|LoadBPP_seg4|43101|0
BENCH|BF36|LoadBPP_seg5|1740|0
BENCH|BF36|LoadBPP_seg6|2052145|0
BENCH|BF36|LoadBPP_seg7|774992|0
BENCH|BF36|LoadBPP_seg8|833401|0
BENCH|BF36|LoadBPP_seg9|1448461|0
BENCH|BF36|LoadBPP_seg10|628366|0
BENCH|BF36|LoadBPP_seg11|852386|0
BENCH|BF36|LoadBPP_seg12|1743167|0
BENCH|BF36|LoadBPP_seg13|891755|0
BENCH|BF36|LoadBPP_seg14|884350|0
BENCH|BF36|LoadBPP_seg15|1933484|0
BENCH|BF36|LoadBPP_seg16|935879|0
BENCH|BF36|LoadBPP_seg17|4154981|0
--- exit 0 ---
$ /home/jhubuntu/pq-rsp-benchmarks/lpac/build/src/lpac profile disable 89000123456789012341
--- stdout ---
{"type":"lpa","payload":{"code":-1,"message":"es10c_disable_profile","data":"profile not in enabled state"}}
--- stderr ---
--- exit 255 ---
$ /home/jhubuntu/pq-rsp-benchmarks/lpac/build/src/lpac profile delete 89000123456789012341
--- stdout ---
{"type":"lpa","payload":{"code":0,"message":"success","data":null}}
--- stderr ---
--- exit 0 ---
