iteration 94 2026-04-07T06:00:49.158455+00:00
$ /home/jhubuntu/pq-rsp-benchmarks/lpac/build/src/lpac profile download -s testsmdpplus1.example.com:8443 -m TS48v1_A
--- stdout ---
{"type":"progress","payload":{"code":0,"message":"es10b_get_euicc_challenge_and_info","data":"testsmdpplus1.example.com:8443"}}
{"type":"progress","payload":{"code":0,"message":"es9p_initiate_authentication","data":"testsmdpplus1.example.com:8443"}}
{"type":"progress","payload":{"code":0,"message":"es10b_authenticate_server","data":"testsmdpplus1.example.com:8443"}}
{"type":"progress","payload":{"code":0,"message":"es9p_authenticate_client","data":"testsmdpplus1.example.com:8443"}}
{"type":"progress","payload":{"code":0,"message":"es8p_metadata_parse","data":{"iccid":"89000123456789012341","serviceProviderName":"OsmocomSPN","profileName":"TS48v1_A","iconType":null,"icon":null,"profileClass":"operational"}}}
{"type":"progress","payload":{"code":0,"message":"es10b_prepare_download","data":"testsmdpplus1.example.com:8443"}}
{"type":"progress","payload":{"code":0,"message":"es9p_get_bound_profile_package","data":"testsmdpplus1.example.com:8443"}}
{"type":"progress","payload":{"code":0,"message":"es10b_load_bound_profile_package","data":"testsmdpplus1.example.com:8443"}}
{"type":"lpa","payload":{"code":0,"message":"success","data":{"seqNumber":1147,"iccid":"89000123456789012341","bppCommandId":"unknown","errorReason":"unknown"}}}
--- stderr ---
BENCH|BF2E|GetEuiccChallenge|5866|0
BENCH|BF20|GetEuiccInfo1|41359|0
BENCH|ES9P|/gsma/rsp2/es9plus/initiateAuthentication|14275|0
BENCH|BF38|AuthenticateServer|3134974|0
BENCH|ES9P|/gsma/rsp2/es9plus/authenticateClient|25760|0
BENCH|BF21|PrepareDownload|3742929|0
BENCH|ES9P|/gsma/rsp2/es9plus/getBoundProfilePackage|17687|0
BENCH|BF36|LoadBPP_seg0|1438557|0
BENCH|BF36|LoadBPP_seg1|60832|0
BENCH|BF36|LoadBPP_seg2|1716|0
BENCH|BF36|LoadBPP_seg3|93739|0
BENCH|BF36|LoadBPP_seg4|43063|0
BENCH|BF36|LoadBPP_seg5|1903|0
BENCH|BF36|LoadBPP_seg6|626521|0
BENCH|BF36|LoadBPP_seg7|778260|0
BENCH|BF36|LoadBPP_seg8|1922311|0
BENCH|BF36|LoadBPP_seg9|854370|0
BENCH|BF36|LoadBPP_seg10|634676|0
BENCH|BF36|LoadBPP_seg11|1614264|0
BENCH|BF36|LoadBPP_seg12|818402|0
BENCH|BF36|LoadBPP_seg13|889891|0
BENCH|BF36|LoadBPP_seg14|1815769|0
BENCH|BF36|LoadBPP_seg15|1009115|0
BENCH|BF36|LoadBPP_seg16|944779|0
BENCH|BF36|LoadBPP_seg17|3807446|0
--- exit 0 ---
$ /home/jhubuntu/pq-rsp-benchmarks/lpac/build/src/lpac profile disable 89000123456789012341
--- stdout ---
{"type":"lpa","payload":{"code":-1,"message":"es10c_disable_profile","data":"profile not in enabled state"}}
--- stderr ---
--- exit 255 ---
$ /home/jhubuntu/pq-rsp-benchmarks/lpac/build/src/lpac profile delete 89000123456789012341
--- stdout ---
{"type":"lpa","payload":{"code":0,"message":"success","data":null}}
--- stderr ---
--- exit 0 ---
