iteration 127 2026-04-07T06:15:20.107858+00:00
$ /home/jhubuntu/pq-rsp-benchmarks/lpac/build/src/lpac profile download -s testsmdpplus1.example.com:8443 -m TS48v1_A
--- stdout ---
{"type":"progress","payload":{"code":0,"message":"es10b_get_euicc_challenge_and_info","data":"testsmdpplus1.example.com:8443"}}
{"type":"progress","payload":{"code":0,"message":"es9p_initiate_authentication","data":"testsmdpplus1.example.com:8443"}}
{"type":"progress","payload":{"code":0,"message":"es10b_authenticate_server","data":"testsmdpplus1.example.com:8443"}}
{"type":"progress","payload":{"code":0,"message":"es9p_authenticate_client","data":"testsmdpplus1.example.com:8443"}}
{"type":"progress","payload":{"code":0,"message":"es8p_metadata_parse","data":{"iccid":"89000123456789012341","serviceProviderName":"OsmocomSPN","profileName":"TS48v1_A","iconType":null,"icon":null,"profileClass":"operational"}}}
{"type":"progress","payload":{"code":0,"message":"es10b_prepare_download","data":"testsmdpplus1.example.com:8443"}}
{"type":"progress","payload":{"code":0,"message":"es9p_get_bound_profile_package","data":"testsmdpplus1.example.com:8443"}}
{"type":"progress","payload":{"code":0,"message":"es10b_load_bound_profile_package","data":"testsmdpplus1.example.com:8443"}}
{"type":"lpa","payload":{"code":0,"message":"success","data":{"seqNumber":1213,"iccid":"89000123456789012341","bppCommandId":"unknown","errorReason":"unknown"}}}
--- stderr ---
BENCH|BF2E|GetEuiccChallenge|5916|0
BENCH|BF20|GetEuiccInfo1|41538|0
BENCH|ES9P|/gsma/rsp2/es9plus/initiateAuthentication|17405|0
BENCH|BF38|AuthenticateServer|3123178|0
BENCH|ES9P|/gsma/rsp2/es9plus/authenticateClient|27605|0
BENCH|BF21|PrepareDownload|3774092|0
BENCH|ES9P|/gsma/rsp2/es9plus/getBoundProfilePackage|27754|0
BENCH|BF36|LoadBPP_seg0|1448684|0
BENCH|BF36|LoadBPP_seg1|62937|0
BENCH|BF36|LoadBPP_seg2|2007|0
BENCH|BF36|LoadBPP_seg3|92973|0
BENCH|BF36|LoadBPP_seg4|1462477|0
BENCH|BF36|LoadBPP_seg5|1761|0
BENCH|BF36|LoadBPP_seg6|599842|0
BENCH|BF36|LoadBPP_seg7|801373|0
BENCH|BF36|LoadBPP_seg8|806147|0
BENCH|BF36|LoadBPP_seg9|1460483|0
BENCH|BF36|LoadBPP_seg10|630385|0
BENCH|BF36|LoadBPP_seg11|827693|0
BENCH|BF36|LoadBPP_seg12|1927134|0
BENCH|BF36|LoadBPP_seg13|866108|0
BENCH|BF36|LoadBPP_seg14|910230|0
BENCH|BF36|LoadBPP_seg15|1904274|0
BENCH|BF36|LoadBPP_seg16|966158|0
BENCH|BF36|LoadBPP_seg17|3764391|0
--- exit 0 ---
$ /home/jhubuntu/pq-rsp-benchmarks/lpac/build/src/lpac profile disable 89000123456789012341
--- stdout ---
{"type":"lpa","payload":{"code":-1,"message":"es10c_disable_profile","data":"profile not in enabled state"}}
--- stderr ---
--- exit 255 ---
$ /home/jhubuntu/pq-rsp-benchmarks/lpac/build/src/lpac profile delete 89000123456789012341
--- stdout ---
{"type":"lpa","payload":{"code":0,"message":"success","data":null}}
--- stderr ---
--- exit 0 ---
