iteration 109 2026-04-07T06:07:34.382941+00:00
$ /home/jhubuntu/pq-rsp-benchmarks/lpac/build/src/lpac profile download -s testsmdpplus1.example.com:8443 -m TS48v1_A
--- stdout ---
{"type":"progress","payload":{"code":0,"message":"es10b_get_euicc_challenge_and_info","data":"testsmdpplus1.example.com:8443"}}
{"type":"progress","payload":{"code":0,"message":"es9p_initiate_authentication","data":"testsmdpplus1.example.com:8443"}}
{"type":"progress","payload":{"code":0,"message":"es10b_authenticate_server","data":"testsmdpplus1.example.com:8443"}}
{"type":"progress","payload":{"code":0,"message":"es9p_authenticate_client","data":"testsmdpplus1.example.com:8443"}}
{"type":"progress","payload":{"code":0,"message":"es8p_metadata_parse","data":{"iccid":"89000123456789012341","serviceProviderName":"OsmocomSPN","profileName":"TS48v1_A","iconType":null,"icon":null,"profileClass":"operational"}}}
{"type":"progress","payload":{"code":0,"message":"es10b_prepare_download","data":"testsmdpplus1.example.com:8443"}}
{"type":"progress","payload":{"code":0,"message":"es9p_get_bound_profile_package","data":"testsmdpplus1.example.com:8443"}}
{"type":"progress","payload":{"code":0,"message":"es10b_load_bound_profile_package","data":"testsmdpplus1.example.com:8443"}}
{"type":"lpa","payload":{"code":0,"message":"success","data":{"seqNumber":1177,"iccid":"89000123456789012341","bppCommandId":"unknown","errorReason":"unknown"}}}
--- stderr ---
BENCH|BF2E|GetEuiccChallenge|5788|0
BENCH|BF20|GetEuiccInfo1|41489|0
BENCH|ES9P|/gsma/rsp2/es9plus/initiateAuthentication|16032|0
BENCH|BF38|AuthenticateServer|3103924|0
BENCH|ES9P|/gsma/rsp2/es9plus/authenticateClient|37566|0
BENCH|BF21|PrepareDownload|3741747|0
BENCH|ES9P|/gsma/rsp2/es9plus/getBoundProfilePackage|18767|0
BENCH|BF36|LoadBPP_seg0|1460840|0
BENCH|BF36|LoadBPP_seg1|61977|0
BENCH|BF36|LoadBPP_seg2|1981|0
BENCH|BF36|LoadBPP_seg3|94089|0
BENCH|BF36|LoadBPP_seg4|42955|0
BENCH|BF36|LoadBPP_seg5|2015|0
BENCH|BF36|LoadBPP_seg6|604543|0
BENCH|BF36|LoadBPP_seg7|2048710|0
BENCH|BF36|LoadBPP_seg8|807812|0
BENCH|BF36|LoadBPP_seg9|883103|0
BENCH|BF36|LoadBPP_seg10|1377214|0
BENCH|BF36|LoadBPP_seg11|827065|0
BENCH|BF36|LoadBPP_seg12|852245|0
BENCH|BF36|LoadBPP_seg13|1802675|0
BENCH|BF36|LoadBPP_seg14|884719|0
BENCH|BF36|LoadBPP_seg15|982478|0
BENCH|BF36|LoadBPP_seg16|2042451|0
BENCH|BF36|LoadBPP_seg17|2683515|0
--- exit 0 ---
$ /home/jhubuntu/pq-rsp-benchmarks/lpac/build/src/lpac profile disable 89000123456789012341
--- stdout ---
{"type":"lpa","payload":{"code":-1,"message":"es10c_disable_profile","data":"profile not in enabled state"}}
--- stderr ---
--- exit 255 ---
$ /home/jhubuntu/pq-rsp-benchmarks/lpac/build/src/lpac profile delete 89000123456789012341
--- stdout ---
{"type":"lpa","payload":{"code":0,"message":"success","data":null}}
--- stderr ---
--- exit 0 ---
