iteration 145 2026-04-07T06:23:07.530692+00:00
$ /home/jhubuntu/pq-rsp-benchmarks/lpac/build/src/lpac profile download -s testsmdpplus1.example.com:8443 -m TS48v1_A
--- stdout ---
{"type":"progress","payload":{"code":0,"message":"es10b_get_euicc_challenge_and_info","data":"testsmdpplus1.example.com:8443"}}
{"type":"progress","payload":{"code":0,"message":"es9p_initiate_authentication","data":"testsmdpplus1.example.com:8443"}}
{"type":"progress","payload":{"code":0,"message":"es10b_authenticate_server","data":"testsmdpplus1.example.com:8443"}}
{"type":"progress","payload":{"code":0,"message":"es9p_authenticate_client","data":"testsmdpplus1.example.com:8443"}}
{"type":"progress","payload":{"code":0,"message":"es8p_metadata_parse","data":{"iccid":"89000123456789012341","serviceProviderName":"OsmocomSPN","profileName":"TS48v1_A","iconType":null,"icon":null,"profileClass":"operational"}}}
{"type":"progress","payload":{"code":0,"message":"es10b_prepare_download","data":"testsmdpplus1.example.com:8443"}}
{"type":"progress","payload":{"code":0,"message":"es9p_get_bound_profile_package","data":"testsmdpplus1.example.com:8443"}}
{"type":"progress","payload":{"code":0,"message":"es10b_load_bound_profile_package","data":"testsmdpplus1.example.com:8443"}}
{"type":"lpa","payload":{"code":0,"message":"success","data":{"seqNumber":1249,"iccid":"89000123456789012341","bppCommandId":"unknown","errorReason":"unknown"}}}
--- stderr ---
BENCH|BF2E|GetEuiccChallenge|6181|0
BENCH|BF20|GetEuiccInfo1|41524|0
BENCH|ES9P|/gsma/rsp2/es9plus/initiateAuthentication|16355|0
BENCH|BF38|AuthenticateServer|3100584|0
BENCH|ES9P|/gsma/rsp2/es9plus/authenticateClient|61411|0
BENCH|BF21|PrepareDownload|3745385|0
BENCH|ES9P|/gsma/rsp2/es9plus/getBoundProfilePackage|20900|0
BENCH|BF36|LoadBPP_seg0|1433502|0
BENCH|BF36|LoadBPP_seg1|61389|0
BENCH|BF36|LoadBPP_seg2|1765|0
BENCH|BF36|LoadBPP_seg3|93369|0
BENCH|BF36|LoadBPP_seg4|42715|0
BENCH|BF36|LoadBPP_seg5|1910|0
BENCH|BF36|LoadBPP_seg6|606758|0
BENCH|BF36|LoadBPP_seg7|2067168|0
BENCH|BF36|LoadBPP_seg8|806709|0
BENCH|BF36|LoadBPP_seg9|882686|0
BENCH|BF36|LoadBPP_seg10|1396340|0
BENCH|BF36|LoadBPP_seg11|825961|0
BENCH|BF36|LoadBPP_seg12|847674|0
BENCH|BF36|LoadBPP_seg13|1966085|0
BENCH|BF36|LoadBPP_seg14|908919|0
BENCH|BF36|LoadBPP_seg15|982705|0
BENCH|BF36|LoadBPP_seg16|1891940|0
BENCH|BF36|LoadBPP_seg17|2685004|0
--- exit 0 ---
$ /home/jhubuntu/pq-rsp-benchmarks/lpac/build/src/lpac profile disable 89000123456789012341
--- stdout ---
{"type":"lpa","payload":{"code":-1,"message":"es10c_disable_profile","data":"profile not in enabled state"}}
--- stderr ---
--- exit 255 ---
$ /home/jhubuntu/pq-rsp-benchmarks/lpac/build/src/lpac profile delete 89000123456789012341
--- stdout ---
{"type":"lpa","payload":{"code":0,"message":"success","data":null}}
--- stderr ---
--- exit 0 ---
