iteration 96 2026-04-07T06:01:41.467957+00:00
$ /home/jhubuntu/pq-rsp-benchmarks/lpac/build/src/lpac profile download -s testsmdpplus1.example.com:8443 -m TS48v1_A
--- stdout ---
{"type":"progress","payload":{"code":0,"message":"es10b_get_euicc_challenge_and_info","data":"testsmdpplus1.example.com:8443"}}
{"type":"progress","payload":{"code":0,"message":"es9p_initiate_authentication","data":"testsmdpplus1.example.com:8443"}}
{"type":"progress","payload":{"code":0,"message":"es10b_authenticate_server","data":"testsmdpplus1.example.com:8443"}}
{"type":"progress","payload":{"code":0,"message":"es9p_authenticate_client","data":"testsmdpplus1.example.com:8443"}}
{"type":"progress","payload":{"code":0,"message":"es8p_metadata_parse","data":{"iccid":"89000123456789012341","serviceProviderName":"OsmocomSPN","profileName":"TS48v1_A","iconType":null,"icon":null,"profileClass":"operational"}}}
{"type":"progress","payload":{"code":0,"message":"es10b_prepare_download","data":"testsmdpplus1.example.com:8443"}}
{"type":"progress","payload":{"code":0,"message":"es9p_get_bound_profile_package","data":"testsmdpplus1.example.com:8443"}}
{"type":"progress","payload":{"code":0,"message":"es10b_load_bound_profile_package","data":"testsmdpplus1.example.com:8443"}}
{"type":"lpa","payload":{"code":0,"message":"success","data":{"seqNumber":1151,"iccid":"89000123456789012341","bppCommandId":"unknown","errorReason":"unknown"}}}
--- stderr ---
BENCH|BF2E|GetEuiccChallenge|6106|0
BENCH|BF20|GetEuiccInfo1|41676|0
BENCH|ES9P|/gsma/rsp2/es9plus/initiateAuthentication|14703|0
BENCH|BF38|AuthenticateServer|3136653|0
BENCH|ES9P|/gsma/rsp2/es9plus/authenticateClient|38353|0
BENCH|BF21|PrepareDownload|3751138|0
BENCH|ES9P|/gsma/rsp2/es9plus/getBoundProfilePackage|17522|0
BENCH|BF36|LoadBPP_seg0|1430897|0
BENCH|BF36|LoadBPP_seg1|63689|0
BENCH|BF36|LoadBPP_seg2|1790|0
BENCH|BF36|LoadBPP_seg3|92915|0
BENCH|BF36|LoadBPP_seg4|44383|0
BENCH|BF36|LoadBPP_seg5|2099|0
BENCH|BF36|LoadBPP_seg6|2048815|0
BENCH|BF36|LoadBPP_seg7|803315|0
BENCH|BF36|LoadBPP_seg8|807133|0
BENCH|BF36|LoadBPP_seg9|1658640|0
BENCH|BF36|LoadBPP_seg10|632826|0
BENCH|BF36|LoadBPP_seg11|822872|0
BENCH|BF36|LoadBPP_seg12|850151|0
BENCH|BF36|LoadBPP_seg13|1982140|0
BENCH|BF36|LoadBPP_seg14|909766|0
BENCH|BF36|LoadBPP_seg15|1925789|0
BENCH|BF36|LoadBPP_seg16|959828|0
BENCH|BF36|LoadBPP_seg17|4117751|0
--- exit 0 ---
$ /home/jhubuntu/pq-rsp-benchmarks/lpac/build/src/lpac profile disable 89000123456789012341
--- stdout ---
{"type":"lpa","payload":{"code":-1,"message":"es10c_disable_profile","data":"profile not in enabled state"}}
--- stderr ---
--- exit 255 ---
$ /home/jhubuntu/pq-rsp-benchmarks/lpac/build/src/lpac profile delete 89000123456789012341
--- stdout ---
{"type":"lpa","payload":{"code":0,"message":"success","data":null}}
--- stderr ---
--- exit 0 ---
