iteration 26 2026-04-07T05:31:15.804601+00:00
$ /home/jhubuntu/pq-rsp-benchmarks/lpac/build/src/lpac profile download -s testsmdpplus1.example.com:8443 -m TS48v1_A
--- stdout ---
{"type":"progress","payload":{"code":0,"message":"es10b_get_euicc_challenge_and_info","data":"testsmdpplus1.example.com:8443"}}
{"type":"progress","payload":{"code":0,"message":"es9p_initiate_authentication","data":"testsmdpplus1.example.com:8443"}}
{"type":"progress","payload":{"code":0,"message":"es10b_authenticate_server","data":"testsmdpplus1.example.com:8443"}}
{"type":"progress","payload":{"code":0,"message":"es9p_authenticate_client","data":"testsmdpplus1.example.com:8443"}}
{"type":"progress","payload":{"code":0,"message":"es8p_metadata_parse","data":{"iccid":"89000123456789012341","serviceProviderName":"OsmocomSPN","profileName":"TS48v1_A","iconType":null,"icon":null,"profileClass":"operational"}}}
{"type":"progress","payload":{"code":0,"message":"es10b_prepare_download","data":"testsmdpplus1.example.com:8443"}}
{"type":"progress","payload":{"code":0,"message":"es9p_get_bound_profile_package","data":"testsmdpplus1.example.com:8443"}}
{"type":"progress","payload":{"code":0,"message":"es10b_load_bound_profile_package","data":"testsmdpplus1.example.com:8443"}}
{"type":"lpa","payload":{"code":0,"message":"success","data":{"seqNumber":1011,"iccid":"89000123456789012341","bppCommandId":"unknown","errorReason":"unknown"}}}
--- stderr ---
BENCH|BF2E|GetEuiccChallenge|5722|0
BENCH|BF20|GetEuiccInfo1|41163|0
BENCH|ES9P|/gsma/rsp2/es9plus/initiateAuthentication|5327|0
BENCH|BF38|AuthenticateServer|3117193|0
BENCH|ES9P|/gsma/rsp2/es9plus/authenticateClient|20941|0
BENCH|BF21|PrepareDownload|3748676|0
BENCH|ES9P|/gsma/rsp2/es9plus/getBoundProfilePackage|9214|0
BENCH|BF36|LoadBPP_seg0|1435354|0
BENCH|BF36|LoadBPP_seg1|60790|0
BENCH|BF36|LoadBPP_seg2|1495|0
BENCH|BF36|LoadBPP_seg3|93615|0
BENCH|BF36|LoadBPP_seg4|43088|0
BENCH|BF36|LoadBPP_seg5|1547|0
BENCH|BF36|LoadBPP_seg6|596477|0
BENCH|BF36|LoadBPP_seg7|802904|0
BENCH|BF36|LoadBPP_seg8|1889210|0
BENCH|BF36|LoadBPP_seg9|878742|0
BENCH|BF36|LoadBPP_seg10|632047|0
BENCH|BF36|LoadBPP_seg11|1578183|0
BENCH|BF36|LoadBPP_seg12|848213|0
BENCH|BF36|LoadBPP_seg13|863513|0
BENCH|BF36|LoadBPP_seg14|1823492|0
BENCH|BF36|LoadBPP_seg15|978307|0
BENCH|BF36|LoadBPP_seg16|966691|0
BENCH|BF36|LoadBPP_seg17|3771355|0
--- exit 0 ---
$ /home/jhubuntu/pq-rsp-benchmarks/lpac/build/src/lpac profile disable 89000123456789012341
--- stdout ---
{"type":"lpa","payload":{"code":-1,"message":"es10c_disable_profile","data":"profile not in enabled state"}}
--- stderr ---
--- exit 255 ---
$ /home/jhubuntu/pq-rsp-benchmarks/lpac/build/src/lpac profile delete 89000123456789012341
--- stdout ---
{"type":"lpa","payload":{"code":0,"message":"success","data":null}}
--- stderr ---
--- exit 0 ---
