iteration 123 2026-04-07T06:13:36.528690+00:00
$ /home/jhubuntu/pq-rsp-benchmarks/lpac/build/src/lpac profile download -s testsmdpplus1.example.com:8443 -m TS48v1_A
--- stdout ---
{"type":"progress","payload":{"code":0,"message":"es10b_get_euicc_challenge_and_info","data":"testsmdpplus1.example.com:8443"}}
{"type":"progress","payload":{"code":0,"message":"es9p_initiate_authentication","data":"testsmdpplus1.example.com:8443"}}
{"type":"progress","payload":{"code":0,"message":"es10b_authenticate_server","data":"testsmdpplus1.example.com:8443"}}
{"type":"progress","payload":{"code":0,"message":"es9p_authenticate_client","data":"testsmdpplus1.example.com:8443"}}
{"type":"progress","payload":{"code":0,"message":"es8p_metadata_parse","data":{"iccid":"89000123456789012341","serviceProviderName":"OsmocomSPN","profileName":"TS48v1_A","iconType":null,"icon":null,"profileClass":"operational"}}}
{"type":"progress","payload":{"code":0,"message":"es10b_prepare_download","data":"testsmdpplus1.example.com:8443"}}
{"type":"progress","payload":{"code":0,"message":"es9p_get_bound_profile_package","data":"testsmdpplus1.example.com:8443"}}
{"type":"progress","payload":{"code":0,"message":"es10b_load_bound_profile_package","data":"testsmdpplus1.example.com:8443"}}
{"type":"lpa","payload":{"code":0,"message":"success","data":{"seqNumber":1205,"iccid":"89000123456789012341","bppCommandId":"unknown","errorReason":"unknown"}}}
--- stderr ---
BENCH|BF2E|GetEuiccChallenge|5961|0
BENCH|BF20|GetEuiccInfo1|41502|0
BENCH|ES9P|/gsma/rsp2/es9plus/initiateAuthentication|16464|0
BENCH|BF38|AuthenticateServer|3124840|0
BENCH|ES9P|/gsma/rsp2/es9plus/authenticateClient|27630|0
BENCH|BF21|PrepareDownload|3756114|0
BENCH|ES9P|/gsma/rsp2/es9plus/getBoundProfilePackage|25836|0
BENCH|BF36|LoadBPP_seg0|1445234|0
BENCH|BF36|LoadBPP_seg1|62877|0
BENCH|BF36|LoadBPP_seg2|1849|0
BENCH|BF36|LoadBPP_seg3|94068|0
BENCH|BF36|LoadBPP_seg4|1479539|0
BENCH|BF36|LoadBPP_seg5|1863|0
BENCH|BF36|LoadBPP_seg6|600176|0
BENCH|BF36|LoadBPP_seg7|800096|0
BENCH|BF36|LoadBPP_seg8|805837|0
BENCH|BF36|LoadBPP_seg9|1482606|0
BENCH|BF36|LoadBPP_seg10|630253|0
BENCH|BF36|LoadBPP_seg11|828260|0
BENCH|BF36|LoadBPP_seg12|1775612|0
BENCH|BF36|LoadBPP_seg13|891214|0
BENCH|BF36|LoadBPP_seg14|884653|0
BENCH|BF36|LoadBPP_seg15|1913983|0
BENCH|BF36|LoadBPP_seg16|963809|0
BENCH|BF36|LoadBPP_seg17|3794750|0
--- exit 0 ---
$ /home/jhubuntu/pq-rsp-benchmarks/lpac/build/src/lpac profile disable 89000123456789012341
--- stdout ---
{"type":"lpa","payload":{"code":-1,"message":"es10c_disable_profile","data":"profile not in enabled state"}}
--- stderr ---
--- exit 255 ---
$ /home/jhubuntu/pq-rsp-benchmarks/lpac/build/src/lpac profile delete 89000123456789012341
--- stdout ---
{"type":"lpa","payload":{"code":0,"message":"success","data":null}}
--- stderr ---
--- exit 0 ---
