iteration 167 2026-04-07T06:32:52.804389+00:00
$ /home/jhubuntu/pq-rsp-benchmarks/lpac/build/src/lpac profile download -s testsmdpplus1.example.com:8443 -m TS48v1_A
--- stdout ---
{"type":"progress","payload":{"code":0,"message":"es10b_get_euicc_challenge_and_info","data":"testsmdpplus1.example.com:8443"}}
{"type":"progress","payload":{"code":0,"message":"es9p_initiate_authentication","data":"testsmdpplus1.example.com:8443"}}
{"type":"progress","payload":{"code":0,"message":"es10b_authenticate_server","data":"testsmdpplus1.example.com:8443"}}
{"type":"progress","payload":{"code":0,"message":"es9p_authenticate_client","data":"testsmdpplus1.example.com:8443"}}
{"type":"progress","payload":{"code":0,"message":"es8p_metadata_parse","data":{"iccid":"89000123456789012341","serviceProviderName":"OsmocomSPN","profileName":"TS48v1_A","iconType":null,"icon":null,"profileClass":"operational"}}}
{"type":"progress","payload":{"code":0,"message":"es10b_prepare_download","data":"testsmdpplus1.example.com:8443"}}
{"type":"progress","payload":{"code":0,"message":"es9p_get_bound_profile_package","data":"testsmdpplus1.example.com:8443"}}
{"type":"progress","payload":{"code":0,"message":"es10b_load_bound_profile_package","data":"testsmdpplus1.example.com:8443"}}
{"type":"lpa","payload":{"code":0,"message":"success","data":{"seqNumber":1293,"iccid":"89000123456789012341","bppCommandId":"unknown","errorReason":"unknown"}}}
--- stderr ---
BENCH|BF2E|GetEuiccChallenge|5846|0
BENCH|BF20|GetEuiccInfo1|41172|0
BENCH|ES9P|/gsma/rsp2/es9plus/initiateAuthentication|15187|0
BENCH|BF38|AuthenticateServer|3132536|0
BENCH|ES9P|/gsma/rsp2/es9plus/authenticateClient|43568|0
BENCH|BF21|PrepareDownload|3755381|0
BENCH|ES9P|/gsma/rsp2/es9plus/getBoundProfilePackage|18136|0
BENCH|BF36|LoadBPP_seg0|1453559|0
BENCH|BF36|LoadBPP_seg1|64099|0
BENCH|BF36|LoadBPP_seg2|1831|0
BENCH|BF36|LoadBPP_seg3|1520775|0
BENCH|BF36|LoadBPP_seg4|42825|0
BENCH|BF36|LoadBPP_seg5|1838|0
BENCH|BF36|LoadBPP_seg6|628954|0
BENCH|BF36|LoadBPP_seg7|779664|0
BENCH|BF36|LoadBPP_seg8|834909|0
BENCH|BF36|LoadBPP_seg9|1448196|0
BENCH|BF36|LoadBPP_seg10|656141|0
BENCH|BF36|LoadBPP_seg11|826441|0
BENCH|BF36|LoadBPP_seg12|1743684|0
BENCH|BF36|LoadBPP_seg13|892549|0
BENCH|BF36|LoadBPP_seg14|882641|0
BENCH|BF36|LoadBPP_seg15|1930871|0
BENCH|BF36|LoadBPP_seg16|939102|0
BENCH|BF36|LoadBPP_seg17|3809558|0
--- exit 0 ---
$ /home/jhubuntu/pq-rsp-benchmarks/lpac/build/src/lpac profile disable 89000123456789012341
--- stdout ---
{"type":"lpa","payload":{"code":-1,"message":"es10c_disable_profile","data":"profile not in enabled state"}}
--- stderr ---
--- exit 255 ---
$ /home/jhubuntu/pq-rsp-benchmarks/lpac/build/src/lpac profile delete 89000123456789012341
--- stdout ---
{"type":"lpa","payload":{"code":0,"message":"success","data":null}}
--- stderr ---
--- exit 0 ---
