iteration 52 2026-04-07T05:42:41.874266+00:00
$ /home/jhubuntu/pq-rsp-benchmarks/lpac/build/src/lpac profile download -s testsmdpplus1.example.com:8443 -m TS48v1_A
--- stdout ---
{"type":"progress","payload":{"code":0,"message":"es10b_get_euicc_challenge_and_info","data":"testsmdpplus1.example.com:8443"}}
{"type":"progress","payload":{"code":0,"message":"es9p_initiate_authentication","data":"testsmdpplus1.example.com:8443"}}
{"type":"progress","payload":{"code":0,"message":"es10b_authenticate_server","data":"testsmdpplus1.example.com:8443"}}
{"type":"progress","payload":{"code":0,"message":"es9p_authenticate_client","data":"testsmdpplus1.example.com:8443"}}
{"type":"progress","payload":{"code":0,"message":"es8p_metadata_parse","data":{"iccid":"89000123456789012341","serviceProviderName":"OsmocomSPN","profileName":"TS48v1_A","iconType":null,"icon":null,"profileClass":"operational"}}}
{"type":"progress","payload":{"code":0,"message":"es10b_prepare_download","data":"testsmdpplus1.example.com:8443"}}
{"type":"progress","payload":{"code":0,"message":"es9p_get_bound_profile_package","data":"testsmdpplus1.example.com:8443"}}
{"type":"progress","payload":{"code":0,"message":"es10b_load_bound_profile_package","data":"testsmdpplus1.example.com:8443"}}
{"type":"lpa","payload":{"code":0,"message":"success","data":{"seqNumber":1063,"iccid":"89000123456789012341","bppCommandId":"unknown","errorReason":"unknown"}}}
--- stderr ---
BENCH|BF2E|GetEuiccChallenge|5907|0
BENCH|BF20|GetEuiccInfo1|41323|0
BENCH|ES9P|/gsma/rsp2/es9plus/initiateAuthentication|13664|0
BENCH|BF38|AuthenticateServer|3128840|0
BENCH|ES9P|/gsma/rsp2/es9plus/authenticateClient|38663|0
BENCH|BF21|PrepareDownload|3749123|0
BENCH|ES9P|/gsma/rsp2/es9plus/getBoundProfilePackage|21456|0
BENCH|BF36|LoadBPP_seg0|1451022|0
BENCH|BF36|LoadBPP_seg1|63153|0
BENCH|BF36|LoadBPP_seg2|1583|0
BENCH|BF36|LoadBPP_seg3|92921|0
BENCH|BF36|LoadBPP_seg4|43274|0
BENCH|BF36|LoadBPP_seg5|1675|0
BENCH|BF36|LoadBPP_seg6|2081742|0
BENCH|BF36|LoadBPP_seg7|776525|0
BENCH|BF36|LoadBPP_seg8|833014|0
BENCH|BF36|LoadBPP_seg9|1618485|0
BENCH|BF36|LoadBPP_seg10|633314|0
BENCH|BF36|LoadBPP_seg11|852346|0
BENCH|BF36|LoadBPP_seg12|820961|0
BENCH|BF36|LoadBPP_seg13|1958242|0
BENCH|BF36|LoadBPP_seg14|884421|0
BENCH|BF36|LoadBPP_seg15|1908290|0
BENCH|BF36|LoadBPP_seg16|932204|0
BENCH|BF36|LoadBPP_seg17|4120162|0
--- exit 0 ---
$ /home/jhubuntu/pq-rsp-benchmarks/lpac/build/src/lpac profile disable 89000123456789012341
--- stdout ---
{"type":"lpa","payload":{"code":-1,"message":"es10c_disable_profile","data":"profile not in enabled state"}}
--- stderr ---
--- exit 255 ---
$ /home/jhubuntu/pq-rsp-benchmarks/lpac/build/src/lpac profile delete 89000123456789012341
--- stdout ---
{"type":"lpa","payload":{"code":0,"message":"success","data":null}}
--- stderr ---
--- exit 0 ---
