iteration 46 2026-04-07T05:39:52.483202+00:00
$ /home/jhubuntu/pq-rsp-benchmarks/lpac/build/src/lpac profile download -s testsmdpplus1.example.com:8443 -m TS48v1_A
--- stdout ---
{"type":"progress","payload":{"code":0,"message":"es10b_get_euicc_challenge_and_info","data":"testsmdpplus1.example.com:8443"}}
{"type":"progress","payload":{"code":0,"message":"es9p_initiate_authentication","data":"testsmdpplus1.example.com:8443"}}
{"type":"progress","payload":{"code":0,"message":"es10b_authenticate_server","data":"testsmdpplus1.example.com:8443"}}
{"type":"progress","payload":{"code":0,"message":"es9p_authenticate_client","data":"testsmdpplus1.example.com:8443"}}
{"type":"progress","payload":{"code":0,"message":"es8p_metadata_parse","data":{"iccid":"89000123456789012341","serviceProviderName":"OsmocomSPN","profileName":"TS48v1_A","iconType":null,"icon":null,"profileClass":"operational"}}}
{"type":"progress","payload":{"code":0,"message":"es10b_prepare_download","data":"testsmdpplus1.example.com:8443"}}
{"type":"progress","payload":{"code":0,"message":"es9p_get_bound_profile_package","data":"testsmdpplus1.example.com:8443"}}
{"type":"progress","payload":{"code":0,"message":"es10b_load_bound_profile_package","data":"testsmdpplus1.example.com:8443"}}
{"type":"lpa","payload":{"code":0,"message":"success","data":{"seqNumber":1051,"iccid":"89000123456789012341","bppCommandId":"unknown","errorReason":"unknown"}}}
--- stderr ---
BENCH|BF2E|GetEuiccChallenge|5604|0
BENCH|BF20|GetEuiccInfo1|41264|0
BENCH|ES9P|/gsma/rsp2/es9plus/initiateAuthentication|11482|0
BENCH|BF38|AuthenticateServer|3112880|0
BENCH|ES9P|/gsma/rsp2/es9plus/authenticateClient|30652|0
BENCH|BF21|PrepareDownload|3741896|0
BENCH|ES9P|/gsma/rsp2/es9plus/getBoundProfilePackage|24670|0
BENCH|BF36|LoadBPP_seg0|1443244|0
BENCH|BF36|LoadBPP_seg1|59928|0
BENCH|BF36|LoadBPP_seg2|1565|0
BENCH|BF36|LoadBPP_seg3|92591|0
BENCH|BF36|LoadBPP_seg4|43616|0
BENCH|BF36|LoadBPP_seg5|1572|0
BENCH|BF36|LoadBPP_seg6|601106|0
BENCH|BF36|LoadBPP_seg7|803050|0
BENCH|BF36|LoadBPP_seg8|2088004|0
BENCH|BF36|LoadBPP_seg9|881358|0
BENCH|BF36|LoadBPP_seg10|631256|0
BENCH|BF36|LoadBPP_seg11|1606404|0
BENCH|BF36|LoadBPP_seg12|844469|0
BENCH|BF36|LoadBPP_seg13|890872|0
BENCH|BF36|LoadBPP_seg14|1829137|0
BENCH|BF36|LoadBPP_seg15|982910|0
BENCH|BF36|LoadBPP_seg16|965010|0
BENCH|BF36|LoadBPP_seg17|3777844|0
--- exit 0 ---
$ /home/jhubuntu/pq-rsp-benchmarks/lpac/build/src/lpac profile disable 89000123456789012341
--- stdout ---
{"type":"lpa","payload":{"code":-1,"message":"es10c_disable_profile","data":"profile not in enabled state"}}
--- stderr ---
--- exit 255 ---
$ /home/jhubuntu/pq-rsp-benchmarks/lpac/build/src/lpac profile delete 89000123456789012341
--- stdout ---
{"type":"lpa","payload":{"code":0,"message":"success","data":null}}
--- stderr ---
--- exit 0 ---
