iteration 173 2026-04-07T06:35:28.970469+00:00
$ /home/jhubuntu/pq-rsp-benchmarks/lpac/build/src/lpac profile download -s testsmdpplus1.example.com:8443 -m TS48v1_A
--- stdout ---
{"type":"progress","payload":{"code":0,"message":"es10b_get_euicc_challenge_and_info","data":"testsmdpplus1.example.com:8443"}}
{"type":"progress","payload":{"code":0,"message":"es9p_initiate_authentication","data":"testsmdpplus1.example.com:8443"}}
{"type":"progress","payload":{"code":0,"message":"es10b_authenticate_server","data":"testsmdpplus1.example.com:8443"}}
{"type":"progress","payload":{"code":0,"message":"es9p_authenticate_client","data":"testsmdpplus1.example.com:8443"}}
{"type":"progress","payload":{"code":0,"message":"es8p_metadata_parse","data":{"iccid":"89000123456789012341","serviceProviderName":"OsmocomSPN","profileName":"TS48v1_A","iconType":null,"icon":null,"profileClass":"operational"}}}
{"type":"progress","payload":{"code":0,"message":"es10b_prepare_download","data":"testsmdpplus1.example.com:8443"}}
{"type":"progress","payload":{"code":0,"message":"es9p_get_bound_profile_package","data":"testsmdpplus1.example.com:8443"}}
{"type":"progress","payload":{"code":0,"message":"es10b_load_bound_profile_package","data":"testsmdpplus1.example.com:8443"}}
{"type":"lpa","payload":{"code":0,"message":"success","data":{"seqNumber":1305,"iccid":"89000123456789012341","bppCommandId":"unknown","errorReason":"unknown"}}}
--- stderr ---
BENCH|BF2E|GetEuiccChallenge|5855|0
BENCH|BF20|GetEuiccInfo1|41559|0
BENCH|ES9P|/gsma/rsp2/es9plus/initiateAuthentication|9061|0
BENCH|BF38|AuthenticateServer|3117344|0
BENCH|ES9P|/gsma/rsp2/es9plus/authenticateClient|32401|0
BENCH|BF21|PrepareDownload|3760241|0
BENCH|ES9P|/gsma/rsp2/es9plus/getBoundProfilePackage|26374|0
BENCH|BF36|LoadBPP_seg0|1449359|0
BENCH|BF36|LoadBPP_seg1|61209|0
BENCH|BF36|LoadBPP_seg2|1611|0
BENCH|BF36|LoadBPP_seg3|93438|0
BENCH|BF36|LoadBPP_seg4|43682|0
BENCH|BF36|LoadBPP_seg5|1715|0
BENCH|BF36|LoadBPP_seg6|605266|0
BENCH|BF36|LoadBPP_seg7|2068016|0
BENCH|BF36|LoadBPP_seg8|806033|0
BENCH|BF36|LoadBPP_seg9|883825|0
BENCH|BF36|LoadBPP_seg10|1395808|0
BENCH|BF36|LoadBPP_seg11|824743|0
BENCH|BF36|LoadBPP_seg12|854225|0
BENCH|BF36|LoadBPP_seg13|1799097|0
BENCH|BF36|LoadBPP_seg14|910991|0
BENCH|BF36|LoadBPP_seg15|982203|0
BENCH|BF36|LoadBPP_seg16|2057977|0
BENCH|BF36|LoadBPP_seg17|2673476|0
--- exit 0 ---
$ /home/jhubuntu/pq-rsp-benchmarks/lpac/build/src/lpac profile disable 89000123456789012341
--- stdout ---
{"type":"lpa","payload":{"code":-1,"message":"es10c_disable_profile","data":"profile not in enabled state"}}
--- stderr ---
--- exit 255 ---
$ /home/jhubuntu/pq-rsp-benchmarks/lpac/build/src/lpac profile delete 89000123456789012341
--- stdout ---
{"type":"lpa","payload":{"code":0,"message":"success","data":null}}
--- stderr ---
--- exit 0 ---
