iteration 108 2026-04-07T06:07:07.873090+00:00
$ /home/jhubuntu/pq-rsp-benchmarks/lpac/build/src/lpac profile download -s testsmdpplus1.example.com:8443 -m TS48v1_A
--- stdout ---
{"type":"progress","payload":{"code":0,"message":"es10b_get_euicc_challenge_and_info","data":"testsmdpplus1.example.com:8443"}}
{"type":"progress","payload":{"code":0,"message":"es9p_initiate_authentication","data":"testsmdpplus1.example.com:8443"}}
{"type":"progress","payload":{"code":0,"message":"es10b_authenticate_server","data":"testsmdpplus1.example.com:8443"}}
{"type":"progress","payload":{"code":0,"message":"es9p_authenticate_client","data":"testsmdpplus1.example.com:8443"}}
{"type":"progress","payload":{"code":0,"message":"es8p_metadata_parse","data":{"iccid":"89000123456789012341","serviceProviderName":"OsmocomSPN","profileName":"TS48v1_A","iconType":null,"icon":null,"profileClass":"operational"}}}
{"type":"progress","payload":{"code":0,"message":"es10b_prepare_download","data":"testsmdpplus1.example.com:8443"}}
{"type":"progress","payload":{"code":0,"message":"es9p_get_bound_profile_package","data":"testsmdpplus1.example.com:8443"}}
{"type":"progress","payload":{"code":0,"message":"es10b_load_bound_profile_package","data":"testsmdpplus1.example.com:8443"}}
{"type":"lpa","payload":{"code":0,"message":"success","data":{"seqNumber":1175,"iccid":"89000123456789012341","bppCommandId":"unknown","errorReason":"unknown"}}}
--- stderr ---
BENCH|BF2E|GetEuiccChallenge|5717|0
BENCH|BF20|GetEuiccInfo1|41410|0
BENCH|ES9P|/gsma/rsp2/es9plus/initiateAuthentication|13959|0
BENCH|BF38|AuthenticateServer|3127806|0
BENCH|ES9P|/gsma/rsp2/es9plus/authenticateClient|37769|0
BENCH|BF21|PrepareDownload|3756301|0
BENCH|ES9P|/gsma/rsp2/es9plus/getBoundProfilePackage|24011|0
BENCH|BF36|LoadBPP_seg0|1457010|0
BENCH|BF36|LoadBPP_seg1|63383|0
BENCH|BF36|LoadBPP_seg2|1715|0
BENCH|BF36|LoadBPP_seg3|92742|0
BENCH|BF36|LoadBPP_seg4|43170|0
BENCH|BF36|LoadBPP_seg5|1541|0
BENCH|BF36|LoadBPP_seg6|2061997|0
BENCH|BF36|LoadBPP_seg7|775656|0
BENCH|BF36|LoadBPP_seg8|828353|0
BENCH|BF36|LoadBPP_seg9|1592926|0
BENCH|BF36|LoadBPP_seg10|631617|0
BENCH|BF36|LoadBPP_seg11|852874|0
BENCH|BF36|LoadBPP_seg12|823464|0
BENCH|BF36|LoadBPP_seg13|1793030|0
BENCH|BF36|LoadBPP_seg14|879750|0
BENCH|BF36|LoadBPP_seg15|2078646|0
BENCH|BF36|LoadBPP_seg16|938319|0
BENCH|BF36|LoadBPP_seg17|4122713|0
--- exit 0 ---
$ /home/jhubuntu/pq-rsp-benchmarks/lpac/build/src/lpac profile disable 89000123456789012341
--- stdout ---
{"type":"lpa","payload":{"code":-1,"message":"es10c_disable_profile","data":"profile not in enabled state"}}
--- stderr ---
--- exit 255 ---
$ /home/jhubuntu/pq-rsp-benchmarks/lpac/build/src/lpac profile delete 89000123456789012341
--- stdout ---
{"type":"lpa","payload":{"code":0,"message":"success","data":null}}
--- stderr ---
--- exit 0 ---
