iteration 135 2026-04-07T06:18:47.999260+00:00
$ /home/jhubuntu/pq-rsp-benchmarks/lpac/build/src/lpac profile download -s testsmdpplus1.example.com:8443 -m TS48v1_A
--- stdout ---
{"type":"progress","payload":{"code":0,"message":"es10b_get_euicc_challenge_and_info","data":"testsmdpplus1.example.com:8443"}}
{"type":"progress","payload":{"code":0,"message":"es9p_initiate_authentication","data":"testsmdpplus1.example.com:8443"}}
{"type":"progress","payload":{"code":0,"message":"es10b_authenticate_server","data":"testsmdpplus1.example.com:8443"}}
{"type":"progress","payload":{"code":0,"message":"es9p_authenticate_client","data":"testsmdpplus1.example.com:8443"}}
{"type":"progress","payload":{"code":0,"message":"es8p_metadata_parse","data":{"iccid":"89000123456789012341","serviceProviderName":"OsmocomSPN","profileName":"TS48v1_A","iconType":null,"icon":null,"profileClass":"operational"}}}
{"type":"progress","payload":{"code":0,"message":"es10b_prepare_download","data":"testsmdpplus1.example.com:8443"}}
{"type":"progress","payload":{"code":0,"message":"es9p_get_bound_profile_package","data":"testsmdpplus1.example.com:8443"}}
{"type":"progress","payload":{"code":0,"message":"es10b_load_bound_profile_package","data":"testsmdpplus1.example.com:8443"}}
{"type":"lpa","payload":{"code":0,"message":"success","data":{"seqNumber":1229,"iccid":"89000123456789012341","bppCommandId":"unknown","errorReason":"unknown"}}}
--- stderr ---
BENCH|BF2E|GetEuiccChallenge|5919|0
BENCH|BF20|GetEuiccInfo1|41297|0
BENCH|ES9P|/gsma/rsp2/es9plus/initiateAuthentication|13670|0
BENCH|BF38|AuthenticateServer|3110888|0
BENCH|ES9P|/gsma/rsp2/es9plus/authenticateClient|25666|0
BENCH|BF21|PrepareDownload|3738464|0
BENCH|ES9P|/gsma/rsp2/es9plus/getBoundProfilePackage|17320|0
BENCH|BF36|LoadBPP_seg0|1459945|0
BENCH|BF36|LoadBPP_seg1|62997|0
BENCH|BF36|LoadBPP_seg2|1591|0
BENCH|BF36|LoadBPP_seg3|1561530|0
BENCH|BF36|LoadBPP_seg4|43123|0
BENCH|BF36|LoadBPP_seg5|1579|0
BENCH|BF36|LoadBPP_seg6|602093|0
BENCH|BF36|LoadBPP_seg7|776931|0
BENCH|BF36|LoadBPP_seg8|833585|0
BENCH|BF36|LoadBPP_seg9|1463271|0
BENCH|BF36|LoadBPP_seg10|658593|0
BENCH|BF36|LoadBPP_seg11|830564|0
BENCH|BF36|LoadBPP_seg12|1781697|0
BENCH|BF36|LoadBPP_seg13|865365|0
BENCH|BF36|LoadBPP_seg14|908110|0
BENCH|BF36|LoadBPP_seg15|1920238|0
BENCH|BF36|LoadBPP_seg16|965739|0
BENCH|BF36|LoadBPP_seg17|3965530|0
--- exit 0 ---
$ /home/jhubuntu/pq-rsp-benchmarks/lpac/build/src/lpac profile disable 89000123456789012341
--- stdout ---
{"type":"lpa","payload":{"code":-1,"message":"es10c_disable_profile","data":"profile not in enabled state"}}
--- stderr ---
--- exit 255 ---
$ /home/jhubuntu/pq-rsp-benchmarks/lpac/build/src/lpac profile delete 89000123456789012341
--- stdout ---
{"type":"lpa","payload":{"code":0,"message":"success","data":null}}
--- stderr ---
--- exit 0 ---
