iteration 77 2026-04-07T05:53:29.393768+00:00
$ /home/jhubuntu/pq-rsp-benchmarks/lpac/build/src/lpac profile download -s testsmdpplus1.example.com:8443 -m TS48v1_A
--- stdout ---
{"type":"progress","payload":{"code":0,"message":"es10b_get_euicc_challenge_and_info","data":"testsmdpplus1.example.com:8443"}}
{"type":"progress","payload":{"code":0,"message":"es9p_initiate_authentication","data":"testsmdpplus1.example.com:8443"}}
{"type":"progress","payload":{"code":0,"message":"es10b_authenticate_server","data":"testsmdpplus1.example.com:8443"}}
{"type":"progress","payload":{"code":0,"message":"es9p_authenticate_client","data":"testsmdpplus1.example.com:8443"}}
{"type":"progress","payload":{"code":0,"message":"es8p_metadata_parse","data":{"iccid":"89000123456789012341","serviceProviderName":"OsmocomSPN","profileName":"TS48v1_A","iconType":null,"icon":null,"profileClass":"operational"}}}
{"type":"progress","payload":{"code":0,"message":"es10b_prepare_download","data":"testsmdpplus1.example.com:8443"}}
{"type":"progress","payload":{"code":0,"message":"es9p_get_bound_profile_package","data":"testsmdpplus1.example.com:8443"}}
{"type":"progress","payload":{"code":0,"message":"es10b_load_bound_profile_package","data":"testsmdpplus1.example.com:8443"}}
{"type":"lpa","payload":{"code":0,"message":"success","data":{"seqNumber":1113,"iccid":"89000123456789012341","bppCommandId":"unknown","errorReason":"unknown"}}}
--- stderr ---
BENCH|BF2E|GetEuiccChallenge|5784|0
BENCH|BF20|GetEuiccInfo1|43495|0
BENCH|ES9P|/gsma/rsp2/es9plus/initiateAuthentication|3930|0
BENCH|BF38|AuthenticateServer|3100455|0
BENCH|ES9P|/gsma/rsp2/es9plus/authenticateClient|18925|0
BENCH|BF21|PrepareDownload|3749688|0
BENCH|ES9P|/gsma/rsp2/es9plus/getBoundProfilePackage|9606|0
BENCH|BF36|LoadBPP_seg0|1441308|0
BENCH|BF36|LoadBPP_seg1|62123|0
BENCH|BF36|LoadBPP_seg2|1516|0
BENCH|BF36|LoadBPP_seg3|93319|0
BENCH|BF36|LoadBPP_seg4|42893|0
BENCH|BF36|LoadBPP_seg5|1617|0
BENCH|BF36|LoadBPP_seg6|604706|0
BENCH|BF36|LoadBPP_seg7|2063547|0
BENCH|BF36|LoadBPP_seg8|808347|0
BENCH|BF36|LoadBPP_seg9|887321|0
BENCH|BF36|LoadBPP_seg10|1387281|0
BENCH|BF36|LoadBPP_seg11|851693|0
BENCH|BF36|LoadBPP_seg12|820109|0
BENCH|BF36|LoadBPP_seg13|1984476|0
BENCH|BF36|LoadBPP_seg14|882394|0
BENCH|BF36|LoadBPP_seg15|1006568|0
BENCH|BF36|LoadBPP_seg16|1859389|0
BENCH|BF36|LoadBPP_seg17|2713180|0
--- exit 0 ---
$ /home/jhubuntu/pq-rsp-benchmarks/lpac/build/src/lpac profile disable 89000123456789012341
--- stdout ---
{"type":"lpa","payload":{"code":-1,"message":"es10c_disable_profile","data":"profile not in enabled state"}}
--- stderr ---
--- exit 255 ---
$ /home/jhubuntu/pq-rsp-benchmarks/lpac/build/src/lpac profile delete 89000123456789012341
--- stdout ---
{"type":"lpa","payload":{"code":0,"message":"success","data":null}}
--- stderr ---
--- exit 0 ---
