iteration 164 2026-04-07T06:31:35.282645+00:00
$ /home/jhubuntu/pq-rsp-benchmarks/lpac/build/src/lpac profile download -s testsmdpplus1.example.com:8443 -m TS48v1_A
--- stdout ---
{"type":"progress","payload":{"code":0,"message":"es10b_get_euicc_challenge_and_info","data":"testsmdpplus1.example.com:8443"}}
{"type":"progress","payload":{"code":0,"message":"es9p_initiate_authentication","data":"testsmdpplus1.example.com:8443"}}
{"type":"progress","payload":{"code":0,"message":"es10b_authenticate_server","data":"testsmdpplus1.example.com:8443"}}
{"type":"progress","payload":{"code":0,"message":"es9p_authenticate_client","data":"testsmdpplus1.example.com:8443"}}
{"type":"progress","payload":{"code":0,"message":"es8p_metadata_parse","data":{"iccid":"89000123456789012341","serviceProviderName":"OsmocomSPN","profileName":"TS48v1_A","iconType":null,"icon":null,"profileClass":"operational"}}}
{"type":"progress","payload":{"code":0,"message":"es10b_prepare_download","data":"testsmdpplus1.example.com:8443"}}
{"type":"progress","payload":{"code":0,"message":"es9p_get_bound_profile_package","data":"testsmdpplus1.example.com:8443"}}
{"type":"progress","payload":{"code":0,"message":"es10b_load_bound_profile_package","data":"testsmdpplus1.example.com:8443"}}
{"type":"lpa","payload":{"code":0,"message":"success","data":{"seqNumber":1287,"iccid":"89000123456789012341","bppCommandId":"unknown","errorReason":"unknown"}}}
--- stderr ---
BENCH|BF2E|GetEuiccChallenge|5742|0
BENCH|BF20|GetEuiccInfo1|41245|0
BENCH|ES9P|/gsma/rsp2/es9plus/initiateAuthentication|14762|0
BENCH|BF38|AuthenticateServer|3113031|0
BENCH|ES9P|/gsma/rsp2/es9plus/authenticateClient|35680|0
BENCH|BF21|PrepareDownload|3754611|0
BENCH|ES9P|/gsma/rsp2/es9plus/getBoundProfilePackage|19779|0
BENCH|BF36|LoadBPP_seg0|1454638|0
BENCH|BF36|LoadBPP_seg1|62928|0
BENCH|BF36|LoadBPP_seg2|1662|0
BENCH|BF36|LoadBPP_seg3|92127|0
BENCH|BF36|LoadBPP_seg4|44294|0
BENCH|BF36|LoadBPP_seg5|1981|0
BENCH|BF36|LoadBPP_seg6|2079532|0
BENCH|BF36|LoadBPP_seg7|774353|0
BENCH|BF36|LoadBPP_seg8|832439|0
BENCH|BF36|LoadBPP_seg9|1615409|0
BENCH|BF36|LoadBPP_seg10|631389|0
BENCH|BF36|LoadBPP_seg11|855823|0
BENCH|BF36|LoadBPP_seg12|820872|0
BENCH|BF36|LoadBPP_seg13|1791439|0
BENCH|BF36|LoadBPP_seg14|884779|0
BENCH|BF36|LoadBPP_seg15|1909186|0
BENCH|BF36|LoadBPP_seg16|937656|0
BENCH|BF36|LoadBPP_seg17|4111536|0
--- exit 0 ---
$ /home/jhubuntu/pq-rsp-benchmarks/lpac/build/src/lpac profile disable 89000123456789012341
--- stdout ---
{"type":"lpa","payload":{"code":-1,"message":"es10c_disable_profile","data":"profile not in enabled state"}}
--- stderr ---
--- exit 255 ---
$ /home/jhubuntu/pq-rsp-benchmarks/lpac/build/src/lpac profile delete 89000123456789012341
--- stdout ---
{"type":"lpa","payload":{"code":0,"message":"success","data":null}}
--- stderr ---
--- exit 0 ---
