iteration 18 2026-04-07T05:27:48.558565+00:00
$ /home/jhubuntu/pq-rsp-benchmarks/lpac/build/src/lpac profile download -s testsmdpplus1.example.com:8443 -m TS48v1_A
--- stdout ---
{"type":"progress","payload":{"code":0,"message":"es10b_get_euicc_challenge_and_info","data":"testsmdpplus1.example.com:8443"}}
{"type":"progress","payload":{"code":0,"message":"es9p_initiate_authentication","data":"testsmdpplus1.example.com:8443"}}
{"type":"progress","payload":{"code":0,"message":"es10b_authenticate_server","data":"testsmdpplus1.example.com:8443"}}
{"type":"progress","payload":{"code":0,"message":"es9p_authenticate_client","data":"testsmdpplus1.example.com:8443"}}
{"type":"progress","payload":{"code":0,"message":"es8p_metadata_parse","data":{"iccid":"89000123456789012341","serviceProviderName":"OsmocomSPN","profileName":"TS48v1_A","iconType":null,"icon":null,"profileClass":"operational"}}}
{"type":"progress","payload":{"code":0,"message":"es10b_prepare_download","data":"testsmdpplus1.example.com:8443"}}
{"type":"progress","payload":{"code":0,"message":"es9p_get_bound_profile_package","data":"testsmdpplus1.example.com:8443"}}
{"type":"progress","payload":{"code":0,"message":"es10b_load_bound_profile_package","data":"testsmdpplus1.example.com:8443"}}
{"type":"lpa","payload":{"code":0,"message":"success","data":{"seqNumber":995,"iccid":"89000123456789012341","bppCommandId":"unknown","errorReason":"unknown"}}}
--- stderr ---
BENCH|BF2E|GetEuiccChallenge|5825|0
BENCH|BF20|GetEuiccInfo1|41466|0
BENCH|ES9P|/gsma/rsp2/es9plus/initiateAuthentication|11231|0
BENCH|BF38|AuthenticateServer|3124250|0
BENCH|ES9P|/gsma/rsp2/es9plus/authenticateClient|20105|0
BENCH|BF21|PrepareDownload|3742209|0
BENCH|ES9P|/gsma/rsp2/es9plus/getBoundProfilePackage|23639|0
BENCH|BF36|LoadBPP_seg0|1455036|0
BENCH|BF36|LoadBPP_seg1|60728|0
BENCH|BF36|LoadBPP_seg2|1590|0
BENCH|BF36|LoadBPP_seg3|92990|0
BENCH|BF36|LoadBPP_seg4|43076|0
BENCH|BF36|LoadBPP_seg5|1604|0
BENCH|BF36|LoadBPP_seg6|600025|0
BENCH|BF36|LoadBPP_seg7|803172|0
BENCH|BF36|LoadBPP_seg8|2085348|0
BENCH|BF36|LoadBPP_seg9|879037|0
BENCH|BF36|LoadBPP_seg10|633186|0
BENCH|BF36|LoadBPP_seg11|1773645|0
BENCH|BF36|LoadBPP_seg12|847220|0
BENCH|BF36|LoadBPP_seg13|889236|0
BENCH|BF36|LoadBPP_seg14|1806905|0
BENCH|BF36|LoadBPP_seg15|980586|0
BENCH|BF36|LoadBPP_seg16|967366|0
BENCH|BF36|LoadBPP_seg17|3722202|0
--- exit 0 ---
$ /home/jhubuntu/pq-rsp-benchmarks/lpac/build/src/lpac profile disable 89000123456789012341
--- stdout ---
{"type":"lpa","payload":{"code":-1,"message":"es10c_disable_profile","data":"profile not in enabled state"}}
--- stderr ---
--- exit 255 ---
$ /home/jhubuntu/pq-rsp-benchmarks/lpac/build/src/lpac profile delete 89000123456789012341
--- stdout ---
{"type":"lpa","payload":{"code":0,"message":"success","data":null}}
--- stderr ---
--- exit 0 ---
