iteration 86 2026-04-07T05:57:21.993174+00:00
$ /home/jhubuntu/pq-rsp-benchmarks/lpac/build/src/lpac profile download -s testsmdpplus1.example.com:8443 -m TS48v1_A
--- stdout ---
{"type":"progress","payload":{"code":0,"message":"es10b_get_euicc_challenge_and_info","data":"testsmdpplus1.example.com:8443"}}
{"type":"progress","payload":{"code":0,"message":"es9p_initiate_authentication","data":"testsmdpplus1.example.com:8443"}}
{"type":"progress","payload":{"code":0,"message":"es10b_authenticate_server","data":"testsmdpplus1.example.com:8443"}}
{"type":"progress","payload":{"code":0,"message":"es9p_authenticate_client","data":"testsmdpplus1.example.com:8443"}}
{"type":"progress","payload":{"code":0,"message":"es8p_metadata_parse","data":{"iccid":"89000123456789012341","serviceProviderName":"OsmocomSPN","profileName":"TS48v1_A","iconType":null,"icon":null,"profileClass":"operational"}}}
{"type":"progress","payload":{"code":0,"message":"es10b_prepare_download","data":"testsmdpplus1.example.com:8443"}}
{"type":"progress","payload":{"code":0,"message":"es9p_get_bound_profile_package","data":"testsmdpplus1.example.com:8443"}}
{"type":"progress","payload":{"code":0,"message":"es10b_load_bound_profile_package","data":"testsmdpplus1.example.com:8443"}}
{"type":"lpa","payload":{"code":0,"message":"success","data":{"seqNumber":1131,"iccid":"89000123456789012341","bppCommandId":"unknown","errorReason":"unknown"}}}
--- stderr ---
BENCH|BF2E|GetEuiccChallenge|6092|0
BENCH|BF20|GetEuiccInfo1|41723|0
BENCH|ES9P|/gsma/rsp2/es9plus/initiateAuthentication|14161|0
BENCH|BF38|AuthenticateServer|4526756|0
BENCH|ES9P|/gsma/rsp2/es9plus/authenticateClient|49165|0
BENCH|BF21|PrepareDownload|3738784|0
BENCH|ES9P|/gsma/rsp2/es9plus/getBoundProfilePackage|17425|0
BENCH|BF36|LoadBPP_seg0|1452581|0
BENCH|BF36|LoadBPP_seg1|60897|0
BENCH|BF36|LoadBPP_seg2|1951|0
BENCH|BF36|LoadBPP_seg3|118473|0
BENCH|BF36|LoadBPP_seg4|43816|0
BENCH|BF36|LoadBPP_seg5|1785|0
BENCH|BF36|LoadBPP_seg6|601167|0
BENCH|BF36|LoadBPP_seg7|776560|0
BENCH|BF36|LoadBPP_seg8|1902840|0
BENCH|BF36|LoadBPP_seg9|852781|0
BENCH|BF36|LoadBPP_seg10|660587|0
BENCH|BF36|LoadBPP_seg11|1561980|0
BENCH|BF36|LoadBPP_seg12|844587|0
BENCH|BF36|LoadBPP_seg13|864408|0
BENCH|BF36|LoadBPP_seg14|1818679|0
BENCH|BF36|LoadBPP_seg15|979570|0
BENCH|BF36|LoadBPP_seg16|969745|0
BENCH|BF36|LoadBPP_seg17|3755706|0
--- exit 0 ---
$ /home/jhubuntu/pq-rsp-benchmarks/lpac/build/src/lpac profile disable 89000123456789012341
--- stdout ---
{"type":"lpa","payload":{"code":-1,"message":"es10c_disable_profile","data":"profile not in enabled state"}}
--- stderr ---
--- exit 255 ---
$ /home/jhubuntu/pq-rsp-benchmarks/lpac/build/src/lpac profile delete 89000123456789012341
--- stdout ---
{"type":"lpa","payload":{"code":0,"message":"success","data":null}}
--- stderr ---
--- exit 0 ---
