iteration 13 2026-04-07T05:25:38.986431+00:00
$ /home/jhubuntu/pq-rsp-benchmarks/lpac/build/src/lpac profile download -s testsmdpplus1.example.com:8443 -m TS48v1_A
--- stdout ---
{"type":"progress","payload":{"code":0,"message":"es10b_get_euicc_challenge_and_info","data":"testsmdpplus1.example.com:8443"}}
{"type":"progress","payload":{"code":0,"message":"es9p_initiate_authentication","data":"testsmdpplus1.example.com:8443"}}
{"type":"progress","payload":{"code":0,"message":"es10b_authenticate_server","data":"testsmdpplus1.example.com:8443"}}
{"type":"progress","payload":{"code":0,"message":"es9p_authenticate_client","data":"testsmdpplus1.example.com:8443"}}
{"type":"progress","payload":{"code":0,"message":"es8p_metadata_parse","data":{"iccid":"89000123456789012341","serviceProviderName":"OsmocomSPN","profileName":"TS48v1_A","iconType":null,"icon":null,"profileClass":"operational"}}}
{"type":"progress","payload":{"code":0,"message":"es10b_prepare_download","data":"testsmdpplus1.example.com:8443"}}
{"type":"progress","payload":{"code":0,"message":"es9p_get_bound_profile_package","data":"testsmdpplus1.example.com:8443"}}
{"type":"progress","payload":{"code":0,"message":"es10b_load_bound_profile_package","data":"testsmdpplus1.example.com:8443"}}
{"type":"lpa","payload":{"code":0,"message":"success","data":{"seqNumber":985,"iccid":"89000123456789012341","bppCommandId":"unknown","errorReason":"unknown"}}}
--- stderr ---
BENCH|BF2E|GetEuiccChallenge|5879|0
BENCH|BF20|GetEuiccInfo1|41449|0
BENCH|ES9P|/gsma/rsp2/es9plus/initiateAuthentication|7397|0
BENCH|BF38|AuthenticateServer|3094085|0
BENCH|ES9P|/gsma/rsp2/es9plus/authenticateClient|18813|0
BENCH|BF21|PrepareDownload|3754733|0
BENCH|ES9P|/gsma/rsp2/es9plus/getBoundProfilePackage|13633|0
BENCH|BF36|LoadBPP_seg0|1456688|0
BENCH|BF36|LoadBPP_seg1|61684|0
BENCH|BF36|LoadBPP_seg2|1596|0
BENCH|BF36|LoadBPP_seg3|92124|0
BENCH|BF36|LoadBPP_seg4|43180|0
BENCH|BF36|LoadBPP_seg5|1635|0
BENCH|BF36|LoadBPP_seg6|627291|0
BENCH|BF36|LoadBPP_seg7|2206240|0
BENCH|BF36|LoadBPP_seg8|834570|0
BENCH|BF36|LoadBPP_seg9|856854|0
BENCH|BF36|LoadBPP_seg10|1392781|0
BENCH|BF36|LoadBPP_seg11|825747|0
BENCH|BF36|LoadBPP_seg12|826611|0
BENCH|BF36|LoadBPP_seg13|1793788|0
BENCH|BF36|LoadBPP_seg14|884345|0
BENCH|BF36|LoadBPP_seg15|1002805|0
BENCH|BF36|LoadBPP_seg16|1835081|0
BENCH|BF36|LoadBPP_seg17|2709025|0
--- exit 0 ---
$ /home/jhubuntu/pq-rsp-benchmarks/lpac/build/src/lpac profile disable 89000123456789012341
--- stdout ---
{"type":"lpa","payload":{"code":-1,"message":"es10c_disable_profile","data":"profile not in enabled state"}}
--- stderr ---
--- exit 255 ---
$ /home/jhubuntu/pq-rsp-benchmarks/lpac/build/src/lpac profile delete 89000123456789012341
--- stdout ---
{"type":"lpa","payload":{"code":0,"message":"success","data":null}}
--- stderr ---
--- exit 0 ---
