iteration 63 2026-04-07T05:47:26.659068+00:00
$ /home/jhubuntu/pq-rsp-benchmarks/lpac/build/src/lpac profile download -s testsmdpplus1.example.com:8443 -m TS48v1_A
--- stdout ---
{"type":"progress","payload":{"code":0,"message":"es10b_get_euicc_challenge_and_info","data":"testsmdpplus1.example.com:8443"}}
{"type":"progress","payload":{"code":0,"message":"es9p_initiate_authentication","data":"testsmdpplus1.example.com:8443"}}
{"type":"progress","payload":{"code":0,"message":"es10b_authenticate_server","data":"testsmdpplus1.example.com:8443"}}
{"type":"progress","payload":{"code":0,"message":"es9p_authenticate_client","data":"testsmdpplus1.example.com:8443"}}
{"type":"progress","payload":{"code":0,"message":"es8p_metadata_parse","data":{"iccid":"89000123456789012341","serviceProviderName":"OsmocomSPN","profileName":"TS48v1_A","iconType":null,"icon":null,"profileClass":"operational"}}}
{"type":"progress","payload":{"code":0,"message":"es10b_prepare_download","data":"testsmdpplus1.example.com:8443"}}
{"type":"progress","payload":{"code":0,"message":"es9p_get_bound_profile_package","data":"testsmdpplus1.example.com:8443"}}
{"type":"progress","payload":{"code":0,"message":"es10b_load_bound_profile_package","data":"testsmdpplus1.example.com:8443"}}
{"type":"lpa","payload":{"code":0,"message":"success","data":{"seqNumber":1085,"iccid":"89000123456789012341","bppCommandId":"unknown","errorReason":"unknown"}}}
--- stderr ---
BENCH|BF2E|GetEuiccChallenge|5788|0
BENCH|BF20|GetEuiccInfo1|41526|0
BENCH|ES9P|/gsma/rsp2/es9plus/initiateAuthentication|14563|0
BENCH|BF38|AuthenticateServer|3135006|0
BENCH|ES9P|/gsma/rsp2/es9plus/authenticateClient|24405|0
BENCH|BF21|PrepareDownload|3750086|0
BENCH|ES9P|/gsma/rsp2/es9plus/getBoundProfilePackage|15015|0
BENCH|BF36|LoadBPP_seg0|1450660|0
BENCH|BF36|LoadBPP_seg1|63533|0
BENCH|BF36|LoadBPP_seg2|1534|0
BENCH|BF36|LoadBPP_seg3|93297|0
BENCH|BF36|LoadBPP_seg4|1491213|0
BENCH|BF36|LoadBPP_seg5|1840|0
BENCH|BF36|LoadBPP_seg6|603137|0
BENCH|BF36|LoadBPP_seg7|803600|0
BENCH|BF36|LoadBPP_seg8|809308|0
BENCH|BF36|LoadBPP_seg9|1490195|0
BENCH|BF36|LoadBPP_seg10|630993|0
BENCH|BF36|LoadBPP_seg11|850835|0
BENCH|BF36|LoadBPP_seg12|1763153|0
BENCH|BF36|LoadBPP_seg13|888926|0
BENCH|BF36|LoadBPP_seg14|883370|0
BENCH|BF36|LoadBPP_seg15|1931492|0
BENCH|BF36|LoadBPP_seg16|938364|0
BENCH|BF36|LoadBPP_seg17|3783166|0
--- exit 0 ---
$ /home/jhubuntu/pq-rsp-benchmarks/lpac/build/src/lpac profile disable 89000123456789012341
--- stdout ---
{"type":"lpa","payload":{"code":-1,"message":"es10c_disable_profile","data":"profile not in enabled state"}}
--- stderr ---
--- exit 255 ---
$ /home/jhubuntu/pq-rsp-benchmarks/lpac/build/src/lpac profile delete 89000123456789012341
--- stdout ---
{"type":"lpa","payload":{"code":0,"message":"success","data":null}}
--- stderr ---
--- exit 0 ---
