iteration 54 2026-04-07T05:43:34.587822+00:00
$ /home/jhubuntu/pq-rsp-benchmarks/lpac/build/src/lpac profile download -s testsmdpplus1.example.com:8443 -m TS48v1_A
--- stdout ---
{"type":"progress","payload":{"code":0,"message":"es10b_get_euicc_challenge_and_info","data":"testsmdpplus1.example.com:8443"}}
{"type":"progress","payload":{"code":0,"message":"es9p_initiate_authentication","data":"testsmdpplus1.example.com:8443"}}
{"type":"progress","payload":{"code":0,"message":"es10b_authenticate_server","data":"testsmdpplus1.example.com:8443"}}
{"type":"progress","payload":{"code":0,"message":"es9p_authenticate_client","data":"testsmdpplus1.example.com:8443"}}
{"type":"progress","payload":{"code":0,"message":"es8p_metadata_parse","data":{"iccid":"89000123456789012341","serviceProviderName":"OsmocomSPN","profileName":"TS48v1_A","iconType":null,"icon":null,"profileClass":"operational"}}}
{"type":"progress","payload":{"code":0,"message":"es10b_prepare_download","data":"testsmdpplus1.example.com:8443"}}
{"type":"progress","payload":{"code":0,"message":"es9p_get_bound_profile_package","data":"testsmdpplus1.example.com:8443"}}
{"type":"progress","payload":{"code":0,"message":"es10b_load_bound_profile_package","data":"testsmdpplus1.example.com:8443"}}
{"type":"lpa","payload":{"code":0,"message":"success","data":{"seqNumber":1067,"iccid":"89000123456789012341","bppCommandId":"unknown","errorReason":"unknown"}}}
--- stderr ---
BENCH|BF2E|GetEuiccChallenge|6214|0
BENCH|BF20|GetEuiccInfo1|41229|0
BENCH|ES9P|/gsma/rsp2/es9plus/initiateAuthentication|10759|0
BENCH|BF38|AuthenticateServer|3113769|0
BENCH|ES9P|/gsma/rsp2/es9plus/authenticateClient|41250|0
BENCH|BF21|PrepareDownload|3740192|0
BENCH|ES9P|/gsma/rsp2/es9plus/getBoundProfilePackage|21807|0
BENCH|BF36|LoadBPP_seg0|1433814|0
BENCH|BF36|LoadBPP_seg1|60291|0
BENCH|BF36|LoadBPP_seg2|1695|0
BENCH|BF36|LoadBPP_seg3|93480|0
BENCH|BF36|LoadBPP_seg4|42958|0
BENCH|BF36|LoadBPP_seg5|1582|0
BENCH|BF36|LoadBPP_seg6|598612|0
BENCH|BF36|LoadBPP_seg7|802670|0
BENCH|BF36|LoadBPP_seg8|2059566|0
BENCH|BF36|LoadBPP_seg9|883188|0
BENCH|BF36|LoadBPP_seg10|633406|0
BENCH|BF36|LoadBPP_seg11|1577578|0
BENCH|BF36|LoadBPP_seg12|849149|0
BENCH|BF36|LoadBPP_seg13|862446|0
BENCH|BF36|LoadBPP_seg14|1827702|0
BENCH|BF36|LoadBPP_seg15|982472|0
BENCH|BF36|LoadBPP_seg16|965331|0
BENCH|BF36|LoadBPP_seg17|3767895|0
--- exit 0 ---
$ /home/jhubuntu/pq-rsp-benchmarks/lpac/build/src/lpac profile disable 89000123456789012341
--- stdout ---
{"type":"lpa","payload":{"code":-1,"message":"es10c_disable_profile","data":"profile not in enabled state"}}
--- stderr ---
--- exit 255 ---
$ /home/jhubuntu/pq-rsp-benchmarks/lpac/build/src/lpac profile delete 89000123456789012341
--- stdout ---
{"type":"lpa","payload":{"code":0,"message":"success","data":null}}
--- stderr ---
--- exit 0 ---
