iteration 20 2026-04-07T05:28:39.571301+00:00
$ /home/jhubuntu/pq-rsp-benchmarks/lpac/build/src/lpac profile download -s testsmdpplus1.example.com:8443 -m TS48v1_A
--- stdout ---
{"type":"progress","payload":{"code":0,"message":"es10b_get_euicc_challenge_and_info","data":"testsmdpplus1.example.com:8443"}}
{"type":"progress","payload":{"code":0,"message":"es9p_initiate_authentication","data":"testsmdpplus1.example.com:8443"}}
{"type":"progress","payload":{"code":0,"message":"es10b_authenticate_server","data":"testsmdpplus1.example.com:8443"}}
{"type":"progress","payload":{"code":0,"message":"es9p_authenticate_client","data":"testsmdpplus1.example.com:8443"}}
{"type":"progress","payload":{"code":0,"message":"es8p_metadata_parse","data":{"iccid":"89000123456789012341","serviceProviderName":"OsmocomSPN","profileName":"TS48v1_A","iconType":null,"icon":null,"profileClass":"operational"}}}
{"type":"progress","payload":{"code":0,"message":"es10b_prepare_download","data":"testsmdpplus1.example.com:8443"}}
{"type":"progress","payload":{"code":0,"message":"es9p_get_bound_profile_package","data":"testsmdpplus1.example.com:8443"}}
{"type":"progress","payload":{"code":0,"message":"es10b_load_bound_profile_package","data":"testsmdpplus1.example.com:8443"}}
{"type":"lpa","payload":{"code":0,"message":"success","data":{"seqNumber":999,"iccid":"89000123456789012341","bppCommandId":"unknown","errorReason":"unknown"}}}
--- stderr ---
BENCH|BF2E|GetEuiccChallenge|5721|0
BENCH|BF20|GetEuiccInfo1|41301|0
BENCH|ES9P|/gsma/rsp2/es9plus/initiateAuthentication|9179|0
BENCH|BF38|AuthenticateServer|3110518|0
BENCH|ES9P|/gsma/rsp2/es9plus/authenticateClient|30434|0
BENCH|BF21|PrepareDownload|3740181|0
BENCH|ES9P|/gsma/rsp2/es9plus/getBoundProfilePackage|14587|0
BENCH|BF36|LoadBPP_seg0|1440288|0
BENCH|BF36|LoadBPP_seg1|64008|0
BENCH|BF36|LoadBPP_seg2|1543|0
BENCH|BF36|LoadBPP_seg3|92879|0
BENCH|BF36|LoadBPP_seg4|42164|0
BENCH|BF36|LoadBPP_seg5|1671|0
BENCH|BF36|LoadBPP_seg6|2045630|0
BENCH|BF36|LoadBPP_seg7|773215|0
BENCH|BF36|LoadBPP_seg8|830517|0
BENCH|BF36|LoadBPP_seg9|1605785|0
BENCH|BF36|LoadBPP_seg10|658690|0
BENCH|BF36|LoadBPP_seg11|826294|0
BENCH|BF36|LoadBPP_seg12|825062|0
BENCH|BF36|LoadBPP_seg13|1806012|0
BENCH|BF36|LoadBPP_seg14|884702|0
BENCH|BF36|LoadBPP_seg15|1922500|0
BENCH|BF36|LoadBPP_seg16|932846|0
BENCH|BF36|LoadBPP_seg17|4304424|0
--- exit 0 ---
$ /home/jhubuntu/pq-rsp-benchmarks/lpac/build/src/lpac profile disable 89000123456789012341
--- stdout ---
{"type":"lpa","payload":{"code":-1,"message":"es10c_disable_profile","data":"profile not in enabled state"}}
--- stderr ---
--- exit 255 ---
$ /home/jhubuntu/pq-rsp-benchmarks/lpac/build/src/lpac profile delete 89000123456789012341
--- stdout ---
{"type":"lpa","payload":{"code":0,"message":"success","data":null}}
--- stderr ---
--- exit 0 ---
