iteration 33 2026-04-07T05:34:16.167384+00:00
$ /home/jhubuntu/pq-rsp-benchmarks/lpac/build/src/lpac profile download -s testsmdpplus1.example.com:8443 -m TS48v1_A
--- stdout ---
{"type":"progress","payload":{"code":0,"message":"es10b_get_euicc_challenge_and_info","data":"testsmdpplus1.example.com:8443"}}
{"type":"progress","payload":{"code":0,"message":"es9p_initiate_authentication","data":"testsmdpplus1.example.com:8443"}}
{"type":"progress","payload":{"code":0,"message":"es10b_authenticate_server","data":"testsmdpplus1.example.com:8443"}}
{"type":"progress","payload":{"code":0,"message":"es9p_authenticate_client","data":"testsmdpplus1.example.com:8443"}}
{"type":"progress","payload":{"code":0,"message":"es8p_metadata_parse","data":{"iccid":"89000123456789012341","serviceProviderName":"OsmocomSPN","profileName":"TS48v1_A","iconType":null,"icon":null,"profileClass":"operational"}}}
{"type":"progress","payload":{"code":0,"message":"es10b_prepare_download","data":"testsmdpplus1.example.com:8443"}}
{"type":"progress","payload":{"code":0,"message":"es9p_get_bound_profile_package","data":"testsmdpplus1.example.com:8443"}}
{"type":"progress","payload":{"code":0,"message":"es10b_load_bound_profile_package","data":"testsmdpplus1.example.com:8443"}}
{"type":"lpa","payload":{"code":0,"message":"success","data":{"seqNumber":1025,"iccid":"89000123456789012341","bppCommandId":"unknown","errorReason":"unknown"}}}
--- stderr ---
BENCH|BF2E|GetEuiccChallenge|5669|0
BENCH|BF20|GetEuiccInfo1|41161|0
BENCH|ES9P|/gsma/rsp2/es9plus/initiateAuthentication|5235|0
BENCH|BF38|AuthenticateServer|3097317|0
BENCH|ES9P|/gsma/rsp2/es9plus/authenticateClient|20835|0
BENCH|BF21|PrepareDownload|3713519|0
BENCH|ES9P|/gsma/rsp2/es9plus/getBoundProfilePackage|26816|0
BENCH|BF36|LoadBPP_seg0|1447801|0
BENCH|BF36|LoadBPP_seg1|60957|0
BENCH|BF36|LoadBPP_seg2|1542|0
BENCH|BF36|LoadBPP_seg3|92977|0
BENCH|BF36|LoadBPP_seg4|41737|0
BENCH|BF36|LoadBPP_seg5|1528|0
BENCH|BF36|LoadBPP_seg6|601561|0
BENCH|BF36|LoadBPP_seg7|2063788|0
BENCH|BF36|LoadBPP_seg8|803813|0
BENCH|BF36|LoadBPP_seg9|881945|0
BENCH|BF36|LoadBPP_seg10|1396397|0
BENCH|BF36|LoadBPP_seg11|825488|0
BENCH|BF36|LoadBPP_seg12|851722|0
BENCH|BF36|LoadBPP_seg13|1797297|0
BENCH|BF36|LoadBPP_seg14|908050|0
BENCH|BF36|LoadBPP_seg15|984520|0
BENCH|BF36|LoadBPP_seg16|2056375|0
BENCH|BF36|LoadBPP_seg17|2680947|0
--- exit 0 ---
$ /home/jhubuntu/pq-rsp-benchmarks/lpac/build/src/lpac profile disable 89000123456789012341
--- stdout ---
{"type":"lpa","payload":{"code":-1,"message":"es10c_disable_profile","data":"profile not in enabled state"}}
--- stderr ---
--- exit 255 ---
$ /home/jhubuntu/pq-rsp-benchmarks/lpac/build/src/lpac profile delete 89000123456789012341
--- stdout ---
{"type":"lpa","payload":{"code":0,"message":"success","data":null}}
--- stderr ---
--- exit 0 ---
