iteration 168 2026-04-07T06:33:18.781573+00:00
$ /home/jhubuntu/pq-rsp-benchmarks/lpac/build/src/lpac profile download -s testsmdpplus1.example.com:8443 -m TS48v1_A
--- stdout ---
{"type":"progress","payload":{"code":0,"message":"es10b_get_euicc_challenge_and_info","data":"testsmdpplus1.example.com:8443"}}
{"type":"progress","payload":{"code":0,"message":"es9p_initiate_authentication","data":"testsmdpplus1.example.com:8443"}}
{"type":"progress","payload":{"code":0,"message":"es10b_authenticate_server","data":"testsmdpplus1.example.com:8443"}}
{"type":"progress","payload":{"code":0,"message":"es9p_authenticate_client","data":"testsmdpplus1.example.com:8443"}}
{"type":"progress","payload":{"code":0,"message":"es8p_metadata_parse","data":{"iccid":"89000123456789012341","serviceProviderName":"OsmocomSPN","profileName":"TS48v1_A","iconType":null,"icon":null,"profileClass":"operational"}}}
{"type":"progress","payload":{"code":0,"message":"es10b_prepare_download","data":"testsmdpplus1.example.com:8443"}}
{"type":"progress","payload":{"code":0,"message":"es9p_get_bound_profile_package","data":"testsmdpplus1.example.com:8443"}}
{"type":"progress","payload":{"code":0,"message":"es10b_load_bound_profile_package","data":"testsmdpplus1.example.com:8443"}}
{"type":"lpa","payload":{"code":0,"message":"success","data":{"seqNumber":1295,"iccid":"89000123456789012341","bppCommandId":"unknown","errorReason":"unknown"}}}
--- stderr ---
BENCH|BF2E|GetEuiccChallenge|6405|0
BENCH|BF20|GetEuiccInfo1|41753|0
BENCH|ES9P|/gsma/rsp2/es9plus/initiateAuthentication|9961|0
BENCH|BF38|AuthenticateServer|3103996|0
BENCH|ES9P|/gsma/rsp2/es9plus/authenticateClient|42598|0
BENCH|BF21|PrepareDownload|3761348|0
BENCH|ES9P|/gsma/rsp2/es9plus/getBoundProfilePackage|21783|0
BENCH|BF36|LoadBPP_seg0|1439294|0
BENCH|BF36|LoadBPP_seg1|63708|0
BENCH|BF36|LoadBPP_seg2|1658|0
BENCH|BF36|LoadBPP_seg3|92769|0
BENCH|BF36|LoadBPP_seg4|42813|0
BENCH|BF36|LoadBPP_seg5|1885|0
BENCH|BF36|LoadBPP_seg6|602669|0
BENCH|BF36|LoadBPP_seg7|2238776|0
BENCH|BF36|LoadBPP_seg8|810745|0
BENCH|BF36|LoadBPP_seg9|1653979|0
BENCH|BF36|LoadBPP_seg10|632794|0
BENCH|BF36|LoadBPP_seg11|854066|0
BENCH|BF36|LoadBPP_seg12|826752|0
BENCH|BF36|LoadBPP_seg13|1832590|0
BENCH|BF36|LoadBPP_seg14|883716|0
BENCH|BF36|LoadBPP_seg15|1941989|0
BENCH|BF36|LoadBPP_seg16|934482|0
BENCH|BF36|LoadBPP_seg17|4155108|0
--- exit 0 ---
$ /home/jhubuntu/pq-rsp-benchmarks/lpac/build/src/lpac profile disable 89000123456789012341
--- stdout ---
{"type":"lpa","payload":{"code":-1,"message":"es10c_disable_profile","data":"profile not in enabled state"}}
--- stderr ---
--- exit 255 ---
$ /home/jhubuntu/pq-rsp-benchmarks/lpac/build/src/lpac profile delete 89000123456789012341
--- stdout ---
{"type":"lpa","payload":{"code":0,"message":"success","data":null}}
--- stderr ---
--- exit 0 ---
